[2024-08-07T14:20:43.132+0000] {local_task_job_runner.py:120} INFO - ::group::Pre task execution logs
[2024-08-07T14:20:43.183+0000] {taskinstance.py:2076} INFO - Dependencies all met for dep_context=non-requeueable deps ti=<TaskInstance: airflow-space-exploration.respuesta_satelite scheduled__2024-08-01T00:00:00+00:00 [queued]>
[2024-08-07T14:20:43.202+0000] {taskinstance.py:2076} INFO - Dependencies all met for dep_context=requeueable deps ti=<TaskInstance: airflow-space-exploration.respuesta_satelite scheduled__2024-08-01T00:00:00+00:00 [queued]>
[2024-08-07T14:20:43.204+0000] {taskinstance.py:2306} INFO - Starting attempt 1 of 1
[2024-08-07T14:20:43.238+0000] {taskinstance.py:2330} INFO - Executing <Task(PythonOperator): respuesta_satelite> on 2024-08-01 00:00:00+00:00
[2024-08-07T14:20:43.248+0000] {warnings.py:112} WARNING - /home/***/.local/lib/python3.12/site-packages/***/task/task_runner/standard_task_runner.py:62: DeprecationWarning: This process (pid=320) is multi-threaded, use of fork() may lead to deadlocks in the child.
  pid = os.fork()

[2024-08-07T14:20:43.251+0000] {standard_task_runner.py:64} INFO - Started process 326 to run task
[2024-08-07T14:20:43.250+0000] {standard_task_runner.py:90} INFO - Running: ['***', 'tasks', 'run', '***-space-exploration', 'respuesta_satelite', 'scheduled__2024-08-01T00:00:00+00:00', '--job-id', '38', '--raw', '--subdir', 'DAGS_FOLDER/***-space-exploration.py', '--cfg-path', '/tmp/tmp1skn33qq']
[2024-08-07T14:20:43.254+0000] {standard_task_runner.py:91} INFO - Job 38: Subtask respuesta_satelite
[2024-08-07T14:20:43.338+0000] {task_command.py:426} INFO - Running <TaskInstance: airflow-space-exploration.respuesta_satelite scheduled__2024-08-01T00:00:00+00:00 [running]> on host 38873943cc86
[2024-08-07T14:20:43.469+0000] {taskinstance.py:2648} INFO - Exporting env vars: AIRFLOW_CTX_DAG_OWNER='***' AIRFLOW_CTX_DAG_ID='***-space-exploration' AIRFLOW_CTX_TASK_ID='respuesta_satelite' AIRFLOW_CTX_EXECUTION_DATE='2024-08-01T00:00:00+00:00' AIRFLOW_CTX_TRY_NUMBER='1' AIRFLOW_CTX_DAG_RUN_ID='scheduled__2024-08-01T00:00:00+00:00'
[2024-08-07T14:20:43.471+0000] {taskinstance.py:430} INFO - ::endgroup::
[2024-08-07T14:20:45.958+0000] {python.py:237} INFO - Done. Returned value was: None
[2024-08-07T14:20:45.958+0000] {taskinstance.py:441} INFO - ::group::Post task execution logs
[2024-08-07T14:20:45.984+0000] {taskinstance.py:1206} INFO - Marking task as SUCCESS. dag_id=***-space-exploration, task_id=respuesta_satelite, run_id=scheduled__2024-08-01T00:00:00+00:00, execution_date=20240801T000000, start_date=20240807T142043, end_date=20240807T142045
[2024-08-07T14:20:46.039+0000] {local_task_job_runner.py:243} INFO - Task exited with return code 0
[2024-08-07T14:20:46.060+0000] {taskinstance.py:3503} INFO - 0 downstream tasks scheduled from follow-on schedule check
[2024-08-07T14:20:46.064+0000] {local_task_job_runner.py:222} INFO - ::endgroup::
[2024-08-07T14:24:09.011+0000] {local_task_job_runner.py:120} INFO - ::group::Pre task execution logs
[2024-08-07T14:24:09.054+0000] {taskinstance.py:2076} INFO - Dependencies all met for dep_context=non-requeueable deps ti=<TaskInstance: airflow-space-exploration.Respuesta_satelite scheduled__2024-08-01T00:00:00+00:00 [queued]>
[2024-08-07T14:24:09.074+0000] {taskinstance.py:2076} INFO - Dependencies all met for dep_context=requeueable deps ti=<TaskInstance: airflow-space-exploration.Respuesta_satelite scheduled__2024-08-01T00:00:00+00:00 [queued]>
[2024-08-07T14:24:09.076+0000] {taskinstance.py:2306} INFO - Starting attempt 1 of 1
[2024-08-07T14:24:09.110+0000] {taskinstance.py:2330} INFO - Executing <Task(PythonOperator): Respuesta_satelite> on 2024-08-01 00:00:00+00:00
[2024-08-07T14:24:09.120+0000] {warnings.py:112} WARNING - /home/***/.local/lib/python3.12/site-packages/***/task/task_runner/standard_task_runner.py:62: DeprecationWarning: This process (pid=409) is multi-threaded, use of fork() may lead to deadlocks in the child.
  pid = os.fork()

[2024-08-07T14:24:09.122+0000] {standard_task_runner.py:64} INFO - Started process 417 to run task
[2024-08-07T14:24:09.123+0000] {standard_task_runner.py:90} INFO - Running: ['***', 'tasks', 'run', '***-space-exploration', 'Respuesta_satelite', 'scheduled__2024-08-01T00:00:00+00:00', '--job-id', '54', '--raw', '--subdir', 'DAGS_FOLDER/***-space-exploration.py', '--cfg-path', '/tmp/tmpj2jjyh48']
[2024-08-07T14:24:09.125+0000] {standard_task_runner.py:91} INFO - Job 54: Subtask Respuesta_satelite
[2024-08-07T14:24:09.196+0000] {task_command.py:426} INFO - Running <TaskInstance: airflow-space-exploration.Respuesta_satelite scheduled__2024-08-01T00:00:00+00:00 [running]> on host 38873943cc86
[2024-08-07T14:24:09.311+0000] {taskinstance.py:2648} INFO - Exporting env vars: AIRFLOW_CTX_DAG_OWNER='***' AIRFLOW_CTX_DAG_ID='***-space-exploration' AIRFLOW_CTX_TASK_ID='Respuesta_satelite' AIRFLOW_CTX_EXECUTION_DATE='2024-08-01T00:00:00+00:00' AIRFLOW_CTX_TRY_NUMBER='1' AIRFLOW_CTX_DAG_RUN_ID='scheduled__2024-08-01T00:00:00+00:00'
[2024-08-07T14:24:09.313+0000] {taskinstance.py:430} INFO - ::endgroup::
[2024-08-07T14:24:10.126+0000] {python.py:237} INFO - Done. Returned value was: None
[2024-08-07T14:24:10.127+0000] {taskinstance.py:441} INFO - ::group::Post task execution logs
[2024-08-07T14:24:10.152+0000] {taskinstance.py:1206} INFO - Marking task as SUCCESS. dag_id=***-space-exploration, task_id=Respuesta_satelite, run_id=scheduled__2024-08-01T00:00:00+00:00, execution_date=20240801T000000, start_date=20240807T142409, end_date=20240807T142410
[2024-08-07T14:24:10.224+0000] {local_task_job_runner.py:243} INFO - Task exited with return code 0
[2024-08-07T14:24:10.256+0000] {taskinstance.py:3503} INFO - 1 downstream tasks scheduled from follow-on schedule check
[2024-08-07T14:24:10.270+0000] {local_task_job_runner.py:222} INFO - ::endgroup::
[2024-08-07T14:43:17.985+0000] {local_task_job_runner.py:120} INFO - ::group::Pre task execution logs
[2024-08-07T14:43:18.036+0000] {taskinstance.py:2076} INFO - Dependencies all met for dep_context=non-requeueable deps ti=<TaskInstance: airflow-space-exploration.Respuesta_Satelite scheduled__2024-08-01T00:00:00+00:00 [queued]>
[2024-08-07T14:43:18.056+0000] {taskinstance.py:2076} INFO - Dependencies all met for dep_context=requeueable deps ti=<TaskInstance: airflow-space-exploration.Respuesta_Satelite scheduled__2024-08-01T00:00:00+00:00 [queued]>
[2024-08-07T14:43:18.058+0000] {taskinstance.py:2306} INFO - Starting attempt 1 of 1
[2024-08-07T14:43:18.090+0000] {taskinstance.py:2330} INFO - Executing <Task(PythonOperator): Respuesta_Satelite> on 2024-08-01 00:00:00+00:00
[2024-08-07T14:43:18.101+0000] {warnings.py:112} WARNING - /home/***/.local/lib/python3.12/site-packages/***/task/task_runner/standard_task_runner.py:62: DeprecationWarning: This process (pid=1067) is multi-threaded, use of fork() may lead to deadlocks in the child.
  pid = os.fork()

[2024-08-07T14:43:18.107+0000] {standard_task_runner.py:64} INFO - Started process 1076 to run task
[2024-08-07T14:43:18.103+0000] {standard_task_runner.py:90} INFO - Running: ['***', 'tasks', 'run', '***-space-exploration', 'Respuesta_Satelite', 'scheduled__2024-08-01T00:00:00+00:00', '--job-id', '179', '--raw', '--subdir', 'DAGS_FOLDER/***-space-exploration.py', '--cfg-path', '/tmp/tmp21fffn7f']
[2024-08-07T14:43:18.109+0000] {standard_task_runner.py:91} INFO - Job 179: Subtask Respuesta_Satelite
[2024-08-07T14:43:18.185+0000] {task_command.py:426} INFO - Running <TaskInstance: airflow-space-exploration.Respuesta_Satelite scheduled__2024-08-01T00:00:00+00:00 [running]> on host 38873943cc86
[2024-08-07T14:43:18.321+0000] {taskinstance.py:2648} INFO - Exporting env vars: AIRFLOW_CTX_DAG_OWNER='***' AIRFLOW_CTX_DAG_ID='***-space-exploration' AIRFLOW_CTX_TASK_ID='Respuesta_Satelite' AIRFLOW_CTX_EXECUTION_DATE='2024-08-01T00:00:00+00:00' AIRFLOW_CTX_TRY_NUMBER='1' AIRFLOW_CTX_DAG_RUN_ID='scheduled__2024-08-01T00:00:00+00:00'
[2024-08-07T14:43:18.322+0000] {taskinstance.py:430} INFO - ::endgroup::
[2024-08-07T14:43:22.802+0000] {python.py:237} INFO - Done. Returned value was: None
[2024-08-07T14:43:22.803+0000] {taskinstance.py:441} INFO - ::group::Post task execution logs
[2024-08-07T14:43:22.836+0000] {taskinstance.py:1206} INFO - Marking task as SUCCESS. dag_id=***-space-exploration, task_id=Respuesta_Satelite, run_id=scheduled__2024-08-01T00:00:00+00:00, execution_date=20240801T000000, start_date=20240807T144318, end_date=20240807T144322
[2024-08-07T14:43:22.924+0000] {local_task_job_runner.py:243} INFO - Task exited with return code 0
[2024-08-07T14:43:22.968+0000] {taskinstance.py:3503} INFO - 0 downstream tasks scheduled from follow-on schedule check
[2024-08-07T14:43:22.972+0000] {local_task_job_runner.py:222} INFO - ::endgroup::
