[2024-08-07T20:33:54.432+0000] {local_task_job_runner.py:120} INFO - ::group::Pre task execution logs
[2024-08-07T20:33:54.618+0000] {taskinstance.py:2076} INFO - Dependencies all met for dep_context=non-requeueable deps ti=<TaskInstance: space_exploration.read_satellite_response_data scheduled__2023-02-24T00:00:00+00:00 [queued]>
[2024-08-07T20:33:54.707+0000] {taskinstance.py:2076} INFO - Dependencies all met for dep_context=requeueable deps ti=<TaskInstance: space_exploration.read_satellite_response_data scheduled__2023-02-24T00:00:00+00:00 [queued]>
[2024-08-07T20:33:54.715+0000] {taskinstance.py:2306} INFO - Starting attempt 1 of 2
[2024-08-07T20:33:55.325+0000] {taskinstance.py:2330} INFO - Executing <Task(BashOperator): read_satellite_response_data> on 2023-02-24 00:00:00+00:00
[2024-08-07T20:33:55.348+0000] {warnings.py:112} WARNING - /home/***/.local/lib/python3.12/site-packages/***/task/task_runner/standard_task_runner.py:62: DeprecationWarning: This process (pid=460) is multi-threaded, use of fork() may lead to deadlocks in the child.
  pid = os.fork()

[2024-08-07T20:33:55.372+0000] {standard_task_runner.py:64} INFO - Started process 502 to run task
[2024-08-07T20:33:55.357+0000] {standard_task_runner.py:90} INFO - Running: ['***', 'tasks', 'run', 'space_exploration', 'read_satellite_response_data', 'scheduled__2023-02-24T00:00:00+00:00', '--job-id', '124', '--raw', '--subdir', 'DAGS_FOLDER/***-space-exploration.py', '--cfg-path', '/tmp/tmpmhzb8_fg']
[2024-08-07T20:33:55.380+0000] {standard_task_runner.py:91} INFO - Job 124: Subtask read_satellite_response_data
[2024-08-07T20:33:55.531+0000] {task_command.py:426} INFO - Running <TaskInstance: space_exploration.read_satellite_response_data scheduled__2023-02-24T00:00:00+00:00 [running]> on host 13935ade345d
[2024-08-07T20:33:55.766+0000] {taskinstance.py:2648} INFO - Exporting env vars: AIRFLOW_CTX_DAG_OWNER='***' AIRFLOW_CTX_DAG_ID='space_exploration' AIRFLOW_CTX_TASK_ID='read_satellite_response_data' AIRFLOW_CTX_EXECUTION_DATE='2023-02-24T00:00:00+00:00' AIRFLOW_CTX_TRY_NUMBER='1' AIRFLOW_CTX_DAG_RUN_ID='scheduled__2023-02-24T00:00:00+00:00'
[2024-08-07T20:33:55.772+0000] {taskinstance.py:430} INFO - ::endgroup::
[2024-08-07T20:33:55.824+0000] {subprocess.py:63} INFO - Tmp dir root location: /tmp
[2024-08-07T20:33:55.831+0000] {subprocess.py:75} INFO - Running command: ['/usr/bin/bash', '-c', 'ls /tmp && head /tmp/platzi_data_20230224.csv']
[2024-08-07T20:33:55.890+0000] {subprocess.py:86} INFO - Output:
[2024-08-07T20:33:55.915+0000] {subprocess.py:93} INFO - ***tmp3a632fr2
[2024-08-07T20:33:55.916+0000] {subprocess.py:93} INFO - ***tmp8w4r3ujn
[2024-08-07T20:33:55.918+0000] {subprocess.py:93} INFO - platzi_data_20230209.csv
[2024-08-07T20:33:55.919+0000] {subprocess.py:93} INFO - platzi_data_20230210.csv
[2024-08-07T20:33:55.920+0000] {subprocess.py:93} INFO - platzi_data_20230211.csv
[2024-08-07T20:33:55.922+0000] {subprocess.py:93} INFO - platzi_data_20230212.csv
[2024-08-07T20:33:55.923+0000] {subprocess.py:93} INFO - platzi_data_20230213.csv
[2024-08-07T20:33:55.924+0000] {subprocess.py:93} INFO - platzi_data_20230214.csv
[2024-08-07T20:33:55.933+0000] {subprocess.py:93} INFO - platzi_data_20230215.csv
[2024-08-07T20:33:55.934+0000] {subprocess.py:93} INFO - platzi_data_20230216.csv
[2024-08-07T20:33:55.935+0000] {subprocess.py:93} INFO - platzi_data_20230217.csv
[2024-08-07T20:33:55.936+0000] {subprocess.py:93} INFO - platzi_data_20230218.csv
[2024-08-07T20:33:55.938+0000] {subprocess.py:93} INFO - platzi_data_20230219.csv
[2024-08-07T20:33:55.939+0000] {subprocess.py:93} INFO - platzi_data_20230220.csv
[2024-08-07T20:33:55.942+0000] {subprocess.py:93} INFO - platzi_data_20230221.csv
[2024-08-07T20:33:55.950+0000] {subprocess.py:93} INFO - platzi_data_20230222.csv
[2024-08-07T20:33:55.953+0000] {subprocess.py:93} INFO - platzi_data_20230223.csv
[2024-08-07T20:33:55.956+0000] {subprocess.py:93} INFO - platzi_data_20230224.csv
[2024-08-07T20:33:55.958+0000] {subprocess.py:93} INFO - platzi_data_20240801.csv
[2024-08-07T20:33:55.958+0000] {subprocess.py:93} INFO - platzi_data_20240802.csv
[2024-08-07T20:33:55.959+0000] {subprocess.py:93} INFO - platzi_data_20240803.csv
[2024-08-07T20:33:55.965+0000] {subprocess.py:93} INFO - platzi_data_20240804.csv
[2024-08-07T20:33:55.970+0000] {subprocess.py:93} INFO - platzi_data_20240805.csv
[2024-08-07T20:33:55.971+0000] {subprocess.py:93} INFO - platzi_data_20240806.csv
[2024-08-07T20:33:55.972+0000] {subprocess.py:93} INFO - pymp-fb5shr1t
[2024-08-07T20:33:55.973+0000] {subprocess.py:93} INFO - response_20230209.txt
[2024-08-07T20:33:55.973+0000] {subprocess.py:93} INFO - response_20230210.txt
[2024-08-07T20:33:55.974+0000] {subprocess.py:93} INFO - response_20230211.txt
[2024-08-07T20:33:55.975+0000] {subprocess.py:93} INFO - response_20230212.txt
[2024-08-07T20:33:55.976+0000] {subprocess.py:93} INFO - response_20230213.txt
[2024-08-07T20:33:55.979+0000] {subprocess.py:93} INFO - response_20230214.txt
[2024-08-07T20:33:55.980+0000] {subprocess.py:93} INFO - response_20230215.txt
[2024-08-07T20:33:55.981+0000] {subprocess.py:93} INFO - response_20230216.txt
[2024-08-07T20:33:55.984+0000] {subprocess.py:93} INFO - response_20230217.txt
[2024-08-07T20:33:55.986+0000] {subprocess.py:93} INFO - response_20230218.txt
[2024-08-07T20:33:55.988+0000] {subprocess.py:93} INFO - response_20230219.txt
[2024-08-07T20:33:55.989+0000] {subprocess.py:93} INFO - response_20230220.txt
[2024-08-07T20:33:55.989+0000] {subprocess.py:93} INFO - response_20230221.txt
[2024-08-07T20:33:55.990+0000] {subprocess.py:93} INFO - response_20230222.txt
[2024-08-07T20:33:55.991+0000] {subprocess.py:93} INFO - response_20230223.txt
[2024-08-07T20:33:55.992+0000] {subprocess.py:93} INFO - response_20230224.txt
[2024-08-07T20:33:55.993+0000] {subprocess.py:93} INFO - response_20240801.txt
[2024-08-07T20:33:55.995+0000] {subprocess.py:93} INFO - response_20240802.txt
[2024-08-07T20:33:55.996+0000] {subprocess.py:93} INFO - response_20240803.txt
[2024-08-07T20:33:55.997+0000] {subprocess.py:93} INFO - response_20240804.txt
[2024-08-07T20:33:56.000+0000] {subprocess.py:93} INFO - response_20240805.txt
[2024-08-07T20:33:56.001+0000] {subprocess.py:93} INFO - response_20240806.txt
[2024-08-07T20:33:56.003+0000] {subprocess.py:93} INFO - spacex_20230209.json
[2024-08-07T20:33:56.004+0000] {subprocess.py:93} INFO - spacex_20230210.json
[2024-08-07T20:33:56.005+0000] {subprocess.py:93} INFO - spacex_20230211.json
[2024-08-07T20:33:56.006+0000] {subprocess.py:93} INFO - spacex_20230212.json
[2024-08-07T20:33:56.007+0000] {subprocess.py:93} INFO - spacex_20230213.json
[2024-08-07T20:33:56.008+0000] {subprocess.py:93} INFO - spacex_20230214.json
[2024-08-07T20:33:56.009+0000] {subprocess.py:93} INFO - spacex_20230215.json
[2024-08-07T20:33:56.010+0000] {subprocess.py:93} INFO - spacex_20230216.json
[2024-08-07T20:33:56.013+0000] {subprocess.py:93} INFO - spacex_20230217.json
[2024-08-07T20:33:56.014+0000] {subprocess.py:93} INFO - spacex_20230218.json
[2024-08-07T20:33:56.016+0000] {subprocess.py:93} INFO - spacex_20230219.json
[2024-08-07T20:33:56.019+0000] {subprocess.py:93} INFO - spacex_20230220.json
[2024-08-07T20:33:56.021+0000] {subprocess.py:93} INFO - spacex_20230221.json
[2024-08-07T20:33:56.022+0000] {subprocess.py:93} INFO - spacex_20230222.json
[2024-08-07T20:33:56.023+0000] {subprocess.py:93} INFO - spacex_20230223.json
[2024-08-07T20:33:56.024+0000] {subprocess.py:93} INFO - spacex_20230224.json
[2024-08-07T20:33:56.025+0000] {subprocess.py:93} INFO - tmphzkmom04
[2024-08-07T20:33:56.027+0000] {subprocess.py:93} INFO - tmpj81vimwh
[2024-08-07T20:33:56.030+0000] {subprocess.py:93} INFO - tmpxuedm650
[2024-08-07T20:33:56.031+0000] {subprocess.py:93} INFO - tmpy2mput21
[2024-08-07T20:33:56.035+0000] {subprocess.py:93} INFO - Student,timestamp
[2024-08-07T20:33:56.038+0000] {subprocess.py:93} INFO - Maria Cruz,2023-02-24 00:00:00+00:00
[2024-08-07T20:33:56.040+0000] {subprocess.py:93} INFO - Daniel Crema,2023-02-24 00:00:00+00:00
[2024-08-07T20:33:56.041+0000] {subprocess.py:93} INFO - Elon Musk,2023-02-24 00:00:00+00:00
[2024-08-07T20:33:56.044+0000] {subprocess.py:93} INFO - Karol Castrejon,2023-02-24 00:00:00+00:00
[2024-08-07T20:33:56.046+0000] {subprocess.py:93} INFO - Freddy Vega,2023-02-24 00:00:00+00:00
[2024-08-07T20:33:56.047+0000] {subprocess.py:93} INFO - Felipe Duque,2023-02-24 00:00:00+00:00
[2024-08-07T20:33:56.050+0000] {subprocess.py:97} INFO - Command exited with return code 0
[2024-08-07T20:33:56.054+0000] {taskinstance.py:441} INFO - ::group::Post task execution logs
[2024-08-07T20:33:56.151+0000] {taskinstance.py:1206} INFO - Marking task as SUCCESS. dag_id=space_exploration, task_id=read_satellite_response_data, run_id=scheduled__2023-02-24T00:00:00+00:00, execution_date=20230224T000000, start_date=20240807T203354, end_date=20240807T203356
[2024-08-07T20:33:56.224+0000] {local_task_job_runner.py:243} INFO - Task exited with return code 0
[2024-08-07T20:33:56.248+0000] {local_task_job_runner.py:222} INFO - ::endgroup::
