[2024-08-07T14:27:20.835+0000] {local_task_job_runner.py:120} INFO - ::group::Pre task execution logs
[2024-08-07T14:27:20.870+0000] {taskinstance.py:2076} INFO - Dependencies all met for dep_context=non-requeueable deps ti=<TaskInstance: airflow-space-exploration.Respuesta_satelite scheduled__2024-08-03T00:00:00+00:00 [queued]>
[2024-08-07T14:27:20.885+0000] {taskinstance.py:2076} INFO - Dependencies all met for dep_context=requeueable deps ti=<TaskInstance: airflow-space-exploration.Respuesta_satelite scheduled__2024-08-03T00:00:00+00:00 [queued]>
[2024-08-07T14:27:20.886+0000] {taskinstance.py:2306} INFO - Starting attempt 3 of 3
[2024-08-07T14:27:20.912+0000] {taskinstance.py:2330} INFO - Executing <Task(PythonOperator): Respuesta_satelite> on 2024-08-03 00:00:00+00:00
[2024-08-07T14:27:20.920+0000] {warnings.py:112} WARNING - /home/***/.local/lib/python3.12/site-packages/***/task/task_runner/standard_task_runner.py:62: DeprecationWarning: This process (pid=638) is multi-threaded, use of fork() may lead to deadlocks in the child.
  pid = os.fork()

[2024-08-07T14:27:20.921+0000] {standard_task_runner.py:90} INFO - Running: ['***', 'tasks', 'run', '***-space-exploration', 'Respuesta_satelite', 'scheduled__2024-08-03T00:00:00+00:00', '--job-id', '113', '--raw', '--subdir', 'DAGS_FOLDER/***-space-exploration.py', '--cfg-path', '/tmp/tmphs78bv9y']
[2024-08-07T14:27:20.922+0000] {standard_task_runner.py:64} INFO - Started process 645 to run task
[2024-08-07T14:27:20.923+0000] {standard_task_runner.py:91} INFO - Job 113: Subtask Respuesta_satelite
[2024-08-07T14:27:20.980+0000] {task_command.py:426} INFO - Running <TaskInstance: airflow-space-exploration.Respuesta_satelite scheduled__2024-08-03T00:00:00+00:00 [running]> on host 38873943cc86
[2024-08-07T14:27:21.081+0000] {taskinstance.py:2648} INFO - Exporting env vars: AIRFLOW_CTX_DAG_OWNER='***' AIRFLOW_CTX_DAG_ID='***-space-exploration' AIRFLOW_CTX_TASK_ID='Respuesta_satelite' AIRFLOW_CTX_EXECUTION_DATE='2024-08-03T00:00:00+00:00' AIRFLOW_CTX_TRY_NUMBER='3' AIRFLOW_CTX_DAG_RUN_ID='scheduled__2024-08-03T00:00:00+00:00'
[2024-08-07T14:27:21.083+0000] {taskinstance.py:430} INFO - ::endgroup::
[2024-08-07T14:27:22.305+0000] {python.py:237} INFO - Done. Returned value was: None
[2024-08-07T14:27:22.306+0000] {taskinstance.py:441} INFO - ::group::Post task execution logs
[2024-08-07T14:27:22.314+0000] {taskinstance.py:1206} INFO - Marking task as SUCCESS. dag_id=***-space-exploration, task_id=Respuesta_satelite, run_id=scheduled__2024-08-03T00:00:00+00:00, execution_date=20240803T000000, start_date=20240807T142720, end_date=20240807T142722
[2024-08-07T14:27:22.342+0000] {local_task_job_runner.py:243} INFO - Task exited with return code 0
[2024-08-07T14:27:22.359+0000] {taskinstance.py:3503} INFO - 1 downstream tasks scheduled from follow-on schedule check
[2024-08-07T14:27:22.363+0000] {local_task_job_runner.py:222} INFO - ::endgroup::
[2024-08-07T14:54:29.748+0000] {local_task_job_runner.py:120} INFO - ::group::Pre task execution logs
[2024-08-07T14:54:29.783+0000] {taskinstance.py:2076} INFO - Dependencies all met for dep_context=non-requeueable deps ti=<TaskInstance: airflow-space-exploration.Respuesta_Satelite scheduled__2024-08-03T00:00:00+00:00 [queued]>
[2024-08-07T14:54:29.798+0000] {taskinstance.py:2076} INFO - Dependencies all met for dep_context=requeueable deps ti=<TaskInstance: airflow-space-exploration.Respuesta_Satelite scheduled__2024-08-03T00:00:00+00:00 [queued]>
[2024-08-07T14:54:29.799+0000] {taskinstance.py:2306} INFO - Starting attempt 3 of 3
[2024-08-07T14:54:29.833+0000] {taskinstance.py:2330} INFO - Executing <Task(PythonOperator): Respuesta_Satelite> on 2024-08-03 00:00:00+00:00
[2024-08-07T14:54:29.842+0000] {warnings.py:112} WARNING - /home/***/.local/lib/python3.12/site-packages/***/task/task_runner/standard_task_runner.py:62: DeprecationWarning: This process (pid=1445) is multi-threaded, use of fork() may lead to deadlocks in the child.
  pid = os.fork()

[2024-08-07T14:54:29.845+0000] {standard_task_runner.py:90} INFO - Running: ['***', 'tasks', 'run', '***-space-exploration', 'Respuesta_Satelite', 'scheduled__2024-08-03T00:00:00+00:00', '--job-id', '252', '--raw', '--subdir', 'DAGS_FOLDER/***-space-exploration.py', '--cfg-path', '/tmp/tmp9asq9ib7']
[2024-08-07T14:54:29.847+0000] {standard_task_runner.py:64} INFO - Started process 1451 to run task
[2024-08-07T14:54:29.847+0000] {standard_task_runner.py:91} INFO - Job 252: Subtask Respuesta_Satelite
[2024-08-07T14:54:29.928+0000] {task_command.py:426} INFO - Running <TaskInstance: airflow-space-exploration.Respuesta_Satelite scheduled__2024-08-03T00:00:00+00:00 [running]> on host 38873943cc86
[2024-08-07T14:54:30.061+0000] {taskinstance.py:2648} INFO - Exporting env vars: AIRFLOW_CTX_DAG_OWNER='***' AIRFLOW_CTX_DAG_ID='***-space-exploration' AIRFLOW_CTX_TASK_ID='Respuesta_Satelite' AIRFLOW_CTX_EXECUTION_DATE='2024-08-03T00:00:00+00:00' AIRFLOW_CTX_TRY_NUMBER='3' AIRFLOW_CTX_DAG_RUN_ID='scheduled__2024-08-03T00:00:00+00:00'
[2024-08-07T14:54:30.063+0000] {taskinstance.py:430} INFO - ::endgroup::
[2024-08-07T14:54:30.881+0000] {python.py:237} INFO - Done. Returned value was: None
[2024-08-07T14:54:30.883+0000] {taskinstance.py:441} INFO - ::group::Post task execution logs
[2024-08-07T14:54:30.901+0000] {taskinstance.py:1206} INFO - Marking task as SUCCESS. dag_id=***-space-exploration, task_id=Respuesta_Satelite, run_id=scheduled__2024-08-03T00:00:00+00:00, execution_date=20240803T000000, start_date=20240807T145429, end_date=20240807T145430
[2024-08-07T14:54:30.990+0000] {local_task_job_runner.py:243} INFO - Task exited with return code 0
[2024-08-07T14:54:31.029+0000] {taskinstance.py:3503} INFO - 1 downstream tasks scheduled from follow-on schedule check
[2024-08-07T14:54:31.035+0000] {local_task_job_runner.py:222} INFO - ::endgroup::
