[2024-08-07T14:25:15.231+0000] {local_task_job_runner.py:120} INFO - ::group::Pre task execution logs
[2024-08-07T14:25:15.267+0000] {taskinstance.py:2076} INFO - Dependencies all met for dep_context=non-requeueable deps ti=<TaskInstance: airflow-space-exploration.Respuesta_satelite scheduled__2024-08-03T00:00:00+00:00 [queued]>
[2024-08-07T14:25:15.283+0000] {taskinstance.py:2076} INFO - Dependencies all met for dep_context=requeueable deps ti=<TaskInstance: airflow-space-exploration.Respuesta_satelite scheduled__2024-08-03T00:00:00+00:00 [queued]>
[2024-08-07T14:25:15.285+0000] {taskinstance.py:2306} INFO - Starting attempt 2 of 2
[2024-08-07T14:25:15.309+0000] {taskinstance.py:2330} INFO - Executing <Task(PythonOperator): Respuesta_satelite> on 2024-08-03 00:00:00+00:00
[2024-08-07T14:25:15.318+0000] {warnings.py:112} WARNING - /home/***/.local/lib/python3.12/site-packages/***/task/task_runner/standard_task_runner.py:62: DeprecationWarning: This process (pid=519) is multi-threaded, use of fork() may lead to deadlocks in the child.
  pid = os.fork()

[2024-08-07T14:25:15.321+0000] {standard_task_runner.py:64} INFO - Started process 522 to run task
[2024-08-07T14:25:15.320+0000] {standard_task_runner.py:90} INFO - Running: ['***', 'tasks', 'run', '***-space-exploration', 'Respuesta_satelite', 'scheduled__2024-08-03T00:00:00+00:00', '--job-id', '81', '--raw', '--subdir', 'DAGS_FOLDER/***-space-exploration.py', '--cfg-path', '/tmp/tmpmahdj6mm']
[2024-08-07T14:25:15.322+0000] {standard_task_runner.py:91} INFO - Job 81: Subtask Respuesta_satelite
[2024-08-07T14:25:15.391+0000] {task_command.py:426} INFO - Running <TaskInstance: airflow-space-exploration.Respuesta_satelite scheduled__2024-08-03T00:00:00+00:00 [running]> on host 38873943cc86
[2024-08-07T14:25:15.505+0000] {taskinstance.py:2648} INFO - Exporting env vars: AIRFLOW_CTX_DAG_OWNER='***' AIRFLOW_CTX_DAG_ID='***-space-exploration' AIRFLOW_CTX_TASK_ID='Respuesta_satelite' AIRFLOW_CTX_EXECUTION_DATE='2024-08-03T00:00:00+00:00' AIRFLOW_CTX_TRY_NUMBER='2' AIRFLOW_CTX_DAG_RUN_ID='scheduled__2024-08-03T00:00:00+00:00'
[2024-08-07T14:25:15.507+0000] {taskinstance.py:430} INFO - ::endgroup::
[2024-08-07T14:25:17.279+0000] {python.py:237} INFO - Done. Returned value was: None
[2024-08-07T14:25:17.280+0000] {taskinstance.py:441} INFO - ::group::Post task execution logs
[2024-08-07T14:25:17.292+0000] {taskinstance.py:1206} INFO - Marking task as SUCCESS. dag_id=***-space-exploration, task_id=Respuesta_satelite, run_id=scheduled__2024-08-03T00:00:00+00:00, execution_date=20240803T000000, start_date=20240807T142515, end_date=20240807T142517
[2024-08-07T14:25:17.344+0000] {local_task_job_runner.py:243} INFO - Task exited with return code 0
[2024-08-07T14:25:17.375+0000] {taskinstance.py:3503} INFO - 1 downstream tasks scheduled from follow-on schedule check
[2024-08-07T14:25:17.379+0000] {local_task_job_runner.py:222} INFO - ::endgroup::
[2024-08-07T14:46:07.372+0000] {local_task_job_runner.py:120} INFO - ::group::Pre task execution logs
[2024-08-07T14:46:07.410+0000] {taskinstance.py:2076} INFO - Dependencies all met for dep_context=non-requeueable deps ti=<TaskInstance: airflow-space-exploration.Respuesta_Satelite scheduled__2024-08-03T00:00:00+00:00 [queued]>
[2024-08-07T14:46:07.425+0000] {taskinstance.py:2076} INFO - Dependencies all met for dep_context=requeueable deps ti=<TaskInstance: airflow-space-exploration.Respuesta_Satelite scheduled__2024-08-03T00:00:00+00:00 [queued]>
[2024-08-07T14:46:07.426+0000] {taskinstance.py:2306} INFO - Starting attempt 2 of 2
[2024-08-07T14:46:07.472+0000] {taskinstance.py:2330} INFO - Executing <Task(PythonOperator): Respuesta_Satelite> on 2024-08-03 00:00:00+00:00
[2024-08-07T14:46:07.482+0000] {warnings.py:112} WARNING - /home/***/.local/lib/python3.12/site-packages/***/task/task_runner/standard_task_runner.py:62: DeprecationWarning: This process (pid=1194) is multi-threaded, use of fork() may lead to deadlocks in the child.
  pid = os.fork()

[2024-08-07T14:46:07.484+0000] {standard_task_runner.py:64} INFO - Started process 1211 to run task
[2024-08-07T14:46:07.484+0000] {standard_task_runner.py:90} INFO - Running: ['***', 'tasks', 'run', '***-space-exploration', 'Respuesta_Satelite', 'scheduled__2024-08-03T00:00:00+00:00', '--job-id', '208', '--raw', '--subdir', 'DAGS_FOLDER/***-space-exploration.py', '--cfg-path', '/tmp/tmp851sv6x4']
[2024-08-07T14:46:07.485+0000] {standard_task_runner.py:91} INFO - Job 208: Subtask Respuesta_Satelite
[2024-08-07T14:46:07.600+0000] {task_command.py:426} INFO - Running <TaskInstance: airflow-space-exploration.Respuesta_Satelite scheduled__2024-08-03T00:00:00+00:00 [running]> on host 38873943cc86
[2024-08-07T14:46:07.881+0000] {taskinstance.py:2648} INFO - Exporting env vars: AIRFLOW_CTX_DAG_OWNER='***' AIRFLOW_CTX_DAG_ID='***-space-exploration' AIRFLOW_CTX_TASK_ID='Respuesta_Satelite' AIRFLOW_CTX_EXECUTION_DATE='2024-08-03T00:00:00+00:00' AIRFLOW_CTX_TRY_NUMBER='2' AIRFLOW_CTX_DAG_RUN_ID='scheduled__2024-08-03T00:00:00+00:00'
[2024-08-07T14:46:07.883+0000] {taskinstance.py:430} INFO - ::endgroup::
[2024-08-07T14:46:09.806+0000] {python.py:237} INFO - Done. Returned value was: None
[2024-08-07T14:46:09.808+0000] {taskinstance.py:441} INFO - ::group::Post task execution logs
[2024-08-07T14:46:09.826+0000] {taskinstance.py:1206} INFO - Marking task as SUCCESS. dag_id=***-space-exploration, task_id=Respuesta_Satelite, run_id=scheduled__2024-08-03T00:00:00+00:00, execution_date=20240803T000000, start_date=20240807T144607, end_date=20240807T144609
[2024-08-07T14:46:09.914+0000] {local_task_job_runner.py:243} INFO - Task exited with return code 0
[2024-08-07T14:46:09.938+0000] {taskinstance.py:3503} INFO - 1 downstream tasks scheduled from follow-on schedule check
[2024-08-07T14:46:09.958+0000] {local_task_job_runner.py:222} INFO - ::endgroup::
