[2024-08-07T14:20:43.179+0000] {local_task_job_runner.py:120} INFO - ::group::Pre task execution logs
[2024-08-07T14:20:43.230+0000] {taskinstance.py:2076} INFO - Dependencies all met for dep_context=non-requeueable deps ti=<TaskInstance: airflow-space-exploration.respuesta_satelite scheduled__2024-08-03T00:00:00+00:00 [queued]>
[2024-08-07T14:20:43.254+0000] {taskinstance.py:2076} INFO - Dependencies all met for dep_context=requeueable deps ti=<TaskInstance: airflow-space-exploration.respuesta_satelite scheduled__2024-08-03T00:00:00+00:00 [queued]>
[2024-08-07T14:20:43.256+0000] {taskinstance.py:2306} INFO - Starting attempt 1 of 1
[2024-08-07T14:20:43.293+0000] {taskinstance.py:2330} INFO - Executing <Task(PythonOperator): respuesta_satelite> on 2024-08-03 00:00:00+00:00
[2024-08-07T14:20:43.304+0000] {warnings.py:112} WARNING - /home/***/.local/lib/python3.12/site-packages/***/task/task_runner/standard_task_runner.py:62: DeprecationWarning: This process (pid=325) is multi-threaded, use of fork() may lead to deadlocks in the child.
  pid = os.fork()

[2024-08-07T14:20:43.307+0000] {standard_task_runner.py:64} INFO - Started process 331 to run task
[2024-08-07T14:20:43.308+0000] {standard_task_runner.py:90} INFO - Running: ['***', 'tasks', 'run', '***-space-exploration', 'respuesta_satelite', 'scheduled__2024-08-03T00:00:00+00:00', '--job-id', '43', '--raw', '--subdir', 'DAGS_FOLDER/***-space-exploration.py', '--cfg-path', '/tmp/tmp9nhsu57m']
[2024-08-07T14:20:43.310+0000] {standard_task_runner.py:91} INFO - Job 43: Subtask respuesta_satelite
[2024-08-07T14:20:43.387+0000] {task_command.py:426} INFO - Running <TaskInstance: airflow-space-exploration.respuesta_satelite scheduled__2024-08-03T00:00:00+00:00 [running]> on host 38873943cc86
[2024-08-07T14:20:43.520+0000] {taskinstance.py:2648} INFO - Exporting env vars: AIRFLOW_CTX_DAG_OWNER='***' AIRFLOW_CTX_DAG_ID='***-space-exploration' AIRFLOW_CTX_TASK_ID='respuesta_satelite' AIRFLOW_CTX_EXECUTION_DATE='2024-08-03T00:00:00+00:00' AIRFLOW_CTX_TRY_NUMBER='1' AIRFLOW_CTX_DAG_RUN_ID='scheduled__2024-08-03T00:00:00+00:00'
[2024-08-07T14:20:43.522+0000] {taskinstance.py:430} INFO - ::endgroup::
[2024-08-07T14:20:46.220+0000] {python.py:237} INFO - Done. Returned value was: None
[2024-08-07T14:20:46.221+0000] {taskinstance.py:441} INFO - ::group::Post task execution logs
[2024-08-07T14:20:46.231+0000] {taskinstance.py:1206} INFO - Marking task as SUCCESS. dag_id=***-space-exploration, task_id=respuesta_satelite, run_id=scheduled__2024-08-03T00:00:00+00:00, execution_date=20240803T000000, start_date=20240807T142043, end_date=20240807T142046
[2024-08-07T14:20:46.298+0000] {local_task_job_runner.py:243} INFO - Task exited with return code 0
[2024-08-07T14:20:46.316+0000] {taskinstance.py:3503} INFO - 0 downstream tasks scheduled from follow-on schedule check
[2024-08-07T14:20:46.320+0000] {local_task_job_runner.py:222} INFO - ::endgroup::
[2024-08-07T14:24:10.892+0000] {local_task_job_runner.py:120} INFO - ::group::Pre task execution logs
[2024-08-07T14:24:10.947+0000] {taskinstance.py:2076} INFO - Dependencies all met for dep_context=non-requeueable deps ti=<TaskInstance: airflow-space-exploration.Respuesta_satelite scheduled__2024-08-03T00:00:00+00:00 [queued]>
[2024-08-07T14:24:10.982+0000] {taskinstance.py:2076} INFO - Dependencies all met for dep_context=requeueable deps ti=<TaskInstance: airflow-space-exploration.Respuesta_satelite scheduled__2024-08-03T00:00:00+00:00 [queued]>
[2024-08-07T14:24:10.983+0000] {taskinstance.py:2306} INFO - Starting attempt 1 of 1
[2024-08-07T14:24:11.044+0000] {taskinstance.py:2330} INFO - Executing <Task(PythonOperator): Respuesta_satelite> on 2024-08-03 00:00:00+00:00
[2024-08-07T14:24:11.057+0000] {warnings.py:112} WARNING - /home/***/.local/lib/python3.12/site-packages/***/task/task_runner/standard_task_runner.py:62: DeprecationWarning: This process (pid=426) is multi-threaded, use of fork() may lead to deadlocks in the child.
  pid = os.fork()

[2024-08-07T14:24:11.059+0000] {standard_task_runner.py:64} INFO - Started process 432 to run task
[2024-08-07T14:24:11.058+0000] {standard_task_runner.py:90} INFO - Running: ['***', 'tasks', 'run', '***-space-exploration', 'Respuesta_satelite', 'scheduled__2024-08-03T00:00:00+00:00', '--job-id', '57', '--raw', '--subdir', 'DAGS_FOLDER/***-space-exploration.py', '--cfg-path', '/tmp/tmpgzq3uunt']
[2024-08-07T14:24:11.062+0000] {standard_task_runner.py:91} INFO - Job 57: Subtask Respuesta_satelite
[2024-08-07T14:24:11.165+0000] {task_command.py:426} INFO - Running <TaskInstance: airflow-space-exploration.Respuesta_satelite scheduled__2024-08-03T00:00:00+00:00 [running]> on host 38873943cc86
[2024-08-07T14:24:11.298+0000] {taskinstance.py:2648} INFO - Exporting env vars: AIRFLOW_CTX_DAG_OWNER='***' AIRFLOW_CTX_DAG_ID='***-space-exploration' AIRFLOW_CTX_TASK_ID='Respuesta_satelite' AIRFLOW_CTX_EXECUTION_DATE='2024-08-03T00:00:00+00:00' AIRFLOW_CTX_TRY_NUMBER='1' AIRFLOW_CTX_DAG_RUN_ID='scheduled__2024-08-03T00:00:00+00:00'
[2024-08-07T14:24:11.300+0000] {taskinstance.py:430} INFO - ::endgroup::
[2024-08-07T14:24:13.619+0000] {python.py:237} INFO - Done. Returned value was: None
[2024-08-07T14:24:13.619+0000] {taskinstance.py:441} INFO - ::group::Post task execution logs
[2024-08-07T14:24:13.628+0000] {taskinstance.py:1206} INFO - Marking task as SUCCESS. dag_id=***-space-exploration, task_id=Respuesta_satelite, run_id=scheduled__2024-08-03T00:00:00+00:00, execution_date=20240803T000000, start_date=20240807T142410, end_date=20240807T142413
[2024-08-07T14:24:13.685+0000] {local_task_job_runner.py:243} INFO - Task exited with return code 0
[2024-08-07T14:24:13.704+0000] {taskinstance.py:3503} INFO - 1 downstream tasks scheduled from follow-on schedule check
[2024-08-07T14:24:13.707+0000] {local_task_job_runner.py:222} INFO - ::endgroup::
[2024-08-07T14:43:18.010+0000] {local_task_job_runner.py:120} INFO - ::group::Pre task execution logs
[2024-08-07T14:43:18.056+0000] {taskinstance.py:2076} INFO - Dependencies all met for dep_context=non-requeueable deps ti=<TaskInstance: airflow-space-exploration.Respuesta_Satelite scheduled__2024-08-03T00:00:00+00:00 [queued]>
[2024-08-07T14:43:18.074+0000] {taskinstance.py:2076} INFO - Dependencies all met for dep_context=requeueable deps ti=<TaskInstance: airflow-space-exploration.Respuesta_Satelite scheduled__2024-08-03T00:00:00+00:00 [queued]>
[2024-08-07T14:43:18.074+0000] {taskinstance.py:2306} INFO - Starting attempt 1 of 1
[2024-08-07T14:43:18.102+0000] {taskinstance.py:2330} INFO - Executing <Task(PythonOperator): Respuesta_Satelite> on 2024-08-03 00:00:00+00:00
[2024-08-07T14:43:18.118+0000] {warnings.py:112} WARNING - /home/***/.local/lib/python3.12/site-packages/***/task/task_runner/standard_task_runner.py:62: DeprecationWarning: This process (pid=1073) is multi-threaded, use of fork() may lead to deadlocks in the child.
  pid = os.fork()

[2024-08-07T14:43:18.120+0000] {standard_task_runner.py:64} INFO - Started process 1079 to run task
[2024-08-07T14:43:18.121+0000] {standard_task_runner.py:90} INFO - Running: ['***', 'tasks', 'run', '***-space-exploration', 'Respuesta_Satelite', 'scheduled__2024-08-03T00:00:00+00:00', '--job-id', '182', '--raw', '--subdir', 'DAGS_FOLDER/***-space-exploration.py', '--cfg-path', '/tmp/tmpxy41mlqh']
[2024-08-07T14:43:18.123+0000] {standard_task_runner.py:91} INFO - Job 182: Subtask Respuesta_Satelite
[2024-08-07T14:43:18.209+0000] {task_command.py:426} INFO - Running <TaskInstance: airflow-space-exploration.Respuesta_Satelite scheduled__2024-08-03T00:00:00+00:00 [running]> on host 38873943cc86
[2024-08-07T14:43:18.351+0000] {taskinstance.py:2648} INFO - Exporting env vars: AIRFLOW_CTX_DAG_OWNER='***' AIRFLOW_CTX_DAG_ID='***-space-exploration' AIRFLOW_CTX_TASK_ID='Respuesta_Satelite' AIRFLOW_CTX_EXECUTION_DATE='2024-08-03T00:00:00+00:00' AIRFLOW_CTX_TRY_NUMBER='1' AIRFLOW_CTX_DAG_RUN_ID='scheduled__2024-08-03T00:00:00+00:00'
[2024-08-07T14:43:18.353+0000] {taskinstance.py:430} INFO - ::endgroup::
[2024-08-07T14:43:22.775+0000] {python.py:237} INFO - Done. Returned value was: None
[2024-08-07T14:43:22.777+0000] {taskinstance.py:441} INFO - ::group::Post task execution logs
[2024-08-07T14:43:22.810+0000] {taskinstance.py:1206} INFO - Marking task as SUCCESS. dag_id=***-space-exploration, task_id=Respuesta_Satelite, run_id=scheduled__2024-08-03T00:00:00+00:00, execution_date=20240803T000000, start_date=20240807T144318, end_date=20240807T144322
[2024-08-07T14:43:22.907+0000] {local_task_job_runner.py:243} INFO - Task exited with return code 0
[2024-08-07T14:43:22.953+0000] {taskinstance.py:3503} INFO - 0 downstream tasks scheduled from follow-on schedule check
[2024-08-07T14:43:22.959+0000] {local_task_job_runner.py:222} INFO - ::endgroup::
