[2024-08-07T20:33:37.935+0000] {local_task_job_runner.py:120} INFO - ::group::Pre task execution logs
[2024-08-07T20:33:38.017+0000] {taskinstance.py:2076} INFO - Dependencies all met for dep_context=non-requeueable deps ti=<TaskInstance: space_exploration.read_nasa_response_data scheduled__2023-02-24T00:00:00+00:00 [queued]>
[2024-08-07T20:33:38.058+0000] {taskinstance.py:2076} INFO - Dependencies all met for dep_context=requeueable deps ti=<TaskInstance: space_exploration.read_nasa_response_data scheduled__2023-02-24T00:00:00+00:00 [queued]>
[2024-08-07T20:33:38.060+0000] {taskinstance.py:2306} INFO - Starting attempt 1 of 2
[2024-08-07T20:33:38.594+0000] {taskinstance.py:2330} INFO - Executing <Task(BashOperator): read_nasa_response_data> on 2023-02-24 00:00:00+00:00
[2024-08-07T20:33:38.617+0000] {warnings.py:112} WARNING - /home/***/.local/lib/python3.12/site-packages/***/task/task_runner/standard_task_runner.py:62: DeprecationWarning: This process (pid=223) is multi-threaded, use of fork() may lead to deadlocks in the child.
  pid = os.fork()

[2024-08-07T20:33:38.624+0000] {standard_task_runner.py:64} INFO - Started process 266 to run task
[2024-08-07T20:33:38.636+0000] {standard_task_runner.py:90} INFO - Running: ['***', 'tasks', 'run', 'space_exploration', 'read_nasa_response_data', 'scheduled__2023-02-24T00:00:00+00:00', '--job-id', '74', '--raw', '--subdir', 'DAGS_FOLDER/***-space-exploration.py', '--cfg-path', '/tmp/tmpwhmy76ic']
[2024-08-07T20:33:38.653+0000] {standard_task_runner.py:91} INFO - Job 74: Subtask read_nasa_response_data
[2024-08-07T20:33:38.905+0000] {task_command.py:426} INFO - Running <TaskInstance: space_exploration.read_nasa_response_data scheduled__2023-02-24T00:00:00+00:00 [running]> on host 13935ade345d
[2024-08-07T20:33:39.315+0000] {taskinstance.py:2648} INFO - Exporting env vars: AIRFLOW_CTX_DAG_OWNER='***' AIRFLOW_CTX_DAG_ID='space_exploration' AIRFLOW_CTX_TASK_ID='read_nasa_response_data' AIRFLOW_CTX_EXECUTION_DATE='2023-02-24T00:00:00+00:00' AIRFLOW_CTX_TRY_NUMBER='1' AIRFLOW_CTX_DAG_RUN_ID='scheduled__2023-02-24T00:00:00+00:00'
[2024-08-07T20:33:39.319+0000] {taskinstance.py:430} INFO - ::endgroup::
[2024-08-07T20:33:39.399+0000] {subprocess.py:63} INFO - Tmp dir root location: /tmp
[2024-08-07T20:33:39.402+0000] {subprocess.py:75} INFO - Running command: ['/usr/bin/bash', '-c', 'ls /tmp && head /tmp/response_20230224.txt']
[2024-08-07T20:33:39.468+0000] {subprocess.py:86} INFO - Output:
[2024-08-07T20:33:39.478+0000] {subprocess.py:93} INFO - ***tmp2_gpapd4
[2024-08-07T20:33:39.487+0000] {subprocess.py:93} INFO - ***tmp7210x3_a
[2024-08-07T20:33:39.493+0000] {subprocess.py:93} INFO - ***tmp_gjkq42y
[2024-08-07T20:33:39.495+0000] {subprocess.py:93} INFO - ***tmpbrq1fyul
[2024-08-07T20:33:39.499+0000] {subprocess.py:93} INFO - ***tmpk8_a8t36
[2024-08-07T20:33:39.503+0000] {subprocess.py:93} INFO - ***tmpl4csaaiu
[2024-08-07T20:33:39.506+0000] {subprocess.py:93} INFO - platzi_data_20240801.csv
[2024-08-07T20:33:39.507+0000] {subprocess.py:93} INFO - platzi_data_20240802.csv
[2024-08-07T20:33:39.508+0000] {subprocess.py:93} INFO - platzi_data_20240803.csv
[2024-08-07T20:33:39.514+0000] {subprocess.py:93} INFO - platzi_data_20240804.csv
[2024-08-07T20:33:39.516+0000] {subprocess.py:93} INFO - platzi_data_20240805.csv
[2024-08-07T20:33:39.517+0000] {subprocess.py:93} INFO - platzi_data_20240806.csv
[2024-08-07T20:33:39.517+0000] {subprocess.py:93} INFO - pymp-fb5shr1t
[2024-08-07T20:33:39.518+0000] {subprocess.py:93} INFO - response_20230209.txt
[2024-08-07T20:33:39.519+0000] {subprocess.py:93} INFO - response_20230210.txt
[2024-08-07T20:33:39.519+0000] {subprocess.py:93} INFO - response_20230211.txt
[2024-08-07T20:33:39.520+0000] {subprocess.py:93} INFO - response_20230212.txt
[2024-08-07T20:33:39.520+0000] {subprocess.py:93} INFO - response_20230213.txt
[2024-08-07T20:33:39.521+0000] {subprocess.py:93} INFO - response_20230214.txt
[2024-08-07T20:33:39.522+0000] {subprocess.py:93} INFO - response_20230215.txt
[2024-08-07T20:33:39.526+0000] {subprocess.py:93} INFO - response_20230216.txt
[2024-08-07T20:33:39.533+0000] {subprocess.py:93} INFO - response_20230217.txt
[2024-08-07T20:33:39.535+0000] {subprocess.py:93} INFO - response_20230218.txt
[2024-08-07T20:33:39.538+0000] {subprocess.py:93} INFO - response_20230219.txt
[2024-08-07T20:33:39.539+0000] {subprocess.py:93} INFO - response_20230220.txt
[2024-08-07T20:33:39.540+0000] {subprocess.py:93} INFO - response_20230221.txt
[2024-08-07T20:33:39.544+0000] {subprocess.py:93} INFO - response_20230222.txt
[2024-08-07T20:33:39.545+0000] {subprocess.py:93} INFO - response_20230223.txt
[2024-08-07T20:33:39.558+0000] {subprocess.py:93} INFO - response_20230224.txt
[2024-08-07T20:33:39.561+0000] {subprocess.py:93} INFO - response_20240801.txt
[2024-08-07T20:33:39.565+0000] {subprocess.py:93} INFO - response_20240802.txt
[2024-08-07T20:33:39.573+0000] {subprocess.py:93} INFO - response_20240803.txt
[2024-08-07T20:33:39.576+0000] {subprocess.py:93} INFO - response_20240804.txt
[2024-08-07T20:33:39.578+0000] {subprocess.py:93} INFO - response_20240805.txt
[2024-08-07T20:33:39.580+0000] {subprocess.py:93} INFO - response_20240806.txt
[2024-08-07T20:33:39.581+0000] {subprocess.py:93} INFO - spacex_20230210.json
[2024-08-07T20:33:39.582+0000] {subprocess.py:93} INFO - spacex_20230211.json
[2024-08-07T20:33:39.584+0000] {subprocess.py:93} INFO - spacex_20230212.json
[2024-08-07T20:33:39.585+0000] {subprocess.py:93} INFO - tmp0e07hg1g
[2024-08-07T20:33:39.587+0000] {subprocess.py:93} INFO - Confirmation from NASA, you can proceed.
[2024-08-07T20:33:39.592+0000] {subprocess.py:97} INFO - Command exited with return code 0
[2024-08-07T20:33:39.594+0000] {taskinstance.py:441} INFO - ::group::Post task execution logs
[2024-08-07T20:33:39.703+0000] {taskinstance.py:1206} INFO - Marking task as SUCCESS. dag_id=space_exploration, task_id=read_nasa_response_data, run_id=scheduled__2023-02-24T00:00:00+00:00, execution_date=20230224T000000, start_date=20240807T203338, end_date=20240807T203339
[2024-08-07T20:33:39.773+0000] {local_task_job_runner.py:243} INFO - Task exited with return code 0
[2024-08-07T20:33:39.895+0000] {taskinstance.py:3503} INFO - 1 downstream tasks scheduled from follow-on schedule check
[2024-08-07T20:33:39.901+0000] {local_task_job_runner.py:222} INFO - ::endgroup::
