[2024-08-07T20:33:50.137+0000] {local_task_job_runner.py:120} INFO - ::group::Pre task execution logs
[2024-08-07T20:33:50.313+0000] {taskinstance.py:2076} INFO - Dependencies all met for dep_context=non-requeueable deps ti=<TaskInstance: space_exploration.read_satellite_response_data scheduled__2023-02-18T00:00:00+00:00 [queued]>
[2024-08-07T20:33:50.401+0000] {taskinstance.py:2076} INFO - Dependencies all met for dep_context=requeueable deps ti=<TaskInstance: space_exploration.read_satellite_response_data scheduled__2023-02-18T00:00:00+00:00 [queued]>
[2024-08-07T20:33:50.422+0000] {taskinstance.py:2306} INFO - Starting attempt 1 of 2
[2024-08-07T20:33:51.029+0000] {taskinstance.py:2330} INFO - Executing <Task(BashOperator): read_satellite_response_data> on 2023-02-18 00:00:00+00:00
[2024-08-07T20:33:51.070+0000] {warnings.py:112} WARNING - /home/***/.local/lib/python3.12/site-packages/***/task/task_runner/standard_task_runner.py:62: DeprecationWarning: This process (pid=406) is multi-threaded, use of fork() may lead to deadlocks in the child.
  pid = os.fork()

[2024-08-07T20:33:51.075+0000] {standard_task_runner.py:64} INFO - Started process 449 to run task
[2024-08-07T20:33:51.085+0000] {standard_task_runner.py:90} INFO - Running: ['***', 'tasks', 'run', 'space_exploration', 'read_satellite_response_data', 'scheduled__2023-02-18T00:00:00+00:00', '--job-id', '113', '--raw', '--subdir', 'DAGS_FOLDER/***-space-exploration.py', '--cfg-path', '/tmp/tmp1mtgt2jq']
[2024-08-07T20:33:51.114+0000] {standard_task_runner.py:91} INFO - Job 113: Subtask read_satellite_response_data
[2024-08-07T20:33:51.285+0000] {task_command.py:426} INFO - Running <TaskInstance: space_exploration.read_satellite_response_data scheduled__2023-02-18T00:00:00+00:00 [running]> on host 13935ade345d
[2024-08-07T20:33:51.531+0000] {taskinstance.py:2648} INFO - Exporting env vars: AIRFLOW_CTX_DAG_OWNER='***' AIRFLOW_CTX_DAG_ID='space_exploration' AIRFLOW_CTX_TASK_ID='read_satellite_response_data' AIRFLOW_CTX_EXECUTION_DATE='2023-02-18T00:00:00+00:00' AIRFLOW_CTX_TRY_NUMBER='1' AIRFLOW_CTX_DAG_RUN_ID='scheduled__2023-02-18T00:00:00+00:00'
[2024-08-07T20:33:51.537+0000] {taskinstance.py:430} INFO - ::endgroup::
[2024-08-07T20:33:51.587+0000] {subprocess.py:63} INFO - Tmp dir root location: /tmp
[2024-08-07T20:33:51.641+0000] {subprocess.py:75} INFO - Running command: ['/usr/bin/bash', '-c', 'ls /tmp && head /tmp/platzi_data_20230218.csv']
[2024-08-07T20:33:51.701+0000] {subprocess.py:86} INFO - Output:
[2024-08-07T20:33:51.719+0000] {subprocess.py:93} INFO - ***tmp69_a9lck
[2024-08-07T20:33:51.720+0000] {subprocess.py:93} INFO - ***tmpg2c2yada
[2024-08-07T20:33:51.721+0000] {subprocess.py:93} INFO - ***tmpspivzrmn
[2024-08-07T20:33:51.723+0000] {subprocess.py:93} INFO - platzi_data_20230209.csv
[2024-08-07T20:33:51.724+0000] {subprocess.py:93} INFO - platzi_data_20230210.csv
[2024-08-07T20:33:51.725+0000] {subprocess.py:93} INFO - platzi_data_20230211.csv
[2024-08-07T20:33:51.726+0000] {subprocess.py:93} INFO - platzi_data_20230212.csv
[2024-08-07T20:33:51.752+0000] {subprocess.py:93} INFO - platzi_data_20230213.csv
[2024-08-07T20:33:51.759+0000] {subprocess.py:93} INFO - platzi_data_20230214.csv
[2024-08-07T20:33:51.772+0000] {subprocess.py:93} INFO - platzi_data_20230215.csv
[2024-08-07T20:33:51.776+0000] {subprocess.py:93} INFO - platzi_data_20230216.csv
[2024-08-07T20:33:51.789+0000] {subprocess.py:93} INFO - platzi_data_20230217.csv
[2024-08-07T20:33:51.820+0000] {subprocess.py:93} INFO - platzi_data_20230218.csv
[2024-08-07T20:33:51.822+0000] {subprocess.py:93} INFO - platzi_data_20230219.csv
[2024-08-07T20:33:51.823+0000] {subprocess.py:93} INFO - platzi_data_20230220.csv
[2024-08-07T20:33:51.825+0000] {subprocess.py:93} INFO - platzi_data_20230221.csv
[2024-08-07T20:33:51.835+0000] {subprocess.py:93} INFO - platzi_data_20230222.csv
[2024-08-07T20:33:51.837+0000] {subprocess.py:93} INFO - platzi_data_20230223.csv
[2024-08-07T20:33:51.840+0000] {subprocess.py:93} INFO - platzi_data_20230224.csv
[2024-08-07T20:33:51.846+0000] {subprocess.py:93} INFO - platzi_data_20240801.csv
[2024-08-07T20:33:51.852+0000] {subprocess.py:93} INFO - platzi_data_20240802.csv
[2024-08-07T20:33:51.854+0000] {subprocess.py:93} INFO - platzi_data_20240803.csv
[2024-08-07T20:33:51.855+0000] {subprocess.py:93} INFO - platzi_data_20240804.csv
[2024-08-07T20:33:51.860+0000] {subprocess.py:93} INFO - platzi_data_20240805.csv
[2024-08-07T20:33:51.861+0000] {subprocess.py:93} INFO - platzi_data_20240806.csv
[2024-08-07T20:33:51.863+0000] {subprocess.py:93} INFO - pymp-fb5shr1t
[2024-08-07T20:33:51.865+0000] {subprocess.py:93} INFO - response_20230209.txt
[2024-08-07T20:33:51.868+0000] {subprocess.py:93} INFO - response_20230210.txt
[2024-08-07T20:33:51.869+0000] {subprocess.py:93} INFO - response_20230211.txt
[2024-08-07T20:33:51.870+0000] {subprocess.py:93} INFO - response_20230212.txt
[2024-08-07T20:33:51.871+0000] {subprocess.py:93} INFO - response_20230213.txt
[2024-08-07T20:33:51.873+0000] {subprocess.py:93} INFO - response_20230214.txt
[2024-08-07T20:33:51.876+0000] {subprocess.py:93} INFO - response_20230215.txt
[2024-08-07T20:33:51.887+0000] {subprocess.py:93} INFO - response_20230216.txt
[2024-08-07T20:33:51.889+0000] {subprocess.py:93} INFO - response_20230217.txt
[2024-08-07T20:33:51.891+0000] {subprocess.py:93} INFO - response_20230218.txt
[2024-08-07T20:33:51.892+0000] {subprocess.py:93} INFO - response_20230219.txt
[2024-08-07T20:33:51.894+0000] {subprocess.py:93} INFO - response_20230220.txt
[2024-08-07T20:33:51.898+0000] {subprocess.py:93} INFO - response_20230221.txt
[2024-08-07T20:33:51.900+0000] {subprocess.py:93} INFO - response_20230222.txt
[2024-08-07T20:33:51.904+0000] {subprocess.py:93} INFO - response_20230223.txt
[2024-08-07T20:33:51.905+0000] {subprocess.py:93} INFO - response_20230224.txt
[2024-08-07T20:33:51.910+0000] {subprocess.py:93} INFO - response_20240801.txt
[2024-08-07T20:33:51.916+0000] {subprocess.py:93} INFO - response_20240802.txt
[2024-08-07T20:33:51.918+0000] {subprocess.py:93} INFO - response_20240803.txt
[2024-08-07T20:33:51.919+0000] {subprocess.py:93} INFO - response_20240804.txt
[2024-08-07T20:33:51.920+0000] {subprocess.py:93} INFO - response_20240805.txt
[2024-08-07T20:33:51.920+0000] {subprocess.py:93} INFO - response_20240806.txt
[2024-08-07T20:33:51.922+0000] {subprocess.py:93} INFO - spacex_20230209.json
[2024-08-07T20:33:51.927+0000] {subprocess.py:93} INFO - spacex_20230210.json
[2024-08-07T20:33:51.931+0000] {subprocess.py:93} INFO - spacex_20230211.json
[2024-08-07T20:33:51.932+0000] {subprocess.py:93} INFO - spacex_20230212.json
[2024-08-07T20:33:51.933+0000] {subprocess.py:93} INFO - spacex_20230213.json
[2024-08-07T20:33:51.935+0000] {subprocess.py:93} INFO - spacex_20230214.json
[2024-08-07T20:33:51.937+0000] {subprocess.py:93} INFO - spacex_20230215.json
[2024-08-07T20:33:51.941+0000] {subprocess.py:93} INFO - spacex_20230216.json
[2024-08-07T20:33:51.947+0000] {subprocess.py:93} INFO - spacex_20230217.json
[2024-08-07T20:33:51.949+0000] {subprocess.py:93} INFO - spacex_20230218.json
[2024-08-07T20:33:51.953+0000] {subprocess.py:93} INFO - spacex_20230219.json
[2024-08-07T20:33:51.954+0000] {subprocess.py:93} INFO - spacex_20230220.json
[2024-08-07T20:33:51.955+0000] {subprocess.py:93} INFO - spacex_20230221.json
[2024-08-07T20:33:51.956+0000] {subprocess.py:93} INFO - spacex_20230222.json
[2024-08-07T20:33:51.957+0000] {subprocess.py:93} INFO - spacex_20230223.json
[2024-08-07T20:33:51.958+0000] {subprocess.py:93} INFO - spacex_20230224.json
[2024-08-07T20:33:51.965+0000] {subprocess.py:93} INFO - tmphcv65r02
[2024-08-07T20:33:51.969+0000] {subprocess.py:93} INFO - tmpi0fesvt9
[2024-08-07T20:33:51.972+0000] {subprocess.py:93} INFO - tmpkiuduoat
[2024-08-07T20:33:51.984+0000] {subprocess.py:93} INFO - Student,timestamp
[2024-08-07T20:33:51.986+0000] {subprocess.py:93} INFO - Maria Cruz,2023-02-18 00:00:00+00:00
[2024-08-07T20:33:51.997+0000] {subprocess.py:93} INFO - Daniel Crema,2023-02-18 00:00:00+00:00
[2024-08-07T20:33:52.014+0000] {subprocess.py:93} INFO - Elon Musk,2023-02-18 00:00:00+00:00
[2024-08-07T20:33:52.015+0000] {subprocess.py:93} INFO - Karol Castrejon,2023-02-18 00:00:00+00:00
[2024-08-07T20:33:52.016+0000] {subprocess.py:93} INFO - Freddy Vega,2023-02-18 00:00:00+00:00
[2024-08-07T20:33:52.021+0000] {subprocess.py:93} INFO - Felipe Duque,2023-02-18 00:00:00+00:00
[2024-08-07T20:33:52.028+0000] {subprocess.py:97} INFO - Command exited with return code 0
[2024-08-07T20:33:52.034+0000] {taskinstance.py:441} INFO - ::group::Post task execution logs
[2024-08-07T20:33:52.187+0000] {taskinstance.py:1206} INFO - Marking task as SUCCESS. dag_id=space_exploration, task_id=read_satellite_response_data, run_id=scheduled__2023-02-18T00:00:00+00:00, execution_date=20230218T000000, start_date=20240807T203350, end_date=20240807T203352
[2024-08-07T20:33:52.317+0000] {local_task_job_runner.py:243} INFO - Task exited with return code 0
[2024-08-07T20:33:52.363+0000] {local_task_job_runner.py:222} INFO - ::endgroup::
