[2024-08-07T14:54:32.702+0000] {local_task_job_runner.py:120} INFO - ::group::Pre task execution logs
[2024-08-07T14:54:32.741+0000] {taskinstance.py:2076} INFO - Dependencies all met for dep_context=non-requeueable deps ti=<TaskInstance: airflow-space-exploration.Ver_data scheduled__2024-08-04T00:00:00+00:00 [queued]>
[2024-08-07T14:54:32.755+0000] {taskinstance.py:2076} INFO - Dependencies all met for dep_context=requeueable deps ti=<TaskInstance: airflow-space-exploration.Ver_data scheduled__2024-08-04T00:00:00+00:00 [queued]>
[2024-08-07T14:54:32.756+0000] {taskinstance.py:2306} INFO - Starting attempt 6 of 6
[2024-08-07T14:54:32.778+0000] {taskinstance.py:2330} INFO - Executing <Task(BashOperator): Ver_data> on 2024-08-04 00:00:00+00:00
[2024-08-07T14:54:32.786+0000] {warnings.py:112} WARNING - /home/***/.local/lib/python3.12/site-packages/***/task/task_runner/standard_task_runner.py:62: DeprecationWarning: This process (pid=1460) is multi-threaded, use of fork() may lead to deadlocks in the child.
  pid = os.fork()

[2024-08-07T14:54:32.787+0000] {standard_task_runner.py:64} INFO - Started process 1467 to run task
[2024-08-07T14:54:32.787+0000] {standard_task_runner.py:90} INFO - Running: ['***', 'tasks', 'run', '***-space-exploration', 'Ver_data', 'scheduled__2024-08-04T00:00:00+00:00', '--job-id', '254', '--raw', '--subdir', 'DAGS_FOLDER/***-space-exploration.py', '--cfg-path', '/tmp/tmpmr_ssozo']
[2024-08-07T14:54:32.789+0000] {standard_task_runner.py:91} INFO - Job 254: Subtask Ver_data
[2024-08-07T14:54:32.860+0000] {task_command.py:426} INFO - Running <TaskInstance: airflow-space-exploration.Ver_data scheduled__2024-08-04T00:00:00+00:00 [running]> on host 38873943cc86
[2024-08-07T14:54:32.986+0000] {taskinstance.py:2648} INFO - Exporting env vars: AIRFLOW_CTX_DAG_OWNER='***' AIRFLOW_CTX_DAG_ID='***-space-exploration' AIRFLOW_CTX_TASK_ID='Ver_data' AIRFLOW_CTX_EXECUTION_DATE='2024-08-04T00:00:00+00:00' AIRFLOW_CTX_TRY_NUMBER='6' AIRFLOW_CTX_DAG_RUN_ID='scheduled__2024-08-04T00:00:00+00:00'
[2024-08-07T14:54:32.987+0000] {taskinstance.py:430} INFO - ::endgroup::
[2024-08-07T14:54:33.007+0000] {subprocess.py:63} INFO - Tmp dir root location: /tmp
[2024-08-07T14:54:33.010+0000] {subprocess.py:75} INFO - Running command: ['/usr/bin/bash', '-c', 'ls /tmp && head /tmp/platzi_data_20240804.csv']
[2024-08-07T14:54:33.027+0000] {subprocess.py:86} INFO - Output:
[2024-08-07T14:54:33.031+0000] {subprocess.py:93} INFO - ***tmp93_hvn97
[2024-08-07T14:54:33.032+0000] {subprocess.py:93} INFO - ***tmpga0kn8w0
[2024-08-07T14:54:33.033+0000] {subprocess.py:93} INFO - ***tmpsndyfl80
[2024-08-07T14:54:33.034+0000] {subprocess.py:93} INFO - platzi_data_20240801.csv
[2024-08-07T14:54:33.036+0000] {subprocess.py:93} INFO - platzi_data_20240802.csv
[2024-08-07T14:54:33.037+0000] {subprocess.py:93} INFO - platzi_data_20240803.csv
[2024-08-07T14:54:33.038+0000] {subprocess.py:93} INFO - platzi_data_20240804.csv
[2024-08-07T14:54:33.038+0000] {subprocess.py:93} INFO - platzi_data_20240805.csv
[2024-08-07T14:54:33.039+0000] {subprocess.py:93} INFO - platzi_data_20240806.csv
[2024-08-07T14:54:33.040+0000] {subprocess.py:93} INFO - platzi_data_20240807.csv
[2024-08-07T14:54:33.041+0000] {subprocess.py:93} INFO - pymp-bji4ygjz
[2024-08-07T14:54:33.042+0000] {subprocess.py:93} INFO - response_20240801.txt
[2024-08-07T14:54:33.043+0000] {subprocess.py:93} INFO - response_20240802.txt
[2024-08-07T14:54:33.044+0000] {subprocess.py:93} INFO - response_20240803.txt
[2024-08-07T14:54:33.045+0000] {subprocess.py:93} INFO - response_20240804.txt
[2024-08-07T14:54:33.046+0000] {subprocess.py:93} INFO - response_20240805.txt
[2024-08-07T14:54:33.047+0000] {subprocess.py:93} INFO - response_20240806.txt
[2024-08-07T14:54:33.049+0000] {subprocess.py:93} INFO - response_20240807.txt
[2024-08-07T14:54:33.050+0000] {subprocess.py:93} INFO - tmp2weef0t8
[2024-08-07T14:54:33.051+0000] {subprocess.py:93} INFO - tmp5324rac7
[2024-08-07T14:54:33.052+0000] {subprocess.py:93} INFO - tmpdqvoinyf
[2024-08-07T14:54:33.053+0000] {subprocess.py:93} INFO - tmpe3_zn7bp
[2024-08-07T14:54:33.054+0000] {subprocess.py:93} INFO - tmpffxnt4mp
[2024-08-07T14:54:33.056+0000] {subprocess.py:93} INFO - tmpjpoma8_4
[2024-08-07T14:54:33.057+0000] {subprocess.py:93} INFO - tmpmdd1mezh
[2024-08-07T14:54:33.058+0000] {subprocess.py:93} INFO - tmpn9iku32l
[2024-08-07T14:54:33.058+0000] {subprocess.py:93} INFO - tmpnbqmrw3_
[2024-08-07T14:54:33.060+0000] {subprocess.py:93} INFO - tmpop2i4r08
[2024-08-07T14:54:33.061+0000] {subprocess.py:93} INFO - tmpqusd4zfz
[2024-08-07T14:54:33.062+0000] {subprocess.py:93} INFO - tmprul79jv0
[2024-08-07T14:54:33.062+0000] {subprocess.py:93} INFO - tmpu69u53lv
[2024-08-07T14:54:33.063+0000] {subprocess.py:93} INFO - tmpvj785b1w
[2024-08-07T14:54:33.064+0000] {subprocess.py:93} INFO - ,student,timestamp
[2024-08-07T14:54:33.065+0000] {subprocess.py:93} INFO - 0,Maria Cruz,2024-08-04 00:00:00+00:00
[2024-08-07T14:54:33.066+0000] {subprocess.py:93} INFO - 1,Daniel Crema,2024-08-04 00:00:00+00:00
[2024-08-07T14:54:33.067+0000] {subprocess.py:93} INFO - 2,Elon Musk,2024-08-04 00:00:00+00:00
[2024-08-07T14:54:33.068+0000] {subprocess.py:93} INFO - 3,Karol Castrejon,2024-08-04 00:00:00+00:00
[2024-08-07T14:54:33.069+0000] {subprocess.py:93} INFO - 4,Freddy Vega,2024-08-04 00:00:00+00:00
[2024-08-07T14:54:33.070+0000] {subprocess.py:97} INFO - Command exited with return code 0
[2024-08-07T14:54:33.071+0000] {taskinstance.py:441} INFO - ::group::Post task execution logs
[2024-08-07T14:54:33.105+0000] {taskinstance.py:1206} INFO - Marking task as SUCCESS. dag_id=***-space-exploration, task_id=Ver_data, run_id=scheduled__2024-08-04T00:00:00+00:00, execution_date=20240804T000000, start_date=20240807T145432, end_date=20240807T145433
[2024-08-07T14:54:33.164+0000] {local_task_job_runner.py:243} INFO - Task exited with return code 0
[2024-08-07T14:54:33.189+0000] {taskinstance.py:3503} INFO - 0 downstream tasks scheduled from follow-on schedule check
[2024-08-07T14:54:33.191+0000] {local_task_job_runner.py:222} INFO - ::endgroup::
