[2024-08-07T14:25:18.363+0000] {local_task_job_runner.py:120} INFO - ::group::Pre task execution logs
[2024-08-07T14:25:18.400+0000] {taskinstance.py:2076} INFO - Dependencies all met for dep_context=non-requeueable deps ti=<TaskInstance: airflow-space-exploration.Ver_data scheduled__2024-08-04T00:00:00+00:00 [queued]>
[2024-08-07T14:25:18.418+0000] {taskinstance.py:2076} INFO - Dependencies all met for dep_context=requeueable deps ti=<TaskInstance: airflow-space-exploration.Ver_data scheduled__2024-08-04T00:00:00+00:00 [queued]>
[2024-08-07T14:25:18.419+0000] {taskinstance.py:2306} INFO - Starting attempt 2 of 2
[2024-08-07T14:25:18.447+0000] {taskinstance.py:2330} INFO - Executing <Task(BashOperator): Ver_data> on 2024-08-04 00:00:00+00:00
[2024-08-07T14:25:18.454+0000] {warnings.py:112} WARNING - /home/***/.local/lib/python3.12/site-packages/***/task/task_runner/standard_task_runner.py:62: DeprecationWarning: This process (pid=534) is multi-threaded, use of fork() may lead to deadlocks in the child.
  pid = os.fork()

[2024-08-07T14:25:18.456+0000] {standard_task_runner.py:90} INFO - Running: ['***', 'tasks', 'run', '***-space-exploration', 'Ver_data', 'scheduled__2024-08-04T00:00:00+00:00', '--job-id', '87', '--raw', '--subdir', 'DAGS_FOLDER/***-space-exploration.py', '--cfg-path', '/tmp/tmp1jb96b3d']
[2024-08-07T14:25:18.457+0000] {standard_task_runner.py:64} INFO - Started process 542 to run task
[2024-08-07T14:25:18.457+0000] {standard_task_runner.py:91} INFO - Job 87: Subtask Ver_data
[2024-08-07T14:25:18.523+0000] {task_command.py:426} INFO - Running <TaskInstance: airflow-space-exploration.Ver_data scheduled__2024-08-04T00:00:00+00:00 [running]> on host 38873943cc86
[2024-08-07T14:25:18.636+0000] {taskinstance.py:2648} INFO - Exporting env vars: AIRFLOW_CTX_DAG_OWNER='***' AIRFLOW_CTX_DAG_ID='***-space-exploration' AIRFLOW_CTX_TASK_ID='Ver_data' AIRFLOW_CTX_EXECUTION_DATE='2024-08-04T00:00:00+00:00' AIRFLOW_CTX_TRY_NUMBER='2' AIRFLOW_CTX_DAG_RUN_ID='scheduled__2024-08-04T00:00:00+00:00'
[2024-08-07T14:25:18.637+0000] {taskinstance.py:430} INFO - ::endgroup::
[2024-08-07T14:25:18.662+0000] {subprocess.py:63} INFO - Tmp dir root location: /tmp
[2024-08-07T14:25:18.663+0000] {subprocess.py:75} INFO - Running command: ['/usr/bin/bash', '-c', "bash_command='ls /tmp && head /tmp/platzi_data.csv'"]
[2024-08-07T14:25:18.680+0000] {subprocess.py:86} INFO - Output:
[2024-08-07T14:25:18.683+0000] {subprocess.py:97} INFO - Command exited with return code 0
[2024-08-07T14:25:18.684+0000] {taskinstance.py:441} INFO - ::group::Post task execution logs
[2024-08-07T14:25:18.718+0000] {taskinstance.py:1206} INFO - Marking task as SUCCESS. dag_id=***-space-exploration, task_id=Ver_data, run_id=scheduled__2024-08-04T00:00:00+00:00, execution_date=20240804T000000, start_date=20240807T142518, end_date=20240807T142518
[2024-08-07T14:25:18.753+0000] {local_task_job_runner.py:243} INFO - Task exited with return code 0
[2024-08-07T14:25:18.776+0000] {taskinstance.py:3503} INFO - 0 downstream tasks scheduled from follow-on schedule check
[2024-08-07T14:25:18.779+0000] {local_task_job_runner.py:222} INFO - ::endgroup::
