[2024-08-07T20:33:47.716+0000] {local_task_job_runner.py:120} INFO - ::group::Pre task execution logs
[2024-08-07T20:33:47.795+0000] {taskinstance.py:2076} INFO - Dependencies all met for dep_context=non-requeueable deps ti=<TaskInstance: space_exploration.read_satellite_response_data scheduled__2023-02-15T00:00:00+00:00 [queued]>
[2024-08-07T20:33:47.852+0000] {taskinstance.py:2076} INFO - Dependencies all met for dep_context=requeueable deps ti=<TaskInstance: space_exploration.read_satellite_response_data scheduled__2023-02-15T00:00:00+00:00 [queued]>
[2024-08-07T20:33:47.854+0000] {taskinstance.py:2306} INFO - Starting attempt 1 of 2
[2024-08-07T20:33:48.273+0000] {taskinstance.py:2330} INFO - Executing <Task(BashOperator): read_satellite_response_data> on 2023-02-15 00:00:00+00:00
[2024-08-07T20:33:48.291+0000] {warnings.py:112} WARNING - /home/***/.local/lib/python3.12/site-packages/***/task/task_runner/standard_task_runner.py:62: DeprecationWarning: This process (pid=380) is multi-threaded, use of fork() may lead to deadlocks in the child.
  pid = os.fork()

[2024-08-07T20:33:48.296+0000] {standard_task_runner.py:64} INFO - Started process 408 to run task
[2024-08-07T20:33:48.306+0000] {standard_task_runner.py:90} INFO - Running: ['***', 'tasks', 'run', 'space_exploration', 'read_satellite_response_data', 'scheduled__2023-02-15T00:00:00+00:00', '--job-id', '104', '--raw', '--subdir', 'DAGS_FOLDER/***-space-exploration.py', '--cfg-path', '/tmp/tmp49dusbko']
[2024-08-07T20:33:48.322+0000] {standard_task_runner.py:91} INFO - Job 104: Subtask read_satellite_response_data
[2024-08-07T20:33:48.454+0000] {task_command.py:426} INFO - Running <TaskInstance: space_exploration.read_satellite_response_data scheduled__2023-02-15T00:00:00+00:00 [running]> on host 13935ade345d
[2024-08-07T20:33:48.691+0000] {taskinstance.py:2648} INFO - Exporting env vars: AIRFLOW_CTX_DAG_OWNER='***' AIRFLOW_CTX_DAG_ID='space_exploration' AIRFLOW_CTX_TASK_ID='read_satellite_response_data' AIRFLOW_CTX_EXECUTION_DATE='2023-02-15T00:00:00+00:00' AIRFLOW_CTX_TRY_NUMBER='1' AIRFLOW_CTX_DAG_RUN_ID='scheduled__2023-02-15T00:00:00+00:00'
[2024-08-07T20:33:48.694+0000] {taskinstance.py:430} INFO - ::endgroup::
[2024-08-07T20:33:48.722+0000] {subprocess.py:63} INFO - Tmp dir root location: /tmp
[2024-08-07T20:33:48.723+0000] {subprocess.py:75} INFO - Running command: ['/usr/bin/bash', '-c', 'ls /tmp && head /tmp/platzi_data_20230215.csv']
[2024-08-07T20:33:48.774+0000] {subprocess.py:86} INFO - Output:
[2024-08-07T20:33:48.801+0000] {subprocess.py:93} INFO - ***tmpfx_xvs9i
[2024-08-07T20:33:48.802+0000] {subprocess.py:93} INFO - ***tmpomrds2gq
[2024-08-07T20:33:48.805+0000] {subprocess.py:93} INFO - platzi_data_20230209.csv
[2024-08-07T20:33:48.806+0000] {subprocess.py:93} INFO - platzi_data_20230210.csv
[2024-08-07T20:33:48.807+0000] {subprocess.py:93} INFO - platzi_data_20230211.csv
[2024-08-07T20:33:48.807+0000] {subprocess.py:93} INFO - platzi_data_20230212.csv
[2024-08-07T20:33:48.808+0000] {subprocess.py:93} INFO - platzi_data_20230213.csv
[2024-08-07T20:33:48.809+0000] {subprocess.py:93} INFO - platzi_data_20230214.csv
[2024-08-07T20:33:48.812+0000] {subprocess.py:93} INFO - platzi_data_20230215.csv
[2024-08-07T20:33:48.815+0000] {subprocess.py:93} INFO - platzi_data_20230216.csv
[2024-08-07T20:33:48.816+0000] {subprocess.py:93} INFO - platzi_data_20230217.csv
[2024-08-07T20:33:48.817+0000] {subprocess.py:93} INFO - platzi_data_20230218.csv
[2024-08-07T20:33:48.820+0000] {subprocess.py:93} INFO - platzi_data_20230219.csv
[2024-08-07T20:33:48.822+0000] {subprocess.py:93} INFO - platzi_data_20230220.csv
[2024-08-07T20:33:48.823+0000] {subprocess.py:93} INFO - platzi_data_20230221.csv
[2024-08-07T20:33:48.825+0000] {subprocess.py:93} INFO - platzi_data_20230222.csv
[2024-08-07T20:33:48.826+0000] {subprocess.py:93} INFO - platzi_data_20240801.csv
[2024-08-07T20:33:48.829+0000] {subprocess.py:93} INFO - platzi_data_20240802.csv
[2024-08-07T20:33:48.830+0000] {subprocess.py:93} INFO - platzi_data_20240803.csv
[2024-08-07T20:33:48.833+0000] {subprocess.py:93} INFO - platzi_data_20240804.csv
[2024-08-07T20:33:48.836+0000] {subprocess.py:93} INFO - platzi_data_20240805.csv
[2024-08-07T20:33:48.838+0000] {subprocess.py:93} INFO - platzi_data_20240806.csv
[2024-08-07T20:33:48.839+0000] {subprocess.py:93} INFO - pymp-fb5shr1t
[2024-08-07T20:33:48.841+0000] {subprocess.py:93} INFO - response_20230209.txt
[2024-08-07T20:33:48.847+0000] {subprocess.py:93} INFO - response_20230210.txt
[2024-08-07T20:33:48.849+0000] {subprocess.py:93} INFO - response_20230211.txt
[2024-08-07T20:33:48.850+0000] {subprocess.py:93} INFO - response_20230212.txt
[2024-08-07T20:33:48.852+0000] {subprocess.py:93} INFO - response_20230213.txt
[2024-08-07T20:33:48.853+0000] {subprocess.py:93} INFO - response_20230214.txt
[2024-08-07T20:33:48.855+0000] {subprocess.py:93} INFO - response_20230215.txt
[2024-08-07T20:33:48.856+0000] {subprocess.py:93} INFO - response_20230216.txt
[2024-08-07T20:33:48.857+0000] {subprocess.py:93} INFO - response_20230217.txt
[2024-08-07T20:33:48.858+0000] {subprocess.py:93} INFO - response_20230218.txt
[2024-08-07T20:33:48.859+0000] {subprocess.py:93} INFO - response_20230219.txt
[2024-08-07T20:33:48.861+0000] {subprocess.py:93} INFO - response_20230220.txt
[2024-08-07T20:33:48.866+0000] {subprocess.py:93} INFO - response_20230221.txt
[2024-08-07T20:33:48.867+0000] {subprocess.py:93} INFO - response_20230222.txt
[2024-08-07T20:33:48.868+0000] {subprocess.py:93} INFO - response_20230223.txt
[2024-08-07T20:33:48.869+0000] {subprocess.py:93} INFO - response_20230224.txt
[2024-08-07T20:33:48.871+0000] {subprocess.py:93} INFO - response_20240801.txt
[2024-08-07T20:33:48.872+0000] {subprocess.py:93} INFO - response_20240802.txt
[2024-08-07T20:33:48.872+0000] {subprocess.py:93} INFO - response_20240803.txt
[2024-08-07T20:33:48.873+0000] {subprocess.py:93} INFO - response_20240804.txt
[2024-08-07T20:33:48.874+0000] {subprocess.py:93} INFO - response_20240805.txt
[2024-08-07T20:33:48.879+0000] {subprocess.py:93} INFO - response_20240806.txt
[2024-08-07T20:33:48.882+0000] {subprocess.py:93} INFO - spacex_20230209.json
[2024-08-07T20:33:48.884+0000] {subprocess.py:93} INFO - spacex_20230210.json
[2024-08-07T20:33:48.885+0000] {subprocess.py:93} INFO - spacex_20230211.json
[2024-08-07T20:33:48.887+0000] {subprocess.py:93} INFO - spacex_20230212.json
[2024-08-07T20:33:48.888+0000] {subprocess.py:93} INFO - spacex_20230213.json
[2024-08-07T20:33:48.889+0000] {subprocess.py:93} INFO - spacex_20230214.json
[2024-08-07T20:33:48.891+0000] {subprocess.py:93} INFO - spacex_20230215.json
[2024-08-07T20:33:48.893+0000] {subprocess.py:93} INFO - spacex_20230216.json
[2024-08-07T20:33:48.904+0000] {subprocess.py:93} INFO - spacex_20230217.json
[2024-08-07T20:33:48.905+0000] {subprocess.py:93} INFO - spacex_20230218.json
[2024-08-07T20:33:48.906+0000] {subprocess.py:93} INFO - spacex_20230219.json
[2024-08-07T20:33:48.907+0000] {subprocess.py:93} INFO - spacex_20230220.json
[2024-08-07T20:33:48.907+0000] {subprocess.py:93} INFO - spacex_20230221.json
[2024-08-07T20:33:48.908+0000] {subprocess.py:93} INFO - spacex_20230222.json
[2024-08-07T20:33:48.920+0000] {subprocess.py:93} INFO - spacex_20230223.json
[2024-08-07T20:33:48.921+0000] {subprocess.py:93} INFO - spacex_20230224.json
[2024-08-07T20:33:48.922+0000] {subprocess.py:93} INFO - tmp9ryxm7q4
[2024-08-07T20:33:48.925+0000] {subprocess.py:93} INFO - tmp_tvaqbme
[2024-08-07T20:33:48.926+0000] {subprocess.py:93} INFO - tmpij2spm1r
[2024-08-07T20:33:48.930+0000] {subprocess.py:93} INFO - tmpjjlt2i2n
[2024-08-07T20:33:48.935+0000] {subprocess.py:93} INFO - tmpk06tubkh
[2024-08-07T20:33:48.939+0000] {subprocess.py:93} INFO - Student,timestamp
[2024-08-07T20:33:48.951+0000] {subprocess.py:93} INFO - Maria Cruz,2023-02-15 00:00:00+00:00
[2024-08-07T20:33:48.963+0000] {subprocess.py:93} INFO - Daniel Crema,2023-02-15 00:00:00+00:00
[2024-08-07T20:33:48.965+0000] {subprocess.py:93} INFO - Elon Musk,2023-02-15 00:00:00+00:00
[2024-08-07T20:33:48.976+0000] {subprocess.py:93} INFO - Karol Castrejon,2023-02-15 00:00:00+00:00
[2024-08-07T20:33:48.979+0000] {subprocess.py:93} INFO - Freddy Vega,2023-02-15 00:00:00+00:00
[2024-08-07T20:33:48.985+0000] {subprocess.py:93} INFO - Felipe Duque,2023-02-15 00:00:00+00:00
[2024-08-07T20:33:48.987+0000] {subprocess.py:97} INFO - Command exited with return code 0
[2024-08-07T20:33:48.991+0000] {taskinstance.py:441} INFO - ::group::Post task execution logs
[2024-08-07T20:33:49.087+0000] {taskinstance.py:1206} INFO - Marking task as SUCCESS. dag_id=space_exploration, task_id=read_satellite_response_data, run_id=scheduled__2023-02-15T00:00:00+00:00, execution_date=20230215T000000, start_date=20240807T203347, end_date=20240807T203349
[2024-08-07T20:33:49.191+0000] {local_task_job_runner.py:243} INFO - Task exited with return code 0
[2024-08-07T20:33:49.275+0000] {taskinstance.py:3503} INFO - 1 downstream tasks scheduled from follow-on schedule check
[2024-08-07T20:33:49.296+0000] {local_task_job_runner.py:222} INFO - ::endgroup::
