[2024-08-07T14:42:52.385+0000] {local_task_job_runner.py:120} INFO - ::group::Pre task execution logs
[2024-08-07T14:42:52.424+0000] {taskinstance.py:2076} INFO - Dependencies all met for dep_context=non-requeueable deps ti=<TaskInstance: airflow-space-exploration.Autorizacion_NASA manual__2024-08-07T14:20:08.695612+00:00 [queued]>
[2024-08-07T14:42:52.438+0000] {taskinstance.py:2076} INFO - Dependencies all met for dep_context=requeueable deps ti=<TaskInstance: airflow-space-exploration.Autorizacion_NASA manual__2024-08-07T14:20:08.695612+00:00 [queued]>
[2024-08-07T14:42:52.439+0000] {taskinstance.py:2306} INFO - Starting attempt 5 of 5
[2024-08-07T14:42:52.470+0000] {taskinstance.py:2330} INFO - Executing <Task(BashOperator): Autorizacion_NASA> on 2024-08-07 14:20:08.695612+00:00
[2024-08-07T14:42:52.480+0000] {warnings.py:112} WARNING - /home/***/.local/lib/python3.12/site-packages/***/task/task_runner/standard_task_runner.py:62: DeprecationWarning: This process (pid=981) is multi-threaded, use of fork() may lead to deadlocks in the child.
  pid = os.fork()

[2024-08-07T14:42:52.484+0000] {standard_task_runner.py:64} INFO - Started process 987 to run task
[2024-08-07T14:42:52.481+0000] {standard_task_runner.py:90} INFO - Running: ['***', 'tasks', 'run', '***-space-exploration', 'Autorizacion_NASA', 'manual__2024-08-07T14:20:08.695612+00:00', '--job-id', '152', '--raw', '--subdir', 'DAGS_FOLDER/***-space-exploration.py', '--cfg-path', '/tmp/tmpqrx0pwgu']
[2024-08-07T14:42:52.485+0000] {standard_task_runner.py:91} INFO - Job 152: Subtask Autorizacion_NASA
[2024-08-07T14:42:52.568+0000] {task_command.py:426} INFO - Running <TaskInstance: airflow-space-exploration.Autorizacion_NASA manual__2024-08-07T14:20:08.695612+00:00 [running]> on host 38873943cc86
[2024-08-07T14:42:52.773+0000] {taskinstance.py:2648} INFO - Exporting env vars: AIRFLOW_CTX_DAG_OWNER='***' AIRFLOW_CTX_DAG_ID='***-space-exploration' AIRFLOW_CTX_TASK_ID='Autorizacion_NASA' AIRFLOW_CTX_EXECUTION_DATE='2024-08-07T14:20:08.695612+00:00' AIRFLOW_CTX_TRY_NUMBER='5' AIRFLOW_CTX_DAG_RUN_ID='manual__2024-08-07T14:20:08.695612+00:00'
[2024-08-07T14:42:52.775+0000] {taskinstance.py:430} INFO - ::endgroup::
[2024-08-07T14:42:52.805+0000] {subprocess.py:63} INFO - Tmp dir root location: /tmp
[2024-08-07T14:42:52.807+0000] {subprocess.py:75} INFO - Running command: ['/usr/bin/bash', '-c', "sleep 20 && echo 'Confirmación de la NASA, pueden proceder' > /tmp/response_20240807.txt"]
[2024-08-07T14:42:52.824+0000] {subprocess.py:86} INFO - Output:
[2024-08-07T14:43:12.828+0000] {subprocess.py:97} INFO - Command exited with return code 0
[2024-08-07T14:43:12.829+0000] {taskinstance.py:441} INFO - ::group::Post task execution logs
[2024-08-07T14:43:12.868+0000] {taskinstance.py:1206} INFO - Marking task as SUCCESS. dag_id=***-space-exploration, task_id=Autorizacion_NASA, run_id=manual__2024-08-07T14:20:08.695612+00:00, execution_date=20240807T142008, start_date=20240807T144252, end_date=20240807T144312
[2024-08-07T14:43:12.914+0000] {local_task_job_runner.py:243} INFO - Task exited with return code 0
[2024-08-07T14:43:12.954+0000] {taskinstance.py:3503} INFO - 1 downstream tasks scheduled from follow-on schedule check
[2024-08-07T14:43:12.961+0000] {local_task_job_runner.py:222} INFO - ::endgroup::
