[2024-08-07T20:33:48.692+0000] {local_task_job_runner.py:120} INFO - ::group::Pre task execution logs
[2024-08-07T20:33:48.775+0000] {taskinstance.py:2076} INFO - Dependencies all met for dep_context=non-requeueable deps ti=<TaskInstance: space_exploration.read_satellite_response_data scheduled__2023-02-10T00:00:00+00:00 [queued]>
[2024-08-07T20:33:48.803+0000] {taskinstance.py:2076} INFO - Dependencies all met for dep_context=requeueable deps ti=<TaskInstance: space_exploration.read_satellite_response_data scheduled__2023-02-10T00:00:00+00:00 [queued]>
[2024-08-07T20:33:48.805+0000] {taskinstance.py:2306} INFO - Starting attempt 1 of 2
[2024-08-07T20:33:49.659+0000] {taskinstance.py:2330} INFO - Executing <Task(BashOperator): read_satellite_response_data> on 2023-02-10 00:00:00+00:00
[2024-08-07T20:33:49.683+0000] {warnings.py:112} WARNING - /home/***/.local/lib/python3.12/site-packages/***/task/task_runner/standard_task_runner.py:62: DeprecationWarning: This process (pid=392) is multi-threaded, use of fork() may lead to deadlocks in the child.
  pid = os.fork()

[2024-08-07T20:33:49.696+0000] {standard_task_runner.py:64} INFO - Started process 429 to run task
[2024-08-07T20:33:49.692+0000] {standard_task_runner.py:90} INFO - Running: ['***', 'tasks', 'run', 'space_exploration', 'read_satellite_response_data', 'scheduled__2023-02-10T00:00:00+00:00', '--job-id', '107', '--raw', '--subdir', 'DAGS_FOLDER/***-space-exploration.py', '--cfg-path', '/tmp/tmp_tvaqbme']
[2024-08-07T20:33:49.699+0000] {standard_task_runner.py:91} INFO - Job 107: Subtask read_satellite_response_data
[2024-08-07T20:33:49.949+0000] {task_command.py:426} INFO - Running <TaskInstance: space_exploration.read_satellite_response_data scheduled__2023-02-10T00:00:00+00:00 [running]> on host 13935ade345d
[2024-08-07T20:33:50.281+0000] {taskinstance.py:2648} INFO - Exporting env vars: AIRFLOW_CTX_DAG_OWNER='***' AIRFLOW_CTX_DAG_ID='space_exploration' AIRFLOW_CTX_TASK_ID='read_satellite_response_data' AIRFLOW_CTX_EXECUTION_DATE='2023-02-10T00:00:00+00:00' AIRFLOW_CTX_TRY_NUMBER='1' AIRFLOW_CTX_DAG_RUN_ID='scheduled__2023-02-10T00:00:00+00:00'
[2024-08-07T20:33:50.287+0000] {taskinstance.py:430} INFO - ::endgroup::
[2024-08-07T20:33:50.346+0000] {subprocess.py:63} INFO - Tmp dir root location: /tmp
[2024-08-07T20:33:50.350+0000] {subprocess.py:75} INFO - Running command: ['/usr/bin/bash', '-c', 'ls /tmp && head /tmp/platzi_data_20230210.csv']
[2024-08-07T20:33:50.409+0000] {subprocess.py:86} INFO - Output:
[2024-08-07T20:33:50.445+0000] {subprocess.py:93} INFO - ***tmp2j81kred
[2024-08-07T20:33:50.458+0000] {subprocess.py:93} INFO - ***tmpspps0bmg
[2024-08-07T20:33:50.464+0000] {subprocess.py:93} INFO - platzi_data_20230209.csv
[2024-08-07T20:33:50.465+0000] {subprocess.py:93} INFO - platzi_data_20230210.csv
[2024-08-07T20:33:50.467+0000] {subprocess.py:93} INFO - platzi_data_20230211.csv
[2024-08-07T20:33:50.468+0000] {subprocess.py:93} INFO - platzi_data_20230212.csv
[2024-08-07T20:33:50.470+0000] {subprocess.py:93} INFO - platzi_data_20230213.csv
[2024-08-07T20:33:50.482+0000] {subprocess.py:93} INFO - platzi_data_20230214.csv
[2024-08-07T20:33:50.483+0000] {subprocess.py:93} INFO - platzi_data_20230215.csv
[2024-08-07T20:33:50.484+0000] {subprocess.py:93} INFO - platzi_data_20230216.csv
[2024-08-07T20:33:50.485+0000] {subprocess.py:93} INFO - platzi_data_20230217.csv
[2024-08-07T20:33:50.486+0000] {subprocess.py:93} INFO - platzi_data_20230218.csv
[2024-08-07T20:33:50.487+0000] {subprocess.py:93} INFO - platzi_data_20230219.csv
[2024-08-07T20:33:50.488+0000] {subprocess.py:93} INFO - platzi_data_20230220.csv
[2024-08-07T20:33:50.491+0000] {subprocess.py:93} INFO - platzi_data_20230221.csv
[2024-08-07T20:33:50.498+0000] {subprocess.py:93} INFO - platzi_data_20230222.csv
[2024-08-07T20:33:50.499+0000] {subprocess.py:93} INFO - platzi_data_20230223.csv
[2024-08-07T20:33:50.500+0000] {subprocess.py:93} INFO - platzi_data_20230224.csv
[2024-08-07T20:33:50.502+0000] {subprocess.py:93} INFO - platzi_data_20240801.csv
[2024-08-07T20:33:50.503+0000] {subprocess.py:93} INFO - platzi_data_20240802.csv
[2024-08-07T20:33:50.504+0000] {subprocess.py:93} INFO - platzi_data_20240803.csv
[2024-08-07T20:33:50.506+0000] {subprocess.py:93} INFO - platzi_data_20240804.csv
[2024-08-07T20:33:50.513+0000] {subprocess.py:93} INFO - platzi_data_20240805.csv
[2024-08-07T20:33:50.514+0000] {subprocess.py:93} INFO - platzi_data_20240806.csv
[2024-08-07T20:33:50.516+0000] {subprocess.py:93} INFO - pymp-fb5shr1t
[2024-08-07T20:33:50.519+0000] {subprocess.py:93} INFO - response_20230209.txt
[2024-08-07T20:33:50.521+0000] {subprocess.py:93} INFO - response_20230210.txt
[2024-08-07T20:33:50.522+0000] {subprocess.py:93} INFO - response_20230211.txt
[2024-08-07T20:33:50.524+0000] {subprocess.py:93} INFO - response_20230212.txt
[2024-08-07T20:33:50.525+0000] {subprocess.py:93} INFO - response_20230213.txt
[2024-08-07T20:33:50.529+0000] {subprocess.py:93} INFO - response_20230214.txt
[2024-08-07T20:33:50.530+0000] {subprocess.py:93} INFO - response_20230215.txt
[2024-08-07T20:33:50.532+0000] {subprocess.py:93} INFO - response_20230216.txt
[2024-08-07T20:33:50.534+0000] {subprocess.py:93} INFO - response_20230217.txt
[2024-08-07T20:33:50.534+0000] {subprocess.py:93} INFO - response_20230218.txt
[2024-08-07T20:33:50.536+0000] {subprocess.py:93} INFO - response_20230219.txt
[2024-08-07T20:33:50.539+0000] {subprocess.py:93} INFO - response_20230220.txt
[2024-08-07T20:33:50.541+0000] {subprocess.py:93} INFO - response_20230221.txt
[2024-08-07T20:33:50.542+0000] {subprocess.py:93} INFO - response_20230222.txt
[2024-08-07T20:33:50.552+0000] {subprocess.py:93} INFO - response_20230223.txt
[2024-08-07T20:33:50.554+0000] {subprocess.py:93} INFO - response_20230224.txt
[2024-08-07T20:33:50.555+0000] {subprocess.py:93} INFO - response_20240801.txt
[2024-08-07T20:33:50.556+0000] {subprocess.py:93} INFO - response_20240802.txt
[2024-08-07T20:33:50.558+0000] {subprocess.py:93} INFO - response_20240803.txt
[2024-08-07T20:33:50.562+0000] {subprocess.py:93} INFO - response_20240804.txt
[2024-08-07T20:33:50.563+0000] {subprocess.py:93} INFO - response_20240805.txt
[2024-08-07T20:33:50.566+0000] {subprocess.py:93} INFO - response_20240806.txt
[2024-08-07T20:33:50.568+0000] {subprocess.py:93} INFO - spacex_20230209.json
[2024-08-07T20:33:50.570+0000] {subprocess.py:93} INFO - spacex_20230210.json
[2024-08-07T20:33:50.572+0000] {subprocess.py:93} INFO - spacex_20230211.json
[2024-08-07T20:33:50.574+0000] {subprocess.py:93} INFO - spacex_20230212.json
[2024-08-07T20:33:50.575+0000] {subprocess.py:93} INFO - spacex_20230213.json
[2024-08-07T20:33:50.576+0000] {subprocess.py:93} INFO - spacex_20230214.json
[2024-08-07T20:33:50.578+0000] {subprocess.py:93} INFO - spacex_20230215.json
[2024-08-07T20:33:50.584+0000] {subprocess.py:93} INFO - spacex_20230216.json
[2024-08-07T20:33:50.585+0000] {subprocess.py:93} INFO - spacex_20230217.json
[2024-08-07T20:33:50.589+0000] {subprocess.py:93} INFO - spacex_20230218.json
[2024-08-07T20:33:50.590+0000] {subprocess.py:93} INFO - spacex_20230219.json
[2024-08-07T20:33:50.591+0000] {subprocess.py:93} INFO - spacex_20230220.json
[2024-08-07T20:33:50.592+0000] {subprocess.py:93} INFO - spacex_20230221.json
[2024-08-07T20:33:50.593+0000] {subprocess.py:93} INFO - spacex_20230222.json
[2024-08-07T20:33:50.593+0000] {subprocess.py:93} INFO - spacex_20230223.json
[2024-08-07T20:33:50.594+0000] {subprocess.py:93} INFO - spacex_20230224.json
[2024-08-07T20:33:50.595+0000] {subprocess.py:93} INFO - tmp1mtgt2jq
[2024-08-07T20:33:50.595+0000] {subprocess.py:93} INFO - tmp7gnd7ufg
[2024-08-07T20:33:50.598+0000] {subprocess.py:93} INFO - tmp8solhpjs
[2024-08-07T20:33:50.601+0000] {subprocess.py:93} INFO - tmpxuraevjx
[2024-08-07T20:33:50.604+0000] {subprocess.py:93} INFO - Student,timestamp
[2024-08-07T20:33:50.607+0000] {subprocess.py:93} INFO - Maria Cruz,2023-02-10 00:00:00+00:00
[2024-08-07T20:33:50.610+0000] {subprocess.py:93} INFO - Daniel Crema,2023-02-10 00:00:00+00:00
[2024-08-07T20:33:50.612+0000] {subprocess.py:93} INFO - Elon Musk,2023-02-10 00:00:00+00:00
[2024-08-07T20:33:50.615+0000] {subprocess.py:93} INFO - Karol Castrejon,2023-02-10 00:00:00+00:00
[2024-08-07T20:33:50.618+0000] {subprocess.py:93} INFO - Freddy Vega,2023-02-10 00:00:00+00:00
[2024-08-07T20:33:50.619+0000] {subprocess.py:93} INFO - Felipe Duque,2023-02-10 00:00:00+00:00
[2024-08-07T20:33:50.620+0000] {subprocess.py:97} INFO - Command exited with return code 0
[2024-08-07T20:33:50.626+0000] {taskinstance.py:441} INFO - ::group::Post task execution logs
[2024-08-07T20:33:50.775+0000] {taskinstance.py:1206} INFO - Marking task as SUCCESS. dag_id=space_exploration, task_id=read_satellite_response_data, run_id=scheduled__2023-02-10T00:00:00+00:00, execution_date=20230210T000000, start_date=20240807T203348, end_date=20240807T203350
[2024-08-07T20:33:50.889+0000] {local_task_job_runner.py:243} INFO - Task exited with return code 0
[2024-08-07T20:33:50.992+0000] {taskinstance.py:3503} INFO - 1 downstream tasks scheduled from follow-on schedule check
[2024-08-07T20:33:51.013+0000] {local_task_job_runner.py:222} INFO - ::endgroup::
