[2024-08-07T14:54:32.724+0000] {local_task_job_runner.py:120} INFO - ::group::Pre task execution logs
[2024-08-07T14:54:32.761+0000] {taskinstance.py:2076} INFO - Dependencies all met for dep_context=non-requeueable deps ti=<TaskInstance: airflow-space-exploration.Ver_data scheduled__2024-08-03T00:00:00+00:00 [queued]>
[2024-08-07T14:54:32.776+0000] {taskinstance.py:2076} INFO - Dependencies all met for dep_context=requeueable deps ti=<TaskInstance: airflow-space-exploration.Ver_data scheduled__2024-08-03T00:00:00+00:00 [queued]>
[2024-08-07T14:54:32.778+0000] {taskinstance.py:2306} INFO - Starting attempt 6 of 6
[2024-08-07T14:54:32.806+0000] {taskinstance.py:2330} INFO - Executing <Task(BashOperator): Ver_data> on 2024-08-03 00:00:00+00:00
[2024-08-07T14:54:32.816+0000] {warnings.py:112} WARNING - /home/***/.local/lib/python3.12/site-packages/***/task/task_runner/standard_task_runner.py:62: DeprecationWarning: This process (pid=1462) is multi-threaded, use of fork() may lead to deadlocks in the child.
  pid = os.fork()

[2024-08-07T14:54:32.818+0000] {standard_task_runner.py:64} INFO - Started process 1471 to run task
[2024-08-07T14:54:32.819+0000] {standard_task_runner.py:90} INFO - Running: ['***', 'tasks', 'run', '***-space-exploration', 'Ver_data', 'scheduled__2024-08-03T00:00:00+00:00', '--job-id', '257', '--raw', '--subdir', 'DAGS_FOLDER/***-space-exploration.py', '--cfg-path', '/tmp/tmpgy54sx33']
[2024-08-07T14:54:32.821+0000] {standard_task_runner.py:91} INFO - Job 257: Subtask Ver_data
[2024-08-07T14:54:32.890+0000] {task_command.py:426} INFO - Running <TaskInstance: airflow-space-exploration.Ver_data scheduled__2024-08-03T00:00:00+00:00 [running]> on host 38873943cc86
[2024-08-07T14:54:33.018+0000] {taskinstance.py:2648} INFO - Exporting env vars: AIRFLOW_CTX_DAG_OWNER='***' AIRFLOW_CTX_DAG_ID='***-space-exploration' AIRFLOW_CTX_TASK_ID='Ver_data' AIRFLOW_CTX_EXECUTION_DATE='2024-08-03T00:00:00+00:00' AIRFLOW_CTX_TRY_NUMBER='6' AIRFLOW_CTX_DAG_RUN_ID='scheduled__2024-08-03T00:00:00+00:00'
[2024-08-07T14:54:33.020+0000] {taskinstance.py:430} INFO - ::endgroup::
[2024-08-07T14:54:33.040+0000] {subprocess.py:63} INFO - Tmp dir root location: /tmp
[2024-08-07T14:54:33.043+0000] {subprocess.py:75} INFO - Running command: ['/usr/bin/bash', '-c', 'ls /tmp && head /tmp/platzi_data_20240803.csv']
[2024-08-07T14:54:33.064+0000] {subprocess.py:86} INFO - Output:
[2024-08-07T14:54:33.068+0000] {subprocess.py:93} INFO - ***tmp93_hvn97
[2024-08-07T14:54:33.070+0000] {subprocess.py:93} INFO - ***tmpga0kn8w0
[2024-08-07T14:54:33.071+0000] {subprocess.py:93} INFO - ***tmpj3siuem3
[2024-08-07T14:54:33.071+0000] {subprocess.py:93} INFO - ***tmpm2yhcovd
[2024-08-07T14:54:33.073+0000] {subprocess.py:93} INFO - ***tmpm8q5_exs
[2024-08-07T14:54:33.075+0000] {subprocess.py:93} INFO - ***tmpqw5014f2
[2024-08-07T14:54:33.075+0000] {subprocess.py:93} INFO - ***tmpsndyfl80
[2024-08-07T14:54:33.076+0000] {subprocess.py:93} INFO - platzi_data_20240801.csv
[2024-08-07T14:54:33.077+0000] {subprocess.py:93} INFO - platzi_data_20240802.csv
[2024-08-07T14:54:33.078+0000] {subprocess.py:93} INFO - platzi_data_20240803.csv
[2024-08-07T14:54:33.078+0000] {subprocess.py:93} INFO - platzi_data_20240804.csv
[2024-08-07T14:54:33.079+0000] {subprocess.py:93} INFO - platzi_data_20240805.csv
[2024-08-07T14:54:33.080+0000] {subprocess.py:93} INFO - platzi_data_20240806.csv
[2024-08-07T14:54:33.080+0000] {subprocess.py:93} INFO - platzi_data_20240807.csv
[2024-08-07T14:54:33.081+0000] {subprocess.py:93} INFO - pymp-bji4ygjz
[2024-08-07T14:54:33.082+0000] {subprocess.py:93} INFO - response_20240801.txt
[2024-08-07T14:54:33.083+0000] {subprocess.py:93} INFO - response_20240802.txt
[2024-08-07T14:54:33.084+0000] {subprocess.py:93} INFO - response_20240803.txt
[2024-08-07T14:54:33.084+0000] {subprocess.py:93} INFO - response_20240804.txt
[2024-08-07T14:54:33.085+0000] {subprocess.py:93} INFO - response_20240805.txt
[2024-08-07T14:54:33.086+0000] {subprocess.py:93} INFO - response_20240806.txt
[2024-08-07T14:54:33.087+0000] {subprocess.py:93} INFO - response_20240807.txt
[2024-08-07T14:54:33.088+0000] {subprocess.py:93} INFO - tmp2weef0t8
[2024-08-07T14:54:33.089+0000] {subprocess.py:93} INFO - tmp5324rac7
[2024-08-07T14:54:33.089+0000] {subprocess.py:93} INFO - tmpdqvoinyf
[2024-08-07T14:54:33.090+0000] {subprocess.py:93} INFO - tmpe3_zn7bp
[2024-08-07T14:54:33.091+0000] {subprocess.py:93} INFO - tmpffxnt4mp
[2024-08-07T14:54:33.092+0000] {subprocess.py:93} INFO - tmpjpoma8_4
[2024-08-07T14:54:33.092+0000] {subprocess.py:93} INFO - tmpmdd1mezh
[2024-08-07T14:54:33.093+0000] {subprocess.py:93} INFO - tmpn9iku32l
[2024-08-07T14:54:33.094+0000] {subprocess.py:93} INFO - tmpnbqmrw3_
[2024-08-07T14:54:33.095+0000] {subprocess.py:93} INFO - tmpop2i4r08
[2024-08-07T14:54:33.096+0000] {subprocess.py:93} INFO - tmpqusd4zfz
[2024-08-07T14:54:33.096+0000] {subprocess.py:93} INFO - tmprul79jv0
[2024-08-07T14:54:33.097+0000] {subprocess.py:93} INFO - tmpu69u53lv
[2024-08-07T14:54:33.098+0000] {subprocess.py:93} INFO - tmpvj785b1w
[2024-08-07T14:54:33.099+0000] {subprocess.py:93} INFO - ,student,timestamp
[2024-08-07T14:54:33.100+0000] {subprocess.py:93} INFO - 0,Maria Cruz,2024-08-03 00:00:00+00:00
[2024-08-07T14:54:33.101+0000] {subprocess.py:93} INFO - 1,Daniel Crema,2024-08-03 00:00:00+00:00
[2024-08-07T14:54:33.102+0000] {subprocess.py:93} INFO - 2,Elon Musk,2024-08-03 00:00:00+00:00
[2024-08-07T14:54:33.103+0000] {subprocess.py:93} INFO - 3,Karol Castrejon,2024-08-03 00:00:00+00:00
[2024-08-07T14:54:33.103+0000] {subprocess.py:93} INFO - 4,Freddy Vega,2024-08-03 00:00:00+00:00
[2024-08-07T14:54:33.104+0000] {subprocess.py:97} INFO - Command exited with return code 0
[2024-08-07T14:54:33.105+0000] {taskinstance.py:441} INFO - ::group::Post task execution logs
[2024-08-07T14:54:33.144+0000] {taskinstance.py:1206} INFO - Marking task as SUCCESS. dag_id=***-space-exploration, task_id=Ver_data, run_id=scheduled__2024-08-03T00:00:00+00:00, execution_date=20240803T000000, start_date=20240807T145432, end_date=20240807T145433
[2024-08-07T14:54:33.195+0000] {local_task_job_runner.py:243} INFO - Task exited with return code 0
[2024-08-07T14:54:33.221+0000] {taskinstance.py:3503} INFO - 0 downstream tasks scheduled from follow-on schedule check
[2024-08-07T14:54:33.226+0000] {local_task_job_runner.py:222} INFO - ::endgroup::
