[2024-08-07T20:33:35.857+0000] {local_task_job_runner.py:120} INFO - ::group::Pre task execution logs
[2024-08-07T20:33:35.960+0000] {taskinstance.py:2076} INFO - Dependencies all met for dep_context=non-requeueable deps ti=<TaskInstance: space_exploration.read_nasa_response_data scheduled__2023-02-19T00:00:00+00:00 [queued]>
[2024-08-07T20:33:35.997+0000] {taskinstance.py:2076} INFO - Dependencies all met for dep_context=requeueable deps ti=<TaskInstance: space_exploration.read_nasa_response_data scheduled__2023-02-19T00:00:00+00:00 [queued]>
[2024-08-07T20:33:36.005+0000] {taskinstance.py:2306} INFO - Starting attempt 1 of 2
[2024-08-07T20:33:36.530+0000] {taskinstance.py:2330} INFO - Executing <Task(BashOperator): read_nasa_response_data> on 2023-02-19 00:00:00+00:00
[2024-08-07T20:33:36.572+0000] {warnings.py:112} WARNING - /home/***/.local/lib/python3.12/site-packages/***/task/task_runner/standard_task_runner.py:62: DeprecationWarning: This process (pid=196) is multi-threaded, use of fork() may lead to deadlocks in the child.
  pid = os.fork()

[2024-08-07T20:33:36.576+0000] {standard_task_runner.py:90} INFO - Running: ['***', 'tasks', 'run', 'space_exploration', 'read_nasa_response_data', 'scheduled__2023-02-19T00:00:00+00:00', '--job-id', '69', '--raw', '--subdir', 'DAGS_FOLDER/***-space-exploration.py', '--cfg-path', '/tmp/tmpz0sh35pm']
[2024-08-07T20:33:36.593+0000] {standard_task_runner.py:64} INFO - Started process 246 to run task
[2024-08-07T20:33:36.593+0000] {standard_task_runner.py:91} INFO - Job 69: Subtask read_nasa_response_data
[2024-08-07T20:33:36.731+0000] {task_command.py:426} INFO - Running <TaskInstance: space_exploration.read_nasa_response_data scheduled__2023-02-19T00:00:00+00:00 [running]> on host 13935ade345d
[2024-08-07T20:33:37.039+0000] {taskinstance.py:2648} INFO - Exporting env vars: AIRFLOW_CTX_DAG_OWNER='***' AIRFLOW_CTX_DAG_ID='space_exploration' AIRFLOW_CTX_TASK_ID='read_nasa_response_data' AIRFLOW_CTX_EXECUTION_DATE='2023-02-19T00:00:00+00:00' AIRFLOW_CTX_TRY_NUMBER='1' AIRFLOW_CTX_DAG_RUN_ID='scheduled__2023-02-19T00:00:00+00:00'
[2024-08-07T20:33:37.051+0000] {taskinstance.py:430} INFO - ::endgroup::
[2024-08-07T20:33:37.110+0000] {subprocess.py:63} INFO - Tmp dir root location: /tmp
[2024-08-07T20:33:37.111+0000] {subprocess.py:75} INFO - Running command: ['/usr/bin/bash', '-c', 'ls /tmp && head /tmp/response_20230219.txt']
[2024-08-07T20:33:37.170+0000] {subprocess.py:86} INFO - Output:
[2024-08-07T20:33:37.197+0000] {subprocess.py:93} INFO - ***tmp5h38y94d
[2024-08-07T20:33:37.199+0000] {subprocess.py:93} INFO - ***tmped_8p6t_
[2024-08-07T20:33:37.201+0000] {subprocess.py:93} INFO - ***tmpfdr_vpbi
[2024-08-07T20:33:37.203+0000] {subprocess.py:93} INFO - platzi_data_20240801.csv
[2024-08-07T20:33:37.205+0000] {subprocess.py:93} INFO - platzi_data_20240802.csv
[2024-08-07T20:33:37.206+0000] {subprocess.py:93} INFO - platzi_data_20240803.csv
[2024-08-07T20:33:37.207+0000] {subprocess.py:93} INFO - platzi_data_20240804.csv
[2024-08-07T20:33:37.210+0000] {subprocess.py:93} INFO - platzi_data_20240805.csv
[2024-08-07T20:33:37.211+0000] {subprocess.py:93} INFO - platzi_data_20240806.csv
[2024-08-07T20:33:37.217+0000] {subprocess.py:93} INFO - pymp-fb5shr1t
[2024-08-07T20:33:37.218+0000] {subprocess.py:93} INFO - response_20230209.txt
[2024-08-07T20:33:37.219+0000] {subprocess.py:93} INFO - response_20230210.txt
[2024-08-07T20:33:37.222+0000] {subprocess.py:93} INFO - response_20230211.txt
[2024-08-07T20:33:37.223+0000] {subprocess.py:93} INFO - response_20230212.txt
[2024-08-07T20:33:37.226+0000] {subprocess.py:93} INFO - response_20230213.txt
[2024-08-07T20:33:37.239+0000] {subprocess.py:93} INFO - response_20230214.txt
[2024-08-07T20:33:37.240+0000] {subprocess.py:93} INFO - response_20230215.txt
[2024-08-07T20:33:37.241+0000] {subprocess.py:93} INFO - response_20230216.txt
[2024-08-07T20:33:37.243+0000] {subprocess.py:93} INFO - response_20230217.txt
[2024-08-07T20:33:37.244+0000] {subprocess.py:93} INFO - response_20230218.txt
[2024-08-07T20:33:37.247+0000] {subprocess.py:93} INFO - response_20230219.txt
[2024-08-07T20:33:37.249+0000] {subprocess.py:93} INFO - response_20230220.txt
[2024-08-07T20:33:37.250+0000] {subprocess.py:93} INFO - response_20230221.txt
[2024-08-07T20:33:37.252+0000] {subprocess.py:93} INFO - response_20230222.txt
[2024-08-07T20:33:37.253+0000] {subprocess.py:93} INFO - response_20230223.txt
[2024-08-07T20:33:37.254+0000] {subprocess.py:93} INFO - response_20230224.txt
[2024-08-07T20:33:37.256+0000] {subprocess.py:93} INFO - response_20240801.txt
[2024-08-07T20:33:37.256+0000] {subprocess.py:93} INFO - response_20240802.txt
[2024-08-07T20:33:37.257+0000] {subprocess.py:93} INFO - response_20240803.txt
[2024-08-07T20:33:37.258+0000] {subprocess.py:93} INFO - response_20240804.txt
[2024-08-07T20:33:37.259+0000] {subprocess.py:93} INFO - response_20240805.txt
[2024-08-07T20:33:37.259+0000] {subprocess.py:93} INFO - response_20240806.txt
[2024-08-07T20:33:37.261+0000] {subprocess.py:93} INFO - tmpczhfpnkc
[2024-08-07T20:33:37.263+0000] {subprocess.py:93} INFO - Confirmation from NASA, you can proceed.
[2024-08-07T20:33:37.270+0000] {subprocess.py:97} INFO - Command exited with return code 0
[2024-08-07T20:33:37.284+0000] {taskinstance.py:441} INFO - ::group::Post task execution logs
[2024-08-07T20:33:37.388+0000] {taskinstance.py:1206} INFO - Marking task as SUCCESS. dag_id=space_exploration, task_id=read_nasa_response_data, run_id=scheduled__2023-02-19T00:00:00+00:00, execution_date=20230219T000000, start_date=20240807T203335, end_date=20240807T203337
[2024-08-07T20:33:37.498+0000] {local_task_job_runner.py:243} INFO - Task exited with return code 0
[2024-08-07T20:33:37.656+0000] {taskinstance.py:3503} INFO - 1 downstream tasks scheduled from follow-on schedule check
[2024-08-07T20:33:37.676+0000] {local_task_job_runner.py:222} INFO - ::endgroup::
