[2024-08-07T14:10:28.681+0000] {local_task_job_runner.py:120} INFO - ::group::Pre task execution logs
[2024-08-07T14:10:28.729+0000] {taskinstance.py:2076} INFO - Dependencies all met for dep_context=non-requeueable deps ti=<TaskInstance: airflow-space-exploration.SpaceX_data scheduled__2024-08-03T00:00:00+00:00 [queued]>
[2024-08-07T14:10:28.746+0000] {taskinstance.py:2076} INFO - Dependencies all met for dep_context=requeueable deps ti=<TaskInstance: airflow-space-exploration.SpaceX_data scheduled__2024-08-03T00:00:00+00:00 [queued]>
[2024-08-07T14:10:28.747+0000] {taskinstance.py:2306} INFO - Starting attempt 1 of 1
[2024-08-07T14:10:28.775+0000] {taskinstance.py:2330} INFO - Executing <Task(BashOperator): SpaceX_data> on 2024-08-03 00:00:00+00:00
[2024-08-07T14:10:28.783+0000] {warnings.py:112} WARNING - /home/***/.local/lib/python3.12/site-packages/***/task/task_runner/standard_task_runner.py:62: DeprecationWarning: This process (pid=128) is multi-threaded, use of fork() may lead to deadlocks in the child.
  pid = os.fork()

[2024-08-07T14:10:28.786+0000] {standard_task_runner.py:64} INFO - Started process 133 to run task
[2024-08-07T14:10:28.786+0000] {standard_task_runner.py:90} INFO - Running: ['***', 'tasks', 'run', '***-space-exploration', 'SpaceX_data', 'scheduled__2024-08-03T00:00:00+00:00', '--job-id', '21', '--raw', '--subdir', 'DAGS_FOLDER/***-space-exploration.py', '--cfg-path', '/tmp/tmpf08rhky3']
[2024-08-07T14:10:28.787+0000] {standard_task_runner.py:91} INFO - Job 21: Subtask SpaceX_data
[2024-08-07T14:10:28.910+0000] {task_command.py:426} INFO - Running <TaskInstance: airflow-space-exploration.SpaceX_data scheduled__2024-08-03T00:00:00+00:00 [running]> on host 38873943cc86
[2024-08-07T14:10:29.176+0000] {taskinstance.py:2648} INFO - Exporting env vars: AIRFLOW_CTX_DAG_OWNER='***' AIRFLOW_CTX_DAG_ID='***-space-exploration' AIRFLOW_CTX_TASK_ID='SpaceX_data' AIRFLOW_CTX_EXECUTION_DATE='2024-08-03T00:00:00+00:00' AIRFLOW_CTX_TRY_NUMBER='1' AIRFLOW_CTX_DAG_RUN_ID='scheduled__2024-08-03T00:00:00+00:00'
[2024-08-07T14:10:29.179+0000] {taskinstance.py:430} INFO - ::endgroup::
[2024-08-07T14:10:29.217+0000] {subprocess.py:63} INFO - Tmp dir root location: /tmp
[2024-08-07T14:10:29.219+0000] {subprocess.py:75} INFO - Running command: ['/usr/bin/bash', '-c', "curl -o /tmp/history.json -L'https://api.spacexdata.com/v4/history'"]
[2024-08-07T14:10:29.245+0000] {subprocess.py:86} INFO - Output:
[2024-08-07T14:10:29.264+0000] {subprocess.py:93} INFO - Usage: curl [options...] <url>
[2024-08-07T14:10:29.266+0000] {subprocess.py:93} INFO -  -d, --data <data>          HTTP POST data
[2024-08-07T14:10:29.270+0000] {subprocess.py:93} INFO -  -f, --fail                 Fail fast with no output on HTTP errors
[2024-08-07T14:10:29.271+0000] {subprocess.py:93} INFO -  -h, --help <category>      Get help for commands
[2024-08-07T14:10:29.272+0000] {subprocess.py:93} INFO -  -i, --include              Include protocol response headers in the output
[2024-08-07T14:10:29.274+0000] {subprocess.py:93} INFO -  -o, --output <file>        Write to file instead of stdout
[2024-08-07T14:10:29.275+0000] {subprocess.py:93} INFO -  -O, --remote-name          Write output to a file named as the remote file
[2024-08-07T14:10:29.277+0000] {subprocess.py:93} INFO -  -s, --silent               Silent mode
[2024-08-07T14:10:29.278+0000] {subprocess.py:93} INFO -  -T, --upload-file <file>   Transfer local FILE to destination
[2024-08-07T14:10:29.292+0000] {subprocess.py:93} INFO -  -u, --user <user:password> Server user and password
[2024-08-07T14:10:29.294+0000] {subprocess.py:93} INFO -  -A, --user-agent <name>    Send User-Agent <name> to server
[2024-08-07T14:10:29.295+0000] {subprocess.py:93} INFO -  -v, --verbose              Make the operation more talkative
[2024-08-07T14:10:29.296+0000] {subprocess.py:93} INFO -  -V, --version              Show version number and quit
[2024-08-07T14:10:29.297+0000] {subprocess.py:93} INFO - 
[2024-08-07T14:10:29.298+0000] {subprocess.py:93} INFO - This is not the full help, this menu is stripped into categories.
[2024-08-07T14:10:29.299+0000] {subprocess.py:93} INFO - Use "--help category" to get an overview of all categories.
[2024-08-07T14:10:29.301+0000] {subprocess.py:93} INFO - For all options use the manual or "--help all".
[2024-08-07T14:10:29.303+0000] {subprocess.py:97} INFO - Command exited with return code 0
[2024-08-07T14:10:29.305+0000] {taskinstance.py:441} INFO - ::group::Post task execution logs
[2024-08-07T14:10:29.366+0000] {taskinstance.py:1206} INFO - Marking task as SUCCESS. dag_id=***-space-exploration, task_id=SpaceX_data, run_id=scheduled__2024-08-03T00:00:00+00:00, execution_date=20240803T000000, start_date=20240807T141028, end_date=20240807T141029
[2024-08-07T14:10:29.449+0000] {local_task_job_runner.py:243} INFO - Task exited with return code 0
[2024-08-07T14:10:29.475+0000] {local_task_job_runner.py:222} INFO - ::endgroup::
[2024-08-07T14:43:15.810+0000] {local_task_job_runner.py:120} INFO - ::group::Pre task execution logs
[2024-08-07T14:43:15.855+0000] {taskinstance.py:2076} INFO - Dependencies all met for dep_context=non-requeueable deps ti=<TaskInstance: airflow-space-exploration.SpaceX_Data scheduled__2024-08-03T00:00:00+00:00 [queued]>
[2024-08-07T14:43:15.870+0000] {taskinstance.py:2076} INFO - Dependencies all met for dep_context=requeueable deps ti=<TaskInstance: airflow-space-exploration.SpaceX_Data scheduled__2024-08-03T00:00:00+00:00 [queued]>
[2024-08-07T14:43:15.871+0000] {taskinstance.py:2306} INFO - Starting attempt 1 of 1
[2024-08-07T14:43:15.898+0000] {taskinstance.py:2330} INFO - Executing <Task(BashOperator): SpaceX_Data> on 2024-08-03 00:00:00+00:00
[2024-08-07T14:43:15.909+0000] {warnings.py:112} WARNING - /home/***/.local/lib/python3.12/site-packages/***/task/task_runner/standard_task_runner.py:62: DeprecationWarning: This process (pid=1052) is multi-threaded, use of fork() may lead to deadlocks in the child.
  pid = os.fork()

[2024-08-07T14:43:15.911+0000] {standard_task_runner.py:64} INFO - Started process 1058 to run task
[2024-08-07T14:43:15.911+0000] {standard_task_runner.py:90} INFO - Running: ['***', 'tasks', 'run', '***-space-exploration', 'SpaceX_Data', 'scheduled__2024-08-03T00:00:00+00:00', '--job-id', '175', '--raw', '--subdir', 'DAGS_FOLDER/***-space-exploration.py', '--cfg-path', '/tmp/tmpqa8xrbcg']
[2024-08-07T14:43:15.913+0000] {standard_task_runner.py:91} INFO - Job 175: Subtask SpaceX_Data
[2024-08-07T14:43:15.996+0000] {task_command.py:426} INFO - Running <TaskInstance: airflow-space-exploration.SpaceX_Data scheduled__2024-08-03T00:00:00+00:00 [running]> on host 38873943cc86
[2024-08-07T14:43:16.176+0000] {taskinstance.py:2648} INFO - Exporting env vars: AIRFLOW_CTX_DAG_OWNER='***' AIRFLOW_CTX_DAG_ID='***-space-exploration' AIRFLOW_CTX_TASK_ID='SpaceX_Data' AIRFLOW_CTX_EXECUTION_DATE='2024-08-03T00:00:00+00:00' AIRFLOW_CTX_TRY_NUMBER='1' AIRFLOW_CTX_DAG_RUN_ID='scheduled__2024-08-03T00:00:00+00:00'
[2024-08-07T14:43:16.182+0000] {taskinstance.py:430} INFO - ::endgroup::
[2024-08-07T14:43:16.210+0000] {subprocess.py:63} INFO - Tmp dir root location: /tmp
[2024-08-07T14:43:16.214+0000] {subprocess.py:75} INFO - Running command: ['/usr/bin/bash', '-c', "curl -o /tmp/history.json -L'https://api.spacexdata.com/v4/history'"]
[2024-08-07T14:43:16.234+0000] {subprocess.py:86} INFO - Output:
[2024-08-07T14:43:16.245+0000] {subprocess.py:93} INFO - Usage: curl [options...] <url>
[2024-08-07T14:43:16.246+0000] {subprocess.py:93} INFO -  -d, --data <data>          HTTP POST data
[2024-08-07T14:43:16.247+0000] {subprocess.py:93} INFO -  -f, --fail                 Fail fast with no output on HTTP errors
[2024-08-07T14:43:16.247+0000] {subprocess.py:93} INFO -  -h, --help <category>      Get help for commands
[2024-08-07T14:43:16.250+0000] {subprocess.py:93} INFO -  -i, --include              Include protocol response headers in the output
[2024-08-07T14:43:16.255+0000] {subprocess.py:93} INFO -  -o, --output <file>        Write to file instead of stdout
[2024-08-07T14:43:16.257+0000] {subprocess.py:93} INFO -  -O, --remote-name          Write output to a file named as the remote file
[2024-08-07T14:43:16.258+0000] {subprocess.py:93} INFO -  -s, --silent               Silent mode
[2024-08-07T14:43:16.260+0000] {subprocess.py:93} INFO -  -T, --upload-file <file>   Transfer local FILE to destination
[2024-08-07T14:43:16.261+0000] {subprocess.py:93} INFO -  -u, --user <user:password> Server user and password
[2024-08-07T14:43:16.262+0000] {subprocess.py:93} INFO -  -A, --user-agent <name>    Send User-Agent <name> to server
[2024-08-07T14:43:16.263+0000] {subprocess.py:93} INFO -  -v, --verbose              Make the operation more talkative
[2024-08-07T14:43:16.266+0000] {subprocess.py:93} INFO -  -V, --version              Show version number and quit
[2024-08-07T14:43:16.269+0000] {subprocess.py:93} INFO - 
[2024-08-07T14:43:16.270+0000] {subprocess.py:93} INFO - This is not the full help, this menu is stripped into categories.
[2024-08-07T14:43:16.270+0000] {subprocess.py:93} INFO - Use "--help category" to get an overview of all categories.
[2024-08-07T14:43:16.271+0000] {subprocess.py:93} INFO - For all options use the manual or "--help all".
[2024-08-07T14:43:16.272+0000] {subprocess.py:97} INFO - Command exited with return code 0
[2024-08-07T14:43:16.278+0000] {taskinstance.py:441} INFO - ::group::Post task execution logs
[2024-08-07T14:43:16.335+0000] {taskinstance.py:1206} INFO - Marking task as SUCCESS. dag_id=***-space-exploration, task_id=SpaceX_Data, run_id=scheduled__2024-08-03T00:00:00+00:00, execution_date=20240803T000000, start_date=20240807T144315, end_date=20240807T144316
[2024-08-07T14:43:16.419+0000] {local_task_job_runner.py:243} INFO - Task exited with return code 0
[2024-08-07T14:43:16.450+0000] {taskinstance.py:3503} INFO - 1 downstream tasks scheduled from follow-on schedule check
[2024-08-07T14:43:16.462+0000] {local_task_job_runner.py:222} INFO - ::endgroup::
