[2024-08-07T14:24:07.943+0000] {local_task_job_runner.py:120} INFO - ::group::Pre task execution logs
[2024-08-07T14:24:08.082+0000] {taskinstance.py:2076} INFO - Dependencies all met for dep_context=non-requeueable deps ti=<TaskInstance: airflow-space-exploration.SpaceX_data scheduled__2024-08-03T00:00:00+00:00 [queued]>
[2024-08-07T14:24:08.139+0000] {taskinstance.py:2076} INFO - Dependencies all met for dep_context=requeueable deps ti=<TaskInstance: airflow-space-exploration.SpaceX_data scheduled__2024-08-03T00:00:00+00:00 [queued]>
[2024-08-07T14:24:08.141+0000] {taskinstance.py:2306} INFO - Starting attempt 3 of 3
[2024-08-07T14:24:08.191+0000] {taskinstance.py:2330} INFO - Executing <Task(BashOperator): SpaceX_data> on 2024-08-03 00:00:00+00:00
[2024-08-07T14:24:08.203+0000] {standard_task_runner.py:90} INFO - Running: ['***', 'tasks', 'run', '***-space-exploration', 'SpaceX_data', 'scheduled__2024-08-03T00:00:00+00:00', '--job-id', '50', '--raw', '--subdir', 'DAGS_FOLDER/***-space-exploration.py', '--cfg-path', '/tmp/tmpjl68hu_w']
[2024-08-07T14:24:08.205+0000] {warnings.py:112} WARNING - /home/***/.local/lib/python3.12/site-packages/***/task/task_runner/standard_task_runner.py:62: DeprecationWarning: This process (pid=390) is multi-threaded, use of fork() may lead to deadlocks in the child.
  pid = os.fork()

[2024-08-07T14:24:08.211+0000] {standard_task_runner.py:91} INFO - Job 50: Subtask SpaceX_data
[2024-08-07T14:24:08.213+0000] {standard_task_runner.py:64} INFO - Started process 411 to run task
[2024-08-07T14:24:08.315+0000] {task_command.py:426} INFO - Running <TaskInstance: airflow-space-exploration.SpaceX_data scheduled__2024-08-03T00:00:00+00:00 [running]> on host 38873943cc86
[2024-08-07T14:24:08.564+0000] {taskinstance.py:2648} INFO - Exporting env vars: AIRFLOW_CTX_DAG_OWNER='***' AIRFLOW_CTX_DAG_ID='***-space-exploration' AIRFLOW_CTX_TASK_ID='SpaceX_data' AIRFLOW_CTX_EXECUTION_DATE='2024-08-03T00:00:00+00:00' AIRFLOW_CTX_TRY_NUMBER='3' AIRFLOW_CTX_DAG_RUN_ID='scheduled__2024-08-03T00:00:00+00:00'
[2024-08-07T14:24:08.567+0000] {taskinstance.py:430} INFO - ::endgroup::
[2024-08-07T14:24:08.678+0000] {subprocess.py:63} INFO - Tmp dir root location: /tmp
[2024-08-07T14:24:08.680+0000] {subprocess.py:75} INFO - Running command: ['/usr/bin/bash', '-c', "curl -o /tmp/history.json -L'https://api.spacexdata.com/v4/history'"]
[2024-08-07T14:24:08.705+0000] {subprocess.py:86} INFO - Output:
[2024-08-07T14:24:08.719+0000] {subprocess.py:93} INFO - Usage: curl [options...] <url>
[2024-08-07T14:24:08.721+0000] {subprocess.py:93} INFO -  -d, --data <data>          HTTP POST data
[2024-08-07T14:24:08.722+0000] {subprocess.py:93} INFO -  -f, --fail                 Fail fast with no output on HTTP errors
[2024-08-07T14:24:08.723+0000] {subprocess.py:93} INFO -  -h, --help <category>      Get help for commands
[2024-08-07T14:24:08.724+0000] {subprocess.py:93} INFO -  -i, --include              Include protocol response headers in the output
[2024-08-07T14:24:08.726+0000] {subprocess.py:93} INFO -  -o, --output <file>        Write to file instead of stdout
[2024-08-07T14:24:08.731+0000] {subprocess.py:93} INFO -  -O, --remote-name          Write output to a file named as the remote file
[2024-08-07T14:24:08.738+0000] {subprocess.py:93} INFO -  -s, --silent               Silent mode
[2024-08-07T14:24:08.744+0000] {subprocess.py:93} INFO -  -T, --upload-file <file>   Transfer local FILE to destination
[2024-08-07T14:24:08.745+0000] {subprocess.py:93} INFO -  -u, --user <user:password> Server user and password
[2024-08-07T14:24:08.747+0000] {subprocess.py:93} INFO -  -A, --user-agent <name>    Send User-Agent <name> to server
[2024-08-07T14:24:08.752+0000] {subprocess.py:93} INFO -  -v, --verbose              Make the operation more talkative
[2024-08-07T14:24:08.756+0000] {subprocess.py:93} INFO -  -V, --version              Show version number and quit
[2024-08-07T14:24:08.758+0000] {subprocess.py:93} INFO - 
[2024-08-07T14:24:08.760+0000] {subprocess.py:93} INFO - This is not the full help, this menu is stripped into categories.
[2024-08-07T14:24:08.761+0000] {subprocess.py:93} INFO - Use "--help category" to get an overview of all categories.
[2024-08-07T14:24:08.763+0000] {subprocess.py:93} INFO - For all options use the manual or "--help all".
[2024-08-07T14:24:08.765+0000] {subprocess.py:97} INFO - Command exited with return code 0
[2024-08-07T14:24:08.772+0000] {taskinstance.py:441} INFO - ::group::Post task execution logs
[2024-08-07T14:24:08.824+0000] {taskinstance.py:1206} INFO - Marking task as SUCCESS. dag_id=***-space-exploration, task_id=SpaceX_data, run_id=scheduled__2024-08-03T00:00:00+00:00, execution_date=20240803T000000, start_date=20240807T142408, end_date=20240807T142408
[2024-08-07T14:24:09.014+0000] {local_task_job_runner.py:243} INFO - Task exited with return code 0
[2024-08-07T14:24:09.065+0000] {taskinstance.py:3503} INFO - 1 downstream tasks scheduled from follow-on schedule check
[2024-08-07T14:24:09.070+0000] {local_task_job_runner.py:222} INFO - ::endgroup::
[2024-08-07T14:54:27.975+0000] {local_task_job_runner.py:120} INFO - ::group::Pre task execution logs
[2024-08-07T14:54:28.011+0000] {taskinstance.py:2076} INFO - Dependencies all met for dep_context=non-requeueable deps ti=<TaskInstance: airflow-space-exploration.SpaceX_Data scheduled__2024-08-03T00:00:00+00:00 [queued]>
[2024-08-07T14:54:28.024+0000] {taskinstance.py:2076} INFO - Dependencies all met for dep_context=requeueable deps ti=<TaskInstance: airflow-space-exploration.SpaceX_Data scheduled__2024-08-03T00:00:00+00:00 [queued]>
[2024-08-07T14:54:28.025+0000] {taskinstance.py:2306} INFO - Starting attempt 3 of 3
[2024-08-07T14:54:28.051+0000] {taskinstance.py:2330} INFO - Executing <Task(BashOperator): SpaceX_Data> on 2024-08-03 00:00:00+00:00
[2024-08-07T14:54:28.060+0000] {warnings.py:112} WARNING - /home/***/.local/lib/python3.12/site-packages/***/task/task_runner/standard_task_runner.py:62: DeprecationWarning: This process (pid=1424) is multi-threaded, use of fork() may lead to deadlocks in the child.
  pid = os.fork()

[2024-08-07T14:54:28.061+0000] {standard_task_runner.py:90} INFO - Running: ['***', 'tasks', 'run', '***-space-exploration', 'SpaceX_Data', 'scheduled__2024-08-03T00:00:00+00:00', '--job-id', '243', '--raw', '--subdir', 'DAGS_FOLDER/***-space-exploration.py', '--cfg-path', '/tmp/tmphvbjo1ba']
[2024-08-07T14:54:28.062+0000] {standard_task_runner.py:64} INFO - Started process 1427 to run task
[2024-08-07T14:54:28.063+0000] {standard_task_runner.py:91} INFO - Job 243: Subtask SpaceX_Data
[2024-08-07T14:54:28.135+0000] {task_command.py:426} INFO - Running <TaskInstance: airflow-space-exploration.SpaceX_Data scheduled__2024-08-03T00:00:00+00:00 [running]> on host 38873943cc86
[2024-08-07T14:54:28.248+0000] {taskinstance.py:2648} INFO - Exporting env vars: AIRFLOW_CTX_DAG_OWNER='***' AIRFLOW_CTX_DAG_ID='***-space-exploration' AIRFLOW_CTX_TASK_ID='SpaceX_Data' AIRFLOW_CTX_EXECUTION_DATE='2024-08-03T00:00:00+00:00' AIRFLOW_CTX_TRY_NUMBER='3' AIRFLOW_CTX_DAG_RUN_ID='scheduled__2024-08-03T00:00:00+00:00'
[2024-08-07T14:54:28.249+0000] {taskinstance.py:430} INFO - ::endgroup::
[2024-08-07T14:54:28.269+0000] {subprocess.py:63} INFO - Tmp dir root location: /tmp
[2024-08-07T14:54:28.271+0000] {subprocess.py:75} INFO - Running command: ['/usr/bin/bash', '-c', "curl -o /tmp/history.json -L'https://api.spacexdata.com/v4/history'"]
[2024-08-07T14:54:28.286+0000] {subprocess.py:86} INFO - Output:
[2024-08-07T14:54:28.294+0000] {subprocess.py:93} INFO - Usage: curl [options...] <url>
[2024-08-07T14:54:28.295+0000] {subprocess.py:93} INFO -  -d, --data <data>          HTTP POST data
[2024-08-07T14:54:28.296+0000] {subprocess.py:93} INFO -  -f, --fail                 Fail fast with no output on HTTP errors
[2024-08-07T14:54:28.297+0000] {subprocess.py:93} INFO -  -h, --help <category>      Get help for commands
[2024-08-07T14:54:28.297+0000] {subprocess.py:93} INFO -  -i, --include              Include protocol response headers in the output
[2024-08-07T14:54:28.298+0000] {subprocess.py:93} INFO -  -o, --output <file>        Write to file instead of stdout
[2024-08-07T14:54:28.299+0000] {subprocess.py:93} INFO -  -O, --remote-name          Write output to a file named as the remote file
[2024-08-07T14:54:28.300+0000] {subprocess.py:93} INFO -  -s, --silent               Silent mode
[2024-08-07T14:54:28.301+0000] {subprocess.py:93} INFO -  -T, --upload-file <file>   Transfer local FILE to destination
[2024-08-07T14:54:28.302+0000] {subprocess.py:93} INFO -  -u, --user <user:password> Server user and password
[2024-08-07T14:54:28.303+0000] {subprocess.py:93} INFO -  -A, --user-agent <name>    Send User-Agent <name> to server
[2024-08-07T14:54:28.304+0000] {subprocess.py:93} INFO -  -v, --verbose              Make the operation more talkative
[2024-08-07T14:54:28.304+0000] {subprocess.py:93} INFO -  -V, --version              Show version number and quit
[2024-08-07T14:54:28.305+0000] {subprocess.py:93} INFO - 
[2024-08-07T14:54:28.306+0000] {subprocess.py:93} INFO - This is not the full help, this menu is stripped into categories.
[2024-08-07T14:54:28.307+0000] {subprocess.py:93} INFO - Use "--help category" to get an overview of all categories.
[2024-08-07T14:54:28.307+0000] {subprocess.py:93} INFO - For all options use the manual or "--help all".
[2024-08-07T14:54:28.308+0000] {subprocess.py:97} INFO - Command exited with return code 0
[2024-08-07T14:54:28.309+0000] {taskinstance.py:441} INFO - ::group::Post task execution logs
[2024-08-07T14:54:28.347+0000] {taskinstance.py:1206} INFO - Marking task as SUCCESS. dag_id=***-space-exploration, task_id=SpaceX_Data, run_id=scheduled__2024-08-03T00:00:00+00:00, execution_date=20240803T000000, start_date=20240807T145428, end_date=20240807T145428
[2024-08-07T14:54:28.398+0000] {local_task_job_runner.py:243} INFO - Task exited with return code 0
[2024-08-07T14:54:28.433+0000] {taskinstance.py:3503} INFO - 1 downstream tasks scheduled from follow-on schedule check
[2024-08-07T14:54:28.438+0000] {local_task_job_runner.py:222} INFO - ::endgroup::
