[2024-08-07T14:20:42.034+0000] {local_task_job_runner.py:120} INFO - ::group::Pre task execution logs
[2024-08-07T14:20:42.072+0000] {taskinstance.py:2076} INFO - Dependencies all met for dep_context=non-requeueable deps ti=<TaskInstance: airflow-space-exploration.SpaceX_data scheduled__2024-08-03T00:00:00+00:00 [queued]>
[2024-08-07T14:20:42.085+0000] {taskinstance.py:2076} INFO - Dependencies all met for dep_context=requeueable deps ti=<TaskInstance: airflow-space-exploration.SpaceX_data scheduled__2024-08-03T00:00:00+00:00 [queued]>
[2024-08-07T14:20:42.086+0000] {taskinstance.py:2306} INFO - Starting attempt 2 of 2
[2024-08-07T14:20:42.109+0000] {taskinstance.py:2330} INFO - Executing <Task(BashOperator): SpaceX_data> on 2024-08-03 00:00:00+00:00
[2024-08-07T14:20:42.116+0000] {warnings.py:112} WARNING - /home/***/.local/lib/python3.12/site-packages/***/task/task_runner/standard_task_runner.py:62: DeprecationWarning: This process (pid=307) is multi-threaded, use of fork() may lead to deadlocks in the child.
  pid = os.fork()

[2024-08-07T14:20:42.118+0000] {standard_task_runner.py:64} INFO - Started process 309 to run task
[2024-08-07T14:20:42.118+0000] {standard_task_runner.py:90} INFO - Running: ['***', 'tasks', 'run', '***-space-exploration', 'SpaceX_data', 'scheduled__2024-08-03T00:00:00+00:00', '--job-id', '33', '--raw', '--subdir', 'DAGS_FOLDER/***-space-exploration.py', '--cfg-path', '/tmp/tmp9xf5sz_1']
[2024-08-07T14:20:42.120+0000] {standard_task_runner.py:91} INFO - Job 33: Subtask SpaceX_data
[2024-08-07T14:20:42.186+0000] {task_command.py:426} INFO - Running <TaskInstance: airflow-space-exploration.SpaceX_data scheduled__2024-08-03T00:00:00+00:00 [running]> on host 38873943cc86
[2024-08-07T14:20:42.293+0000] {taskinstance.py:2648} INFO - Exporting env vars: AIRFLOW_CTX_DAG_OWNER='***' AIRFLOW_CTX_DAG_ID='***-space-exploration' AIRFLOW_CTX_TASK_ID='SpaceX_data' AIRFLOW_CTX_EXECUTION_DATE='2024-08-03T00:00:00+00:00' AIRFLOW_CTX_TRY_NUMBER='2' AIRFLOW_CTX_DAG_RUN_ID='scheduled__2024-08-03T00:00:00+00:00'
[2024-08-07T14:20:42.294+0000] {taskinstance.py:430} INFO - ::endgroup::
[2024-08-07T14:20:42.310+0000] {subprocess.py:63} INFO - Tmp dir root location: /tmp
[2024-08-07T14:20:42.312+0000] {subprocess.py:75} INFO - Running command: ['/usr/bin/bash', '-c', "curl -o /tmp/history.json -L'https://api.spacexdata.com/v4/history'"]
[2024-08-07T14:20:42.324+0000] {subprocess.py:86} INFO - Output:
[2024-08-07T14:20:42.332+0000] {subprocess.py:93} INFO - Usage: curl [options...] <url>
[2024-08-07T14:20:42.333+0000] {subprocess.py:93} INFO -  -d, --data <data>          HTTP POST data
[2024-08-07T14:20:42.333+0000] {subprocess.py:93} INFO -  -f, --fail                 Fail fast with no output on HTTP errors
[2024-08-07T14:20:42.334+0000] {subprocess.py:93} INFO -  -h, --help <category>      Get help for commands
[2024-08-07T14:20:42.335+0000] {subprocess.py:93} INFO -  -i, --include              Include protocol response headers in the output
[2024-08-07T14:20:42.336+0000] {subprocess.py:93} INFO -  -o, --output <file>        Write to file instead of stdout
[2024-08-07T14:20:42.336+0000] {subprocess.py:93} INFO -  -O, --remote-name          Write output to a file named as the remote file
[2024-08-07T14:20:42.337+0000] {subprocess.py:93} INFO -  -s, --silent               Silent mode
[2024-08-07T14:20:42.337+0000] {subprocess.py:93} INFO -  -T, --upload-file <file>   Transfer local FILE to destination
[2024-08-07T14:20:42.338+0000] {subprocess.py:93} INFO -  -u, --user <user:password> Server user and password
[2024-08-07T14:20:42.338+0000] {subprocess.py:93} INFO -  -A, --user-agent <name>    Send User-Agent <name> to server
[2024-08-07T14:20:42.339+0000] {subprocess.py:93} INFO -  -v, --verbose              Make the operation more talkative
[2024-08-07T14:20:42.339+0000] {subprocess.py:93} INFO -  -V, --version              Show version number and quit
[2024-08-07T14:20:42.340+0000] {subprocess.py:93} INFO - 
[2024-08-07T14:20:42.341+0000] {subprocess.py:93} INFO - This is not the full help, this menu is stripped into categories.
[2024-08-07T14:20:42.342+0000] {subprocess.py:93} INFO - Use "--help category" to get an overview of all categories.
[2024-08-07T14:20:42.343+0000] {subprocess.py:93} INFO - For all options use the manual or "--help all".
[2024-08-07T14:20:42.344+0000] {subprocess.py:97} INFO - Command exited with return code 0
[2024-08-07T14:20:42.345+0000] {taskinstance.py:441} INFO - ::group::Post task execution logs
[2024-08-07T14:20:42.374+0000] {taskinstance.py:1206} INFO - Marking task as SUCCESS. dag_id=***-space-exploration, task_id=SpaceX_data, run_id=scheduled__2024-08-03T00:00:00+00:00, execution_date=20240803T000000, start_date=20240807T142042, end_date=20240807T142042
[2024-08-07T14:20:42.413+0000] {local_task_job_runner.py:243} INFO - Task exited with return code 0
[2024-08-07T14:20:42.433+0000] {taskinstance.py:3503} INFO - 1 downstream tasks scheduled from follow-on schedule check
[2024-08-07T14:20:42.436+0000] {local_task_job_runner.py:222} INFO - ::endgroup::
[2024-08-07T14:46:03.985+0000] {local_task_job_runner.py:120} INFO - ::group::Pre task execution logs
[2024-08-07T14:46:04.029+0000] {taskinstance.py:2076} INFO - Dependencies all met for dep_context=non-requeueable deps ti=<TaskInstance: airflow-space-exploration.SpaceX_Data scheduled__2024-08-03T00:00:00+00:00 [queued]>
[2024-08-07T14:46:04.047+0000] {taskinstance.py:2076} INFO - Dependencies all met for dep_context=requeueable deps ti=<TaskInstance: airflow-space-exploration.SpaceX_Data scheduled__2024-08-03T00:00:00+00:00 [queued]>
[2024-08-07T14:46:04.048+0000] {taskinstance.py:2306} INFO - Starting attempt 2 of 2
[2024-08-07T14:46:04.082+0000] {taskinstance.py:2330} INFO - Executing <Task(BashOperator): SpaceX_Data> on 2024-08-03 00:00:00+00:00
[2024-08-07T14:46:04.091+0000] {warnings.py:112} WARNING - /home/***/.local/lib/python3.12/site-packages/***/task/task_runner/standard_task_runner.py:62: DeprecationWarning: This process (pid=1174) is multi-threaded, use of fork() may lead to deadlocks in the child.
  pid = os.fork()

[2024-08-07T14:46:04.093+0000] {standard_task_runner.py:64} INFO - Started process 1183 to run task
[2024-08-07T14:46:04.093+0000] {standard_task_runner.py:90} INFO - Running: ['***', 'tasks', 'run', '***-space-exploration', 'SpaceX_Data', 'scheduled__2024-08-03T00:00:00+00:00', '--job-id', '202', '--raw', '--subdir', 'DAGS_FOLDER/***-space-exploration.py', '--cfg-path', '/tmp/tmph8p3rxns']
[2024-08-07T14:46:04.095+0000] {standard_task_runner.py:91} INFO - Job 202: Subtask SpaceX_Data
[2024-08-07T14:46:04.168+0000] {task_command.py:426} INFO - Running <TaskInstance: airflow-space-exploration.SpaceX_Data scheduled__2024-08-03T00:00:00+00:00 [running]> on host 38873943cc86
[2024-08-07T14:46:04.291+0000] {taskinstance.py:2648} INFO - Exporting env vars: AIRFLOW_CTX_DAG_OWNER='***' AIRFLOW_CTX_DAG_ID='***-space-exploration' AIRFLOW_CTX_TASK_ID='SpaceX_Data' AIRFLOW_CTX_EXECUTION_DATE='2024-08-03T00:00:00+00:00' AIRFLOW_CTX_TRY_NUMBER='2' AIRFLOW_CTX_DAG_RUN_ID='scheduled__2024-08-03T00:00:00+00:00'
[2024-08-07T14:46:04.293+0000] {taskinstance.py:430} INFO - ::endgroup::
[2024-08-07T14:46:04.313+0000] {subprocess.py:63} INFO - Tmp dir root location: /tmp
[2024-08-07T14:46:04.316+0000] {subprocess.py:75} INFO - Running command: ['/usr/bin/bash', '-c', "curl -o /tmp/history.json -L'https://api.spacexdata.com/v4/history'"]
[2024-08-07T14:46:04.330+0000] {subprocess.py:86} INFO - Output:
[2024-08-07T14:46:04.339+0000] {subprocess.py:93} INFO - Usage: curl [options...] <url>
[2024-08-07T14:46:04.340+0000] {subprocess.py:93} INFO -  -d, --data <data>          HTTP POST data
[2024-08-07T14:46:04.341+0000] {subprocess.py:93} INFO -  -f, --fail                 Fail fast with no output on HTTP errors
[2024-08-07T14:46:04.342+0000] {subprocess.py:93} INFO -  -h, --help <category>      Get help for commands
[2024-08-07T14:46:04.343+0000] {subprocess.py:93} INFO -  -i, --include              Include protocol response headers in the output
[2024-08-07T14:46:04.344+0000] {subprocess.py:93} INFO -  -o, --output <file>        Write to file instead of stdout
[2024-08-07T14:46:04.344+0000] {subprocess.py:93} INFO -  -O, --remote-name          Write output to a file named as the remote file
[2024-08-07T14:46:04.345+0000] {subprocess.py:93} INFO -  -s, --silent               Silent mode
[2024-08-07T14:46:04.346+0000] {subprocess.py:93} INFO -  -T, --upload-file <file>   Transfer local FILE to destination
[2024-08-07T14:46:04.347+0000] {subprocess.py:93} INFO -  -u, --user <user:password> Server user and password
[2024-08-07T14:46:04.348+0000] {subprocess.py:93} INFO -  -A, --user-agent <name>    Send User-Agent <name> to server
[2024-08-07T14:46:04.349+0000] {subprocess.py:93} INFO -  -v, --verbose              Make the operation more talkative
[2024-08-07T14:46:04.349+0000] {subprocess.py:93} INFO -  -V, --version              Show version number and quit
[2024-08-07T14:46:04.350+0000] {subprocess.py:93} INFO - 
[2024-08-07T14:46:04.351+0000] {subprocess.py:93} INFO - This is not the full help, this menu is stripped into categories.
[2024-08-07T14:46:04.352+0000] {subprocess.py:93} INFO - Use "--help category" to get an overview of all categories.
[2024-08-07T14:46:04.352+0000] {subprocess.py:93} INFO - For all options use the manual or "--help all".
[2024-08-07T14:46:04.353+0000] {subprocess.py:97} INFO - Command exited with return code 0
[2024-08-07T14:46:04.354+0000] {taskinstance.py:441} INFO - ::group::Post task execution logs
[2024-08-07T14:46:04.396+0000] {taskinstance.py:1206} INFO - Marking task as SUCCESS. dag_id=***-space-exploration, task_id=SpaceX_Data, run_id=scheduled__2024-08-03T00:00:00+00:00, execution_date=20240803T000000, start_date=20240807T144604, end_date=20240807T144604
[2024-08-07T14:46:04.431+0000] {local_task_job_runner.py:243} INFO - Task exited with return code 0
[2024-08-07T14:46:04.467+0000] {taskinstance.py:3503} INFO - 1 downstream tasks scheduled from follow-on schedule check
[2024-08-07T14:46:04.471+0000] {local_task_job_runner.py:222} INFO - ::endgroup::
