[2024-08-07T20:33:48.646+0000] {local_task_job_runner.py:120} INFO - ::group::Pre task execution logs
[2024-08-07T20:33:48.708+0000] {taskinstance.py:2076} INFO - Dependencies all met for dep_context=non-requeueable deps ti=<TaskInstance: space_exploration.read_satellite_response_data scheduled__2023-02-11T00:00:00+00:00 [queued]>
[2024-08-07T20:33:48.725+0000] {taskinstance.py:2076} INFO - Dependencies all met for dep_context=requeueable deps ti=<TaskInstance: space_exploration.read_satellite_response_data scheduled__2023-02-11T00:00:00+00:00 [queued]>
[2024-08-07T20:33:48.728+0000] {taskinstance.py:2306} INFO - Starting attempt 1 of 2
[2024-08-07T20:33:49.279+0000] {taskinstance.py:2330} INFO - Executing <Task(BashOperator): read_satellite_response_data> on 2023-02-11 00:00:00+00:00
[2024-08-07T20:33:49.299+0000] {warnings.py:112} WARNING - /home/***/.local/lib/python3.12/site-packages/***/task/task_runner/standard_task_runner.py:62: DeprecationWarning: This process (pid=391) is multi-threaded, use of fork() may lead to deadlocks in the child.
  pid = os.fork()

[2024-08-07T20:33:49.311+0000] {standard_task_runner.py:64} INFO - Started process 422 to run task
[2024-08-07T20:33:49.320+0000] {standard_task_runner.py:90} INFO - Running: ['***', 'tasks', 'run', 'space_exploration', 'read_satellite_response_data', 'scheduled__2023-02-11T00:00:00+00:00', '--job-id', '105', '--raw', '--subdir', 'DAGS_FOLDER/***-space-exploration.py', '--cfg-path', '/tmp/tmpk06tubkh']
[2024-08-07T20:33:49.331+0000] {standard_task_runner.py:91} INFO - Job 105: Subtask read_satellite_response_data
[2024-08-07T20:33:49.502+0000] {task_command.py:426} INFO - Running <TaskInstance: space_exploration.read_satellite_response_data scheduled__2023-02-11T00:00:00+00:00 [running]> on host 13935ade345d
[2024-08-07T20:33:49.718+0000] {taskinstance.py:2648} INFO - Exporting env vars: AIRFLOW_CTX_DAG_OWNER='***' AIRFLOW_CTX_DAG_ID='space_exploration' AIRFLOW_CTX_TASK_ID='read_satellite_response_data' AIRFLOW_CTX_EXECUTION_DATE='2023-02-11T00:00:00+00:00' AIRFLOW_CTX_TRY_NUMBER='1' AIRFLOW_CTX_DAG_RUN_ID='scheduled__2023-02-11T00:00:00+00:00'
[2024-08-07T20:33:49.721+0000] {taskinstance.py:430} INFO - ::endgroup::
[2024-08-07T20:33:49.774+0000] {subprocess.py:63} INFO - Tmp dir root location: /tmp
[2024-08-07T20:33:49.784+0000] {subprocess.py:75} INFO - Running command: ['/usr/bin/bash', '-c', 'ls /tmp && head /tmp/platzi_data_20230211.csv']
[2024-08-07T20:33:49.860+0000] {subprocess.py:86} INFO - Output:
[2024-08-07T20:33:49.880+0000] {subprocess.py:93} INFO - ***tmpecuecp40
[2024-08-07T20:33:49.882+0000] {subprocess.py:93} INFO - ***tmplok569i3
[2024-08-07T20:33:49.883+0000] {subprocess.py:93} INFO - platzi_data_20230209.csv
[2024-08-07T20:33:49.884+0000] {subprocess.py:93} INFO - platzi_data_20230210.csv
[2024-08-07T20:33:49.885+0000] {subprocess.py:93} INFO - platzi_data_20230211.csv
[2024-08-07T20:33:49.886+0000] {subprocess.py:93} INFO - platzi_data_20230212.csv
[2024-08-07T20:33:49.888+0000] {subprocess.py:93} INFO - platzi_data_20230213.csv
[2024-08-07T20:33:49.890+0000] {subprocess.py:93} INFO - platzi_data_20230214.csv
[2024-08-07T20:33:49.891+0000] {subprocess.py:93} INFO - platzi_data_20230215.csv
[2024-08-07T20:33:49.892+0000] {subprocess.py:93} INFO - platzi_data_20230216.csv
[2024-08-07T20:33:49.893+0000] {subprocess.py:93} INFO - platzi_data_20230217.csv
[2024-08-07T20:33:49.896+0000] {subprocess.py:93} INFO - platzi_data_20230218.csv
[2024-08-07T20:33:49.897+0000] {subprocess.py:93} INFO - platzi_data_20230219.csv
[2024-08-07T20:33:49.898+0000] {subprocess.py:93} INFO - platzi_data_20230220.csv
[2024-08-07T20:33:49.898+0000] {subprocess.py:93} INFO - platzi_data_20230221.csv
[2024-08-07T20:33:49.899+0000] {subprocess.py:93} INFO - platzi_data_20230222.csv
[2024-08-07T20:33:49.900+0000] {subprocess.py:93} INFO - platzi_data_20240801.csv
[2024-08-07T20:33:49.904+0000] {subprocess.py:93} INFO - platzi_data_20240802.csv
[2024-08-07T20:33:49.906+0000] {subprocess.py:93} INFO - platzi_data_20240803.csv
[2024-08-07T20:33:49.907+0000] {subprocess.py:93} INFO - platzi_data_20240804.csv
[2024-08-07T20:33:49.909+0000] {subprocess.py:93} INFO - platzi_data_20240805.csv
[2024-08-07T20:33:49.910+0000] {subprocess.py:93} INFO - platzi_data_20240806.csv
[2024-08-07T20:33:49.913+0000] {subprocess.py:93} INFO - pymp-fb5shr1t
[2024-08-07T20:33:49.916+0000] {subprocess.py:93} INFO - response_20230209.txt
[2024-08-07T20:33:49.917+0000] {subprocess.py:93} INFO - response_20230210.txt
[2024-08-07T20:33:49.918+0000] {subprocess.py:93} INFO - response_20230211.txt
[2024-08-07T20:33:49.919+0000] {subprocess.py:93} INFO - response_20230212.txt
[2024-08-07T20:33:49.920+0000] {subprocess.py:93} INFO - response_20230213.txt
[2024-08-07T20:33:49.920+0000] {subprocess.py:93} INFO - response_20230214.txt
[2024-08-07T20:33:49.921+0000] {subprocess.py:93} INFO - response_20230215.txt
[2024-08-07T20:33:49.929+0000] {subprocess.py:93} INFO - response_20230216.txt
[2024-08-07T20:33:49.932+0000] {subprocess.py:93} INFO - response_20230217.txt
[2024-08-07T20:33:49.933+0000] {subprocess.py:93} INFO - response_20230218.txt
[2024-08-07T20:33:49.934+0000] {subprocess.py:93} INFO - response_20230219.txt
[2024-08-07T20:33:49.935+0000] {subprocess.py:93} INFO - response_20230220.txt
[2024-08-07T20:33:49.937+0000] {subprocess.py:93} INFO - response_20230221.txt
[2024-08-07T20:33:49.939+0000] {subprocess.py:93} INFO - response_20230222.txt
[2024-08-07T20:33:49.940+0000] {subprocess.py:93} INFO - response_20230223.txt
[2024-08-07T20:33:49.941+0000] {subprocess.py:93} INFO - response_20230224.txt
[2024-08-07T20:33:49.948+0000] {subprocess.py:93} INFO - response_20240801.txt
[2024-08-07T20:33:49.952+0000] {subprocess.py:93} INFO - response_20240802.txt
[2024-08-07T20:33:49.953+0000] {subprocess.py:93} INFO - response_20240803.txt
[2024-08-07T20:33:49.955+0000] {subprocess.py:93} INFO - response_20240804.txt
[2024-08-07T20:33:49.956+0000] {subprocess.py:93} INFO - response_20240805.txt
[2024-08-07T20:33:49.957+0000] {subprocess.py:93} INFO - response_20240806.txt
[2024-08-07T20:33:49.958+0000] {subprocess.py:93} INFO - spacex_20230209.json
[2024-08-07T20:33:49.964+0000] {subprocess.py:93} INFO - spacex_20230210.json
[2024-08-07T20:33:49.965+0000] {subprocess.py:93} INFO - spacex_20230211.json
[2024-08-07T20:33:49.966+0000] {subprocess.py:93} INFO - spacex_20230212.json
[2024-08-07T20:33:49.967+0000] {subprocess.py:93} INFO - spacex_20230213.json
[2024-08-07T20:33:49.968+0000] {subprocess.py:93} INFO - spacex_20230214.json
[2024-08-07T20:33:49.969+0000] {subprocess.py:93} INFO - spacex_20230215.json
[2024-08-07T20:33:49.970+0000] {subprocess.py:93} INFO - spacex_20230216.json
[2024-08-07T20:33:49.970+0000] {subprocess.py:93} INFO - spacex_20230217.json
[2024-08-07T20:33:49.971+0000] {subprocess.py:93} INFO - spacex_20230218.json
[2024-08-07T20:33:49.971+0000] {subprocess.py:93} INFO - spacex_20230219.json
[2024-08-07T20:33:49.973+0000] {subprocess.py:93} INFO - spacex_20230220.json
[2024-08-07T20:33:49.973+0000] {subprocess.py:93} INFO - spacex_20230221.json
[2024-08-07T20:33:49.974+0000] {subprocess.py:93} INFO - spacex_20230222.json
[2024-08-07T20:33:49.978+0000] {subprocess.py:93} INFO - spacex_20230223.json
[2024-08-07T20:33:49.979+0000] {subprocess.py:93} INFO - spacex_20230224.json
[2024-08-07T20:33:49.981+0000] {subprocess.py:93} INFO - Student,timestamp
[2024-08-07T20:33:49.982+0000] {subprocess.py:93} INFO - Maria Cruz,2023-02-11 00:00:00+00:00
[2024-08-07T20:33:49.983+0000] {subprocess.py:93} INFO - Daniel Crema,2023-02-11 00:00:00+00:00
[2024-08-07T20:33:49.984+0000] {subprocess.py:93} INFO - Elon Musk,2023-02-11 00:00:00+00:00
[2024-08-07T20:33:49.986+0000] {subprocess.py:93} INFO - Karol Castrejon,2023-02-11 00:00:00+00:00
[2024-08-07T20:33:49.989+0000] {subprocess.py:93} INFO - Freddy Vega,2023-02-11 00:00:00+00:00
[2024-08-07T20:33:49.991+0000] {subprocess.py:93} INFO - Felipe Duque,2023-02-11 00:00:00+00:00
[2024-08-07T20:33:49.993+0000] {subprocess.py:97} INFO - Command exited with return code 0
[2024-08-07T20:33:49.995+0000] {taskinstance.py:441} INFO - ::group::Post task execution logs
[2024-08-07T20:33:50.068+0000] {taskinstance.py:1206} INFO - Marking task as SUCCESS. dag_id=space_exploration, task_id=read_satellite_response_data, run_id=scheduled__2023-02-11T00:00:00+00:00, execution_date=20230211T000000, start_date=20240807T203348, end_date=20240807T203350
[2024-08-07T20:33:50.231+0000] {local_task_job_runner.py:243} INFO - Task exited with return code 0
[2024-08-07T20:33:50.270+0000] {local_task_job_runner.py:222} INFO - ::endgroup::
