[2024-08-07T14:43:01.505+0000] {local_task_job_runner.py:120} INFO - ::group::Pre task execution logs
[2024-08-07T14:43:01.609+0000] {taskinstance.py:2066} INFO - Dependencies not met for <TaskInstance: airflow-space-exploration.Ver_data manual__2024-08-07T14:20:08.695612+00:00 [queued]>, dependency 'Trigger Rule' FAILED: Task's trigger rule 'all_success' requires all upstream tasks to have succeeded, but found 1 non-success(es). upstream_states=_UpstreamTIStates(success=0, skipped=0, failed=0, upstream_failed=0, removed=0, done=0, success_setup=0, skipped_setup=0), upstream_task_ids={'Respuesta_Satelite'}
[2024-08-07T14:43:01.614+0000] {local_task_job_runner.py:163} INFO - Task is not able to be run
[2024-08-07T14:46:11.504+0000] {local_task_job_runner.py:120} INFO - ::group::Pre task execution logs
[2024-08-07T14:46:11.552+0000] {taskinstance.py:2076} INFO - Dependencies all met for dep_context=non-requeueable deps ti=<TaskInstance: airflow-space-exploration.Ver_data manual__2024-08-07T14:20:08.695612+00:00 [queued]>
[2024-08-07T14:46:11.572+0000] {taskinstance.py:2076} INFO - Dependencies all met for dep_context=requeueable deps ti=<TaskInstance: airflow-space-exploration.Ver_data manual__2024-08-07T14:20:08.695612+00:00 [queued]>
[2024-08-07T14:46:11.573+0000] {taskinstance.py:2306} INFO - Starting attempt 5 of 5
[2024-08-07T14:46:11.600+0000] {taskinstance.py:2330} INFO - Executing <Task(BashOperator): Ver_data> on 2024-08-07 14:20:08.695612+00:00
[2024-08-07T14:46:11.608+0000] {warnings.py:112} WARNING - /home/***/.local/lib/python3.12/site-packages/***/task/task_runner/standard_task_runner.py:62: DeprecationWarning: This process (pid=1221) is multi-threaded, use of fork() may lead to deadlocks in the child.
  pid = os.fork()

[2024-08-07T14:46:11.610+0000] {standard_task_runner.py:64} INFO - Started process 1228 to run task
[2024-08-07T14:46:11.610+0000] {standard_task_runner.py:90} INFO - Running: ['***', 'tasks', 'run', '***-space-exploration', 'Ver_data', 'manual__2024-08-07T14:20:08.695612+00:00', '--job-id', '213', '--raw', '--subdir', 'DAGS_FOLDER/***-space-exploration.py', '--cfg-path', '/tmp/tmpp4qmkqq0']
[2024-08-07T14:46:11.612+0000] {standard_task_runner.py:91} INFO - Job 213: Subtask Ver_data
[2024-08-07T14:46:11.684+0000] {task_command.py:426} INFO - Running <TaskInstance: airflow-space-exploration.Ver_data manual__2024-08-07T14:20:08.695612+00:00 [running]> on host 38873943cc86
[2024-08-07T14:46:11.805+0000] {taskinstance.py:2648} INFO - Exporting env vars: AIRFLOW_CTX_DAG_OWNER='***' AIRFLOW_CTX_DAG_ID='***-space-exploration' AIRFLOW_CTX_TASK_ID='Ver_data' AIRFLOW_CTX_EXECUTION_DATE='2024-08-07T14:20:08.695612+00:00' AIRFLOW_CTX_TRY_NUMBER='5' AIRFLOW_CTX_DAG_RUN_ID='manual__2024-08-07T14:20:08.695612+00:00'
[2024-08-07T14:46:11.806+0000] {taskinstance.py:430} INFO - ::endgroup::
[2024-08-07T14:46:11.825+0000] {subprocess.py:63} INFO - Tmp dir root location: /tmp
[2024-08-07T14:46:11.829+0000] {subprocess.py:75} INFO - Running command: ['/usr/bin/bash', '-c', 'ls /tmp && head /tmp/platzi_data_20240807.csv']
[2024-08-07T14:46:11.846+0000] {subprocess.py:86} INFO - Output:
[2024-08-07T14:46:11.851+0000] {subprocess.py:93} INFO - ***tmp5m7t1qrl
[2024-08-07T14:46:11.852+0000] {subprocess.py:93} INFO - ***tmpdhc3vh7x
[2024-08-07T14:46:11.853+0000] {subprocess.py:93} INFO - ***tmpww_ka8d_
[2024-08-07T14:46:11.854+0000] {subprocess.py:93} INFO - platzi_data_20240801.csv
[2024-08-07T14:46:11.855+0000] {subprocess.py:93} INFO - platzi_data_20240802.csv
[2024-08-07T14:46:11.856+0000] {subprocess.py:93} INFO - platzi_data_20240803.csv
[2024-08-07T14:46:11.856+0000] {subprocess.py:93} INFO - platzi_data_20240804.csv
[2024-08-07T14:46:11.857+0000] {subprocess.py:93} INFO - platzi_data_20240805.csv
[2024-08-07T14:46:11.858+0000] {subprocess.py:93} INFO - platzi_data_20240806.csv
[2024-08-07T14:46:11.859+0000] {subprocess.py:93} INFO - platzi_data_20240807.csv
[2024-08-07T14:46:11.860+0000] {subprocess.py:93} INFO - pymp-bji4ygjz
[2024-08-07T14:46:11.861+0000] {subprocess.py:93} INFO - response_20240801.txt
[2024-08-07T14:46:11.862+0000] {subprocess.py:93} INFO - response_20240802.txt
[2024-08-07T14:46:11.863+0000] {subprocess.py:93} INFO - response_20240803.txt
[2024-08-07T14:46:11.863+0000] {subprocess.py:93} INFO - response_20240804.txt
[2024-08-07T14:46:11.864+0000] {subprocess.py:93} INFO - response_20240805.txt
[2024-08-07T14:46:11.865+0000] {subprocess.py:93} INFO - response_20240806.txt
[2024-08-07T14:46:11.866+0000] {subprocess.py:93} INFO - response_20240807.txt
[2024-08-07T14:46:11.867+0000] {subprocess.py:93} INFO - tmp2weef0t8
[2024-08-07T14:46:11.868+0000] {subprocess.py:93} INFO - tmpdqvoinyf
[2024-08-07T14:46:11.869+0000] {subprocess.py:93} INFO - tmpe3_zn7bp
[2024-08-07T14:46:11.870+0000] {subprocess.py:93} INFO - tmpffxnt4mp
[2024-08-07T14:46:11.871+0000] {subprocess.py:93} INFO - tmpjpoma8_4
[2024-08-07T14:46:11.872+0000] {subprocess.py:93} INFO - tmpop2i4r08
[2024-08-07T14:46:11.873+0000] {subprocess.py:93} INFO - tmprul79jv0
[2024-08-07T14:46:11.873+0000] {subprocess.py:93} INFO - ,student,timestamp
[2024-08-07T14:46:11.874+0000] {subprocess.py:93} INFO - 0,Maria Cruz,2024-08-07 14:20:08.695612+00:00
[2024-08-07T14:46:11.875+0000] {subprocess.py:93} INFO - 1,Daniel Crema,2024-08-07 14:20:08.695612+00:00
[2024-08-07T14:46:11.876+0000] {subprocess.py:93} INFO - 2,Elon Musk,2024-08-07 14:20:08.695612+00:00
[2024-08-07T14:46:11.876+0000] {subprocess.py:93} INFO - 3,Karol Castrejon,2024-08-07 14:20:08.695612+00:00
[2024-08-07T14:46:11.877+0000] {subprocess.py:93} INFO - 4,Freddy Vega,2024-08-07 14:20:08.695612+00:00
[2024-08-07T14:46:11.878+0000] {subprocess.py:97} INFO - Command exited with return code 0
[2024-08-07T14:46:11.880+0000] {taskinstance.py:441} INFO - ::group::Post task execution logs
[2024-08-07T14:46:11.930+0000] {taskinstance.py:1206} INFO - Marking task as SUCCESS. dag_id=***-space-exploration, task_id=Ver_data, run_id=manual__2024-08-07T14:20:08.695612+00:00, execution_date=20240807T142008, start_date=20240807T144611, end_date=20240807T144611
[2024-08-07T14:46:11.987+0000] {local_task_job_runner.py:243} INFO - Task exited with return code 0
[2024-08-07T14:46:12.011+0000] {taskinstance.py:3503} INFO - 0 downstream tasks scheduled from follow-on schedule check
[2024-08-07T14:46:12.017+0000] {local_task_job_runner.py:222} INFO - ::endgroup::
