[2024-08-07T20:33:50.279+0000] {local_task_job_runner.py:120} INFO - ::group::Pre task execution logs
[2024-08-07T20:33:50.478+0000] {taskinstance.py:2076} INFO - Dependencies all met for dep_context=non-requeueable deps ti=<TaskInstance: space_exploration.read_satellite_response_data scheduled__2023-02-16T00:00:00+00:00 [queued]>
[2024-08-07T20:33:50.509+0000] {taskinstance.py:2076} INFO - Dependencies all met for dep_context=requeueable deps ti=<TaskInstance: space_exploration.read_satellite_response_data scheduled__2023-02-16T00:00:00+00:00 [queued]>
[2024-08-07T20:33:50.512+0000] {taskinstance.py:2306} INFO - Starting attempt 1 of 2
[2024-08-07T20:33:51.006+0000] {taskinstance.py:2330} INFO - Executing <Task(BashOperator): read_satellite_response_data> on 2023-02-16 00:00:00+00:00
[2024-08-07T20:33:51.039+0000] {warnings.py:112} WARNING - /home/***/.local/lib/python3.12/site-packages/***/task/task_runner/standard_task_runner.py:62: DeprecationWarning: This process (pid=403) is multi-threaded, use of fork() may lead to deadlocks in the child.
  pid = os.fork()

[2024-08-07T20:33:51.042+0000] {standard_task_runner.py:64} INFO - Started process 448 to run task
[2024-08-07T20:33:51.056+0000] {standard_task_runner.py:90} INFO - Running: ['***', 'tasks', 'run', 'space_exploration', 'read_satellite_response_data', 'scheduled__2023-02-16T00:00:00+00:00', '--job-id', '114', '--raw', '--subdir', 'DAGS_FOLDER/***-space-exploration.py', '--cfg-path', '/tmp/tmp8solhpjs']
[2024-08-07T20:33:51.092+0000] {standard_task_runner.py:91} INFO - Job 114: Subtask read_satellite_response_data
[2024-08-07T20:33:51.247+0000] {task_command.py:426} INFO - Running <TaskInstance: space_exploration.read_satellite_response_data scheduled__2023-02-16T00:00:00+00:00 [running]> on host 13935ade345d
[2024-08-07T20:33:51.551+0000] {taskinstance.py:2648} INFO - Exporting env vars: AIRFLOW_CTX_DAG_OWNER='***' AIRFLOW_CTX_DAG_ID='space_exploration' AIRFLOW_CTX_TASK_ID='read_satellite_response_data' AIRFLOW_CTX_EXECUTION_DATE='2023-02-16T00:00:00+00:00' AIRFLOW_CTX_TRY_NUMBER='1' AIRFLOW_CTX_DAG_RUN_ID='scheduled__2023-02-16T00:00:00+00:00'
[2024-08-07T20:33:51.556+0000] {taskinstance.py:430} INFO - ::endgroup::
[2024-08-07T20:33:51.625+0000] {subprocess.py:63} INFO - Tmp dir root location: /tmp
[2024-08-07T20:33:51.642+0000] {subprocess.py:75} INFO - Running command: ['/usr/bin/bash', '-c', 'ls /tmp && head /tmp/platzi_data_20230216.csv']
[2024-08-07T20:33:51.800+0000] {subprocess.py:86} INFO - Output:
[2024-08-07T20:33:51.821+0000] {subprocess.py:93} INFO - ***tmp69_a9lck
[2024-08-07T20:33:51.822+0000] {subprocess.py:93} INFO - ***tmpg2c2yada
[2024-08-07T20:33:51.824+0000] {subprocess.py:93} INFO - platzi_data_20230209.csv
[2024-08-07T20:33:51.835+0000] {subprocess.py:93} INFO - platzi_data_20230210.csv
[2024-08-07T20:33:51.837+0000] {subprocess.py:93} INFO - platzi_data_20230211.csv
[2024-08-07T20:33:51.839+0000] {subprocess.py:93} INFO - platzi_data_20230212.csv
[2024-08-07T20:33:51.841+0000] {subprocess.py:93} INFO - platzi_data_20230213.csv
[2024-08-07T20:33:51.842+0000] {subprocess.py:93} INFO - platzi_data_20230214.csv
[2024-08-07T20:33:51.846+0000] {subprocess.py:93} INFO - platzi_data_20230215.csv
[2024-08-07T20:33:51.850+0000] {subprocess.py:93} INFO - platzi_data_20230216.csv
[2024-08-07T20:33:51.852+0000] {subprocess.py:93} INFO - platzi_data_20230217.csv
[2024-08-07T20:33:51.853+0000] {subprocess.py:93} INFO - platzi_data_20230218.csv
[2024-08-07T20:33:51.860+0000] {subprocess.py:93} INFO - platzi_data_20230219.csv
[2024-08-07T20:33:51.862+0000] {subprocess.py:93} INFO - platzi_data_20230220.csv
[2024-08-07T20:33:51.864+0000] {subprocess.py:93} INFO - platzi_data_20230221.csv
[2024-08-07T20:33:51.865+0000] {subprocess.py:93} INFO - platzi_data_20230222.csv
[2024-08-07T20:33:51.868+0000] {subprocess.py:93} INFO - platzi_data_20230223.csv
[2024-08-07T20:33:51.870+0000] {subprocess.py:93} INFO - platzi_data_20230224.csv
[2024-08-07T20:33:51.870+0000] {subprocess.py:93} INFO - platzi_data_20240801.csv
[2024-08-07T20:33:51.872+0000] {subprocess.py:93} INFO - platzi_data_20240802.csv
[2024-08-07T20:33:51.874+0000] {subprocess.py:93} INFO - platzi_data_20240803.csv
[2024-08-07T20:33:51.875+0000] {subprocess.py:93} INFO - platzi_data_20240804.csv
[2024-08-07T20:33:51.886+0000] {subprocess.py:93} INFO - platzi_data_20240805.csv
[2024-08-07T20:33:51.890+0000] {subprocess.py:93} INFO - platzi_data_20240806.csv
[2024-08-07T20:33:51.892+0000] {subprocess.py:93} INFO - pymp-fb5shr1t
[2024-08-07T20:33:51.893+0000] {subprocess.py:93} INFO - response_20230209.txt
[2024-08-07T20:33:51.896+0000] {subprocess.py:93} INFO - response_20230210.txt
[2024-08-07T20:33:51.899+0000] {subprocess.py:93} INFO - response_20230211.txt
[2024-08-07T20:33:51.901+0000] {subprocess.py:93} INFO - response_20230212.txt
[2024-08-07T20:33:51.903+0000] {subprocess.py:93} INFO - response_20230213.txt
[2024-08-07T20:33:51.905+0000] {subprocess.py:93} INFO - response_20230214.txt
[2024-08-07T20:33:51.906+0000] {subprocess.py:93} INFO - response_20230215.txt
[2024-08-07T20:33:51.909+0000] {subprocess.py:93} INFO - response_20230216.txt
[2024-08-07T20:33:51.914+0000] {subprocess.py:93} INFO - response_20230217.txt
[2024-08-07T20:33:51.917+0000] {subprocess.py:93} INFO - response_20230218.txt
[2024-08-07T20:33:51.919+0000] {subprocess.py:93} INFO - response_20230219.txt
[2024-08-07T20:33:51.920+0000] {subprocess.py:93} INFO - response_20230220.txt
[2024-08-07T20:33:51.921+0000] {subprocess.py:93} INFO - response_20230221.txt
[2024-08-07T20:33:51.921+0000] {subprocess.py:93} INFO - response_20230222.txt
[2024-08-07T20:33:51.923+0000] {subprocess.py:93} INFO - response_20230223.txt
[2024-08-07T20:33:51.926+0000] {subprocess.py:93} INFO - response_20230224.txt
[2024-08-07T20:33:51.930+0000] {subprocess.py:93} INFO - response_20240801.txt
[2024-08-07T20:33:51.931+0000] {subprocess.py:93} INFO - response_20240802.txt
[2024-08-07T20:33:51.933+0000] {subprocess.py:93} INFO - response_20240803.txt
[2024-08-07T20:33:51.942+0000] {subprocess.py:93} INFO - response_20240804.txt
[2024-08-07T20:33:51.944+0000] {subprocess.py:93} INFO - response_20240805.txt
[2024-08-07T20:33:51.946+0000] {subprocess.py:93} INFO - response_20240806.txt
[2024-08-07T20:33:51.948+0000] {subprocess.py:93} INFO - spacex_20230209.json
[2024-08-07T20:33:51.949+0000] {subprocess.py:93} INFO - spacex_20230210.json
[2024-08-07T20:33:51.950+0000] {subprocess.py:93} INFO - spacex_20230211.json
[2024-08-07T20:33:51.954+0000] {subprocess.py:93} INFO - spacex_20230212.json
[2024-08-07T20:33:51.955+0000] {subprocess.py:93} INFO - spacex_20230213.json
[2024-08-07T20:33:51.959+0000] {subprocess.py:93} INFO - spacex_20230214.json
[2024-08-07T20:33:51.965+0000] {subprocess.py:93} INFO - spacex_20230215.json
[2024-08-07T20:33:51.967+0000] {subprocess.py:93} INFO - spacex_20230216.json
[2024-08-07T20:33:51.969+0000] {subprocess.py:93} INFO - spacex_20230217.json
[2024-08-07T20:33:51.971+0000] {subprocess.py:93} INFO - spacex_20230218.json
[2024-08-07T20:33:51.972+0000] {subprocess.py:93} INFO - spacex_20230219.json
[2024-08-07T20:33:51.973+0000] {subprocess.py:93} INFO - spacex_20230220.json
[2024-08-07T20:33:51.982+0000] {subprocess.py:93} INFO - spacex_20230221.json
[2024-08-07T20:33:51.983+0000] {subprocess.py:93} INFO - spacex_20230222.json
[2024-08-07T20:33:51.987+0000] {subprocess.py:93} INFO - spacex_20230223.json
[2024-08-07T20:33:51.989+0000] {subprocess.py:93} INFO - spacex_20230224.json
[2024-08-07T20:33:51.991+0000] {subprocess.py:93} INFO - tmphcv65r02
[2024-08-07T20:33:51.995+0000] {subprocess.py:93} INFO - tmpi0fesvt9
[2024-08-07T20:33:51.999+0000] {subprocess.py:93} INFO - tmpkiuduoat
[2024-08-07T20:33:52.000+0000] {subprocess.py:93} INFO - Student,timestamp
[2024-08-07T20:33:52.001+0000] {subprocess.py:93} INFO - Maria Cruz,2023-02-16 00:00:00+00:00
[2024-08-07T20:33:52.001+0000] {subprocess.py:93} INFO - Daniel Crema,2023-02-16 00:00:00+00:00
[2024-08-07T20:33:52.002+0000] {subprocess.py:93} INFO - Elon Musk,2023-02-16 00:00:00+00:00
[2024-08-07T20:33:52.003+0000] {subprocess.py:93} INFO - Karol Castrejon,2023-02-16 00:00:00+00:00
[2024-08-07T20:33:52.004+0000] {subprocess.py:93} INFO - Freddy Vega,2023-02-16 00:00:00+00:00
[2024-08-07T20:33:52.008+0000] {subprocess.py:93} INFO - Felipe Duque,2023-02-16 00:00:00+00:00
[2024-08-07T20:33:52.009+0000] {subprocess.py:97} INFO - Command exited with return code 0
[2024-08-07T20:33:52.011+0000] {taskinstance.py:441} INFO - ::group::Post task execution logs
[2024-08-07T20:33:52.102+0000] {taskinstance.py:1206} INFO - Marking task as SUCCESS. dag_id=space_exploration, task_id=read_satellite_response_data, run_id=scheduled__2023-02-16T00:00:00+00:00, execution_date=20230216T000000, start_date=20240807T203350, end_date=20240807T203352
[2024-08-07T20:33:52.200+0000] {local_task_job_runner.py:243} INFO - Task exited with return code 0
[2024-08-07T20:33:52.244+0000] {taskinstance.py:3503} INFO - 1 downstream tasks scheduled from follow-on schedule check
[2024-08-07T20:33:52.261+0000] {local_task_job_runner.py:222} INFO - ::endgroup::
