[2024-08-07T20:33:34.851+0000] {local_task_job_runner.py:120} INFO - ::group::Pre task execution logs
[2024-08-07T20:33:34.925+0000] {taskinstance.py:2076} INFO - Dependencies all met for dep_context=non-requeueable deps ti=<TaskInstance: space_exploration.read_nasa_response_data scheduled__2023-02-16T00:00:00+00:00 [queued]>
[2024-08-07T20:33:34.944+0000] {taskinstance.py:2076} INFO - Dependencies all met for dep_context=requeueable deps ti=<TaskInstance: space_exploration.read_nasa_response_data scheduled__2023-02-16T00:00:00+00:00 [queued]>
[2024-08-07T20:33:34.949+0000] {taskinstance.py:2306} INFO - Starting attempt 1 of 2
[2024-08-07T20:33:35.474+0000] {taskinstance.py:2330} INFO - Executing <Task(BashOperator): read_nasa_response_data> on 2023-02-16 00:00:00+00:00
[2024-08-07T20:33:35.522+0000] {warnings.py:112} WARNING - /home/***/.local/lib/python3.12/site-packages/***/task/task_runner/standard_task_runner.py:62: DeprecationWarning: This process (pid=186) is multi-threaded, use of fork() may lead to deadlocks in the child.
  pid = os.fork()

[2024-08-07T20:33:35.534+0000] {standard_task_runner.py:64} INFO - Started process 229 to run task
[2024-08-07T20:33:35.541+0000] {standard_task_runner.py:90} INFO - Running: ['***', 'tasks', 'run', 'space_exploration', 'read_nasa_response_data', 'scheduled__2023-02-16T00:00:00+00:00', '--job-id', '66', '--raw', '--subdir', 'DAGS_FOLDER/***-space-exploration.py', '--cfg-path', '/tmp/tmpel54w80q']
[2024-08-07T20:33:35.554+0000] {standard_task_runner.py:91} INFO - Job 66: Subtask read_nasa_response_data
[2024-08-07T20:33:35.792+0000] {task_command.py:426} INFO - Running <TaskInstance: space_exploration.read_nasa_response_data scheduled__2023-02-16T00:00:00+00:00 [running]> on host 13935ade345d
[2024-08-07T20:33:36.138+0000] {taskinstance.py:2648} INFO - Exporting env vars: AIRFLOW_CTX_DAG_OWNER='***' AIRFLOW_CTX_DAG_ID='space_exploration' AIRFLOW_CTX_TASK_ID='read_nasa_response_data' AIRFLOW_CTX_EXECUTION_DATE='2023-02-16T00:00:00+00:00' AIRFLOW_CTX_TRY_NUMBER='1' AIRFLOW_CTX_DAG_RUN_ID='scheduled__2023-02-16T00:00:00+00:00'
[2024-08-07T20:33:36.155+0000] {taskinstance.py:430} INFO - ::endgroup::
[2024-08-07T20:33:36.287+0000] {subprocess.py:63} INFO - Tmp dir root location: /tmp
[2024-08-07T20:33:36.292+0000] {subprocess.py:75} INFO - Running command: ['/usr/bin/bash', '-c', 'ls /tmp && head /tmp/response_20230216.txt']
[2024-08-07T20:33:36.355+0000] {subprocess.py:86} INFO - Output:
[2024-08-07T20:33:36.377+0000] {subprocess.py:93} INFO - ***tmp4ccyz21x
[2024-08-07T20:33:36.386+0000] {subprocess.py:93} INFO - ***tmp5b1pi0xj
[2024-08-07T20:33:36.387+0000] {subprocess.py:93} INFO - ***tmp7uw8ntjf
[2024-08-07T20:33:36.389+0000] {subprocess.py:93} INFO - platzi_data_20240801.csv
[2024-08-07T20:33:36.391+0000] {subprocess.py:93} INFO - platzi_data_20240802.csv
[2024-08-07T20:33:36.392+0000] {subprocess.py:93} INFO - platzi_data_20240803.csv
[2024-08-07T20:33:36.398+0000] {subprocess.py:93} INFO - platzi_data_20240804.csv
[2024-08-07T20:33:36.401+0000] {subprocess.py:93} INFO - platzi_data_20240805.csv
[2024-08-07T20:33:36.414+0000] {subprocess.py:93} INFO - platzi_data_20240806.csv
[2024-08-07T20:33:36.417+0000] {subprocess.py:93} INFO - pymp-fb5shr1t
[2024-08-07T20:33:36.430+0000] {subprocess.py:93} INFO - response_20230209.txt
[2024-08-07T20:33:36.431+0000] {subprocess.py:93} INFO - response_20230210.txt
[2024-08-07T20:33:36.432+0000] {subprocess.py:93} INFO - response_20230211.txt
[2024-08-07T20:33:36.434+0000] {subprocess.py:93} INFO - response_20230212.txt
[2024-08-07T20:33:36.437+0000] {subprocess.py:93} INFO - response_20230213.txt
[2024-08-07T20:33:36.438+0000] {subprocess.py:93} INFO - response_20230214.txt
[2024-08-07T20:33:36.439+0000] {subprocess.py:93} INFO - response_20230215.txt
[2024-08-07T20:33:36.440+0000] {subprocess.py:93} INFO - response_20230216.txt
[2024-08-07T20:33:36.441+0000] {subprocess.py:93} INFO - response_20230217.txt
[2024-08-07T20:33:36.444+0000] {subprocess.py:93} INFO - response_20230218.txt
[2024-08-07T20:33:36.447+0000] {subprocess.py:93} INFO - response_20230219.txt
[2024-08-07T20:33:36.449+0000] {subprocess.py:93} INFO - response_20230220.txt
[2024-08-07T20:33:36.450+0000] {subprocess.py:93} INFO - response_20230221.txt
[2024-08-07T20:33:36.451+0000] {subprocess.py:93} INFO - response_20230222.txt
[2024-08-07T20:33:36.454+0000] {subprocess.py:93} INFO - response_20230223.txt
[2024-08-07T20:33:36.455+0000] {subprocess.py:93} INFO - response_20230224.txt
[2024-08-07T20:33:36.456+0000] {subprocess.py:93} INFO - response_20240801.txt
[2024-08-07T20:33:36.457+0000] {subprocess.py:93} INFO - response_20240802.txt
[2024-08-07T20:33:36.458+0000] {subprocess.py:93} INFO - response_20240803.txt
[2024-08-07T20:33:36.458+0000] {subprocess.py:93} INFO - response_20240804.txt
[2024-08-07T20:33:36.459+0000] {subprocess.py:93} INFO - response_20240805.txt
[2024-08-07T20:33:36.460+0000] {subprocess.py:93} INFO - response_20240806.txt
[2024-08-07T20:33:36.463+0000] {subprocess.py:93} INFO - tmpt0oab1j9
[2024-08-07T20:33:36.464+0000] {subprocess.py:93} INFO - tmpyrid17vw
[2024-08-07T20:33:36.465+0000] {subprocess.py:93} INFO - tmpz0sh35pm
[2024-08-07T20:33:36.466+0000] {subprocess.py:93} INFO - Confirmation from NASA, you can proceed.
[2024-08-07T20:33:36.467+0000] {subprocess.py:97} INFO - Command exited with return code 0
[2024-08-07T20:33:36.468+0000] {taskinstance.py:441} INFO - ::group::Post task execution logs
[2024-08-07T20:33:36.605+0000] {taskinstance.py:1206} INFO - Marking task as SUCCESS. dag_id=space_exploration, task_id=read_nasa_response_data, run_id=scheduled__2023-02-16T00:00:00+00:00, execution_date=20230216T000000, start_date=20240807T203334, end_date=20240807T203336
[2024-08-07T20:33:36.697+0000] {local_task_job_runner.py:243} INFO - Task exited with return code 0
[2024-08-07T20:33:36.867+0000] {taskinstance.py:3503} INFO - 1 downstream tasks scheduled from follow-on schedule check
[2024-08-07T20:33:36.881+0000] {local_task_job_runner.py:222} INFO - ::endgroup::
