[2024-08-07T14:27:20.808+0000] {local_task_job_runner.py:120} INFO - ::group::Pre task execution logs
[2024-08-07T14:27:20.846+0000] {taskinstance.py:2076} INFO - Dependencies all met for dep_context=non-requeueable deps ti=<TaskInstance: airflow-space-exploration.Respuesta_satelite scheduled__2024-08-05T00:00:00+00:00 [queued]>
[2024-08-07T14:27:20.860+0000] {taskinstance.py:2076} INFO - Dependencies all met for dep_context=requeueable deps ti=<TaskInstance: airflow-space-exploration.Respuesta_satelite scheduled__2024-08-05T00:00:00+00:00 [queued]>
[2024-08-07T14:27:20.861+0000] {taskinstance.py:2306} INFO - Starting attempt 3 of 3
[2024-08-07T14:27:20.885+0000] {taskinstance.py:2330} INFO - Executing <Task(PythonOperator): Respuesta_satelite> on 2024-08-05 00:00:00+00:00
[2024-08-07T14:27:20.893+0000] {warnings.py:112} WARNING - /home/***/.local/lib/python3.12/site-packages/***/task/task_runner/standard_task_runner.py:62: DeprecationWarning: This process (pid=633) is multi-threaded, use of fork() may lead to deadlocks in the child.
  pid = os.fork()

[2024-08-07T14:27:20.895+0000] {standard_task_runner.py:64} INFO - Started process 643 to run task
[2024-08-07T14:27:20.896+0000] {standard_task_runner.py:90} INFO - Running: ['***', 'tasks', 'run', '***-space-exploration', 'Respuesta_satelite', 'scheduled__2024-08-05T00:00:00+00:00', '--job-id', '110', '--raw', '--subdir', 'DAGS_FOLDER/***-space-exploration.py', '--cfg-path', '/tmp/tmpd9lrv59c']
[2024-08-07T14:27:20.897+0000] {standard_task_runner.py:91} INFO - Job 110: Subtask Respuesta_satelite
[2024-08-07T14:27:20.958+0000] {task_command.py:426} INFO - Running <TaskInstance: airflow-space-exploration.Respuesta_satelite scheduled__2024-08-05T00:00:00+00:00 [running]> on host 38873943cc86
[2024-08-07T14:27:21.063+0000] {taskinstance.py:2648} INFO - Exporting env vars: AIRFLOW_CTX_DAG_OWNER='***' AIRFLOW_CTX_DAG_ID='***-space-exploration' AIRFLOW_CTX_TASK_ID='Respuesta_satelite' AIRFLOW_CTX_EXECUTION_DATE='2024-08-05T00:00:00+00:00' AIRFLOW_CTX_TRY_NUMBER='3' AIRFLOW_CTX_DAG_RUN_ID='scheduled__2024-08-05T00:00:00+00:00'
[2024-08-07T14:27:21.064+0000] {taskinstance.py:430} INFO - ::endgroup::
[2024-08-07T14:27:21.725+0000] {python.py:237} INFO - Done. Returned value was: None
[2024-08-07T14:27:21.726+0000] {taskinstance.py:441} INFO - ::group::Post task execution logs
[2024-08-07T14:27:21.737+0000] {taskinstance.py:1206} INFO - Marking task as SUCCESS. dag_id=***-space-exploration, task_id=Respuesta_satelite, run_id=scheduled__2024-08-05T00:00:00+00:00, execution_date=20240805T000000, start_date=20240807T142720, end_date=20240807T142721
[2024-08-07T14:27:21.793+0000] {local_task_job_runner.py:243} INFO - Task exited with return code 0
[2024-08-07T14:27:21.823+0000] {taskinstance.py:3503} INFO - 1 downstream tasks scheduled from follow-on schedule check
[2024-08-07T14:27:21.829+0000] {local_task_job_runner.py:222} INFO - ::endgroup::
[2024-08-07T14:54:29.749+0000] {local_task_job_runner.py:120} INFO - ::group::Pre task execution logs
[2024-08-07T14:54:29.788+0000] {taskinstance.py:2076} INFO - Dependencies all met for dep_context=non-requeueable deps ti=<TaskInstance: airflow-space-exploration.Respuesta_Satelite scheduled__2024-08-05T00:00:00+00:00 [queued]>
[2024-08-07T14:54:29.807+0000] {taskinstance.py:2076} INFO - Dependencies all met for dep_context=requeueable deps ti=<TaskInstance: airflow-space-exploration.Respuesta_Satelite scheduled__2024-08-05T00:00:00+00:00 [queued]>
[2024-08-07T14:54:29.808+0000] {taskinstance.py:2306} INFO - Starting attempt 3 of 3
[2024-08-07T14:54:29.841+0000] {taskinstance.py:2330} INFO - Executing <Task(PythonOperator): Respuesta_Satelite> on 2024-08-05 00:00:00+00:00
[2024-08-07T14:54:29.852+0000] {warnings.py:112} WARNING - /home/***/.local/lib/python3.12/site-packages/***/task/task_runner/standard_task_runner.py:62: DeprecationWarning: This process (pid=1439) is multi-threaded, use of fork() may lead to deadlocks in the child.
  pid = os.fork()

[2024-08-07T14:54:29.855+0000] {standard_task_runner.py:64} INFO - Started process 1452 to run task
[2024-08-07T14:54:29.854+0000] {standard_task_runner.py:90} INFO - Running: ['***', 'tasks', 'run', '***-space-exploration', 'Respuesta_Satelite', 'scheduled__2024-08-05T00:00:00+00:00', '--job-id', '253', '--raw', '--subdir', 'DAGS_FOLDER/***-space-exploration.py', '--cfg-path', '/tmp/tmp8ndq0fxs']
[2024-08-07T14:54:29.856+0000] {standard_task_runner.py:91} INFO - Job 253: Subtask Respuesta_Satelite
[2024-08-07T14:54:29.937+0000] {task_command.py:426} INFO - Running <TaskInstance: airflow-space-exploration.Respuesta_Satelite scheduled__2024-08-05T00:00:00+00:00 [running]> on host 38873943cc86
[2024-08-07T14:54:30.063+0000] {taskinstance.py:2648} INFO - Exporting env vars: AIRFLOW_CTX_DAG_OWNER='***' AIRFLOW_CTX_DAG_ID='***-space-exploration' AIRFLOW_CTX_TASK_ID='Respuesta_Satelite' AIRFLOW_CTX_EXECUTION_DATE='2024-08-05T00:00:00+00:00' AIRFLOW_CTX_TRY_NUMBER='3' AIRFLOW_CTX_DAG_RUN_ID='scheduled__2024-08-05T00:00:00+00:00'
[2024-08-07T14:54:30.065+0000] {taskinstance.py:430} INFO - ::endgroup::
[2024-08-07T14:54:30.893+0000] {python.py:237} INFO - Done. Returned value was: None
[2024-08-07T14:54:30.895+0000] {taskinstance.py:441} INFO - ::group::Post task execution logs
[2024-08-07T14:54:30.910+0000] {taskinstance.py:1206} INFO - Marking task as SUCCESS. dag_id=***-space-exploration, task_id=Respuesta_Satelite, run_id=scheduled__2024-08-05T00:00:00+00:00, execution_date=20240805T000000, start_date=20240807T145429, end_date=20240807T145430
[2024-08-07T14:54:30.998+0000] {local_task_job_runner.py:243} INFO - Task exited with return code 0
[2024-08-07T14:54:31.036+0000] {taskinstance.py:3503} INFO - 1 downstream tasks scheduled from follow-on schedule check
[2024-08-07T14:54:31.043+0000] {local_task_job_runner.py:222} INFO - ::endgroup::
