[2024-08-07T14:20:43.143+0000] {local_task_job_runner.py:120} INFO - ::group::Pre task execution logs
[2024-08-07T14:20:43.191+0000] {taskinstance.py:2076} INFO - Dependencies all met for dep_context=non-requeueable deps ti=<TaskInstance: airflow-space-exploration.respuesta_satelite scheduled__2024-08-04T00:00:00+00:00 [queued]>
[2024-08-07T14:20:43.210+0000] {taskinstance.py:2076} INFO - Dependencies all met for dep_context=requeueable deps ti=<TaskInstance: airflow-space-exploration.respuesta_satelite scheduled__2024-08-04T00:00:00+00:00 [queued]>
[2024-08-07T14:20:43.211+0000] {taskinstance.py:2306} INFO - Starting attempt 1 of 1
[2024-08-07T14:20:43.250+0000] {taskinstance.py:2330} INFO - Executing <Task(PythonOperator): respuesta_satelite> on 2024-08-04 00:00:00+00:00
[2024-08-07T14:20:43.262+0000] {warnings.py:112} WARNING - /home/***/.local/lib/python3.12/site-packages/***/task/task_runner/standard_task_runner.py:62: DeprecationWarning: This process (pid=321) is multi-threaded, use of fork() may lead to deadlocks in the child.
  pid = os.fork()

[2024-08-07T14:20:43.265+0000] {standard_task_runner.py:64} INFO - Started process 329 to run task
[2024-08-07T14:20:43.265+0000] {standard_task_runner.py:90} INFO - Running: ['***', 'tasks', 'run', '***-space-exploration', 'respuesta_satelite', 'scheduled__2024-08-04T00:00:00+00:00', '--job-id', '41', '--raw', '--subdir', 'DAGS_FOLDER/***-space-exploration.py', '--cfg-path', '/tmp/tmpw51gtwhb']
[2024-08-07T14:20:43.268+0000] {standard_task_runner.py:91} INFO - Job 41: Subtask respuesta_satelite
[2024-08-07T14:20:43.348+0000] {task_command.py:426} INFO - Running <TaskInstance: airflow-space-exploration.respuesta_satelite scheduled__2024-08-04T00:00:00+00:00 [running]> on host 38873943cc86
[2024-08-07T14:20:43.478+0000] {taskinstance.py:2648} INFO - Exporting env vars: AIRFLOW_CTX_DAG_OWNER='***' AIRFLOW_CTX_DAG_ID='***-space-exploration' AIRFLOW_CTX_TASK_ID='respuesta_satelite' AIRFLOW_CTX_EXECUTION_DATE='2024-08-04T00:00:00+00:00' AIRFLOW_CTX_TRY_NUMBER='1' AIRFLOW_CTX_DAG_RUN_ID='scheduled__2024-08-04T00:00:00+00:00'
[2024-08-07T14:20:43.481+0000] {taskinstance.py:430} INFO - ::endgroup::
[2024-08-07T14:20:46.249+0000] {python.py:237} INFO - Done. Returned value was: None
[2024-08-07T14:20:46.250+0000] {taskinstance.py:441} INFO - ::group::Post task execution logs
[2024-08-07T14:20:46.261+0000] {taskinstance.py:1206} INFO - Marking task as SUCCESS. dag_id=***-space-exploration, task_id=respuesta_satelite, run_id=scheduled__2024-08-04T00:00:00+00:00, execution_date=20240804T000000, start_date=20240807T142043, end_date=20240807T142046
[2024-08-07T14:20:46.325+0000] {local_task_job_runner.py:243} INFO - Task exited with return code 0
[2024-08-07T14:20:46.347+0000] {taskinstance.py:3503} INFO - 0 downstream tasks scheduled from follow-on schedule check
[2024-08-07T14:20:46.351+0000] {local_task_job_runner.py:222} INFO - ::endgroup::
[2024-08-07T14:24:09.040+0000] {local_task_job_runner.py:120} INFO - ::group::Pre task execution logs
[2024-08-07T14:24:09.097+0000] {taskinstance.py:2076} INFO - Dependencies all met for dep_context=non-requeueable deps ti=<TaskInstance: airflow-space-exploration.Respuesta_satelite scheduled__2024-08-04T00:00:00+00:00 [queued]>
[2024-08-07T14:24:09.116+0000] {taskinstance.py:2076} INFO - Dependencies all met for dep_context=requeueable deps ti=<TaskInstance: airflow-space-exploration.Respuesta_satelite scheduled__2024-08-04T00:00:00+00:00 [queued]>
[2024-08-07T14:24:09.117+0000] {taskinstance.py:2306} INFO - Starting attempt 1 of 1
[2024-08-07T14:24:09.147+0000] {taskinstance.py:2330} INFO - Executing <Task(PythonOperator): Respuesta_satelite> on 2024-08-04 00:00:00+00:00
[2024-08-07T14:24:09.157+0000] {warnings.py:112} WARNING - /home/***/.local/lib/python3.12/site-packages/***/task/task_runner/standard_task_runner.py:62: DeprecationWarning: This process (pid=410) is multi-threaded, use of fork() may lead to deadlocks in the child.
  pid = os.fork()

[2024-08-07T14:24:09.158+0000] {standard_task_runner.py:64} INFO - Started process 418 to run task
[2024-08-07T14:24:09.158+0000] {standard_task_runner.py:90} INFO - Running: ['***', 'tasks', 'run', '***-space-exploration', 'Respuesta_satelite', 'scheduled__2024-08-04T00:00:00+00:00', '--job-id', '55', '--raw', '--subdir', 'DAGS_FOLDER/***-space-exploration.py', '--cfg-path', '/tmp/tmpa9b8vmmb']
[2024-08-07T14:24:09.160+0000] {standard_task_runner.py:91} INFO - Job 55: Subtask Respuesta_satelite
[2024-08-07T14:24:09.228+0000] {task_command.py:426} INFO - Running <TaskInstance: airflow-space-exploration.Respuesta_satelite scheduled__2024-08-04T00:00:00+00:00 [running]> on host 38873943cc86
[2024-08-07T14:24:09.348+0000] {taskinstance.py:2648} INFO - Exporting env vars: AIRFLOW_CTX_DAG_OWNER='***' AIRFLOW_CTX_DAG_ID='***-space-exploration' AIRFLOW_CTX_TASK_ID='Respuesta_satelite' AIRFLOW_CTX_EXECUTION_DATE='2024-08-04T00:00:00+00:00' AIRFLOW_CTX_TRY_NUMBER='1' AIRFLOW_CTX_DAG_RUN_ID='scheduled__2024-08-04T00:00:00+00:00'
[2024-08-07T14:24:09.350+0000] {taskinstance.py:430} INFO - ::endgroup::
[2024-08-07T14:24:10.096+0000] {python.py:237} INFO - Done. Returned value was: None
[2024-08-07T14:24:10.097+0000] {taskinstance.py:441} INFO - ::group::Post task execution logs
[2024-08-07T14:24:10.115+0000] {taskinstance.py:1206} INFO - Marking task as SUCCESS. dag_id=***-space-exploration, task_id=Respuesta_satelite, run_id=scheduled__2024-08-04T00:00:00+00:00, execution_date=20240804T000000, start_date=20240807T142409, end_date=20240807T142410
[2024-08-07T14:24:10.177+0000] {local_task_job_runner.py:243} INFO - Task exited with return code 0
[2024-08-07T14:24:10.208+0000] {taskinstance.py:3503} INFO - 1 downstream tasks scheduled from follow-on schedule check
[2024-08-07T14:24:10.213+0000] {local_task_job_runner.py:222} INFO - ::endgroup::
[2024-08-07T14:43:17.963+0000] {local_task_job_runner.py:120} INFO - ::group::Pre task execution logs
[2024-08-07T14:43:18.019+0000] {taskinstance.py:2076} INFO - Dependencies all met for dep_context=non-requeueable deps ti=<TaskInstance: airflow-space-exploration.Respuesta_Satelite scheduled__2024-08-04T00:00:00+00:00 [queued]>
[2024-08-07T14:43:18.043+0000] {taskinstance.py:2076} INFO - Dependencies all met for dep_context=requeueable deps ti=<TaskInstance: airflow-space-exploration.Respuesta_Satelite scheduled__2024-08-04T00:00:00+00:00 [queued]>
[2024-08-07T14:43:18.044+0000] {taskinstance.py:2306} INFO - Starting attempt 1 of 1
[2024-08-07T14:43:18.076+0000] {taskinstance.py:2330} INFO - Executing <Task(PythonOperator): Respuesta_Satelite> on 2024-08-04 00:00:00+00:00
[2024-08-07T14:43:18.085+0000] {warnings.py:112} WARNING - /home/***/.local/lib/python3.12/site-packages/***/task/task_runner/standard_task_runner.py:62: DeprecationWarning: This process (pid=1068) is multi-threaded, use of fork() may lead to deadlocks in the child.
  pid = os.fork()

[2024-08-07T14:43:18.087+0000] {standard_task_runner.py:90} INFO - Running: ['***', 'tasks', 'run', '***-space-exploration', 'Respuesta_Satelite', 'scheduled__2024-08-04T00:00:00+00:00', '--job-id', '177', '--raw', '--subdir', 'DAGS_FOLDER/***-space-exploration.py', '--cfg-path', '/tmp/tmp2umngs4w']
[2024-08-07T14:43:18.088+0000] {standard_task_runner.py:64} INFO - Started process 1074 to run task
[2024-08-07T14:43:18.089+0000] {standard_task_runner.py:91} INFO - Job 177: Subtask Respuesta_Satelite
[2024-08-07T14:43:18.163+0000] {task_command.py:426} INFO - Running <TaskInstance: airflow-space-exploration.Respuesta_Satelite scheduled__2024-08-04T00:00:00+00:00 [running]> on host 38873943cc86
[2024-08-07T14:43:18.315+0000] {taskinstance.py:2648} INFO - Exporting env vars: AIRFLOW_CTX_DAG_OWNER='***' AIRFLOW_CTX_DAG_ID='***-space-exploration' AIRFLOW_CTX_TASK_ID='Respuesta_Satelite' AIRFLOW_CTX_EXECUTION_DATE='2024-08-04T00:00:00+00:00' AIRFLOW_CTX_TRY_NUMBER='1' AIRFLOW_CTX_DAG_RUN_ID='scheduled__2024-08-04T00:00:00+00:00'
[2024-08-07T14:43:18.317+0000] {taskinstance.py:430} INFO - ::endgroup::
[2024-08-07T14:43:22.871+0000] {python.py:237} INFO - Done. Returned value was: None
[2024-08-07T14:43:22.873+0000] {taskinstance.py:441} INFO - ::group::Post task execution logs
[2024-08-07T14:43:22.895+0000] {taskinstance.py:1206} INFO - Marking task as SUCCESS. dag_id=***-space-exploration, task_id=Respuesta_Satelite, run_id=scheduled__2024-08-04T00:00:00+00:00, execution_date=20240804T000000, start_date=20240807T144318, end_date=20240807T144322
[2024-08-07T14:43:22.989+0000] {local_task_job_runner.py:243} INFO - Task exited with return code 0
[2024-08-07T14:43:23.077+0000] {taskinstance.py:3503} INFO - 0 downstream tasks scheduled from follow-on schedule check
[2024-08-07T14:43:23.085+0000] {local_task_job_runner.py:222} INFO - ::endgroup::
