[2024-08-07T14:33:55.683+0000] {local_task_job_runner.py:120} INFO - ::group::Pre task execution logs
[2024-08-07T14:33:55.722+0000] {taskinstance.py:2076} INFO - Dependencies all met for dep_context=non-requeueable deps ti=<TaskInstance: airflow-space-exploration.Respuesta_satelite scheduled__2024-08-04T00:00:00+00:00 [queued]>
[2024-08-07T14:33:55.739+0000] {taskinstance.py:2076} INFO - Dependencies all met for dep_context=requeueable deps ti=<TaskInstance: airflow-space-exploration.Respuesta_satelite scheduled__2024-08-04T00:00:00+00:00 [queued]>
[2024-08-07T14:33:55.740+0000] {taskinstance.py:2306} INFO - Starting attempt 4 of 4
[2024-08-07T14:33:55.772+0000] {taskinstance.py:2330} INFO - Executing <Task(PythonOperator): Respuesta_satelite> on 2024-08-04 00:00:00+00:00
[2024-08-07T14:33:55.784+0000] {warnings.py:112} WARNING - /home/***/.local/lib/python3.12/site-packages/***/task/task_runner/standard_task_runner.py:62: DeprecationWarning: This process (pid=826) is multi-threaded, use of fork() may lead to deadlocks in the child.
  pid = os.fork()

[2024-08-07T14:33:55.786+0000] {standard_task_runner.py:64} INFO - Started process 834 to run task
[2024-08-07T14:33:55.786+0000] {standard_task_runner.py:90} INFO - Running: ['***', 'tasks', 'run', '***-space-exploration', 'Respuesta_satelite', 'scheduled__2024-08-04T00:00:00+00:00', '--job-id', '140', '--raw', '--subdir', 'DAGS_FOLDER/***-space-exploration.py', '--cfg-path', '/tmp/tmpf0h5o18c']
[2024-08-07T14:33:55.788+0000] {standard_task_runner.py:91} INFO - Job 140: Subtask Respuesta_satelite
[2024-08-07T14:33:55.869+0000] {task_command.py:426} INFO - Running <TaskInstance: airflow-space-exploration.Respuesta_satelite scheduled__2024-08-04T00:00:00+00:00 [running]> on host 38873943cc86
[2024-08-07T14:33:56.045+0000] {taskinstance.py:2648} INFO - Exporting env vars: AIRFLOW_CTX_DAG_OWNER='***' AIRFLOW_CTX_DAG_ID='***-space-exploration' AIRFLOW_CTX_TASK_ID='Respuesta_satelite' AIRFLOW_CTX_EXECUTION_DATE='2024-08-04T00:00:00+00:00' AIRFLOW_CTX_TRY_NUMBER='4' AIRFLOW_CTX_DAG_RUN_ID='scheduled__2024-08-04T00:00:00+00:00'
[2024-08-07T14:33:56.047+0000] {taskinstance.py:430} INFO - ::endgroup::
[2024-08-07T14:33:57.304+0000] {python.py:237} INFO - Done. Returned value was: None
[2024-08-07T14:33:57.305+0000] {taskinstance.py:441} INFO - ::group::Post task execution logs
[2024-08-07T14:33:57.323+0000] {taskinstance.py:1206} INFO - Marking task as SUCCESS. dag_id=***-space-exploration, task_id=Respuesta_satelite, run_id=scheduled__2024-08-04T00:00:00+00:00, execution_date=20240804T000000, start_date=20240807T143355, end_date=20240807T143357
[2024-08-07T14:33:57.412+0000] {local_task_job_runner.py:243} INFO - Task exited with return code 0
[2024-08-07T14:33:57.445+0000] {taskinstance.py:3503} INFO - 1 downstream tasks scheduled from follow-on schedule check
[2024-08-07T14:33:57.451+0000] {local_task_job_runner.py:222} INFO - ::endgroup::
[2024-08-07T14:55:30.045+0000] {local_task_job_runner.py:120} INFO - ::group::Pre task execution logs
[2024-08-07T14:55:30.087+0000] {taskinstance.py:2076} INFO - Dependencies all met for dep_context=non-requeueable deps ti=<TaskInstance: airflow-space-exploration.Respuesta_Satelite scheduled__2024-08-04T00:00:00+00:00 [queued]>
[2024-08-07T14:55:30.102+0000] {taskinstance.py:2076} INFO - Dependencies all met for dep_context=requeueable deps ti=<TaskInstance: airflow-space-exploration.Respuesta_Satelite scheduled__2024-08-04T00:00:00+00:00 [queued]>
[2024-08-07T14:55:30.103+0000] {taskinstance.py:2306} INFO - Starting attempt 4 of 4
[2024-08-07T14:55:30.129+0000] {taskinstance.py:2330} INFO - Executing <Task(PythonOperator): Respuesta_Satelite> on 2024-08-04 00:00:00+00:00
[2024-08-07T14:55:30.138+0000] {warnings.py:112} WARNING - /home/***/.local/lib/python3.12/site-packages/***/task/task_runner/standard_task_runner.py:62: DeprecationWarning: This process (pid=1584) is multi-threaded, use of fork() may lead to deadlocks in the child.
  pid = os.fork()

[2024-08-07T14:55:30.140+0000] {standard_task_runner.py:64} INFO - Started process 1588 to run task
[2024-08-07T14:55:30.139+0000] {standard_task_runner.py:90} INFO - Running: ['***', 'tasks', 'run', '***-space-exploration', 'Respuesta_Satelite', 'scheduled__2024-08-04T00:00:00+00:00', '--job-id', '285', '--raw', '--subdir', 'DAGS_FOLDER/***-space-exploration.py', '--cfg-path', '/tmp/tmpqo7qfm8k']
[2024-08-07T14:55:30.142+0000] {standard_task_runner.py:91} INFO - Job 285: Subtask Respuesta_Satelite
[2024-08-07T14:55:30.210+0000] {task_command.py:426} INFO - Running <TaskInstance: airflow-space-exploration.Respuesta_Satelite scheduled__2024-08-04T00:00:00+00:00 [running]> on host 38873943cc86
[2024-08-07T14:55:30.342+0000] {taskinstance.py:2648} INFO - Exporting env vars: AIRFLOW_CTX_DAG_OWNER='***' AIRFLOW_CTX_DAG_ID='***-space-exploration' AIRFLOW_CTX_TASK_ID='Respuesta_Satelite' AIRFLOW_CTX_EXECUTION_DATE='2024-08-04T00:00:00+00:00' AIRFLOW_CTX_TRY_NUMBER='4' AIRFLOW_CTX_DAG_RUN_ID='scheduled__2024-08-04T00:00:00+00:00'
[2024-08-07T14:55:30.343+0000] {taskinstance.py:430} INFO - ::endgroup::
[2024-08-07T14:55:31.151+0000] {python.py:237} INFO - Done. Returned value was: None
[2024-08-07T14:55:31.152+0000] {taskinstance.py:441} INFO - ::group::Post task execution logs
[2024-08-07T14:55:31.164+0000] {taskinstance.py:1206} INFO - Marking task as SUCCESS. dag_id=***-space-exploration, task_id=Respuesta_Satelite, run_id=scheduled__2024-08-04T00:00:00+00:00, execution_date=20240804T000000, start_date=20240807T145530, end_date=20240807T145531
[2024-08-07T14:55:31.203+0000] {local_task_job_runner.py:243} INFO - Task exited with return code 0
[2024-08-07T14:55:31.235+0000] {taskinstance.py:3503} INFO - 1 downstream tasks scheduled from follow-on schedule check
[2024-08-07T14:55:31.238+0000] {local_task_job_runner.py:222} INFO - ::endgroup::
