[2024-08-07T14:42:52.372+0000] {local_task_job_runner.py:120} INFO - ::group::Pre task execution logs
[2024-08-07T14:42:52.412+0000] {taskinstance.py:2076} INFO - Dependencies all met for dep_context=non-requeueable deps ti=<TaskInstance: airflow-space-exploration.Autorizacion_NASA scheduled__2024-08-05T00:00:00+00:00 [queued]>
[2024-08-07T14:42:52.425+0000] {taskinstance.py:2076} INFO - Dependencies all met for dep_context=requeueable deps ti=<TaskInstance: airflow-space-exploration.Autorizacion_NASA scheduled__2024-08-05T00:00:00+00:00 [queued]>
[2024-08-07T14:42:52.426+0000] {taskinstance.py:2306} INFO - Starting attempt 7 of 7
[2024-08-07T14:42:52.452+0000] {taskinstance.py:2330} INFO - Executing <Task(BashOperator): Autorizacion_NASA> on 2024-08-05 00:00:00+00:00
[2024-08-07T14:42:52.461+0000] {warnings.py:112} WARNING - /home/***/.local/lib/python3.12/site-packages/***/task/task_runner/standard_task_runner.py:62: DeprecationWarning: This process (pid=976) is multi-threaded, use of fork() may lead to deadlocks in the child.
  pid = os.fork()

[2024-08-07T14:42:52.464+0000] {standard_task_runner.py:64} INFO - Started process 985 to run task
[2024-08-07T14:42:52.464+0000] {standard_task_runner.py:90} INFO - Running: ['***', 'tasks', 'run', '***-space-exploration', 'Autorizacion_NASA', 'scheduled__2024-08-05T00:00:00+00:00', '--job-id', '151', '--raw', '--subdir', 'DAGS_FOLDER/***-space-exploration.py', '--cfg-path', '/tmp/tmphkfb4dqh']
[2024-08-07T14:42:52.467+0000] {standard_task_runner.py:91} INFO - Job 151: Subtask Autorizacion_NASA
[2024-08-07T14:42:52.546+0000] {task_command.py:426} INFO - Running <TaskInstance: airflow-space-exploration.Autorizacion_NASA scheduled__2024-08-05T00:00:00+00:00 [running]> on host 38873943cc86
[2024-08-07T14:42:52.729+0000] {taskinstance.py:2648} INFO - Exporting env vars: AIRFLOW_CTX_DAG_OWNER='***' AIRFLOW_CTX_DAG_ID='***-space-exploration' AIRFLOW_CTX_TASK_ID='Autorizacion_NASA' AIRFLOW_CTX_EXECUTION_DATE='2024-08-05T00:00:00+00:00' AIRFLOW_CTX_TRY_NUMBER='7' AIRFLOW_CTX_DAG_RUN_ID='scheduled__2024-08-05T00:00:00+00:00'
[2024-08-07T14:42:52.732+0000] {taskinstance.py:430} INFO - ::endgroup::
[2024-08-07T14:42:52.760+0000] {subprocess.py:63} INFO - Tmp dir root location: /tmp
[2024-08-07T14:42:52.764+0000] {subprocess.py:75} INFO - Running command: ['/usr/bin/bash', '-c', "sleep 20 && echo 'Confirmación de la NASA, pueden proceder' > /tmp/response_20240805.txt"]
[2024-08-07T14:42:52.788+0000] {subprocess.py:86} INFO - Output:
[2024-08-07T14:43:12.795+0000] {subprocess.py:97} INFO - Command exited with return code 0
[2024-08-07T14:43:12.797+0000] {taskinstance.py:441} INFO - ::group::Post task execution logs
[2024-08-07T14:43:12.824+0000] {taskinstance.py:1206} INFO - Marking task as SUCCESS. dag_id=***-space-exploration, task_id=Autorizacion_NASA, run_id=scheduled__2024-08-05T00:00:00+00:00, execution_date=20240805T000000, start_date=20240807T144252, end_date=20240807T144312
[2024-08-07T14:43:12.893+0000] {local_task_job_runner.py:243} INFO - Task exited with return code 0
[2024-08-07T14:43:12.925+0000] {taskinstance.py:3503} INFO - 1 downstream tasks scheduled from follow-on schedule check
[2024-08-07T14:43:12.929+0000] {local_task_job_runner.py:222} INFO - ::endgroup::
