[2024-08-07T14:24:52.325+0000] {local_task_job_runner.py:120} INFO - ::group::Pre task execution logs
[2024-08-07T14:24:52.363+0000] {taskinstance.py:2076} INFO - Dependencies all met for dep_context=non-requeueable deps ti=<TaskInstance: airflow-space-exploration.Autorizacion_NASA scheduled__2024-08-05T00:00:00+00:00 [queued]>
[2024-08-07T14:24:52.377+0000] {taskinstance.py:2076} INFO - Dependencies all met for dep_context=requeueable deps ti=<TaskInstance: airflow-space-exploration.Autorizacion_NASA scheduled__2024-08-05T00:00:00+00:00 [queued]>
[2024-08-07T14:24:52.379+0000] {taskinstance.py:2306} INFO - Starting attempt 4 of 4
[2024-08-07T14:24:52.408+0000] {taskinstance.py:2330} INFO - Executing <Task(BashOperator): Autorizacion_NASA> on 2024-08-05 00:00:00+00:00
[2024-08-07T14:24:52.418+0000] {warnings.py:112} WARNING - /home/***/.local/lib/python3.12/site-packages/***/task/task_runner/standard_task_runner.py:62: DeprecationWarning: This process (pid=457) is multi-threaded, use of fork() may lead to deadlocks in the child.
  pid = os.fork()

[2024-08-07T14:24:52.421+0000] {standard_task_runner.py:64} INFO - Started process 466 to run task
[2024-08-07T14:24:52.420+0000] {standard_task_runner.py:90} INFO - Running: ['***', 'tasks', 'run', '***-space-exploration', 'Autorizacion_NASA', 'scheduled__2024-08-05T00:00:00+00:00', '--job-id', '67', '--raw', '--subdir', 'DAGS_FOLDER/***-space-exploration.py', '--cfg-path', '/tmp/tmpjr20u97h']
[2024-08-07T14:24:52.423+0000] {standard_task_runner.py:91} INFO - Job 67: Subtask Autorizacion_NASA
[2024-08-07T14:24:52.502+0000] {task_command.py:426} INFO - Running <TaskInstance: airflow-space-exploration.Autorizacion_NASA scheduled__2024-08-05T00:00:00+00:00 [running]> on host 38873943cc86
[2024-08-07T14:24:52.619+0000] {taskinstance.py:2648} INFO - Exporting env vars: AIRFLOW_CTX_DAG_OWNER='***' AIRFLOW_CTX_DAG_ID='***-space-exploration' AIRFLOW_CTX_TASK_ID='Autorizacion_NASA' AIRFLOW_CTX_EXECUTION_DATE='2024-08-05T00:00:00+00:00' AIRFLOW_CTX_TRY_NUMBER='4' AIRFLOW_CTX_DAG_RUN_ID='scheduled__2024-08-05T00:00:00+00:00'
[2024-08-07T14:24:52.620+0000] {taskinstance.py:430} INFO - ::endgroup::
[2024-08-07T14:24:52.639+0000] {subprocess.py:63} INFO - Tmp dir root location: /tmp
[2024-08-07T14:24:52.640+0000] {subprocess.py:75} INFO - Running command: ['/usr/bin/bash', '-c', "sleep 20 && echo 'OK' > /tmp/response_20240805.txt"]
[2024-08-07T14:24:52.655+0000] {subprocess.py:86} INFO - Output:
[2024-08-07T14:25:12.659+0000] {subprocess.py:97} INFO - Command exited with return code 0
[2024-08-07T14:25:12.660+0000] {taskinstance.py:441} INFO - ::group::Post task execution logs
[2024-08-07T14:25:12.690+0000] {taskinstance.py:1206} INFO - Marking task as SUCCESS. dag_id=***-space-exploration, task_id=Autorizacion_NASA, run_id=scheduled__2024-08-05T00:00:00+00:00, execution_date=20240805T000000, start_date=20240807T142452, end_date=20240807T142512
[2024-08-07T14:25:12.754+0000] {local_task_job_runner.py:243} INFO - Task exited with return code 0
[2024-08-07T14:25:12.784+0000] {taskinstance.py:3503} INFO - 1 downstream tasks scheduled from follow-on schedule check
[2024-08-07T14:25:12.788+0000] {local_task_job_runner.py:222} INFO - ::endgroup::
