[2024-08-07T20:33:50.094+0000] {local_task_job_runner.py:120} INFO - ::group::Pre task execution logs
[2024-08-07T20:33:50.175+0000] {taskinstance.py:2076} INFO - Dependencies all met for dep_context=non-requeueable deps ti=<TaskInstance: space_exploration.read_satellite_response_data scheduled__2023-02-17T00:00:00+00:00 [queued]>
[2024-08-07T20:33:50.208+0000] {taskinstance.py:2076} INFO - Dependencies all met for dep_context=requeueable deps ti=<TaskInstance: space_exploration.read_satellite_response_data scheduled__2023-02-17T00:00:00+00:00 [queued]>
[2024-08-07T20:33:50.210+0000] {taskinstance.py:2306} INFO - Starting attempt 1 of 2
[2024-08-07T20:33:50.788+0000] {taskinstance.py:2330} INFO - Executing <Task(BashOperator): read_satellite_response_data> on 2023-02-17 00:00:00+00:00
[2024-08-07T20:33:50.817+0000] {warnings.py:112} WARNING - /home/***/.local/lib/python3.12/site-packages/***/task/task_runner/standard_task_runner.py:62: DeprecationWarning: This process (pid=405) is multi-threaded, use of fork() may lead to deadlocks in the child.
  pid = os.fork()

[2024-08-07T20:33:50.835+0000] {standard_task_runner.py:64} INFO - Started process 447 to run task
[2024-08-07T20:33:50.830+0000] {standard_task_runner.py:90} INFO - Running: ['***', 'tasks', 'run', 'space_exploration', 'read_satellite_response_data', 'scheduled__2023-02-17T00:00:00+00:00', '--job-id', '112', '--raw', '--subdir', 'DAGS_FOLDER/***-space-exploration.py', '--cfg-path', '/tmp/tmpxuraevjx']
[2024-08-07T20:33:50.846+0000] {standard_task_runner.py:91} INFO - Job 112: Subtask read_satellite_response_data
[2024-08-07T20:33:51.113+0000] {task_command.py:426} INFO - Running <TaskInstance: space_exploration.read_satellite_response_data scheduled__2023-02-17T00:00:00+00:00 [running]> on host 13935ade345d
[2024-08-07T20:33:51.379+0000] {taskinstance.py:2648} INFO - Exporting env vars: AIRFLOW_CTX_DAG_OWNER='***' AIRFLOW_CTX_DAG_ID='space_exploration' AIRFLOW_CTX_TASK_ID='read_satellite_response_data' AIRFLOW_CTX_EXECUTION_DATE='2023-02-17T00:00:00+00:00' AIRFLOW_CTX_TRY_NUMBER='1' AIRFLOW_CTX_DAG_RUN_ID='scheduled__2023-02-17T00:00:00+00:00'
[2024-08-07T20:33:51.385+0000] {taskinstance.py:430} INFO - ::endgroup::
[2024-08-07T20:33:51.422+0000] {subprocess.py:63} INFO - Tmp dir root location: /tmp
[2024-08-07T20:33:51.424+0000] {subprocess.py:75} INFO - Running command: ['/usr/bin/bash', '-c', 'ls /tmp && head /tmp/platzi_data_20230217.csv']
[2024-08-07T20:33:51.459+0000] {subprocess.py:86} INFO - Output:
[2024-08-07T20:33:51.480+0000] {subprocess.py:93} INFO - ***tmpb7g_i2ca
[2024-08-07T20:33:51.485+0000] {subprocess.py:93} INFO - ***tmpspivzrmn
[2024-08-07T20:33:51.488+0000] {subprocess.py:93} INFO - platzi_data_20230209.csv
[2024-08-07T20:33:51.490+0000] {subprocess.py:93} INFO - platzi_data_20230210.csv
[2024-08-07T20:33:51.491+0000] {subprocess.py:93} INFO - platzi_data_20230211.csv
[2024-08-07T20:33:51.493+0000] {subprocess.py:93} INFO - platzi_data_20230212.csv
[2024-08-07T20:33:51.494+0000] {subprocess.py:93} INFO - platzi_data_20230213.csv
[2024-08-07T20:33:51.495+0000] {subprocess.py:93} INFO - platzi_data_20230214.csv
[2024-08-07T20:33:51.496+0000] {subprocess.py:93} INFO - platzi_data_20230215.csv
[2024-08-07T20:33:51.497+0000] {subprocess.py:93} INFO - platzi_data_20230216.csv
[2024-08-07T20:33:51.498+0000] {subprocess.py:93} INFO - platzi_data_20230217.csv
[2024-08-07T20:33:51.500+0000] {subprocess.py:93} INFO - platzi_data_20230218.csv
[2024-08-07T20:33:51.501+0000] {subprocess.py:93} INFO - platzi_data_20230219.csv
[2024-08-07T20:33:51.502+0000] {subprocess.py:93} INFO - platzi_data_20230220.csv
[2024-08-07T20:33:51.509+0000] {subprocess.py:93} INFO - platzi_data_20230221.csv
[2024-08-07T20:33:51.512+0000] {subprocess.py:93} INFO - platzi_data_20230222.csv
[2024-08-07T20:33:51.512+0000] {subprocess.py:93} INFO - platzi_data_20230223.csv
[2024-08-07T20:33:51.513+0000] {subprocess.py:93} INFO - platzi_data_20230224.csv
[2024-08-07T20:33:51.514+0000] {subprocess.py:93} INFO - platzi_data_20240801.csv
[2024-08-07T20:33:51.515+0000] {subprocess.py:93} INFO - platzi_data_20240802.csv
[2024-08-07T20:33:51.516+0000] {subprocess.py:93} INFO - platzi_data_20240803.csv
[2024-08-07T20:33:51.517+0000] {subprocess.py:93} INFO - platzi_data_20240804.csv
[2024-08-07T20:33:51.518+0000] {subprocess.py:93} INFO - platzi_data_20240805.csv
[2024-08-07T20:33:51.519+0000] {subprocess.py:93} INFO - platzi_data_20240806.csv
[2024-08-07T20:33:51.519+0000] {subprocess.py:93} INFO - pymp-fb5shr1t
[2024-08-07T20:33:51.521+0000] {subprocess.py:93} INFO - response_20230209.txt
[2024-08-07T20:33:51.523+0000] {subprocess.py:93} INFO - response_20230210.txt
[2024-08-07T20:33:51.524+0000] {subprocess.py:93} INFO - response_20230211.txt
[2024-08-07T20:33:51.525+0000] {subprocess.py:93} INFO - response_20230212.txt
[2024-08-07T20:33:51.529+0000] {subprocess.py:93} INFO - response_20230213.txt
[2024-08-07T20:33:51.531+0000] {subprocess.py:93} INFO - response_20230214.txt
[2024-08-07T20:33:51.532+0000] {subprocess.py:93} INFO - response_20230215.txt
[2024-08-07T20:33:51.533+0000] {subprocess.py:93} INFO - response_20230216.txt
[2024-08-07T20:33:51.535+0000] {subprocess.py:93} INFO - response_20230217.txt
[2024-08-07T20:33:51.536+0000] {subprocess.py:93} INFO - response_20230218.txt
[2024-08-07T20:33:51.537+0000] {subprocess.py:93} INFO - response_20230219.txt
[2024-08-07T20:33:51.542+0000] {subprocess.py:93} INFO - response_20230220.txt
[2024-08-07T20:33:51.544+0000] {subprocess.py:93} INFO - response_20230221.txt
[2024-08-07T20:33:51.546+0000] {subprocess.py:93} INFO - response_20230222.txt
[2024-08-07T20:33:51.548+0000] {subprocess.py:93} INFO - response_20230223.txt
[2024-08-07T20:33:51.549+0000] {subprocess.py:93} INFO - response_20230224.txt
[2024-08-07T20:33:51.550+0000] {subprocess.py:93} INFO - response_20240801.txt
[2024-08-07T20:33:51.551+0000] {subprocess.py:93} INFO - response_20240802.txt
[2024-08-07T20:33:51.551+0000] {subprocess.py:93} INFO - response_20240803.txt
[2024-08-07T20:33:51.552+0000] {subprocess.py:93} INFO - response_20240804.txt
[2024-08-07T20:33:51.562+0000] {subprocess.py:93} INFO - response_20240805.txt
[2024-08-07T20:33:51.563+0000] {subprocess.py:93} INFO - response_20240806.txt
[2024-08-07T20:33:51.565+0000] {subprocess.py:93} INFO - spacex_20230209.json
[2024-08-07T20:33:51.566+0000] {subprocess.py:93} INFO - spacex_20230210.json
[2024-08-07T20:33:51.567+0000] {subprocess.py:93} INFO - spacex_20230211.json
[2024-08-07T20:33:51.568+0000] {subprocess.py:93} INFO - spacex_20230212.json
[2024-08-07T20:33:51.569+0000] {subprocess.py:93} INFO - spacex_20230213.json
[2024-08-07T20:33:51.569+0000] {subprocess.py:93} INFO - spacex_20230214.json
[2024-08-07T20:33:51.570+0000] {subprocess.py:93} INFO - spacex_20230215.json
[2024-08-07T20:33:51.572+0000] {subprocess.py:93} INFO - spacex_20230216.json
[2024-08-07T20:33:51.582+0000] {subprocess.py:93} INFO - spacex_20230217.json
[2024-08-07T20:33:51.583+0000] {subprocess.py:93} INFO - spacex_20230218.json
[2024-08-07T20:33:51.584+0000] {subprocess.py:93} INFO - spacex_20230219.json
[2024-08-07T20:33:51.623+0000] {subprocess.py:93} INFO - spacex_20230220.json
[2024-08-07T20:33:51.648+0000] {subprocess.py:93} INFO - spacex_20230221.json
[2024-08-07T20:33:51.654+0000] {subprocess.py:93} INFO - spacex_20230222.json
[2024-08-07T20:33:51.658+0000] {subprocess.py:93} INFO - spacex_20230223.json
[2024-08-07T20:33:51.678+0000] {subprocess.py:93} INFO - spacex_20230224.json
[2024-08-07T20:33:51.681+0000] {subprocess.py:93} INFO - tmphcv65r02
[2024-08-07T20:33:51.690+0000] {subprocess.py:93} INFO - tmpi0fesvt9
[2024-08-07T20:33:51.693+0000] {subprocess.py:93} INFO - tmpkiuduoat
[2024-08-07T20:33:51.698+0000] {subprocess.py:93} INFO - Student,timestamp
[2024-08-07T20:33:51.699+0000] {subprocess.py:93} INFO - Maria Cruz,2023-02-17 00:00:00+00:00
[2024-08-07T20:33:51.702+0000] {subprocess.py:93} INFO - Daniel Crema,2023-02-17 00:00:00+00:00
[2024-08-07T20:33:51.703+0000] {subprocess.py:93} INFO - Elon Musk,2023-02-17 00:00:00+00:00
[2024-08-07T20:33:51.705+0000] {subprocess.py:93} INFO - Karol Castrejon,2023-02-17 00:00:00+00:00
[2024-08-07T20:33:51.709+0000] {subprocess.py:93} INFO - Freddy Vega,2023-02-17 00:00:00+00:00
[2024-08-07T20:33:51.716+0000] {subprocess.py:93} INFO - Felipe Duque,2023-02-17 00:00:00+00:00
[2024-08-07T20:33:51.720+0000] {subprocess.py:97} INFO - Command exited with return code 0
[2024-08-07T20:33:51.721+0000] {taskinstance.py:441} INFO - ::group::Post task execution logs
[2024-08-07T20:33:51.913+0000] {taskinstance.py:1206} INFO - Marking task as SUCCESS. dag_id=space_exploration, task_id=read_satellite_response_data, run_id=scheduled__2023-02-17T00:00:00+00:00, execution_date=20230217T000000, start_date=20240807T203350, end_date=20240807T203351
[2024-08-07T20:33:52.012+0000] {local_task_job_runner.py:243} INFO - Task exited with return code 0
[2024-08-07T20:33:52.109+0000] {taskinstance.py:3503} INFO - 1 downstream tasks scheduled from follow-on schedule check
[2024-08-07T20:33:52.151+0000] {local_task_job_runner.py:222} INFO - ::endgroup::
