[2024-08-07T14:20:43.147+0000] {local_task_job_runner.py:120} INFO - ::group::Pre task execution logs
[2024-08-07T14:20:43.196+0000] {taskinstance.py:2076} INFO - Dependencies all met for dep_context=non-requeueable deps ti=<TaskInstance: airflow-space-exploration.respuesta_satelite scheduled__2024-08-06T00:00:00+00:00 [queued]>
[2024-08-07T14:20:43.216+0000] {taskinstance.py:2076} INFO - Dependencies all met for dep_context=requeueable deps ti=<TaskInstance: airflow-space-exploration.respuesta_satelite scheduled__2024-08-06T00:00:00+00:00 [queued]>
[2024-08-07T14:20:43.217+0000] {taskinstance.py:2306} INFO - Starting attempt 1 of 1
[2024-08-07T14:20:43.255+0000] {taskinstance.py:2330} INFO - Executing <Task(PythonOperator): respuesta_satelite> on 2024-08-06 00:00:00+00:00
[2024-08-07T14:20:43.267+0000] {warnings.py:112} WARNING - /home/***/.local/lib/python3.12/site-packages/***/task/task_runner/standard_task_runner.py:62: DeprecationWarning: This process (pid=322) is multi-threaded, use of fork() may lead to deadlocks in the child.
  pid = os.fork()

[2024-08-07T14:20:43.270+0000] {standard_task_runner.py:64} INFO - Started process 330 to run task
[2024-08-07T14:20:43.270+0000] {standard_task_runner.py:90} INFO - Running: ['***', 'tasks', 'run', '***-space-exploration', 'respuesta_satelite', 'scheduled__2024-08-06T00:00:00+00:00', '--job-id', '42', '--raw', '--subdir', 'DAGS_FOLDER/***-space-exploration.py', '--cfg-path', '/tmp/tmp0ilt9yh4']
[2024-08-07T14:20:43.273+0000] {standard_task_runner.py:91} INFO - Job 42: Subtask respuesta_satelite
[2024-08-07T14:20:43.356+0000] {task_command.py:426} INFO - Running <TaskInstance: airflow-space-exploration.respuesta_satelite scheduled__2024-08-06T00:00:00+00:00 [running]> on host 38873943cc86
[2024-08-07T14:20:43.487+0000] {taskinstance.py:2648} INFO - Exporting env vars: AIRFLOW_CTX_DAG_OWNER='***' AIRFLOW_CTX_DAG_ID='***-space-exploration' AIRFLOW_CTX_TASK_ID='respuesta_satelite' AIRFLOW_CTX_EXECUTION_DATE='2024-08-06T00:00:00+00:00' AIRFLOW_CTX_TRY_NUMBER='1' AIRFLOW_CTX_DAG_RUN_ID='scheduled__2024-08-06T00:00:00+00:00'
[2024-08-07T14:20:43.489+0000] {taskinstance.py:430} INFO - ::endgroup::
[2024-08-07T14:20:46.273+0000] {python.py:237} INFO - Done. Returned value was: None
[2024-08-07T14:20:46.274+0000] {taskinstance.py:441} INFO - ::group::Post task execution logs
[2024-08-07T14:20:46.285+0000] {taskinstance.py:1206} INFO - Marking task as SUCCESS. dag_id=***-space-exploration, task_id=respuesta_satelite, run_id=scheduled__2024-08-06T00:00:00+00:00, execution_date=20240806T000000, start_date=20240807T142043, end_date=20240807T142046
[2024-08-07T14:20:46.338+0000] {local_task_job_runner.py:243} INFO - Task exited with return code 0
[2024-08-07T14:20:46.361+0000] {taskinstance.py:3503} INFO - 0 downstream tasks scheduled from follow-on schedule check
[2024-08-07T14:20:46.368+0000] {local_task_job_runner.py:222} INFO - ::endgroup::
[2024-08-07T14:24:09.412+0000] {local_task_job_runner.py:120} INFO - ::group::Pre task execution logs
[2024-08-07T14:24:09.458+0000] {taskinstance.py:2076} INFO - Dependencies all met for dep_context=non-requeueable deps ti=<TaskInstance: airflow-space-exploration.Respuesta_satelite scheduled__2024-08-06T00:00:00+00:00 [queued]>
[2024-08-07T14:24:09.476+0000] {taskinstance.py:2076} INFO - Dependencies all met for dep_context=requeueable deps ti=<TaskInstance: airflow-space-exploration.Respuesta_satelite scheduled__2024-08-06T00:00:00+00:00 [queued]>
[2024-08-07T14:24:09.478+0000] {taskinstance.py:2306} INFO - Starting attempt 1 of 1
[2024-08-07T14:24:09.506+0000] {taskinstance.py:2330} INFO - Executing <Task(PythonOperator): Respuesta_satelite> on 2024-08-06 00:00:00+00:00
[2024-08-07T14:24:09.517+0000] {warnings.py:112} WARNING - /home/***/.local/lib/python3.12/site-packages/***/task/task_runner/standard_task_runner.py:62: DeprecationWarning: This process (pid=412) is multi-threaded, use of fork() may lead to deadlocks in the child.
  pid = os.fork()

[2024-08-07T14:24:09.518+0000] {standard_task_runner.py:90} INFO - Running: ['***', 'tasks', 'run', '***-space-exploration', 'Respuesta_satelite', 'scheduled__2024-08-06T00:00:00+00:00', '--job-id', '56', '--raw', '--subdir', 'DAGS_FOLDER/***-space-exploration.py', '--cfg-path', '/tmp/tmp4b6lnf1m']
[2024-08-07T14:24:09.519+0000] {standard_task_runner.py:64} INFO - Started process 424 to run task
[2024-08-07T14:24:09.520+0000] {standard_task_runner.py:91} INFO - Job 56: Subtask Respuesta_satelite
[2024-08-07T14:24:09.573+0000] {task_command.py:426} INFO - Running <TaskInstance: airflow-space-exploration.Respuesta_satelite scheduled__2024-08-06T00:00:00+00:00 [running]> on host 38873943cc86
[2024-08-07T14:24:09.676+0000] {taskinstance.py:2648} INFO - Exporting env vars: AIRFLOW_CTX_DAG_OWNER='***' AIRFLOW_CTX_DAG_ID='***-space-exploration' AIRFLOW_CTX_TASK_ID='Respuesta_satelite' AIRFLOW_CTX_EXECUTION_DATE='2024-08-06T00:00:00+00:00' AIRFLOW_CTX_TRY_NUMBER='1' AIRFLOW_CTX_DAG_RUN_ID='scheduled__2024-08-06T00:00:00+00:00'
[2024-08-07T14:24:09.677+0000] {taskinstance.py:430} INFO - ::endgroup::
[2024-08-07T14:24:11.385+0000] {python.py:237} INFO - Done. Returned value was: None
[2024-08-07T14:24:11.386+0000] {taskinstance.py:441} INFO - ::group::Post task execution logs
[2024-08-07T14:24:11.399+0000] {taskinstance.py:1206} INFO - Marking task as SUCCESS. dag_id=***-space-exploration, task_id=Respuesta_satelite, run_id=scheduled__2024-08-06T00:00:00+00:00, execution_date=20240806T000000, start_date=20240807T142409, end_date=20240807T142411
[2024-08-07T14:24:11.466+0000] {local_task_job_runner.py:243} INFO - Task exited with return code 0
[2024-08-07T14:24:11.499+0000] {taskinstance.py:3503} INFO - 1 downstream tasks scheduled from follow-on schedule check
[2024-08-07T14:24:11.504+0000] {local_task_job_runner.py:222} INFO - ::endgroup::
[2024-08-07T14:43:17.987+0000] {local_task_job_runner.py:120} INFO - ::group::Pre task execution logs
[2024-08-07T14:43:18.043+0000] {taskinstance.py:2076} INFO - Dependencies all met for dep_context=non-requeueable deps ti=<TaskInstance: airflow-space-exploration.Respuesta_Satelite scheduled__2024-08-06T00:00:00+00:00 [queued]>
[2024-08-07T14:43:18.061+0000] {taskinstance.py:2076} INFO - Dependencies all met for dep_context=requeueable deps ti=<TaskInstance: airflow-space-exploration.Respuesta_Satelite scheduled__2024-08-06T00:00:00+00:00 [queued]>
[2024-08-07T14:43:18.062+0000] {taskinstance.py:2306} INFO - Starting attempt 1 of 1
[2024-08-07T14:43:18.094+0000] {taskinstance.py:2330} INFO - Executing <Task(PythonOperator): Respuesta_Satelite> on 2024-08-06 00:00:00+00:00
[2024-08-07T14:43:18.103+0000] {warnings.py:112} WARNING - /home/***/.local/lib/python3.12/site-packages/***/task/task_runner/standard_task_runner.py:62: DeprecationWarning: This process (pid=1070) is multi-threaded, use of fork() may lead to deadlocks in the child.
  pid = os.fork()

[2024-08-07T14:43:18.105+0000] {standard_task_runner.py:64} INFO - Started process 1077 to run task
[2024-08-07T14:43:18.110+0000] {standard_task_runner.py:90} INFO - Running: ['***', 'tasks', 'run', '***-space-exploration', 'Respuesta_Satelite', 'scheduled__2024-08-06T00:00:00+00:00', '--job-id', '180', '--raw', '--subdir', 'DAGS_FOLDER/***-space-exploration.py', '--cfg-path', '/tmp/tmp6w1_3dvq']
[2024-08-07T14:43:18.111+0000] {standard_task_runner.py:91} INFO - Job 180: Subtask Respuesta_Satelite
[2024-08-07T14:43:18.195+0000] {task_command.py:426} INFO - Running <TaskInstance: airflow-space-exploration.Respuesta_Satelite scheduled__2024-08-06T00:00:00+00:00 [running]> on host 38873943cc86
[2024-08-07T14:43:18.348+0000] {taskinstance.py:2648} INFO - Exporting env vars: AIRFLOW_CTX_DAG_OWNER='***' AIRFLOW_CTX_DAG_ID='***-space-exploration' AIRFLOW_CTX_TASK_ID='Respuesta_Satelite' AIRFLOW_CTX_EXECUTION_DATE='2024-08-06T00:00:00+00:00' AIRFLOW_CTX_TRY_NUMBER='1' AIRFLOW_CTX_DAG_RUN_ID='scheduled__2024-08-06T00:00:00+00:00'
[2024-08-07T14:43:18.350+0000] {taskinstance.py:430} INFO - ::endgroup::
[2024-08-07T14:43:22.768+0000] {python.py:237} INFO - Done. Returned value was: None
[2024-08-07T14:43:22.770+0000] {taskinstance.py:441} INFO - ::group::Post task execution logs
[2024-08-07T14:43:22.799+0000] {taskinstance.py:1206} INFO - Marking task as SUCCESS. dag_id=***-space-exploration, task_id=Respuesta_Satelite, run_id=scheduled__2024-08-06T00:00:00+00:00, execution_date=20240806T000000, start_date=20240807T144318, end_date=20240807T144322
[2024-08-07T14:43:22.907+0000] {local_task_job_runner.py:243} INFO - Task exited with return code 0
[2024-08-07T14:43:22.950+0000] {taskinstance.py:3503} INFO - 0 downstream tasks scheduled from follow-on schedule check
[2024-08-07T14:43:22.954+0000] {local_task_job_runner.py:222} INFO - ::endgroup::
