[2024-08-07T14:27:20.822+0000] {local_task_job_runner.py:120} INFO - ::group::Pre task execution logs
[2024-08-07T14:27:20.859+0000] {taskinstance.py:2076} INFO - Dependencies all met for dep_context=non-requeueable deps ti=<TaskInstance: airflow-space-exploration.Respuesta_satelite scheduled__2024-08-06T00:00:00+00:00 [queued]>
[2024-08-07T14:27:20.874+0000] {taskinstance.py:2076} INFO - Dependencies all met for dep_context=requeueable deps ti=<TaskInstance: airflow-space-exploration.Respuesta_satelite scheduled__2024-08-06T00:00:00+00:00 [queued]>
[2024-08-07T14:27:20.875+0000] {taskinstance.py:2306} INFO - Starting attempt 3 of 3
[2024-08-07T14:27:20.899+0000] {taskinstance.py:2330} INFO - Executing <Task(PythonOperator): Respuesta_satelite> on 2024-08-06 00:00:00+00:00
[2024-08-07T14:27:20.906+0000] {warnings.py:112} WARNING - /home/***/.local/lib/python3.12/site-packages/***/task/task_runner/standard_task_runner.py:62: DeprecationWarning: This process (pid=636) is multi-threaded, use of fork() may lead to deadlocks in the child.
  pid = os.fork()

[2024-08-07T14:27:20.908+0000] {standard_task_runner.py:64} INFO - Started process 644 to run task
[2024-08-07T14:27:20.908+0000] {standard_task_runner.py:90} INFO - Running: ['***', 'tasks', 'run', '***-space-exploration', 'Respuesta_satelite', 'scheduled__2024-08-06T00:00:00+00:00', '--job-id', '112', '--raw', '--subdir', 'DAGS_FOLDER/***-space-exploration.py', '--cfg-path', '/tmp/tmp6dz5qimi']
[2024-08-07T14:27:20.910+0000] {standard_task_runner.py:91} INFO - Job 112: Subtask Respuesta_satelite
[2024-08-07T14:27:20.969+0000] {task_command.py:426} INFO - Running <TaskInstance: airflow-space-exploration.Respuesta_satelite scheduled__2024-08-06T00:00:00+00:00 [running]> on host 38873943cc86
[2024-08-07T14:27:21.078+0000] {taskinstance.py:2648} INFO - Exporting env vars: AIRFLOW_CTX_DAG_OWNER='***' AIRFLOW_CTX_DAG_ID='***-space-exploration' AIRFLOW_CTX_TASK_ID='Respuesta_satelite' AIRFLOW_CTX_EXECUTION_DATE='2024-08-06T00:00:00+00:00' AIRFLOW_CTX_TRY_NUMBER='3' AIRFLOW_CTX_DAG_RUN_ID='scheduled__2024-08-06T00:00:00+00:00'
[2024-08-07T14:27:21.079+0000] {taskinstance.py:430} INFO - ::endgroup::
[2024-08-07T14:27:21.743+0000] {python.py:237} INFO - Done. Returned value was: None
[2024-08-07T14:27:21.744+0000] {taskinstance.py:441} INFO - ::group::Post task execution logs
[2024-08-07T14:27:21.754+0000] {taskinstance.py:1206} INFO - Marking task as SUCCESS. dag_id=***-space-exploration, task_id=Respuesta_satelite, run_id=scheduled__2024-08-06T00:00:00+00:00, execution_date=20240806T000000, start_date=20240807T142720, end_date=20240807T142721
[2024-08-07T14:27:21.806+0000] {local_task_job_runner.py:243} INFO - Task exited with return code 0
[2024-08-07T14:27:21.842+0000] {taskinstance.py:3503} INFO - 1 downstream tasks scheduled from follow-on schedule check
[2024-08-07T14:27:21.850+0000] {local_task_job_runner.py:222} INFO - ::endgroup::
[2024-08-07T14:54:29.736+0000] {local_task_job_runner.py:120} INFO - ::group::Pre task execution logs
[2024-08-07T14:54:29.773+0000] {taskinstance.py:2076} INFO - Dependencies all met for dep_context=non-requeueable deps ti=<TaskInstance: airflow-space-exploration.Respuesta_Satelite scheduled__2024-08-06T00:00:00+00:00 [queued]>
[2024-08-07T14:54:29.786+0000] {taskinstance.py:2076} INFO - Dependencies all met for dep_context=requeueable deps ti=<TaskInstance: airflow-space-exploration.Respuesta_Satelite scheduled__2024-08-06T00:00:00+00:00 [queued]>
[2024-08-07T14:54:29.786+0000] {taskinstance.py:2306} INFO - Starting attempt 3 of 3
[2024-08-07T14:54:29.814+0000] {taskinstance.py:2330} INFO - Executing <Task(PythonOperator): Respuesta_Satelite> on 2024-08-06 00:00:00+00:00
[2024-08-07T14:54:29.823+0000] {warnings.py:112} WARNING - /home/***/.local/lib/python3.12/site-packages/***/task/task_runner/standard_task_runner.py:62: DeprecationWarning: This process (pid=1443) is multi-threaded, use of fork() may lead to deadlocks in the child.
  pid = os.fork()

[2024-08-07T14:54:29.825+0000] {standard_task_runner.py:64} INFO - Started process 1446 to run task
[2024-08-07T14:54:29.826+0000] {standard_task_runner.py:90} INFO - Running: ['***', 'tasks', 'run', '***-space-exploration', 'Respuesta_Satelite', 'scheduled__2024-08-06T00:00:00+00:00', '--job-id', '248', '--raw', '--subdir', 'DAGS_FOLDER/***-space-exploration.py', '--cfg-path', '/tmp/tmp2q4w1bv4']
[2024-08-07T14:54:29.828+0000] {standard_task_runner.py:91} INFO - Job 248: Subtask Respuesta_Satelite
[2024-08-07T14:54:29.917+0000] {task_command.py:426} INFO - Running <TaskInstance: airflow-space-exploration.Respuesta_Satelite scheduled__2024-08-06T00:00:00+00:00 [running]> on host 38873943cc86
[2024-08-07T14:54:30.046+0000] {taskinstance.py:2648} INFO - Exporting env vars: AIRFLOW_CTX_DAG_OWNER='***' AIRFLOW_CTX_DAG_ID='***-space-exploration' AIRFLOW_CTX_TASK_ID='Respuesta_Satelite' AIRFLOW_CTX_EXECUTION_DATE='2024-08-06T00:00:00+00:00' AIRFLOW_CTX_TRY_NUMBER='3' AIRFLOW_CTX_DAG_RUN_ID='scheduled__2024-08-06T00:00:00+00:00'
[2024-08-07T14:54:30.048+0000] {taskinstance.py:430} INFO - ::endgroup::
[2024-08-07T14:54:30.890+0000] {python.py:237} INFO - Done. Returned value was: None
[2024-08-07T14:54:30.892+0000] {taskinstance.py:441} INFO - ::group::Post task execution logs
[2024-08-07T14:54:30.907+0000] {taskinstance.py:1206} INFO - Marking task as SUCCESS. dag_id=***-space-exploration, task_id=Respuesta_Satelite, run_id=scheduled__2024-08-06T00:00:00+00:00, execution_date=20240806T000000, start_date=20240807T145429, end_date=20240807T145430
[2024-08-07T14:54:30.973+0000] {local_task_job_runner.py:243} INFO - Task exited with return code 0
[2024-08-07T14:54:31.003+0000] {taskinstance.py:3503} INFO - 1 downstream tasks scheduled from follow-on schedule check
[2024-08-07T14:54:31.009+0000] {local_task_job_runner.py:222} INFO - ::endgroup::
