[2024-08-07T14:25:15.229+0000] {local_task_job_runner.py:120} INFO - ::group::Pre task execution logs
[2024-08-07T14:25:15.267+0000] {taskinstance.py:2076} INFO - Dependencies all met for dep_context=non-requeueable deps ti=<TaskInstance: airflow-space-exploration.Respuesta_satelite scheduled__2024-08-06T00:00:00+00:00 [queued]>
[2024-08-07T14:25:15.283+0000] {taskinstance.py:2076} INFO - Dependencies all met for dep_context=requeueable deps ti=<TaskInstance: airflow-space-exploration.Respuesta_satelite scheduled__2024-08-06T00:00:00+00:00 [queued]>
[2024-08-07T14:25:15.284+0000] {taskinstance.py:2306} INFO - Starting attempt 2 of 2
[2024-08-07T14:25:15.313+0000] {taskinstance.py:2330} INFO - Executing <Task(PythonOperator): Respuesta_satelite> on 2024-08-06 00:00:00+00:00
[2024-08-07T14:25:15.324+0000] {warnings.py:112} WARNING - /home/***/.local/lib/python3.12/site-packages/***/task/task_runner/standard_task_runner.py:62: DeprecationWarning: This process (pid=514) is multi-threaded, use of fork() may lead to deadlocks in the child.
  pid = os.fork()

[2024-08-07T14:25:15.326+0000] {standard_task_runner.py:64} INFO - Started process 525 to run task
[2024-08-07T14:25:15.329+0000] {standard_task_runner.py:90} INFO - Running: ['***', 'tasks', 'run', '***-space-exploration', 'Respuesta_satelite', 'scheduled__2024-08-06T00:00:00+00:00', '--job-id', '82', '--raw', '--subdir', 'DAGS_FOLDER/***-space-exploration.py', '--cfg-path', '/tmp/tmp9rodmiqe']
[2024-08-07T14:25:15.331+0000] {standard_task_runner.py:91} INFO - Job 82: Subtask Respuesta_satelite
[2024-08-07T14:25:15.397+0000] {task_command.py:426} INFO - Running <TaskInstance: airflow-space-exploration.Respuesta_satelite scheduled__2024-08-06T00:00:00+00:00 [running]> on host 38873943cc86
[2024-08-07T14:25:15.507+0000] {taskinstance.py:2648} INFO - Exporting env vars: AIRFLOW_CTX_DAG_OWNER='***' AIRFLOW_CTX_DAG_ID='***-space-exploration' AIRFLOW_CTX_TASK_ID='Respuesta_satelite' AIRFLOW_CTX_EXECUTION_DATE='2024-08-06T00:00:00+00:00' AIRFLOW_CTX_TRY_NUMBER='2' AIRFLOW_CTX_DAG_RUN_ID='scheduled__2024-08-06T00:00:00+00:00'
[2024-08-07T14:25:15.509+0000] {taskinstance.py:430} INFO - ::endgroup::
[2024-08-07T14:25:16.893+0000] {python.py:237} INFO - Done. Returned value was: None
[2024-08-07T14:25:16.894+0000] {taskinstance.py:441} INFO - ::group::Post task execution logs
[2024-08-07T14:25:16.916+0000] {taskinstance.py:1206} INFO - Marking task as SUCCESS. dag_id=***-space-exploration, task_id=Respuesta_satelite, run_id=scheduled__2024-08-06T00:00:00+00:00, execution_date=20240806T000000, start_date=20240807T142515, end_date=20240807T142516
[2024-08-07T14:25:16.989+0000] {local_task_job_runner.py:243} INFO - Task exited with return code 0
[2024-08-07T14:25:17.020+0000] {taskinstance.py:3503} INFO - 1 downstream tasks scheduled from follow-on schedule check
[2024-08-07T14:25:17.025+0000] {local_task_job_runner.py:222} INFO - ::endgroup::
[2024-08-07T14:46:07.403+0000] {local_task_job_runner.py:120} INFO - ::group::Pre task execution logs
[2024-08-07T14:46:07.449+0000] {taskinstance.py:2076} INFO - Dependencies all met for dep_context=non-requeueable deps ti=<TaskInstance: airflow-space-exploration.Respuesta_Satelite scheduled__2024-08-06T00:00:00+00:00 [queued]>
[2024-08-07T14:46:07.460+0000] {taskinstance.py:2076} INFO - Dependencies all met for dep_context=requeueable deps ti=<TaskInstance: airflow-space-exploration.Respuesta_Satelite scheduled__2024-08-06T00:00:00+00:00 [queued]>
[2024-08-07T14:46:07.461+0000] {taskinstance.py:2306} INFO - Starting attempt 2 of 2
[2024-08-07T14:46:07.506+0000] {taskinstance.py:2330} INFO - Executing <Task(PythonOperator): Respuesta_Satelite> on 2024-08-06 00:00:00+00:00
[2024-08-07T14:46:07.512+0000] {warnings.py:112} WARNING - /home/***/.local/lib/python3.12/site-packages/***/task/task_runner/standard_task_runner.py:62: DeprecationWarning: This process (pid=1197) is multi-threaded, use of fork() may lead to deadlocks in the child.
  pid = os.fork()

[2024-08-07T14:46:07.515+0000] {standard_task_runner.py:64} INFO - Started process 1213 to run task
[2024-08-07T14:46:07.514+0000] {standard_task_runner.py:90} INFO - Running: ['***', 'tasks', 'run', '***-space-exploration', 'Respuesta_Satelite', 'scheduled__2024-08-06T00:00:00+00:00', '--job-id', '211', '--raw', '--subdir', 'DAGS_FOLDER/***-space-exploration.py', '--cfg-path', '/tmp/tmp6_vm22ms']
[2024-08-07T14:46:07.516+0000] {standard_task_runner.py:91} INFO - Job 211: Subtask Respuesta_Satelite
[2024-08-07T14:46:07.633+0000] {task_command.py:426} INFO - Running <TaskInstance: airflow-space-exploration.Respuesta_Satelite scheduled__2024-08-06T00:00:00+00:00 [running]> on host 38873943cc86
[2024-08-07T14:46:07.935+0000] {taskinstance.py:2648} INFO - Exporting env vars: AIRFLOW_CTX_DAG_OWNER='***' AIRFLOW_CTX_DAG_ID='***-space-exploration' AIRFLOW_CTX_TASK_ID='Respuesta_Satelite' AIRFLOW_CTX_EXECUTION_DATE='2024-08-06T00:00:00+00:00' AIRFLOW_CTX_TRY_NUMBER='2' AIRFLOW_CTX_DAG_RUN_ID='scheduled__2024-08-06T00:00:00+00:00'
[2024-08-07T14:46:07.937+0000] {taskinstance.py:430} INFO - ::endgroup::
[2024-08-07T14:46:09.799+0000] {python.py:237} INFO - Done. Returned value was: None
[2024-08-07T14:46:09.800+0000] {taskinstance.py:441} INFO - ::group::Post task execution logs
[2024-08-07T14:46:09.818+0000] {taskinstance.py:1206} INFO - Marking task as SUCCESS. dag_id=***-space-exploration, task_id=Respuesta_Satelite, run_id=scheduled__2024-08-06T00:00:00+00:00, execution_date=20240806T000000, start_date=20240807T144607, end_date=20240807T144609
[2024-08-07T14:46:09.898+0000] {local_task_job_runner.py:243} INFO - Task exited with return code 0
[2024-08-07T14:46:09.929+0000] {taskinstance.py:3503} INFO - 1 downstream tasks scheduled from follow-on schedule check
[2024-08-07T14:46:09.939+0000] {local_task_job_runner.py:222} INFO - ::endgroup::
