[2024-08-07T14:24:11.619+0000] {local_task_job_runner.py:120} INFO - ::group::Pre task execution logs
[2024-08-07T14:24:11.671+0000] {taskinstance.py:2076} INFO - Dependencies all met for dep_context=non-requeueable deps ti=<TaskInstance: airflow-space-exploration.Ver_data scheduled__2024-08-05T00:00:00+00:00 [queued]>
[2024-08-07T14:24:11.690+0000] {taskinstance.py:2076} INFO - Dependencies all met for dep_context=requeueable deps ti=<TaskInstance: airflow-space-exploration.Ver_data scheduled__2024-08-05T00:00:00+00:00 [queued]>
[2024-08-07T14:24:11.691+0000] {taskinstance.py:2306} INFO - Starting attempt 1 of 1
[2024-08-07T14:24:11.724+0000] {taskinstance.py:2330} INFO - Executing <Task(BashOperator): Ver_data> on 2024-08-05 00:00:00+00:00
[2024-08-07T14:24:11.732+0000] {warnings.py:112} WARNING - /home/***/.local/lib/python3.12/site-packages/***/task/task_runner/standard_task_runner.py:62: DeprecationWarning: This process (pid=431) is multi-threaded, use of fork() may lead to deadlocks in the child.
  pid = os.fork()

[2024-08-07T14:24:11.734+0000] {standard_task_runner.py:64} INFO - Started process 442 to run task
[2024-08-07T14:24:11.733+0000] {standard_task_runner.py:90} INFO - Running: ['***', 'tasks', 'run', '***-space-exploration', 'Ver_data', 'scheduled__2024-08-05T00:00:00+00:00', '--job-id', '62', '--raw', '--subdir', 'DAGS_FOLDER/***-space-exploration.py', '--cfg-path', '/tmp/tmpow9zbjb8']
[2024-08-07T14:24:11.735+0000] {standard_task_runner.py:91} INFO - Job 62: Subtask Ver_data
[2024-08-07T14:24:11.795+0000] {task_command.py:426} INFO - Running <TaskInstance: airflow-space-exploration.Ver_data scheduled__2024-08-05T00:00:00+00:00 [running]> on host 38873943cc86
[2024-08-07T14:24:11.906+0000] {taskinstance.py:2648} INFO - Exporting env vars: AIRFLOW_CTX_DAG_OWNER='***' AIRFLOW_CTX_DAG_ID='***-space-exploration' AIRFLOW_CTX_TASK_ID='Ver_data' AIRFLOW_CTX_EXECUTION_DATE='2024-08-05T00:00:00+00:00' AIRFLOW_CTX_TRY_NUMBER='1' AIRFLOW_CTX_DAG_RUN_ID='scheduled__2024-08-05T00:00:00+00:00'
[2024-08-07T14:24:11.907+0000] {taskinstance.py:430} INFO - ::endgroup::
[2024-08-07T14:24:11.927+0000] {subprocess.py:63} INFO - Tmp dir root location: /tmp
[2024-08-07T14:24:11.928+0000] {subprocess.py:75} INFO - Running command: ['/usr/bin/bash', '-c', "bash_command='ls /tmp && head /tmp/platzi_data.csv'"]
[2024-08-07T14:24:11.938+0000] {subprocess.py:86} INFO - Output:
[2024-08-07T14:24:11.940+0000] {subprocess.py:97} INFO - Command exited with return code 0
[2024-08-07T14:24:11.941+0000] {taskinstance.py:441} INFO - ::group::Post task execution logs
[2024-08-07T14:24:11.969+0000] {taskinstance.py:1206} INFO - Marking task as SUCCESS. dag_id=***-space-exploration, task_id=Ver_data, run_id=scheduled__2024-08-05T00:00:00+00:00, execution_date=20240805T000000, start_date=20240807T142411, end_date=20240807T142411
[2024-08-07T14:24:12.030+0000] {local_task_job_runner.py:243} INFO - Task exited with return code 0
[2024-08-07T14:24:12.046+0000] {taskinstance.py:3503} INFO - 0 downstream tasks scheduled from follow-on schedule check
[2024-08-07T14:24:12.049+0000] {local_task_job_runner.py:222} INFO - ::endgroup::
