[2024-08-07T14:59:09.174+0000] {local_task_job_runner.py:120} INFO - ::group::Pre task execution logs
[2024-08-07T14:59:09.258+0000] {taskinstance.py:2076} INFO - Dependencies all met for dep_context=non-requeueable deps ti=<TaskInstance: airflow-space-exploration.Ver_data scheduled__2024-08-05T00:00:00+00:00 [queued]>
[2024-08-07T14:59:09.294+0000] {taskinstance.py:2076} INFO - Dependencies all met for dep_context=requeueable deps ti=<TaskInstance: airflow-space-exploration.Ver_data scheduled__2024-08-05T00:00:00+00:00 [queued]>
[2024-08-07T14:59:09.298+0000] {taskinstance.py:2306} INFO - Starting attempt 8 of 8
[2024-08-07T14:59:09.367+0000] {taskinstance.py:2330} INFO - Executing <Task(BashOperator): Ver_data> on 2024-08-05 00:00:00+00:00
[2024-08-07T14:59:09.391+0000] {warnings.py:112} WARNING - /home/***/.local/lib/python3.12/site-packages/***/task/task_runner/standard_task_runner.py:62: DeprecationWarning: This process (pid=170) is multi-threaded, use of fork() may lead to deadlocks in the child.
  pid = os.fork()

[2024-08-07T14:59:09.393+0000] {standard_task_runner.py:90} INFO - Running: ['***', 'tasks', 'run', '***-space-exploration', 'Ver_data', 'scheduled__2024-08-05T00:00:00+00:00', '--job-id', '339', '--raw', '--subdir', 'DAGS_FOLDER/***-space-exploration.py', '--cfg-path', '/tmp/tmpukh7av30']
[2024-08-07T14:59:09.395+0000] {standard_task_runner.py:64} INFO - Started process 178 to run task
[2024-08-07T14:59:09.397+0000] {standard_task_runner.py:91} INFO - Job 339: Subtask Ver_data
[2024-08-07T14:59:09.510+0000] {task_command.py:426} INFO - Running <TaskInstance: airflow-space-exploration.Ver_data scheduled__2024-08-05T00:00:00+00:00 [running]> on host 38873943cc86
[2024-08-07T14:59:09.808+0000] {taskinstance.py:2648} INFO - Exporting env vars: AIRFLOW_CTX_DAG_OWNER='***' AIRFLOW_CTX_DAG_ID='***-space-exploration' AIRFLOW_CTX_TASK_ID='Ver_data' AIRFLOW_CTX_EXECUTION_DATE='2024-08-05T00:00:00+00:00' AIRFLOW_CTX_TRY_NUMBER='8' AIRFLOW_CTX_DAG_RUN_ID='scheduled__2024-08-05T00:00:00+00:00'
[2024-08-07T14:59:09.812+0000] {taskinstance.py:430} INFO - ::endgroup::
[2024-08-07T14:59:09.858+0000] {subprocess.py:63} INFO - Tmp dir root location: /tmp
[2024-08-07T14:59:09.864+0000] {subprocess.py:75} INFO - Running command: ['/usr/bin/bash', '-c', 'ls /tmp && head /tmp/platzi_data_20240805.csv']
[2024-08-07T14:59:09.898+0000] {subprocess.py:86} INFO - Output:
[2024-08-07T14:59:09.907+0000] {subprocess.py:93} INFO - ***tmpb7rxquqi
[2024-08-07T14:59:09.909+0000] {subprocess.py:93} INFO - ***tmpdtb6e0zj
[2024-08-07T14:59:09.910+0000] {subprocess.py:93} INFO - ***tmpei9dcvns
[2024-08-07T14:59:09.911+0000] {subprocess.py:93} INFO - ***tmpgw1guyfd
[2024-08-07T14:59:09.912+0000] {subprocess.py:93} INFO - ***tmpl9778c4l
[2024-08-07T14:59:09.913+0000] {subprocess.py:93} INFO - ***tmpwinwipgj
[2024-08-07T14:59:09.914+0000] {subprocess.py:93} INFO - ***tmpy2vd7kkj
[2024-08-07T14:59:09.916+0000] {subprocess.py:93} INFO - platzi_data_20240801.csv
[2024-08-07T14:59:09.917+0000] {subprocess.py:93} INFO - platzi_data_20240802.csv
[2024-08-07T14:59:09.918+0000] {subprocess.py:93} INFO - platzi_data_20240803.csv
[2024-08-07T14:59:09.919+0000] {subprocess.py:93} INFO - platzi_data_20240804.csv
[2024-08-07T14:59:09.921+0000] {subprocess.py:93} INFO - platzi_data_20240805.csv
[2024-08-07T14:59:09.922+0000] {subprocess.py:93} INFO - platzi_data_20240806.csv
[2024-08-07T14:59:09.923+0000] {subprocess.py:93} INFO - platzi_data_20240807.csv
[2024-08-07T14:59:09.924+0000] {subprocess.py:93} INFO - pymp-g9gmxo5k
[2024-08-07T14:59:09.925+0000] {subprocess.py:93} INFO - response_20240801.txt
[2024-08-07T14:59:09.926+0000] {subprocess.py:93} INFO - response_20240802.txt
[2024-08-07T14:59:09.927+0000] {subprocess.py:93} INFO - response_20240803.txt
[2024-08-07T14:59:09.929+0000] {subprocess.py:93} INFO - response_20240804.txt
[2024-08-07T14:59:09.929+0000] {subprocess.py:93} INFO - response_20240805.txt
[2024-08-07T14:59:09.931+0000] {subprocess.py:93} INFO - response_20240806.txt
[2024-08-07T14:59:09.932+0000] {subprocess.py:93} INFO - response_20240807.txt
[2024-08-07T14:59:09.933+0000] {subprocess.py:93} INFO - tmp2weef0t8
[2024-08-07T14:59:09.935+0000] {subprocess.py:93} INFO - tmp5324rac7
[2024-08-07T14:59:09.936+0000] {subprocess.py:93} INFO - tmpdqvoinyf
[2024-08-07T14:59:09.938+0000] {subprocess.py:93} INFO - tmpe3_zn7bp
[2024-08-07T14:59:09.940+0000] {subprocess.py:93} INFO - tmpffxnt4mp
[2024-08-07T14:59:09.942+0000] {subprocess.py:93} INFO - tmpjpoma8_4
[2024-08-07T14:59:09.947+0000] {subprocess.py:93} INFO - tmpmdd1mezh
[2024-08-07T14:59:09.950+0000] {subprocess.py:93} INFO - tmpn9iku32l
[2024-08-07T14:59:09.952+0000] {subprocess.py:93} INFO - tmpnbqmrw3_
[2024-08-07T14:59:09.955+0000] {subprocess.py:93} INFO - tmpop2i4r08
[2024-08-07T14:59:09.956+0000] {subprocess.py:93} INFO - tmpqusd4zfz
[2024-08-07T14:59:09.957+0000] {subprocess.py:93} INFO - tmprul79jv0
[2024-08-07T14:59:09.958+0000] {subprocess.py:93} INFO - tmpu69u53lv
[2024-08-07T14:59:09.959+0000] {subprocess.py:93} INFO - tmpvj785b1w
[2024-08-07T14:59:09.960+0000] {subprocess.py:93} INFO - ,student,timestamp
[2024-08-07T14:59:09.960+0000] {subprocess.py:93} INFO - 0,Maria Cruz,2024-08-05 00:00:00+00:00
[2024-08-07T14:59:09.961+0000] {subprocess.py:93} INFO - 1,Daniel Crema,2024-08-05 00:00:00+00:00
[2024-08-07T14:59:09.962+0000] {subprocess.py:93} INFO - 2,Elon Musk,2024-08-05 00:00:00+00:00
[2024-08-07T14:59:09.963+0000] {subprocess.py:93} INFO - 3,Karol Castrejon,2024-08-05 00:00:00+00:00
[2024-08-07T14:59:09.964+0000] {subprocess.py:93} INFO - 4,Freddy Vega,2024-08-05 00:00:00+00:00
[2024-08-07T14:59:09.965+0000] {subprocess.py:97} INFO - Command exited with return code 0
[2024-08-07T14:59:09.966+0000] {taskinstance.py:441} INFO - ::group::Post task execution logs
[2024-08-07T14:59:10.014+0000] {taskinstance.py:1206} INFO - Marking task as SUCCESS. dag_id=***-space-exploration, task_id=Ver_data, run_id=scheduled__2024-08-05T00:00:00+00:00, execution_date=20240805T000000, start_date=20240807T145909, end_date=20240807T145910
[2024-08-07T14:59:10.070+0000] {local_task_job_runner.py:243} INFO - Task exited with return code 0
[2024-08-07T14:59:10.108+0000] {taskinstance.py:3503} INFO - 1 downstream tasks scheduled from follow-on schedule check
[2024-08-07T14:59:10.116+0000] {local_task_job_runner.py:222} INFO - ::endgroup::
