[2024-08-07T14:26:57.640+0000] {local_task_job_runner.py:120} INFO - ::group::Pre task execution logs
[2024-08-07T14:26:57.681+0000] {taskinstance.py:2076} INFO - Dependencies all met for dep_context=non-requeueable deps ti=<TaskInstance: airflow-space-exploration.Autorizacion_NASA scheduled__2024-08-03T00:00:00+00:00 [queued]>
[2024-08-07T14:26:57.695+0000] {taskinstance.py:2076} INFO - Dependencies all met for dep_context=requeueable deps ti=<TaskInstance: airflow-space-exploration.Autorizacion_NASA scheduled__2024-08-03T00:00:00+00:00 [queued]>
[2024-08-07T14:26:57.698+0000] {taskinstance.py:2306} INFO - Starting attempt 5 of 5
[2024-08-07T14:26:57.725+0000] {taskinstance.py:2330} INFO - Executing <Task(BashOperator): Autorizacion_NASA> on 2024-08-03 00:00:00+00:00
[2024-08-07T14:26:57.733+0000] {warnings.py:112} WARNING - /home/***/.local/lib/python3.12/site-packages/***/task/task_runner/standard_task_runner.py:62: DeprecationWarning: This process (pid=582) is multi-threaded, use of fork() may lead to deadlocks in the child.
  pid = os.fork()

[2024-08-07T14:26:57.734+0000] {standard_task_runner.py:90} INFO - Running: ['***', 'tasks', 'run', '***-space-exploration', 'Autorizacion_NASA', 'scheduled__2024-08-03T00:00:00+00:00', '--job-id', '96', '--raw', '--subdir', 'DAGS_FOLDER/***-space-exploration.py', '--cfg-path', '/tmp/tmp9eqrteg3']
[2024-08-07T14:26:57.735+0000] {standard_task_runner.py:64} INFO - Started process 586 to run task
[2024-08-07T14:26:57.736+0000] {standard_task_runner.py:91} INFO - Job 96: Subtask Autorizacion_NASA
[2024-08-07T14:26:57.823+0000] {task_command.py:426} INFO - Running <TaskInstance: airflow-space-exploration.Autorizacion_NASA scheduled__2024-08-03T00:00:00+00:00 [running]> on host 38873943cc86
[2024-08-07T14:26:57.988+0000] {taskinstance.py:2648} INFO - Exporting env vars: AIRFLOW_CTX_DAG_OWNER='***' AIRFLOW_CTX_DAG_ID='***-space-exploration' AIRFLOW_CTX_TASK_ID='Autorizacion_NASA' AIRFLOW_CTX_EXECUTION_DATE='2024-08-03T00:00:00+00:00' AIRFLOW_CTX_TRY_NUMBER='5' AIRFLOW_CTX_DAG_RUN_ID='scheduled__2024-08-03T00:00:00+00:00'
[2024-08-07T14:26:57.990+0000] {taskinstance.py:430} INFO - ::endgroup::
[2024-08-07T14:26:58.014+0000] {subprocess.py:63} INFO - Tmp dir root location: /tmp
[2024-08-07T14:26:58.015+0000] {subprocess.py:75} INFO - Running command: ['/usr/bin/bash', '-c', "sleep 20 && echo 'OK' > /tmp/response_20240803.txt"]
[2024-08-07T14:26:58.026+0000] {subprocess.py:86} INFO - Output:
[2024-08-07T14:27:18.030+0000] {subprocess.py:97} INFO - Command exited with return code 0
[2024-08-07T14:27:18.031+0000] {taskinstance.py:441} INFO - ::group::Post task execution logs
[2024-08-07T14:27:18.078+0000] {taskinstance.py:1206} INFO - Marking task as SUCCESS. dag_id=***-space-exploration, task_id=Autorizacion_NASA, run_id=scheduled__2024-08-03T00:00:00+00:00, execution_date=20240803T000000, start_date=20240807T142657, end_date=20240807T142718
[2024-08-07T14:27:18.112+0000] {local_task_job_runner.py:243} INFO - Task exited with return code 0
[2024-08-07T14:27:18.153+0000] {taskinstance.py:3503} INFO - 1 downstream tasks scheduled from follow-on schedule check
[2024-08-07T14:27:18.156+0000] {local_task_job_runner.py:222} INFO - ::endgroup::
