[2024-08-07T14:54:04.254+0000] {local_task_job_runner.py:120} INFO - ::group::Pre task execution logs
[2024-08-07T14:54:04.326+0000] {taskinstance.py:2076} INFO - Dependencies all met for dep_context=non-requeueable deps ti=<TaskInstance: airflow-space-exploration.Autorizacion_NASA scheduled__2024-08-03T00:00:00+00:00 [queued]>
[2024-08-07T14:54:04.365+0000] {taskinstance.py:2076} INFO - Dependencies all met for dep_context=requeueable deps ti=<TaskInstance: airflow-space-exploration.Autorizacion_NASA scheduled__2024-08-03T00:00:00+00:00 [queued]>
[2024-08-07T14:54:04.367+0000] {taskinstance.py:2306} INFO - Starting attempt 9 of 9
[2024-08-07T14:54:04.414+0000] {taskinstance.py:2330} INFO - Executing <Task(BashOperator): Autorizacion_NASA> on 2024-08-03 00:00:00+00:00
[2024-08-07T14:54:04.433+0000] {warnings.py:112} WARNING - /home/***/.local/lib/python3.12/site-packages/***/task/task_runner/standard_task_runner.py:62: DeprecationWarning: This process (pid=1357) is multi-threaded, use of fork() may lead to deadlocks in the child.
  pid = os.fork()

[2024-08-07T14:54:04.437+0000] {standard_task_runner.py:64} INFO - Started process 1366 to run task
[2024-08-07T14:54:04.436+0000] {standard_task_runner.py:90} INFO - Running: ['***', 'tasks', 'run', '***-space-exploration', 'Autorizacion_NASA', 'scheduled__2024-08-03T00:00:00+00:00', '--job-id', '228', '--raw', '--subdir', 'DAGS_FOLDER/***-space-exploration.py', '--cfg-path', '/tmp/tmp6rf17cfq']
[2024-08-07T14:54:04.442+0000] {standard_task_runner.py:91} INFO - Job 228: Subtask Autorizacion_NASA
[2024-08-07T14:54:04.538+0000] {task_command.py:426} INFO - Running <TaskInstance: airflow-space-exploration.Autorizacion_NASA scheduled__2024-08-03T00:00:00+00:00 [running]> on host 38873943cc86
[2024-08-07T14:54:04.735+0000] {taskinstance.py:2648} INFO - Exporting env vars: AIRFLOW_CTX_DAG_OWNER='***' AIRFLOW_CTX_DAG_ID='***-space-exploration' AIRFLOW_CTX_TASK_ID='Autorizacion_NASA' AIRFLOW_CTX_EXECUTION_DATE='2024-08-03T00:00:00+00:00' AIRFLOW_CTX_TRY_NUMBER='9' AIRFLOW_CTX_DAG_RUN_ID='scheduled__2024-08-03T00:00:00+00:00'
[2024-08-07T14:54:04.736+0000] {taskinstance.py:430} INFO - ::endgroup::
[2024-08-07T14:54:04.803+0000] {subprocess.py:63} INFO - Tmp dir root location: /tmp
[2024-08-07T14:54:04.806+0000] {subprocess.py:75} INFO - Running command: ['/usr/bin/bash', '-c', "sleep 20 && echo 'Confirmación de la NASA, pueden proceder' > /tmp/response_20240803.txt"]
[2024-08-07T14:54:04.821+0000] {subprocess.py:86} INFO - Output:
[2024-08-07T14:54:24.826+0000] {subprocess.py:97} INFO - Command exited with return code 0
[2024-08-07T14:54:24.830+0000] {taskinstance.py:441} INFO - ::group::Post task execution logs
[2024-08-07T14:54:24.864+0000] {taskinstance.py:1206} INFO - Marking task as SUCCESS. dag_id=***-space-exploration, task_id=Autorizacion_NASA, run_id=scheduled__2024-08-03T00:00:00+00:00, execution_date=20240803T000000, start_date=20240807T145404, end_date=20240807T145424
[2024-08-07T14:54:24.885+0000] {local_task_job_runner.py:243} INFO - Task exited with return code 0
[2024-08-07T14:54:24.915+0000] {taskinstance.py:3503} INFO - 1 downstream tasks scheduled from follow-on schedule check
[2024-08-07T14:54:24.918+0000] {local_task_job_runner.py:222} INFO - ::endgroup::
