[2024-08-07T14:45:40.782+0000] {local_task_job_runner.py:120} INFO - ::group::Pre task execution logs
[2024-08-07T14:45:40.820+0000] {taskinstance.py:2076} INFO - Dependencies all met for dep_context=non-requeueable deps ti=<TaskInstance: airflow-space-exploration.Autorizacion_NASA scheduled__2024-08-06T00:00:00+00:00 [queued]>
[2024-08-07T14:45:40.835+0000] {taskinstance.py:2076} INFO - Dependencies all met for dep_context=requeueable deps ti=<TaskInstance: airflow-space-exploration.Autorizacion_NASA scheduled__2024-08-06T00:00:00+00:00 [queued]>
[2024-08-07T14:45:40.836+0000] {taskinstance.py:2306} INFO - Starting attempt 8 of 8
[2024-08-07T14:45:40.859+0000] {taskinstance.py:2330} INFO - Executing <Task(BashOperator): Autorizacion_NASA> on 2024-08-06 00:00:00+00:00
[2024-08-07T14:45:40.870+0000] {warnings.py:112} WARNING - /home/***/.local/lib/python3.12/site-packages/***/task/task_runner/standard_task_runner.py:62: DeprecationWarning: This process (pid=1118) is multi-threaded, use of fork() may lead to deadlocks in the child.
  pid = os.fork()

[2024-08-07T14:45:40.873+0000] {standard_task_runner.py:64} INFO - Started process 1125 to run task
[2024-08-07T14:45:40.873+0000] {standard_task_runner.py:90} INFO - Running: ['***', 'tasks', 'run', '***-space-exploration', 'Autorizacion_NASA', 'scheduled__2024-08-06T00:00:00+00:00', '--job-id', '186', '--raw', '--subdir', 'DAGS_FOLDER/***-space-exploration.py', '--cfg-path', '/tmp/tmp_93uxxpp']
[2024-08-07T14:45:40.876+0000] {standard_task_runner.py:91} INFO - Job 186: Subtask Autorizacion_NASA
[2024-08-07T14:45:40.957+0000] {task_command.py:426} INFO - Running <TaskInstance: airflow-space-exploration.Autorizacion_NASA scheduled__2024-08-06T00:00:00+00:00 [running]> on host 38873943cc86
[2024-08-07T14:45:41.082+0000] {taskinstance.py:2648} INFO - Exporting env vars: AIRFLOW_CTX_DAG_OWNER='***' AIRFLOW_CTX_DAG_ID='***-space-exploration' AIRFLOW_CTX_TASK_ID='Autorizacion_NASA' AIRFLOW_CTX_EXECUTION_DATE='2024-08-06T00:00:00+00:00' AIRFLOW_CTX_TRY_NUMBER='8' AIRFLOW_CTX_DAG_RUN_ID='scheduled__2024-08-06T00:00:00+00:00'
[2024-08-07T14:45:41.084+0000] {taskinstance.py:430} INFO - ::endgroup::
[2024-08-07T14:45:41.110+0000] {subprocess.py:63} INFO - Tmp dir root location: /tmp
[2024-08-07T14:45:41.113+0000] {subprocess.py:75} INFO - Running command: ['/usr/bin/bash', '-c', "sleep 20 && echo 'Confirmación de la NASA, pueden proceder' > /tmp/response_20240806.txt"]
[2024-08-07T14:45:41.134+0000] {subprocess.py:86} INFO - Output:
[2024-08-07T14:46:01.139+0000] {subprocess.py:97} INFO - Command exited with return code 0
[2024-08-07T14:46:01.140+0000] {taskinstance.py:441} INFO - ::group::Post task execution logs
[2024-08-07T14:46:01.183+0000] {taskinstance.py:1206} INFO - Marking task as SUCCESS. dag_id=***-space-exploration, task_id=Autorizacion_NASA, run_id=scheduled__2024-08-06T00:00:00+00:00, execution_date=20240806T000000, start_date=20240807T144540, end_date=20240807T144601
[2024-08-07T14:46:01.226+0000] {local_task_job_runner.py:243} INFO - Task exited with return code 0
[2024-08-07T14:46:01.262+0000] {taskinstance.py:3503} INFO - 1 downstream tasks scheduled from follow-on schedule check
[2024-08-07T14:46:01.265+0000] {local_task_job_runner.py:222} INFO - ::endgroup::
