[2024-08-07T20:33:52.343+0000] {local_task_job_runner.py:120} INFO - ::group::Pre task execution logs
[2024-08-07T20:33:52.436+0000] {taskinstance.py:2076} INFO - Dependencies all met for dep_context=non-requeueable deps ti=<TaskInstance: space_exploration.read_satellite_response_data scheduled__2023-02-22T00:00:00+00:00 [queued]>
[2024-08-07T20:33:52.476+0000] {taskinstance.py:2076} INFO - Dependencies all met for dep_context=requeueable deps ti=<TaskInstance: space_exploration.read_satellite_response_data scheduled__2023-02-22T00:00:00+00:00 [queued]>
[2024-08-07T20:33:52.480+0000] {taskinstance.py:2306} INFO - Starting attempt 1 of 2
[2024-08-07T20:33:53.056+0000] {taskinstance.py:2330} INFO - Executing <Task(BashOperator): read_satellite_response_data> on 2023-02-22 00:00:00+00:00
[2024-08-07T20:33:53.077+0000] {warnings.py:112} WARNING - /home/***/.local/lib/python3.12/site-packages/***/task/task_runner/standard_task_runner.py:62: DeprecationWarning: This process (pid=434) is multi-threaded, use of fork() may lead to deadlocks in the child.
  pid = os.fork()

[2024-08-07T20:33:53.080+0000] {standard_task_runner.py:64} INFO - Started process 483 to run task
[2024-08-07T20:33:53.079+0000] {standard_task_runner.py:90} INFO - Running: ['***', 'tasks', 'run', 'space_exploration', 'read_satellite_response_data', 'scheduled__2023-02-22T00:00:00+00:00', '--job-id', '120', '--raw', '--subdir', 'DAGS_FOLDER/***-space-exploration.py', '--cfg-path', '/tmp/tmpqn51879r']
[2024-08-07T20:33:53.086+0000] {standard_task_runner.py:91} INFO - Job 120: Subtask read_satellite_response_data
[2024-08-07T20:33:53.262+0000] {task_command.py:426} INFO - Running <TaskInstance: space_exploration.read_satellite_response_data scheduled__2023-02-22T00:00:00+00:00 [running]> on host 13935ade345d
[2024-08-07T20:33:53.608+0000] {taskinstance.py:2648} INFO - Exporting env vars: AIRFLOW_CTX_DAG_OWNER='***' AIRFLOW_CTX_DAG_ID='space_exploration' AIRFLOW_CTX_TASK_ID='read_satellite_response_data' AIRFLOW_CTX_EXECUTION_DATE='2023-02-22T00:00:00+00:00' AIRFLOW_CTX_TRY_NUMBER='1' AIRFLOW_CTX_DAG_RUN_ID='scheduled__2023-02-22T00:00:00+00:00'
[2024-08-07T20:33:53.626+0000] {taskinstance.py:430} INFO - ::endgroup::
[2024-08-07T20:33:53.676+0000] {subprocess.py:63} INFO - Tmp dir root location: /tmp
[2024-08-07T20:33:53.680+0000] {subprocess.py:75} INFO - Running command: ['/usr/bin/bash', '-c', 'ls /tmp && head /tmp/platzi_data_20230222.csv']
[2024-08-07T20:33:53.743+0000] {subprocess.py:86} INFO - Output:
[2024-08-07T20:33:53.766+0000] {subprocess.py:93} INFO - ***tmplwskxd0a
[2024-08-07T20:33:53.768+0000] {subprocess.py:93} INFO - platzi_data_20230209.csv
[2024-08-07T20:33:53.769+0000] {subprocess.py:93} INFO - platzi_data_20230210.csv
[2024-08-07T20:33:53.771+0000] {subprocess.py:93} INFO - platzi_data_20230211.csv
[2024-08-07T20:33:53.773+0000] {subprocess.py:93} INFO - platzi_data_20230212.csv
[2024-08-07T20:33:53.775+0000] {subprocess.py:93} INFO - platzi_data_20230213.csv
[2024-08-07T20:33:53.777+0000] {subprocess.py:93} INFO - platzi_data_20230214.csv
[2024-08-07T20:33:53.788+0000] {subprocess.py:93} INFO - platzi_data_20230215.csv
[2024-08-07T20:33:53.795+0000] {subprocess.py:93} INFO - platzi_data_20230216.csv
[2024-08-07T20:33:53.802+0000] {subprocess.py:93} INFO - platzi_data_20230217.csv
[2024-08-07T20:33:53.806+0000] {subprocess.py:93} INFO - platzi_data_20230218.csv
[2024-08-07T20:33:53.809+0000] {subprocess.py:93} INFO - platzi_data_20230219.csv
[2024-08-07T20:33:53.810+0000] {subprocess.py:93} INFO - platzi_data_20230220.csv
[2024-08-07T20:33:53.812+0000] {subprocess.py:93} INFO - platzi_data_20230221.csv
[2024-08-07T20:33:53.812+0000] {subprocess.py:93} INFO - platzi_data_20230222.csv
[2024-08-07T20:33:53.813+0000] {subprocess.py:93} INFO - platzi_data_20230223.csv
[2024-08-07T20:33:53.814+0000] {subprocess.py:93} INFO - platzi_data_20230224.csv
[2024-08-07T20:33:53.815+0000] {subprocess.py:93} INFO - platzi_data_20240801.csv
[2024-08-07T20:33:53.816+0000] {subprocess.py:93} INFO - platzi_data_20240802.csv
[2024-08-07T20:33:53.831+0000] {subprocess.py:93} INFO - platzi_data_20240803.csv
[2024-08-07T20:33:53.833+0000] {subprocess.py:93} INFO - platzi_data_20240804.csv
[2024-08-07T20:33:53.840+0000] {subprocess.py:93} INFO - platzi_data_20240805.csv
[2024-08-07T20:33:53.851+0000] {subprocess.py:93} INFO - platzi_data_20240806.csv
[2024-08-07T20:33:53.861+0000] {subprocess.py:93} INFO - pymp-fb5shr1t
[2024-08-07T20:33:53.871+0000] {subprocess.py:93} INFO - response_20230209.txt
[2024-08-07T20:33:53.876+0000] {subprocess.py:93} INFO - response_20230210.txt
[2024-08-07T20:33:53.879+0000] {subprocess.py:93} INFO - response_20230211.txt
[2024-08-07T20:33:53.882+0000] {subprocess.py:93} INFO - response_20230212.txt
[2024-08-07T20:33:53.884+0000] {subprocess.py:93} INFO - response_20230213.txt
[2024-08-07T20:33:53.885+0000] {subprocess.py:93} INFO - response_20230214.txt
[2024-08-07T20:33:53.886+0000] {subprocess.py:93} INFO - response_20230215.txt
[2024-08-07T20:33:53.888+0000] {subprocess.py:93} INFO - response_20230216.txt
[2024-08-07T20:33:53.888+0000] {subprocess.py:93} INFO - response_20230217.txt
[2024-08-07T20:33:53.897+0000] {subprocess.py:93} INFO - response_20230218.txt
[2024-08-07T20:33:53.900+0000] {subprocess.py:93} INFO - response_20230219.txt
[2024-08-07T20:33:53.901+0000] {subprocess.py:93} INFO - response_20230220.txt
[2024-08-07T20:33:53.903+0000] {subprocess.py:93} INFO - response_20230221.txt
[2024-08-07T20:33:53.904+0000] {subprocess.py:93} INFO - response_20230222.txt
[2024-08-07T20:33:53.904+0000] {subprocess.py:93} INFO - response_20230223.txt
[2024-08-07T20:33:53.905+0000] {subprocess.py:93} INFO - response_20230224.txt
[2024-08-07T20:33:53.907+0000] {subprocess.py:93} INFO - response_20240801.txt
[2024-08-07T20:33:53.912+0000] {subprocess.py:93} INFO - response_20240802.txt
[2024-08-07T20:33:53.923+0000] {subprocess.py:93} INFO - response_20240803.txt
[2024-08-07T20:33:53.925+0000] {subprocess.py:93} INFO - response_20240804.txt
[2024-08-07T20:33:53.931+0000] {subprocess.py:93} INFO - response_20240805.txt
[2024-08-07T20:33:53.933+0000] {subprocess.py:93} INFO - response_20240806.txt
[2024-08-07T20:33:53.934+0000] {subprocess.py:93} INFO - spacex_20230209.json
[2024-08-07T20:33:53.935+0000] {subprocess.py:93} INFO - spacex_20230210.json
[2024-08-07T20:33:53.936+0000] {subprocess.py:93} INFO - spacex_20230211.json
[2024-08-07T20:33:53.937+0000] {subprocess.py:93} INFO - spacex_20230212.json
[2024-08-07T20:33:53.940+0000] {subprocess.py:93} INFO - spacex_20230213.json
[2024-08-07T20:33:53.951+0000] {subprocess.py:93} INFO - spacex_20230214.json
[2024-08-07T20:33:53.957+0000] {subprocess.py:93} INFO - spacex_20230215.json
[2024-08-07T20:33:53.959+0000] {subprocess.py:93} INFO - spacex_20230216.json
[2024-08-07T20:33:53.968+0000] {subprocess.py:93} INFO - spacex_20230217.json
[2024-08-07T20:33:53.981+0000] {subprocess.py:93} INFO - spacex_20230218.json
[2024-08-07T20:33:53.982+0000] {subprocess.py:93} INFO - spacex_20230219.json
[2024-08-07T20:33:53.983+0000] {subprocess.py:93} INFO - spacex_20230220.json
[2024-08-07T20:33:53.987+0000] {subprocess.py:93} INFO - spacex_20230221.json
[2024-08-07T20:33:53.999+0000] {subprocess.py:93} INFO - spacex_20230222.json
[2024-08-07T20:33:54.000+0000] {subprocess.py:93} INFO - spacex_20230223.json
[2024-08-07T20:33:54.002+0000] {subprocess.py:93} INFO - spacex_20230224.json
[2024-08-07T20:33:54.003+0000] {subprocess.py:93} INFO - tmpmjs8087f
[2024-08-07T20:33:54.005+0000] {subprocess.py:93} INFO - tmpsimsghph
[2024-08-07T20:33:54.006+0000] {subprocess.py:93} INFO - Student,timestamp
[2024-08-07T20:33:54.007+0000] {subprocess.py:93} INFO - Maria Cruz,2023-02-22 00:00:00+00:00
[2024-08-07T20:33:54.008+0000] {subprocess.py:93} INFO - Daniel Crema,2023-02-22 00:00:00+00:00
[2024-08-07T20:33:54.009+0000] {subprocess.py:93} INFO - Elon Musk,2023-02-22 00:00:00+00:00
[2024-08-07T20:33:54.010+0000] {subprocess.py:93} INFO - Karol Castrejon,2023-02-22 00:00:00+00:00
[2024-08-07T20:33:54.011+0000] {subprocess.py:93} INFO - Freddy Vega,2023-02-22 00:00:00+00:00
[2024-08-07T20:33:54.015+0000] {subprocess.py:93} INFO - Felipe Duque,2023-02-22 00:00:00+00:00
[2024-08-07T20:33:54.018+0000] {subprocess.py:97} INFO - Command exited with return code 0
[2024-08-07T20:33:54.021+0000] {taskinstance.py:441} INFO - ::group::Post task execution logs
[2024-08-07T20:33:54.104+0000] {taskinstance.py:1206} INFO - Marking task as SUCCESS. dag_id=space_exploration, task_id=read_satellite_response_data, run_id=scheduled__2023-02-22T00:00:00+00:00, execution_date=20230222T000000, start_date=20240807T203352, end_date=20240807T203354
[2024-08-07T20:33:54.185+0000] {local_task_job_runner.py:243} INFO - Task exited with return code 0
[2024-08-07T20:33:54.211+0000] {local_task_job_runner.py:222} INFO - ::endgroup::
