[2024-08-07T20:33:40.274+0000] {local_task_job_runner.py:120} INFO - ::group::Pre task execution logs
[2024-08-07T20:33:40.344+0000] {taskinstance.py:2076} INFO - Dependencies all met for dep_context=non-requeueable deps ti=<TaskInstance: space_exploration.obtain_spacex_data scheduled__2023-02-17T00:00:00+00:00 [queued]>
[2024-08-07T20:33:40.375+0000] {taskinstance.py:2076} INFO - Dependencies all met for dep_context=requeueable deps ti=<TaskInstance: space_exploration.obtain_spacex_data scheduled__2023-02-17T00:00:00+00:00 [queued]>
[2024-08-07T20:33:40.376+0000] {taskinstance.py:2306} INFO - Starting attempt 1 of 2
[2024-08-07T20:33:40.972+0000] {taskinstance.py:2330} INFO - Executing <Task(BashOperator): obtain_spacex_data> on 2023-02-17 00:00:00+00:00
[2024-08-07T20:33:40.993+0000] {warnings.py:112} WARNING - /home/***/.local/lib/python3.12/site-packages/***/task/task_runner/standard_task_runner.py:62: DeprecationWarning: This process (pid=257) is multi-threaded, use of fork() may lead to deadlocks in the child.
  pid = os.fork()

[2024-08-07T20:33:40.993+0000] {standard_task_runner.py:90} INFO - Running: ['***', 'tasks', 'run', 'space_exploration', 'obtain_spacex_data', 'scheduled__2023-02-17T00:00:00+00:00', '--job-id', '82', '--raw', '--subdir', 'DAGS_FOLDER/***-space-exploration.py', '--cfg-path', '/tmp/tmpptsbh4iq']
[2024-08-07T20:33:40.999+0000] {standard_task_runner.py:91} INFO - Job 82: Subtask obtain_spacex_data
[2024-08-07T20:33:40.998+0000] {standard_task_runner.py:64} INFO - Started process 310 to run task
[2024-08-07T20:33:41.168+0000] {task_command.py:426} INFO - Running <TaskInstance: space_exploration.obtain_spacex_data scheduled__2023-02-17T00:00:00+00:00 [running]> on host 13935ade345d
[2024-08-07T20:33:41.408+0000] {taskinstance.py:2648} INFO - Exporting env vars: AIRFLOW_CTX_DAG_OWNER='***' AIRFLOW_CTX_DAG_ID='space_exploration' AIRFLOW_CTX_TASK_ID='obtain_spacex_data' AIRFLOW_CTX_EXECUTION_DATE='2023-02-17T00:00:00+00:00' AIRFLOW_CTX_TRY_NUMBER='1' AIRFLOW_CTX_DAG_RUN_ID='scheduled__2023-02-17T00:00:00+00:00'
[2024-08-07T20:33:41.412+0000] {taskinstance.py:430} INFO - ::endgroup::
[2024-08-07T20:33:41.525+0000] {subprocess.py:63} INFO - Tmp dir root location: /tmp
[2024-08-07T20:33:41.527+0000] {subprocess.py:75} INFO - Running command: ['/usr/bin/bash', '-c', 'curl https://api.spacexdata.com/v4/launches/past > /tmp/spacex_20230217.json']
[2024-08-07T20:33:41.591+0000] {subprocess.py:86} INFO - Output:
[2024-08-07T20:33:41.614+0000] {subprocess.py:93} INFO -   % Total    % Received % Xferd  Average Speed   Time    Time     Time  Current
[2024-08-07T20:33:41.615+0000] {subprocess.py:93} INFO -                                  Dload  Upload   Total   Spent    Left  Speed
[2024-08-07T20:33:42.337+0000] {subprocess.py:93} INFO -   0     0    0     0    0     0      0      0 --:--:-- --:--:-- --:--:--     0  0     0    0     0    0     0      0      0 --:--:-- --:--:-- --:--:--     0100  406k    0  406k    0     0   560k      0 --:--:-- --:--:-- --:--:--  560k
[2024-08-07T20:33:42.352+0000] {subprocess.py:97} INFO - Command exited with return code 0
[2024-08-07T20:33:42.359+0000] {taskinstance.py:441} INFO - ::group::Post task execution logs
[2024-08-07T20:33:42.440+0000] {taskinstance.py:1206} INFO - Marking task as SUCCESS. dag_id=space_exploration, task_id=obtain_spacex_data, run_id=scheduled__2023-02-17T00:00:00+00:00, execution_date=20230217T000000, start_date=20240807T203340, end_date=20240807T203342
[2024-08-07T20:33:42.568+0000] {local_task_job_runner.py:243} INFO - Task exited with return code 0
[2024-08-07T20:33:42.659+0000] {taskinstance.py:3503} INFO - 1 downstream tasks scheduled from follow-on schedule check
[2024-08-07T20:33:42.670+0000] {local_task_job_runner.py:222} INFO - ::endgroup::
