[2024-08-07T20:33:48.755+0000] {local_task_job_runner.py:120} INFO - ::group::Pre task execution logs
[2024-08-07T20:33:48.873+0000] {taskinstance.py:2076} INFO - Dependencies all met for dep_context=non-requeueable deps ti=<TaskInstance: space_exploration.read_satellite_response_data scheduled__2023-02-09T00:00:00+00:00 [queued]>
[2024-08-07T20:33:48.938+0000] {taskinstance.py:2076} INFO - Dependencies all met for dep_context=requeueable deps ti=<TaskInstance: space_exploration.read_satellite_response_data scheduled__2023-02-09T00:00:00+00:00 [queued]>
[2024-08-07T20:33:48.941+0000] {taskinstance.py:2306} INFO - Starting attempt 1 of 2
[2024-08-07T20:33:49.642+0000] {taskinstance.py:2330} INFO - Executing <Task(BashOperator): read_satellite_response_data> on 2023-02-09 00:00:00+00:00
[2024-08-07T20:33:49.665+0000] {warnings.py:112} WARNING - /home/***/.local/lib/python3.12/site-packages/***/task/task_runner/standard_task_runner.py:62: DeprecationWarning: This process (pid=389) is multi-threaded, use of fork() may lead to deadlocks in the child.
  pid = os.fork()

[2024-08-07T20:33:49.662+0000] {standard_task_runner.py:90} INFO - Running: ['***', 'tasks', 'run', 'space_exploration', 'read_satellite_response_data', 'scheduled__2023-02-09T00:00:00+00:00', '--job-id', '109', '--raw', '--subdir', 'DAGS_FOLDER/***-space-exploration.py', '--cfg-path', '/tmp/tmp9ryxm7q4']
[2024-08-07T20:33:49.690+0000] {standard_task_runner.py:64} INFO - Started process 426 to run task
[2024-08-07T20:33:49.691+0000] {standard_task_runner.py:91} INFO - Job 109: Subtask read_satellite_response_data
[2024-08-07T20:33:49.902+0000] {task_command.py:426} INFO - Running <TaskInstance: space_exploration.read_satellite_response_data scheduled__2023-02-09T00:00:00+00:00 [running]> on host 13935ade345d
[2024-08-07T20:33:50.231+0000] {taskinstance.py:2648} INFO - Exporting env vars: AIRFLOW_CTX_DAG_OWNER='***' AIRFLOW_CTX_DAG_ID='space_exploration' AIRFLOW_CTX_TASK_ID='read_satellite_response_data' AIRFLOW_CTX_EXECUTION_DATE='2023-02-09T00:00:00+00:00' AIRFLOW_CTX_TRY_NUMBER='1' AIRFLOW_CTX_DAG_RUN_ID='scheduled__2023-02-09T00:00:00+00:00'
[2024-08-07T20:33:50.239+0000] {taskinstance.py:430} INFO - ::endgroup::
[2024-08-07T20:33:50.313+0000] {subprocess.py:63} INFO - Tmp dir root location: /tmp
[2024-08-07T20:33:50.331+0000] {subprocess.py:75} INFO - Running command: ['/usr/bin/bash', '-c', 'ls /tmp && head /tmp/platzi_data_20230209.csv']
[2024-08-07T20:33:50.367+0000] {subprocess.py:86} INFO - Output:
[2024-08-07T20:33:50.397+0000] {subprocess.py:93} INFO - ***tmp2j81kred
[2024-08-07T20:33:50.402+0000] {subprocess.py:93} INFO - ***tmpspps0bmg
[2024-08-07T20:33:50.404+0000] {subprocess.py:93} INFO - platzi_data_20230209.csv
[2024-08-07T20:33:50.405+0000] {subprocess.py:93} INFO - platzi_data_20230210.csv
[2024-08-07T20:33:50.407+0000] {subprocess.py:93} INFO - platzi_data_20230211.csv
[2024-08-07T20:33:50.409+0000] {subprocess.py:93} INFO - platzi_data_20230212.csv
[2024-08-07T20:33:50.413+0000] {subprocess.py:93} INFO - platzi_data_20230213.csv
[2024-08-07T20:33:50.416+0000] {subprocess.py:93} INFO - platzi_data_20230214.csv
[2024-08-07T20:33:50.418+0000] {subprocess.py:93} INFO - platzi_data_20230215.csv
[2024-08-07T20:33:50.422+0000] {subprocess.py:93} INFO - platzi_data_20230216.csv
[2024-08-07T20:33:50.425+0000] {subprocess.py:93} INFO - platzi_data_20230217.csv
[2024-08-07T20:33:50.429+0000] {subprocess.py:93} INFO - platzi_data_20230218.csv
[2024-08-07T20:33:50.433+0000] {subprocess.py:93} INFO - platzi_data_20230219.csv
[2024-08-07T20:33:50.436+0000] {subprocess.py:93} INFO - platzi_data_20230220.csv
[2024-08-07T20:33:50.439+0000] {subprocess.py:93} INFO - platzi_data_20230221.csv
[2024-08-07T20:33:50.447+0000] {subprocess.py:93} INFO - platzi_data_20230222.csv
[2024-08-07T20:33:50.462+0000] {subprocess.py:93} INFO - platzi_data_20230223.csv
[2024-08-07T20:33:50.463+0000] {subprocess.py:93} INFO - platzi_data_20230224.csv
[2024-08-07T20:33:50.465+0000] {subprocess.py:93} INFO - platzi_data_20240801.csv
[2024-08-07T20:33:50.467+0000] {subprocess.py:93} INFO - platzi_data_20240802.csv
[2024-08-07T20:33:50.469+0000] {subprocess.py:93} INFO - platzi_data_20240803.csv
[2024-08-07T20:33:50.470+0000] {subprocess.py:93} INFO - platzi_data_20240804.csv
[2024-08-07T20:33:50.482+0000] {subprocess.py:93} INFO - platzi_data_20240805.csv
[2024-08-07T20:33:50.485+0000] {subprocess.py:93} INFO - platzi_data_20240806.csv
[2024-08-07T20:33:50.488+0000] {subprocess.py:93} INFO - pymp-fb5shr1t
[2024-08-07T20:33:50.499+0000] {subprocess.py:93} INFO - response_20230209.txt
[2024-08-07T20:33:50.501+0000] {subprocess.py:93} INFO - response_20230210.txt
[2024-08-07T20:33:50.502+0000] {subprocess.py:93} INFO - response_20230211.txt
[2024-08-07T20:33:50.503+0000] {subprocess.py:93} INFO - response_20230212.txt
[2024-08-07T20:33:50.505+0000] {subprocess.py:93} INFO - response_20230213.txt
[2024-08-07T20:33:50.515+0000] {subprocess.py:93} INFO - response_20230214.txt
[2024-08-07T20:33:50.517+0000] {subprocess.py:93} INFO - response_20230215.txt
[2024-08-07T20:33:50.518+0000] {subprocess.py:93} INFO - response_20230216.txt
[2024-08-07T20:33:50.520+0000] {subprocess.py:93} INFO - response_20230217.txt
[2024-08-07T20:33:50.523+0000] {subprocess.py:93} INFO - response_20230218.txt
[2024-08-07T20:33:50.524+0000] {subprocess.py:93} INFO - response_20230219.txt
[2024-08-07T20:33:50.525+0000] {subprocess.py:93} INFO - response_20230220.txt
[2024-08-07T20:33:50.526+0000] {subprocess.py:93} INFO - response_20230221.txt
[2024-08-07T20:33:50.528+0000] {subprocess.py:93} INFO - response_20230222.txt
[2024-08-07T20:33:50.533+0000] {subprocess.py:93} INFO - response_20230223.txt
[2024-08-07T20:33:50.537+0000] {subprocess.py:93} INFO - response_20230224.txt
[2024-08-07T20:33:50.538+0000] {subprocess.py:93} INFO - response_20240801.txt
[2024-08-07T20:33:50.538+0000] {subprocess.py:93} INFO - response_20240802.txt
[2024-08-07T20:33:50.540+0000] {subprocess.py:93} INFO - response_20240803.txt
[2024-08-07T20:33:50.541+0000] {subprocess.py:93} INFO - response_20240804.txt
[2024-08-07T20:33:50.553+0000] {subprocess.py:93} INFO - response_20240805.txt
[2024-08-07T20:33:50.555+0000] {subprocess.py:93} INFO - response_20240806.txt
[2024-08-07T20:33:50.557+0000] {subprocess.py:93} INFO - spacex_20230209.json
[2024-08-07T20:33:50.558+0000] {subprocess.py:93} INFO - spacex_20230210.json
[2024-08-07T20:33:50.562+0000] {subprocess.py:93} INFO - spacex_20230211.json
[2024-08-07T20:33:50.563+0000] {subprocess.py:93} INFO - spacex_20230212.json
[2024-08-07T20:33:50.567+0000] {subprocess.py:93} INFO - spacex_20230213.json
[2024-08-07T20:33:50.568+0000] {subprocess.py:93} INFO - spacex_20230214.json
[2024-08-07T20:33:50.570+0000] {subprocess.py:93} INFO - spacex_20230215.json
[2024-08-07T20:33:50.574+0000] {subprocess.py:93} INFO - spacex_20230216.json
[2024-08-07T20:33:50.577+0000] {subprocess.py:93} INFO - spacex_20230217.json
[2024-08-07T20:33:50.579+0000] {subprocess.py:93} INFO - spacex_20230218.json
[2024-08-07T20:33:50.582+0000] {subprocess.py:93} INFO - spacex_20230219.json
[2024-08-07T20:33:50.583+0000] {subprocess.py:93} INFO - spacex_20230220.json
[2024-08-07T20:33:50.584+0000] {subprocess.py:93} INFO - spacex_20230221.json
[2024-08-07T20:33:50.585+0000] {subprocess.py:93} INFO - spacex_20230222.json
[2024-08-07T20:33:50.586+0000] {subprocess.py:93} INFO - spacex_20230223.json
[2024-08-07T20:33:50.587+0000] {subprocess.py:93} INFO - spacex_20230224.json
[2024-08-07T20:33:50.590+0000] {subprocess.py:93} INFO - tmp1mtgt2jq
[2024-08-07T20:33:50.593+0000] {subprocess.py:93} INFO - tmp7gnd7ufg
[2024-08-07T20:33:50.597+0000] {subprocess.py:93} INFO - tmp8solhpjs
[2024-08-07T20:33:50.599+0000] {subprocess.py:93} INFO - tmpxuraevjx
[2024-08-07T20:33:50.608+0000] {subprocess.py:93} INFO - Student,timestamp
[2024-08-07T20:33:50.609+0000] {subprocess.py:93} INFO - Maria Cruz,2023-02-09 00:00:00+00:00
[2024-08-07T20:33:50.611+0000] {subprocess.py:93} INFO - Daniel Crema,2023-02-09 00:00:00+00:00
[2024-08-07T20:33:50.612+0000] {subprocess.py:93} INFO - Elon Musk,2023-02-09 00:00:00+00:00
[2024-08-07T20:33:50.613+0000] {subprocess.py:93} INFO - Karol Castrejon,2023-02-09 00:00:00+00:00
[2024-08-07T20:33:50.618+0000] {subprocess.py:93} INFO - Freddy Vega,2023-02-09 00:00:00+00:00
[2024-08-07T20:33:50.619+0000] {subprocess.py:93} INFO - Felipe Duque,2023-02-09 00:00:00+00:00
[2024-08-07T20:33:50.623+0000] {subprocess.py:97} INFO - Command exited with return code 0
[2024-08-07T20:33:50.625+0000] {taskinstance.py:441} INFO - ::group::Post task execution logs
[2024-08-07T20:33:50.755+0000] {taskinstance.py:1206} INFO - Marking task as SUCCESS. dag_id=space_exploration, task_id=read_satellite_response_data, run_id=scheduled__2023-02-09T00:00:00+00:00, execution_date=20230209T000000, start_date=20240807T203348, end_date=20240807T203350
[2024-08-07T20:33:50.862+0000] {local_task_job_runner.py:243} INFO - Task exited with return code 0
[2024-08-07T20:33:50.931+0000] {taskinstance.py:3503} INFO - 1 downstream tasks scheduled from follow-on schedule check
[2024-08-07T20:33:50.945+0000] {local_task_job_runner.py:222} INFO - ::endgroup::
