[2024-08-07T14:59:09.156+0000] {local_task_job_runner.py:120} INFO - ::group::Pre task execution logs
[2024-08-07T14:59:09.229+0000] {taskinstance.py:2076} INFO - Dependencies all met for dep_context=non-requeueable deps ti=<TaskInstance: airflow-space-exploration.Ver_data scheduled__2024-08-06T00:00:00+00:00 [queued]>
[2024-08-07T14:59:09.262+0000] {taskinstance.py:2076} INFO - Dependencies all met for dep_context=requeueable deps ti=<TaskInstance: airflow-space-exploration.Ver_data scheduled__2024-08-06T00:00:00+00:00 [queued]>
[2024-08-07T14:59:09.265+0000] {taskinstance.py:2306} INFO - Starting attempt 8 of 8
[2024-08-07T14:59:09.314+0000] {taskinstance.py:2330} INFO - Executing <Task(BashOperator): Ver_data> on 2024-08-06 00:00:00+00:00
[2024-08-07T14:59:09.343+0000] {standard_task_runner.py:90} INFO - Running: ['***', 'tasks', 'run', '***-space-exploration', 'Ver_data', 'scheduled__2024-08-06T00:00:00+00:00', '--job-id', '338', '--raw', '--subdir', 'DAGS_FOLDER/***-space-exploration.py', '--cfg-path', '/tmp/tmpkomt5bwv']
[2024-08-07T14:59:09.340+0000] {warnings.py:112} WARNING - /home/***/.local/lib/python3.12/site-packages/***/task/task_runner/standard_task_runner.py:62: DeprecationWarning: This process (pid=167) is multi-threaded, use of fork() may lead to deadlocks in the child.
  pid = os.fork()

[2024-08-07T14:59:09.347+0000] {standard_task_runner.py:64} INFO - Started process 174 to run task
[2024-08-07T14:59:09.348+0000] {standard_task_runner.py:91} INFO - Job 338: Subtask Ver_data
[2024-08-07T14:59:09.475+0000] {task_command.py:426} INFO - Running <TaskInstance: airflow-space-exploration.Ver_data scheduled__2024-08-06T00:00:00+00:00 [running]> on host 38873943cc86
[2024-08-07T14:59:09.753+0000] {taskinstance.py:2648} INFO - Exporting env vars: AIRFLOW_CTX_DAG_OWNER='***' AIRFLOW_CTX_DAG_ID='***-space-exploration' AIRFLOW_CTX_TASK_ID='Ver_data' AIRFLOW_CTX_EXECUTION_DATE='2024-08-06T00:00:00+00:00' AIRFLOW_CTX_TRY_NUMBER='8' AIRFLOW_CTX_DAG_RUN_ID='scheduled__2024-08-06T00:00:00+00:00'
[2024-08-07T14:59:09.756+0000] {taskinstance.py:430} INFO - ::endgroup::
[2024-08-07T14:59:09.793+0000] {subprocess.py:63} INFO - Tmp dir root location: /tmp
[2024-08-07T14:59:09.816+0000] {subprocess.py:75} INFO - Running command: ['/usr/bin/bash', '-c', 'ls /tmp && head /tmp/platzi_data_20240806.csv']
[2024-08-07T14:59:09.845+0000] {subprocess.py:86} INFO - Output:
[2024-08-07T14:59:09.853+0000] {subprocess.py:93} INFO - ***tmpb7rxquqi
[2024-08-07T14:59:09.856+0000] {subprocess.py:93} INFO - ***tmpdtb6e0zj
[2024-08-07T14:59:09.859+0000] {subprocess.py:93} INFO - ***tmpl9778c4l
[2024-08-07T14:59:09.862+0000] {subprocess.py:93} INFO - ***tmpwinwipgj
[2024-08-07T14:59:09.863+0000] {subprocess.py:93} INFO - platzi_data_20240801.csv
[2024-08-07T14:59:09.863+0000] {subprocess.py:93} INFO - platzi_data_20240802.csv
[2024-08-07T14:59:09.865+0000] {subprocess.py:93} INFO - platzi_data_20240803.csv
[2024-08-07T14:59:09.867+0000] {subprocess.py:93} INFO - platzi_data_20240804.csv
[2024-08-07T14:59:09.868+0000] {subprocess.py:93} INFO - platzi_data_20240805.csv
[2024-08-07T14:59:09.869+0000] {subprocess.py:93} INFO - platzi_data_20240806.csv
[2024-08-07T14:59:09.870+0000] {subprocess.py:93} INFO - platzi_data_20240807.csv
[2024-08-07T14:59:09.871+0000] {subprocess.py:93} INFO - pymp-g9gmxo5k
[2024-08-07T14:59:09.872+0000] {subprocess.py:93} INFO - response_20240801.txt
[2024-08-07T14:59:09.873+0000] {subprocess.py:93} INFO - response_20240802.txt
[2024-08-07T14:59:09.874+0000] {subprocess.py:93} INFO - response_20240803.txt
[2024-08-07T14:59:09.876+0000] {subprocess.py:93} INFO - response_20240804.txt
[2024-08-07T14:59:09.877+0000] {subprocess.py:93} INFO - response_20240805.txt
[2024-08-07T14:59:09.878+0000] {subprocess.py:93} INFO - response_20240806.txt
[2024-08-07T14:59:09.881+0000] {subprocess.py:93} INFO - response_20240807.txt
[2024-08-07T14:59:09.883+0000] {subprocess.py:93} INFO - tmp2weef0t8
[2024-08-07T14:59:09.884+0000] {subprocess.py:93} INFO - tmp5324rac7
[2024-08-07T14:59:09.885+0000] {subprocess.py:93} INFO - tmpdqvoinyf
[2024-08-07T14:59:09.888+0000] {subprocess.py:93} INFO - tmpe3_zn7bp
[2024-08-07T14:59:09.889+0000] {subprocess.py:93} INFO - tmpffxnt4mp
[2024-08-07T14:59:09.891+0000] {subprocess.py:93} INFO - tmpjpoma8_4
[2024-08-07T14:59:09.892+0000] {subprocess.py:93} INFO - tmpmdd1mezh
[2024-08-07T14:59:09.893+0000] {subprocess.py:93} INFO - tmpn9iku32l
[2024-08-07T14:59:09.894+0000] {subprocess.py:93} INFO - tmpnbqmrw3_
[2024-08-07T14:59:09.895+0000] {subprocess.py:93} INFO - tmpop2i4r08
[2024-08-07T14:59:09.896+0000] {subprocess.py:93} INFO - tmpqusd4zfz
[2024-08-07T14:59:09.897+0000] {subprocess.py:93} INFO - tmprul79jv0
[2024-08-07T14:59:09.898+0000] {subprocess.py:93} INFO - tmpu69u53lv
[2024-08-07T14:59:09.902+0000] {subprocess.py:93} INFO - tmpvj785b1w
[2024-08-07T14:59:09.904+0000] {subprocess.py:93} INFO - ,student,timestamp
[2024-08-07T14:59:09.905+0000] {subprocess.py:93} INFO - 0,Maria Cruz,2024-08-06 00:00:00+00:00
[2024-08-07T14:59:09.907+0000] {subprocess.py:93} INFO - 1,Daniel Crema,2024-08-06 00:00:00+00:00
[2024-08-07T14:59:09.908+0000] {subprocess.py:93} INFO - 2,Elon Musk,2024-08-06 00:00:00+00:00
[2024-08-07T14:59:09.910+0000] {subprocess.py:93} INFO - 3,Karol Castrejon,2024-08-06 00:00:00+00:00
[2024-08-07T14:59:09.911+0000] {subprocess.py:93} INFO - 4,Freddy Vega,2024-08-06 00:00:00+00:00
[2024-08-07T14:59:09.912+0000] {subprocess.py:97} INFO - Command exited with return code 0
[2024-08-07T14:59:09.913+0000] {taskinstance.py:441} INFO - ::group::Post task execution logs
[2024-08-07T14:59:09.962+0000] {taskinstance.py:1206} INFO - Marking task as SUCCESS. dag_id=***-space-exploration, task_id=Ver_data, run_id=scheduled__2024-08-06T00:00:00+00:00, execution_date=20240806T000000, start_date=20240807T145909, end_date=20240807T145909
[2024-08-07T14:59:10.020+0000] {local_task_job_runner.py:243} INFO - Task exited with return code 0
[2024-08-07T14:59:10.060+0000] {taskinstance.py:3503} INFO - 1 downstream tasks scheduled from follow-on schedule check
[2024-08-07T14:59:10.066+0000] {local_task_job_runner.py:222} INFO - ::endgroup::
