[2024-08-07T14:33:31.377+0000] {local_task_job_runner.py:120} INFO - ::group::Pre task execution logs
[2024-08-07T14:33:32.552+0000] {taskinstance.py:2076} INFO - Dependencies all met for dep_context=non-requeueable deps ti=<TaskInstance: airflow-space-exploration.Autorizacion_NASA scheduled__2024-08-02T00:00:00+00:00 [queued]>
[2024-08-07T14:33:32.568+0000] {taskinstance.py:2076} INFO - Dependencies all met for dep_context=requeueable deps ti=<TaskInstance: airflow-space-exploration.Autorizacion_NASA scheduled__2024-08-02T00:00:00+00:00 [queued]>
[2024-08-07T14:33:32.569+0000] {taskinstance.py:2306} INFO - Starting attempt 6 of 6
[2024-08-07T14:33:32.592+0000] {taskinstance.py:2330} INFO - Executing <Task(BashOperator): Autorizacion_NASA> on 2024-08-02 00:00:00+00:00
[2024-08-07T14:33:32.600+0000] {warnings.py:112} WARNING - /home/***/.local/lib/python3.12/site-packages/***/task/task_runner/standard_task_runner.py:62: DeprecationWarning: This process (pid=778) is multi-threaded, use of fork() may lead to deadlocks in the child.
  pid = os.fork()

[2024-08-07T14:33:32.602+0000] {standard_task_runner.py:64} INFO - Started process 797 to run task
[2024-08-07T14:33:32.602+0000] {standard_task_runner.py:90} INFO - Running: ['***', 'tasks', 'run', '***-space-exploration', 'Autorizacion_NASA', 'scheduled__2024-08-02T00:00:00+00:00', '--job-id', '127', '--raw', '--subdir', 'DAGS_FOLDER/***-space-exploration.py', '--cfg-path', '/tmp/tmpqq8fnwzt']
[2024-08-07T14:33:32.603+0000] {standard_task_runner.py:91} INFO - Job 127: Subtask Autorizacion_NASA
[2024-08-07T14:33:32.653+0000] {task_command.py:426} INFO - Running <TaskInstance: airflow-space-exploration.Autorizacion_NASA scheduled__2024-08-02T00:00:00+00:00 [running]> on host 38873943cc86
[2024-08-07T14:33:32.751+0000] {taskinstance.py:2648} INFO - Exporting env vars: AIRFLOW_CTX_DAG_OWNER='***' AIRFLOW_CTX_DAG_ID='***-space-exploration' AIRFLOW_CTX_TASK_ID='Autorizacion_NASA' AIRFLOW_CTX_EXECUTION_DATE='2024-08-02T00:00:00+00:00' AIRFLOW_CTX_TRY_NUMBER='6' AIRFLOW_CTX_DAG_RUN_ID='scheduled__2024-08-02T00:00:00+00:00'
[2024-08-07T14:33:32.753+0000] {taskinstance.py:430} INFO - ::endgroup::
[2024-08-07T14:33:32.784+0000] {subprocess.py:63} INFO - Tmp dir root location: /tmp
[2024-08-07T14:33:32.786+0000] {subprocess.py:75} INFO - Running command: ['/usr/bin/bash', '-c', "sleep 20 && echo 'OK' > /tmp/response_20240802.txt"]
[2024-08-07T14:33:32.796+0000] {subprocess.py:86} INFO - Output:
[2024-08-07T14:33:52.800+0000] {subprocess.py:97} INFO - Command exited with return code 0
[2024-08-07T14:33:52.802+0000] {taskinstance.py:441} INFO - ::group::Post task execution logs
[2024-08-07T14:33:52.838+0000] {taskinstance.py:1206} INFO - Marking task as SUCCESS. dag_id=***-space-exploration, task_id=Autorizacion_NASA, run_id=scheduled__2024-08-02T00:00:00+00:00, execution_date=20240802T000000, start_date=20240807T143332, end_date=20240807T143352
[2024-08-07T14:33:52.954+0000] {local_task_job_runner.py:243} INFO - Task exited with return code 0
[2024-08-07T14:33:52.987+0000] {taskinstance.py:3503} INFO - 1 downstream tasks scheduled from follow-on schedule check
[2024-08-07T14:33:52.990+0000] {local_task_job_runner.py:222} INFO - ::endgroup::
