[2024-08-07T14:43:14.055+0000] {local_task_job_runner.py:120} INFO - ::group::Pre task execution logs
[2024-08-07T14:43:14.089+0000] {taskinstance.py:2076} INFO - Dependencies all met for dep_context=non-requeueable deps ti=<TaskInstance: airflow-space-exploration.Lectura_Datos_NASA manual__2024-08-07T14:20:08.695612+00:00 [queued]>
[2024-08-07T14:43:14.104+0000] {taskinstance.py:2076} INFO - Dependencies all met for dep_context=requeueable deps ti=<TaskInstance: airflow-space-exploration.Lectura_Datos_NASA manual__2024-08-07T14:20:08.695612+00:00 [queued]>
[2024-08-07T14:43:14.106+0000] {taskinstance.py:2306} INFO - Starting attempt 1 of 1
[2024-08-07T14:43:14.142+0000] {taskinstance.py:2330} INFO - Executing <Task(BashOperator): Lectura_Datos_NASA> on 2024-08-07 14:20:08.695612+00:00
[2024-08-07T14:43:14.150+0000] {warnings.py:112} WARNING - /home/***/.local/lib/python3.12/site-packages/***/task/task_runner/standard_task_runner.py:62: DeprecationWarning: This process (pid=1017) is multi-threaded, use of fork() may lead to deadlocks in the child.
  pid = os.fork()

[2024-08-07T14:43:14.152+0000] {standard_task_runner.py:64} INFO - Started process 1023 to run task
[2024-08-07T14:43:14.152+0000] {standard_task_runner.py:90} INFO - Running: ['***', 'tasks', 'run', '***-space-exploration', 'Lectura_Datos_NASA', 'manual__2024-08-07T14:20:08.695612+00:00', '--job-id', '168', '--raw', '--subdir', 'DAGS_FOLDER/***-space-exploration.py', '--cfg-path', '/tmp/tmpntdf6y8t']
[2024-08-07T14:43:14.154+0000] {standard_task_runner.py:91} INFO - Job 168: Subtask Lectura_Datos_NASA
[2024-08-07T14:43:14.217+0000] {task_command.py:426} INFO - Running <TaskInstance: airflow-space-exploration.Lectura_Datos_NASA manual__2024-08-07T14:20:08.695612+00:00 [running]> on host 38873943cc86
[2024-08-07T14:43:14.332+0000] {taskinstance.py:2648} INFO - Exporting env vars: AIRFLOW_CTX_DAG_OWNER='***' AIRFLOW_CTX_DAG_ID='***-space-exploration' AIRFLOW_CTX_TASK_ID='Lectura_Datos_NASA' AIRFLOW_CTX_EXECUTION_DATE='2024-08-07T14:20:08.695612+00:00' AIRFLOW_CTX_TRY_NUMBER='1' AIRFLOW_CTX_DAG_RUN_ID='manual__2024-08-07T14:20:08.695612+00:00'
[2024-08-07T14:43:14.333+0000] {taskinstance.py:430} INFO - ::endgroup::
[2024-08-07T14:43:14.354+0000] {subprocess.py:63} INFO - Tmp dir root location: /tmp
[2024-08-07T14:43:14.355+0000] {subprocess.py:75} INFO - Running command: ['/usr/bin/bash', '-c', 'ls /tmp && head /tmp/response_20240807.txt']
[2024-08-07T14:43:14.371+0000] {subprocess.py:86} INFO - Output:
[2024-08-07T14:43:14.376+0000] {subprocess.py:93} INFO - ***tmpa3egp1ld
[2024-08-07T14:43:14.377+0000] {subprocess.py:93} INFO - ***tmpjcmbi57o
[2024-08-07T14:43:14.378+0000] {subprocess.py:93} INFO - platzi_data_20240801.csv
[2024-08-07T14:43:14.379+0000] {subprocess.py:93} INFO - platzi_data_20240802.csv
[2024-08-07T14:43:14.380+0000] {subprocess.py:93} INFO - platzi_data_20240803.csv
[2024-08-07T14:43:14.380+0000] {subprocess.py:93} INFO - platzi_data_20240804.csv
[2024-08-07T14:43:14.381+0000] {subprocess.py:93} INFO - platzi_data_20240805.csv
[2024-08-07T14:43:14.382+0000] {subprocess.py:93} INFO - platzi_data_20240806.csv
[2024-08-07T14:43:14.384+0000] {subprocess.py:93} INFO - platzi_data_20240807.csv
[2024-08-07T14:43:14.385+0000] {subprocess.py:93} INFO - pymp-bji4ygjz
[2024-08-07T14:43:14.386+0000] {subprocess.py:93} INFO - response_20240801.txt
[2024-08-07T14:43:14.387+0000] {subprocess.py:93} INFO - response_20240802.txt
[2024-08-07T14:43:14.388+0000] {subprocess.py:93} INFO - response_20240803.txt
[2024-08-07T14:43:14.388+0000] {subprocess.py:93} INFO - response_20240804.txt
[2024-08-07T14:43:14.389+0000] {subprocess.py:93} INFO - response_20240805.txt
[2024-08-07T14:43:14.390+0000] {subprocess.py:93} INFO - response_20240806.txt
[2024-08-07T14:43:14.391+0000] {subprocess.py:93} INFO - response_20240807.txt
[2024-08-07T14:43:14.392+0000] {subprocess.py:93} INFO - tmp2weef0t8
[2024-08-07T14:43:14.394+0000] {subprocess.py:93} INFO - tmpdqvoinyf
[2024-08-07T14:43:14.395+0000] {subprocess.py:93} INFO - tmpe3_zn7bp
[2024-08-07T14:43:14.399+0000] {subprocess.py:93} INFO - tmpffxnt4mp
[2024-08-07T14:43:14.404+0000] {subprocess.py:93} INFO - tmpjpoma8_4
[2024-08-07T14:43:14.405+0000] {subprocess.py:93} INFO - tmpop2i4r08
[2024-08-07T14:43:14.407+0000] {subprocess.py:93} INFO - tmprul79jv0
[2024-08-07T14:43:14.408+0000] {subprocess.py:93} INFO - Confirmación de la NASA, pueden proceder
[2024-08-07T14:43:14.409+0000] {subprocess.py:97} INFO - Command exited with return code 0
[2024-08-07T14:43:14.410+0000] {taskinstance.py:441} INFO - ::group::Post task execution logs
[2024-08-07T14:43:14.445+0000] {taskinstance.py:1206} INFO - Marking task as SUCCESS. dag_id=***-space-exploration, task_id=Lectura_Datos_NASA, run_id=manual__2024-08-07T14:20:08.695612+00:00, execution_date=20240807T142008, start_date=20240807T144314, end_date=20240807T144314
[2024-08-07T14:43:14.489+0000] {local_task_job_runner.py:243} INFO - Task exited with return code 0
[2024-08-07T14:43:14.531+0000] {taskinstance.py:3503} INFO - 1 downstream tasks scheduled from follow-on schedule check
[2024-08-07T14:43:14.534+0000] {local_task_job_runner.py:222} INFO - ::endgroup::
