[2024-08-07T14:55:26.177+0000] {local_task_job_runner.py:120} INFO - ::group::Pre task execution logs
[2024-08-07T14:55:26.220+0000] {taskinstance.py:2076} INFO - Dependencies all met for dep_context=non-requeueable deps ti=<TaskInstance: airflow-space-exploration.Lectura_Datos_NASA manual__2024-08-07T14:20:08.695612+00:00 [queued]>
[2024-08-07T14:55:26.236+0000] {taskinstance.py:2076} INFO - Dependencies all met for dep_context=requeueable deps ti=<TaskInstance: airflow-space-exploration.Lectura_Datos_NASA manual__2024-08-07T14:20:08.695612+00:00 [queued]>
[2024-08-07T14:55:26.238+0000] {taskinstance.py:2306} INFO - Starting attempt 4 of 4
[2024-08-07T14:55:26.272+0000] {taskinstance.py:2330} INFO - Executing <Task(BashOperator): Lectura_Datos_NASA> on 2024-08-07 14:20:08.695612+00:00
[2024-08-07T14:55:26.283+0000] {warnings.py:112} WARNING - /home/***/.local/lib/python3.12/site-packages/***/task/task_runner/standard_task_runner.py:62: DeprecationWarning: This process (pid=1536) is multi-threaded, use of fork() may lead to deadlocks in the child.
  pid = os.fork()

[2024-08-07T14:55:26.285+0000] {standard_task_runner.py:64} INFO - Started process 1543 to run task
[2024-08-07T14:55:26.285+0000] {standard_task_runner.py:90} INFO - Running: ['***', 'tasks', 'run', '***-space-exploration', 'Lectura_Datos_NASA', 'manual__2024-08-07T14:20:08.695612+00:00', '--job-id', '274', '--raw', '--subdir', 'DAGS_FOLDER/***-space-exploration.py', '--cfg-path', '/tmp/tmpcma752a7']
[2024-08-07T14:55:26.287+0000] {standard_task_runner.py:91} INFO - Job 274: Subtask Lectura_Datos_NASA
[2024-08-07T14:55:26.372+0000] {task_command.py:426} INFO - Running <TaskInstance: airflow-space-exploration.Lectura_Datos_NASA manual__2024-08-07T14:20:08.695612+00:00 [running]> on host 38873943cc86
[2024-08-07T14:55:26.521+0000] {taskinstance.py:2648} INFO - Exporting env vars: AIRFLOW_CTX_DAG_OWNER='***' AIRFLOW_CTX_DAG_ID='***-space-exploration' AIRFLOW_CTX_TASK_ID='Lectura_Datos_NASA' AIRFLOW_CTX_EXECUTION_DATE='2024-08-07T14:20:08.695612+00:00' AIRFLOW_CTX_TRY_NUMBER='4' AIRFLOW_CTX_DAG_RUN_ID='manual__2024-08-07T14:20:08.695612+00:00'
[2024-08-07T14:55:26.523+0000] {taskinstance.py:430} INFO - ::endgroup::
[2024-08-07T14:55:26.550+0000] {subprocess.py:63} INFO - Tmp dir root location: /tmp
[2024-08-07T14:55:26.552+0000] {subprocess.py:75} INFO - Running command: ['/usr/bin/bash', '-c', 'ls /tmp && head /tmp/response_20240807.txt']
[2024-08-07T14:55:26.568+0000] {subprocess.py:86} INFO - Output:
[2024-08-07T14:55:26.571+0000] {subprocess.py:93} INFO - ***tmp1x8j3_ku
[2024-08-07T14:55:26.573+0000] {subprocess.py:93} INFO - ***tmp4_az2q0_
[2024-08-07T14:55:26.574+0000] {subprocess.py:93} INFO - ***tmpcmp26b5r
[2024-08-07T14:55:26.576+0000] {subprocess.py:93} INFO - ***tmpjf8x2zhp
[2024-08-07T14:55:26.576+0000] {subprocess.py:93} INFO - ***tmpo1fr1i4_
[2024-08-07T14:55:26.577+0000] {subprocess.py:93} INFO - ***tmprn1t7rqg
[2024-08-07T14:55:26.578+0000] {subprocess.py:93} INFO - ***tmpzyiqeh8m
[2024-08-07T14:55:26.579+0000] {subprocess.py:93} INFO - platzi_data_20240801.csv
[2024-08-07T14:55:26.580+0000] {subprocess.py:93} INFO - platzi_data_20240802.csv
[2024-08-07T14:55:26.581+0000] {subprocess.py:93} INFO - platzi_data_20240803.csv
[2024-08-07T14:55:26.581+0000] {subprocess.py:93} INFO - platzi_data_20240804.csv
[2024-08-07T14:55:26.582+0000] {subprocess.py:93} INFO - platzi_data_20240805.csv
[2024-08-07T14:55:26.583+0000] {subprocess.py:93} INFO - platzi_data_20240806.csv
[2024-08-07T14:55:26.584+0000] {subprocess.py:93} INFO - platzi_data_20240807.csv
[2024-08-07T14:55:26.585+0000] {subprocess.py:93} INFO - pymp-bji4ygjz
[2024-08-07T14:55:26.587+0000] {subprocess.py:93} INFO - response_20240801.txt
[2024-08-07T14:55:26.588+0000] {subprocess.py:93} INFO - response_20240802.txt
[2024-08-07T14:55:26.589+0000] {subprocess.py:93} INFO - response_20240803.txt
[2024-08-07T14:55:26.589+0000] {subprocess.py:93} INFO - response_20240804.txt
[2024-08-07T14:55:26.590+0000] {subprocess.py:93} INFO - response_20240805.txt
[2024-08-07T14:55:26.591+0000] {subprocess.py:93} INFO - response_20240806.txt
[2024-08-07T14:55:26.592+0000] {subprocess.py:93} INFO - response_20240807.txt
[2024-08-07T14:55:26.593+0000] {subprocess.py:93} INFO - tmp2weef0t8
[2024-08-07T14:55:26.594+0000] {subprocess.py:93} INFO - tmp5324rac7
[2024-08-07T14:55:26.595+0000] {subprocess.py:93} INFO - tmpdqvoinyf
[2024-08-07T14:55:26.596+0000] {subprocess.py:93} INFO - tmpe3_zn7bp
[2024-08-07T14:55:26.596+0000] {subprocess.py:93} INFO - tmpffxnt4mp
[2024-08-07T14:55:26.597+0000] {subprocess.py:93} INFO - tmpjpoma8_4
[2024-08-07T14:55:26.598+0000] {subprocess.py:93} INFO - tmpmdd1mezh
[2024-08-07T14:55:26.599+0000] {subprocess.py:93} INFO - tmpn9iku32l
[2024-08-07T14:55:26.600+0000] {subprocess.py:93} INFO - tmpnbqmrw3_
[2024-08-07T14:55:26.601+0000] {subprocess.py:93} INFO - tmpop2i4r08
[2024-08-07T14:55:26.602+0000] {subprocess.py:93} INFO - tmpqusd4zfz
[2024-08-07T14:55:26.603+0000] {subprocess.py:93} INFO - tmprul79jv0
[2024-08-07T14:55:26.604+0000] {subprocess.py:93} INFO - tmpu69u53lv
[2024-08-07T14:55:26.605+0000] {subprocess.py:93} INFO - tmpvj785b1w
[2024-08-07T14:55:26.606+0000] {subprocess.py:93} INFO - Confirmación de la NASA, pueden proceder
[2024-08-07T14:55:26.608+0000] {subprocess.py:97} INFO - Command exited with return code 0
[2024-08-07T14:55:26.609+0000] {taskinstance.py:441} INFO - ::group::Post task execution logs
[2024-08-07T14:55:26.650+0000] {taskinstance.py:1206} INFO - Marking task as SUCCESS. dag_id=***-space-exploration, task_id=Lectura_Datos_NASA, run_id=manual__2024-08-07T14:20:08.695612+00:00, execution_date=20240807T142008, start_date=20240807T145526, end_date=20240807T145526
[2024-08-07T14:55:26.704+0000] {local_task_job_runner.py:243} INFO - Task exited with return code 0
[2024-08-07T14:55:26.754+0000] {taskinstance.py:3503} INFO - 1 downstream tasks scheduled from follow-on schedule check
[2024-08-07T14:55:26.789+0000] {local_task_job_runner.py:222} INFO - ::endgroup::
