[2024-08-07T14:54:26.282+0000] {local_task_job_runner.py:120} INFO - ::group::Pre task execution logs
[2024-08-07T14:54:26.321+0000] {taskinstance.py:2076} INFO - Dependencies all met for dep_context=non-requeueable deps ti=<TaskInstance: airflow-space-exploration.Lectura_Datos_NASA manual__2024-08-07T14:20:08.695612+00:00 [queued]>
[2024-08-07T14:54:26.338+0000] {taskinstance.py:2076} INFO - Dependencies all met for dep_context=requeueable deps ti=<TaskInstance: airflow-space-exploration.Lectura_Datos_NASA manual__2024-08-07T14:20:08.695612+00:00 [queued]>
[2024-08-07T14:54:26.341+0000] {taskinstance.py:2306} INFO - Starting attempt 3 of 3
[2024-08-07T14:54:26.375+0000] {taskinstance.py:2330} INFO - Executing <Task(BashOperator): Lectura_Datos_NASA> on 2024-08-07 14:20:08.695612+00:00
[2024-08-07T14:54:26.384+0000] {warnings.py:112} WARNING - /home/***/.local/lib/python3.12/site-packages/***/task/task_runner/standard_task_runner.py:62: DeprecationWarning: This process (pid=1393) is multi-threaded, use of fork() may lead to deadlocks in the child.
  pid = os.fork()

[2024-08-07T14:54:26.386+0000] {standard_task_runner.py:64} INFO - Started process 1401 to run task
[2024-08-07T14:54:26.386+0000] {standard_task_runner.py:90} INFO - Running: ['***', 'tasks', 'run', '***-space-exploration', 'Lectura_Datos_NASA', 'manual__2024-08-07T14:20:08.695612+00:00', '--job-id', '236', '--raw', '--subdir', 'DAGS_FOLDER/***-space-exploration.py', '--cfg-path', '/tmp/tmp47hwt8jq']
[2024-08-07T14:54:26.388+0000] {standard_task_runner.py:91} INFO - Job 236: Subtask Lectura_Datos_NASA
[2024-08-07T14:54:26.454+0000] {task_command.py:426} INFO - Running <TaskInstance: airflow-space-exploration.Lectura_Datos_NASA manual__2024-08-07T14:20:08.695612+00:00 [running]> on host 38873943cc86
[2024-08-07T14:54:26.573+0000] {taskinstance.py:2648} INFO - Exporting env vars: AIRFLOW_CTX_DAG_OWNER='***' AIRFLOW_CTX_DAG_ID='***-space-exploration' AIRFLOW_CTX_TASK_ID='Lectura_Datos_NASA' AIRFLOW_CTX_EXECUTION_DATE='2024-08-07T14:20:08.695612+00:00' AIRFLOW_CTX_TRY_NUMBER='3' AIRFLOW_CTX_DAG_RUN_ID='manual__2024-08-07T14:20:08.695612+00:00'
[2024-08-07T14:54:26.574+0000] {taskinstance.py:430} INFO - ::endgroup::
[2024-08-07T14:54:26.593+0000] {subprocess.py:63} INFO - Tmp dir root location: /tmp
[2024-08-07T14:54:26.596+0000] {subprocess.py:75} INFO - Running command: ['/usr/bin/bash', '-c', 'ls /tmp && head /tmp/response_20240807.txt']
[2024-08-07T14:54:26.615+0000] {subprocess.py:86} INFO - Output:
[2024-08-07T14:54:26.619+0000] {subprocess.py:93} INFO - ***tmpah51n093
[2024-08-07T14:54:26.620+0000] {subprocess.py:93} INFO - ***tmpize26ilv
[2024-08-07T14:54:26.621+0000] {subprocess.py:93} INFO - ***tmpkb8embt6
[2024-08-07T14:54:26.622+0000] {subprocess.py:93} INFO - ***tmpnqgcjcwd
[2024-08-07T14:54:26.622+0000] {subprocess.py:93} INFO - ***tmpxb1q47o2
[2024-08-07T14:54:26.623+0000] {subprocess.py:93} INFO - platzi_data_20240801.csv
[2024-08-07T14:54:26.624+0000] {subprocess.py:93} INFO - platzi_data_20240802.csv
[2024-08-07T14:54:26.625+0000] {subprocess.py:93} INFO - platzi_data_20240803.csv
[2024-08-07T14:54:26.625+0000] {subprocess.py:93} INFO - platzi_data_20240804.csv
[2024-08-07T14:54:26.626+0000] {subprocess.py:93} INFO - platzi_data_20240805.csv
[2024-08-07T14:54:26.627+0000] {subprocess.py:93} INFO - platzi_data_20240806.csv
[2024-08-07T14:54:26.628+0000] {subprocess.py:93} INFO - platzi_data_20240807.csv
[2024-08-07T14:54:26.628+0000] {subprocess.py:93} INFO - pymp-bji4ygjz
[2024-08-07T14:54:26.629+0000] {subprocess.py:93} INFO - response_20240801.txt
[2024-08-07T14:54:26.630+0000] {subprocess.py:93} INFO - response_20240802.txt
[2024-08-07T14:54:26.631+0000] {subprocess.py:93} INFO - response_20240803.txt
[2024-08-07T14:54:26.632+0000] {subprocess.py:93} INFO - response_20240804.txt
[2024-08-07T14:54:26.633+0000] {subprocess.py:93} INFO - response_20240805.txt
[2024-08-07T14:54:26.634+0000] {subprocess.py:93} INFO - response_20240806.txt
[2024-08-07T14:54:26.634+0000] {subprocess.py:93} INFO - response_20240807.txt
[2024-08-07T14:54:26.635+0000] {subprocess.py:93} INFO - tmp2weef0t8
[2024-08-07T14:54:26.636+0000] {subprocess.py:93} INFO - tmp5324rac7
[2024-08-07T14:54:26.636+0000] {subprocess.py:93} INFO - tmpdqvoinyf
[2024-08-07T14:54:26.637+0000] {subprocess.py:93} INFO - tmpe3_zn7bp
[2024-08-07T14:54:26.638+0000] {subprocess.py:93} INFO - tmpffxnt4mp
[2024-08-07T14:54:26.638+0000] {subprocess.py:93} INFO - tmpjpoma8_4
[2024-08-07T14:54:26.640+0000] {subprocess.py:93} INFO - tmpmdd1mezh
[2024-08-07T14:54:26.642+0000] {subprocess.py:93} INFO - tmpn9iku32l
[2024-08-07T14:54:26.643+0000] {subprocess.py:93} INFO - tmpnbqmrw3_
[2024-08-07T14:54:26.643+0000] {subprocess.py:93} INFO - tmpop2i4r08
[2024-08-07T14:54:26.644+0000] {subprocess.py:93} INFO - tmpqusd4zfz
[2024-08-07T14:54:26.646+0000] {subprocess.py:93} INFO - tmprul79jv0
[2024-08-07T14:54:26.646+0000] {subprocess.py:93} INFO - tmpu69u53lv
[2024-08-07T14:54:26.648+0000] {subprocess.py:93} INFO - tmpvj785b1w
[2024-08-07T14:54:26.649+0000] {subprocess.py:93} INFO - Confirmación de la NASA, pueden proceder
[2024-08-07T14:54:26.650+0000] {subprocess.py:97} INFO - Command exited with return code 0
[2024-08-07T14:54:26.651+0000] {taskinstance.py:441} INFO - ::group::Post task execution logs
[2024-08-07T14:54:26.690+0000] {taskinstance.py:1206} INFO - Marking task as SUCCESS. dag_id=***-space-exploration, task_id=Lectura_Datos_NASA, run_id=manual__2024-08-07T14:20:08.695612+00:00, execution_date=20240807T142008, start_date=20240807T145426, end_date=20240807T145426
[2024-08-07T14:54:26.763+0000] {local_task_job_runner.py:243} INFO - Task exited with return code 0
[2024-08-07T14:54:26.802+0000] {taskinstance.py:3503} INFO - 1 downstream tasks scheduled from follow-on schedule check
[2024-08-07T14:54:26.806+0000] {local_task_job_runner.py:222} INFO - ::endgroup::
