[2024-08-07T20:33:33.664+0000] {local_task_job_runner.py:120} INFO - ::group::Pre task execution logs
[2024-08-07T20:33:33.857+0000] {taskinstance.py:2076} INFO - Dependencies all met for dep_context=non-requeueable deps ti=<TaskInstance: space_exploration.read_nasa_response_data scheduled__2023-02-14T00:00:00+00:00 [queued]>
[2024-08-07T20:33:33.897+0000] {taskinstance.py:2076} INFO - Dependencies all met for dep_context=requeueable deps ti=<TaskInstance: space_exploration.read_nasa_response_data scheduled__2023-02-14T00:00:00+00:00 [queued]>
[2024-08-07T20:33:33.916+0000] {taskinstance.py:2306} INFO - Starting attempt 1 of 2
[2024-08-07T20:33:34.453+0000] {taskinstance.py:2330} INFO - Executing <Task(BashOperator): read_nasa_response_data> on 2023-02-14 00:00:00+00:00
[2024-08-07T20:33:34.475+0000] {warnings.py:112} WARNING - /home/***/.local/lib/python3.12/site-packages/***/task/task_runner/standard_task_runner.py:62: DeprecationWarning: This process (pid=180) is multi-threaded, use of fork() may lead to deadlocks in the child.
  pid = os.fork()

[2024-08-07T20:33:34.496+0000] {standard_task_runner.py:64} INFO - Started process 213 to run task
[2024-08-07T20:33:34.478+0000] {standard_task_runner.py:90} INFO - Running: ['***', 'tasks', 'run', 'space_exploration', 'read_nasa_response_data', 'scheduled__2023-02-14T00:00:00+00:00', '--job-id', '63', '--raw', '--subdir', 'DAGS_FOLDER/***-space-exploration.py', '--cfg-path', '/tmp/tmpjvhfcifk']
[2024-08-07T20:33:34.504+0000] {standard_task_runner.py:91} INFO - Job 63: Subtask read_nasa_response_data
[2024-08-07T20:33:34.721+0000] {task_command.py:426} INFO - Running <TaskInstance: space_exploration.read_nasa_response_data scheduled__2023-02-14T00:00:00+00:00 [running]> on host 13935ade345d
[2024-08-07T20:33:34.939+0000] {taskinstance.py:2648} INFO - Exporting env vars: AIRFLOW_CTX_DAG_OWNER='***' AIRFLOW_CTX_DAG_ID='space_exploration' AIRFLOW_CTX_TASK_ID='read_nasa_response_data' AIRFLOW_CTX_EXECUTION_DATE='2023-02-14T00:00:00+00:00' AIRFLOW_CTX_TRY_NUMBER='1' AIRFLOW_CTX_DAG_RUN_ID='scheduled__2023-02-14T00:00:00+00:00'
[2024-08-07T20:33:34.942+0000] {taskinstance.py:430} INFO - ::endgroup::
[2024-08-07T20:33:34.985+0000] {subprocess.py:63} INFO - Tmp dir root location: /tmp
[2024-08-07T20:33:34.986+0000] {subprocess.py:75} INFO - Running command: ['/usr/bin/bash', '-c', 'ls /tmp && head /tmp/response_20230214.txt']
[2024-08-07T20:33:35.019+0000] {subprocess.py:86} INFO - Output:
[2024-08-07T20:33:35.030+0000] {subprocess.py:93} INFO - ***tmp9f7ogez2
[2024-08-07T20:33:35.038+0000] {subprocess.py:93} INFO - platzi_data_20240801.csv
[2024-08-07T20:33:35.042+0000] {subprocess.py:93} INFO - platzi_data_20240802.csv
[2024-08-07T20:33:35.046+0000] {subprocess.py:93} INFO - platzi_data_20240803.csv
[2024-08-07T20:33:35.052+0000] {subprocess.py:93} INFO - platzi_data_20240804.csv
[2024-08-07T20:33:35.054+0000] {subprocess.py:93} INFO - platzi_data_20240805.csv
[2024-08-07T20:33:35.055+0000] {subprocess.py:93} INFO - platzi_data_20240806.csv
[2024-08-07T20:33:35.058+0000] {subprocess.py:93} INFO - pymp-fb5shr1t
[2024-08-07T20:33:35.066+0000] {subprocess.py:93} INFO - response_20230209.txt
[2024-08-07T20:33:35.067+0000] {subprocess.py:93} INFO - response_20230210.txt
[2024-08-07T20:33:35.068+0000] {subprocess.py:93} INFO - response_20230211.txt
[2024-08-07T20:33:35.069+0000] {subprocess.py:93} INFO - response_20230212.txt
[2024-08-07T20:33:35.070+0000] {subprocess.py:93} INFO - response_20230213.txt
[2024-08-07T20:33:35.074+0000] {subprocess.py:93} INFO - response_20230214.txt
[2024-08-07T20:33:35.076+0000] {subprocess.py:93} INFO - response_20230215.txt
[2024-08-07T20:33:35.079+0000] {subprocess.py:93} INFO - response_20230216.txt
[2024-08-07T20:33:35.081+0000] {subprocess.py:93} INFO - response_20230217.txt
[2024-08-07T20:33:35.082+0000] {subprocess.py:93} INFO - response_20230218.txt
[2024-08-07T20:33:35.083+0000] {subprocess.py:93} INFO - response_20230219.txt
[2024-08-07T20:33:35.085+0000] {subprocess.py:93} INFO - response_20230220.txt
[2024-08-07T20:33:35.087+0000] {subprocess.py:93} INFO - response_20230221.txt
[2024-08-07T20:33:35.089+0000] {subprocess.py:93} INFO - response_20230222.txt
[2024-08-07T20:33:35.092+0000] {subprocess.py:93} INFO - response_20230223.txt
[2024-08-07T20:33:35.093+0000] {subprocess.py:93} INFO - response_20230224.txt
[2024-08-07T20:33:35.094+0000] {subprocess.py:93} INFO - response_20240801.txt
[2024-08-07T20:33:35.097+0000] {subprocess.py:93} INFO - response_20240802.txt
[2024-08-07T20:33:35.100+0000] {subprocess.py:93} INFO - response_20240803.txt
[2024-08-07T20:33:35.102+0000] {subprocess.py:93} INFO - response_20240804.txt
[2024-08-07T20:33:35.103+0000] {subprocess.py:93} INFO - response_20240805.txt
[2024-08-07T20:33:35.104+0000] {subprocess.py:93} INFO - response_20240806.txt
[2024-08-07T20:33:35.105+0000] {subprocess.py:93} INFO - tmpayej0xld
[2024-08-07T20:33:35.107+0000] {subprocess.py:93} INFO - tmpel54w80q
[2024-08-07T20:33:35.108+0000] {subprocess.py:93} INFO - tmpt2f8u4q1
[2024-08-07T20:33:35.109+0000] {subprocess.py:93} INFO - Confirmation from NASA, you can proceed.
[2024-08-07T20:33:35.111+0000] {subprocess.py:97} INFO - Command exited with return code 0
[2024-08-07T20:33:35.123+0000] {taskinstance.py:441} INFO - ::group::Post task execution logs
[2024-08-07T20:33:35.214+0000] {taskinstance.py:1206} INFO - Marking task as SUCCESS. dag_id=space_exploration, task_id=read_nasa_response_data, run_id=scheduled__2023-02-14T00:00:00+00:00, execution_date=20230214T000000, start_date=20240807T203333, end_date=20240807T203335
[2024-08-07T20:33:35.331+0000] {local_task_job_runner.py:243} INFO - Task exited with return code 0
[2024-08-07T20:33:35.429+0000] {taskinstance.py:3503} INFO - 1 downstream tasks scheduled from follow-on schedule check
[2024-08-07T20:33:35.461+0000] {local_task_job_runner.py:222} INFO - ::endgroup::
