[2024-08-07T20:33:33.491+0000] {local_task_job_runner.py:120} INFO - ::group::Pre task execution logs
[2024-08-07T20:33:33.651+0000] {taskinstance.py:2076} INFO - Dependencies all met for dep_context=non-requeueable deps ti=<TaskInstance: space_exploration.read_nasa_response_data scheduled__2023-02-15T00:00:00+00:00 [queued]>
[2024-08-07T20:33:33.684+0000] {taskinstance.py:2076} INFO - Dependencies all met for dep_context=requeueable deps ti=<TaskInstance: space_exploration.read_nasa_response_data scheduled__2023-02-15T00:00:00+00:00 [queued]>
[2024-08-07T20:33:33.686+0000] {taskinstance.py:2306} INFO - Starting attempt 1 of 2
[2024-08-07T20:33:34.163+0000] {taskinstance.py:2330} INFO - Executing <Task(BashOperator): read_nasa_response_data> on 2023-02-15 00:00:00+00:00
[2024-08-07T20:33:34.177+0000] {warnings.py:112} WARNING - /home/***/.local/lib/python3.12/site-packages/***/task/task_runner/standard_task_runner.py:62: DeprecationWarning: This process (pid=181) is multi-threaded, use of fork() may lead to deadlocks in the child.
  pid = os.fork()

[2024-08-07T20:33:34.185+0000] {standard_task_runner.py:64} INFO - Started process 211 to run task
[2024-08-07T20:33:34.184+0000] {standard_task_runner.py:90} INFO - Running: ['***', 'tasks', 'run', 'space_exploration', 'read_nasa_response_data', 'scheduled__2023-02-15T00:00:00+00:00', '--job-id', '62', '--raw', '--subdir', 'DAGS_FOLDER/***-space-exploration.py', '--cfg-path', '/tmp/tmpd3p0l1bf']
[2024-08-07T20:33:34.193+0000] {standard_task_runner.py:91} INFO - Job 62: Subtask read_nasa_response_data
[2024-08-07T20:33:34.367+0000] {task_command.py:426} INFO - Running <TaskInstance: space_exploration.read_nasa_response_data scheduled__2023-02-15T00:00:00+00:00 [running]> on host 13935ade345d
[2024-08-07T20:33:34.656+0000] {taskinstance.py:2648} INFO - Exporting env vars: AIRFLOW_CTX_DAG_OWNER='***' AIRFLOW_CTX_DAG_ID='space_exploration' AIRFLOW_CTX_TASK_ID='read_nasa_response_data' AIRFLOW_CTX_EXECUTION_DATE='2023-02-15T00:00:00+00:00' AIRFLOW_CTX_TRY_NUMBER='1' AIRFLOW_CTX_DAG_RUN_ID='scheduled__2023-02-15T00:00:00+00:00'
[2024-08-07T20:33:34.662+0000] {taskinstance.py:430} INFO - ::endgroup::
[2024-08-07T20:33:34.703+0000] {subprocess.py:63} INFO - Tmp dir root location: /tmp
[2024-08-07T20:33:34.705+0000] {subprocess.py:75} INFO - Running command: ['/usr/bin/bash', '-c', 'ls /tmp && head /tmp/response_20230215.txt']
[2024-08-07T20:33:34.739+0000] {subprocess.py:86} INFO - Output:
[2024-08-07T20:33:34.741+0000] {subprocess.py:93} INFO - ***tmpcx25ulti
[2024-08-07T20:33:34.743+0000] {subprocess.py:93} INFO - platzi_data_20240801.csv
[2024-08-07T20:33:34.746+0000] {subprocess.py:93} INFO - platzi_data_20240802.csv
[2024-08-07T20:33:34.747+0000] {subprocess.py:93} INFO - platzi_data_20240803.csv
[2024-08-07T20:33:34.749+0000] {subprocess.py:93} INFO - platzi_data_20240804.csv
[2024-08-07T20:33:34.750+0000] {subprocess.py:93} INFO - platzi_data_20240805.csv
[2024-08-07T20:33:34.751+0000] {subprocess.py:93} INFO - platzi_data_20240806.csv
[2024-08-07T20:33:34.752+0000] {subprocess.py:93} INFO - pymp-fb5shr1t
[2024-08-07T20:33:34.753+0000] {subprocess.py:93} INFO - response_20230209.txt
[2024-08-07T20:33:34.754+0000] {subprocess.py:93} INFO - response_20230210.txt
[2024-08-07T20:33:34.755+0000] {subprocess.py:93} INFO - response_20230211.txt
[2024-08-07T20:33:34.756+0000] {subprocess.py:93} INFO - response_20230212.txt
[2024-08-07T20:33:34.758+0000] {subprocess.py:93} INFO - response_20230213.txt
[2024-08-07T20:33:34.759+0000] {subprocess.py:93} INFO - response_20230214.txt
[2024-08-07T20:33:34.760+0000] {subprocess.py:93} INFO - response_20230215.txt
[2024-08-07T20:33:34.763+0000] {subprocess.py:93} INFO - response_20230216.txt
[2024-08-07T20:33:34.766+0000] {subprocess.py:93} INFO - response_20230217.txt
[2024-08-07T20:33:34.767+0000] {subprocess.py:93} INFO - response_20230218.txt
[2024-08-07T20:33:34.769+0000] {subprocess.py:93} INFO - response_20230219.txt
[2024-08-07T20:33:34.773+0000] {subprocess.py:93} INFO - response_20230220.txt
[2024-08-07T20:33:34.774+0000] {subprocess.py:93} INFO - response_20230221.txt
[2024-08-07T20:33:34.775+0000] {subprocess.py:93} INFO - response_20230222.txt
[2024-08-07T20:33:34.776+0000] {subprocess.py:93} INFO - response_20230223.txt
[2024-08-07T20:33:34.777+0000] {subprocess.py:93} INFO - response_20230224.txt
[2024-08-07T20:33:34.778+0000] {subprocess.py:93} INFO - response_20240801.txt
[2024-08-07T20:33:34.782+0000] {subprocess.py:93} INFO - response_20240802.txt
[2024-08-07T20:33:34.784+0000] {subprocess.py:93} INFO - response_20240803.txt
[2024-08-07T20:33:34.785+0000] {subprocess.py:93} INFO - response_20240804.txt
[2024-08-07T20:33:34.786+0000] {subprocess.py:93} INFO - response_20240805.txt
[2024-08-07T20:33:34.787+0000] {subprocess.py:93} INFO - response_20240806.txt
[2024-08-07T20:33:34.788+0000] {subprocess.py:93} INFO - Confirmation from NASA, you can proceed.
[2024-08-07T20:33:34.789+0000] {subprocess.py:97} INFO - Command exited with return code 0
[2024-08-07T20:33:34.790+0000] {taskinstance.py:441} INFO - ::group::Post task execution logs
[2024-08-07T20:33:34.850+0000] {taskinstance.py:1206} INFO - Marking task as SUCCESS. dag_id=space_exploration, task_id=read_nasa_response_data, run_id=scheduled__2023-02-15T00:00:00+00:00, execution_date=20230215T000000, start_date=20240807T203333, end_date=20240807T203334
[2024-08-07T20:33:34.941+0000] {local_task_job_runner.py:243} INFO - Task exited with return code 0
[2024-08-07T20:33:35.004+0000] {taskinstance.py:3503} INFO - 0 downstream tasks scheduled from follow-on schedule check
[2024-08-07T20:33:35.008+0000] {local_task_job_runner.py:222} INFO - ::endgroup::
