[2024-08-07T14:20:43.144+0000] {local_task_job_runner.py:120} INFO - ::group::Pre task execution logs
[2024-08-07T14:20:43.191+0000] {taskinstance.py:2076} INFO - Dependencies all met for dep_context=non-requeueable deps ti=<TaskInstance: airflow-space-exploration.respuesta_satelite scheduled__2024-08-02T00:00:00+00:00 [queued]>
[2024-08-07T14:20:43.210+0000] {taskinstance.py:2076} INFO - Dependencies all met for dep_context=requeueable deps ti=<TaskInstance: airflow-space-exploration.respuesta_satelite scheduled__2024-08-02T00:00:00+00:00 [queued]>
[2024-08-07T14:20:43.212+0000] {taskinstance.py:2306} INFO - Starting attempt 1 of 1
[2024-08-07T14:20:43.246+0000] {taskinstance.py:2330} INFO - Executing <Task(PythonOperator): respuesta_satelite> on 2024-08-02 00:00:00+00:00
[2024-08-07T14:20:43.257+0000] {warnings.py:112} WARNING - /home/***/.local/lib/python3.12/site-packages/***/task/task_runner/standard_task_runner.py:62: DeprecationWarning: This process (pid=324) is multi-threaded, use of fork() may lead to deadlocks in the child.
  pid = os.fork()

[2024-08-07T14:20:43.259+0000] {standard_task_runner.py:90} INFO - Running: ['***', 'tasks', 'run', '***-space-exploration', 'respuesta_satelite', 'scheduled__2024-08-02T00:00:00+00:00', '--job-id', '40', '--raw', '--subdir', 'DAGS_FOLDER/***-space-exploration.py', '--cfg-path', '/tmp/tmpfbyamaxo']
[2024-08-07T14:20:43.261+0000] {standard_task_runner.py:64} INFO - Started process 328 to run task
[2024-08-07T14:20:43.262+0000] {standard_task_runner.py:91} INFO - Job 40: Subtask respuesta_satelite
[2024-08-07T14:20:43.347+0000] {task_command.py:426} INFO - Running <TaskInstance: airflow-space-exploration.respuesta_satelite scheduled__2024-08-02T00:00:00+00:00 [running]> on host 38873943cc86
[2024-08-07T14:20:43.473+0000] {taskinstance.py:2648} INFO - Exporting env vars: AIRFLOW_CTX_DAG_OWNER='***' AIRFLOW_CTX_DAG_ID='***-space-exploration' AIRFLOW_CTX_TASK_ID='respuesta_satelite' AIRFLOW_CTX_EXECUTION_DATE='2024-08-02T00:00:00+00:00' AIRFLOW_CTX_TRY_NUMBER='1' AIRFLOW_CTX_DAG_RUN_ID='scheduled__2024-08-02T00:00:00+00:00'
[2024-08-07T14:20:43.475+0000] {taskinstance.py:430} INFO - ::endgroup::
[2024-08-07T14:20:46.263+0000] {python.py:237} INFO - Done. Returned value was: None
[2024-08-07T14:20:46.264+0000] {taskinstance.py:441} INFO - ::group::Post task execution logs
[2024-08-07T14:20:46.273+0000] {taskinstance.py:1206} INFO - Marking task as SUCCESS. dag_id=***-space-exploration, task_id=respuesta_satelite, run_id=scheduled__2024-08-02T00:00:00+00:00, execution_date=20240802T000000, start_date=20240807T142043, end_date=20240807T142046
[2024-08-07T14:20:46.331+0000] {local_task_job_runner.py:243} INFO - Task exited with return code 0
[2024-08-07T14:20:46.353+0000] {taskinstance.py:3503} INFO - 0 downstream tasks scheduled from follow-on schedule check
[2024-08-07T14:20:46.360+0000] {local_task_job_runner.py:222} INFO - ::endgroup::
[2024-08-07T14:24:08.961+0000] {local_task_job_runner.py:120} INFO - ::group::Pre task execution logs
[2024-08-07T14:24:09.014+0000] {taskinstance.py:2076} INFO - Dependencies all met for dep_context=non-requeueable deps ti=<TaskInstance: airflow-space-exploration.Respuesta_satelite scheduled__2024-08-02T00:00:00+00:00 [queued]>
[2024-08-07T14:24:09.031+0000] {taskinstance.py:2076} INFO - Dependencies all met for dep_context=requeueable deps ti=<TaskInstance: airflow-space-exploration.Respuesta_satelite scheduled__2024-08-02T00:00:00+00:00 [queued]>
[2024-08-07T14:24:09.032+0000] {taskinstance.py:2306} INFO - Starting attempt 1 of 1
[2024-08-07T14:24:09.066+0000] {taskinstance.py:2330} INFO - Executing <Task(PythonOperator): Respuesta_satelite> on 2024-08-02 00:00:00+00:00
[2024-08-07T14:24:09.074+0000] {warnings.py:112} WARNING - /home/***/.local/lib/python3.12/site-packages/***/task/task_runner/standard_task_runner.py:62: DeprecationWarning: This process (pid=407) is multi-threaded, use of fork() may lead to deadlocks in the child.
  pid = os.fork()

[2024-08-07T14:24:09.076+0000] {standard_task_runner.py:90} INFO - Running: ['***', 'tasks', 'run', '***-space-exploration', 'Respuesta_satelite', 'scheduled__2024-08-02T00:00:00+00:00', '--job-id', '52', '--raw', '--subdir', 'DAGS_FOLDER/***-space-exploration.py', '--cfg-path', '/tmp/tmp5q_kjsul']
[2024-08-07T14:24:09.077+0000] {standard_task_runner.py:64} INFO - Started process 414 to run task
[2024-08-07T14:24:09.078+0000] {standard_task_runner.py:91} INFO - Job 52: Subtask Respuesta_satelite
[2024-08-07T14:24:09.161+0000] {task_command.py:426} INFO - Running <TaskInstance: airflow-space-exploration.Respuesta_satelite scheduled__2024-08-02T00:00:00+00:00 [running]> on host 38873943cc86
[2024-08-07T14:24:09.280+0000] {taskinstance.py:2648} INFO - Exporting env vars: AIRFLOW_CTX_DAG_OWNER='***' AIRFLOW_CTX_DAG_ID='***-space-exploration' AIRFLOW_CTX_TASK_ID='Respuesta_satelite' AIRFLOW_CTX_EXECUTION_DATE='2024-08-02T00:00:00+00:00' AIRFLOW_CTX_TRY_NUMBER='1' AIRFLOW_CTX_DAG_RUN_ID='scheduled__2024-08-02T00:00:00+00:00'
[2024-08-07T14:24:09.282+0000] {taskinstance.py:430} INFO - ::endgroup::
[2024-08-07T14:24:10.091+0000] {python.py:237} INFO - Done. Returned value was: None
[2024-08-07T14:24:10.092+0000] {taskinstance.py:441} INFO - ::group::Post task execution logs
[2024-08-07T14:24:10.125+0000] {taskinstance.py:1206} INFO - Marking task as SUCCESS. dag_id=***-space-exploration, task_id=Respuesta_satelite, run_id=scheduled__2024-08-02T00:00:00+00:00, execution_date=20240802T000000, start_date=20240807T142409, end_date=20240807T142410
[2024-08-07T14:24:10.176+0000] {local_task_job_runner.py:243} INFO - Task exited with return code 0
[2024-08-07T14:24:10.206+0000] {taskinstance.py:3503} INFO - 1 downstream tasks scheduled from follow-on schedule check
[2024-08-07T14:24:10.210+0000] {local_task_job_runner.py:222} INFO - ::endgroup::
[2024-08-07T14:43:17.975+0000] {local_task_job_runner.py:120} INFO - ::group::Pre task execution logs
[2024-08-07T14:43:18.023+0000] {taskinstance.py:2076} INFO - Dependencies all met for dep_context=non-requeueable deps ti=<TaskInstance: airflow-space-exploration.Respuesta_Satelite scheduled__2024-08-02T00:00:00+00:00 [queued]>
[2024-08-07T14:43:18.044+0000] {taskinstance.py:2076} INFO - Dependencies all met for dep_context=requeueable deps ti=<TaskInstance: airflow-space-exploration.Respuesta_Satelite scheduled__2024-08-02T00:00:00+00:00 [queued]>
[2024-08-07T14:43:18.045+0000] {taskinstance.py:2306} INFO - Starting attempt 1 of 1
[2024-08-07T14:43:18.078+0000] {taskinstance.py:2330} INFO - Executing <Task(PythonOperator): Respuesta_Satelite> on 2024-08-02 00:00:00+00:00
[2024-08-07T14:43:18.088+0000] {warnings.py:112} WARNING - /home/***/.local/lib/python3.12/site-packages/***/task/task_runner/standard_task_runner.py:62: DeprecationWarning: This process (pid=1069) is multi-threaded, use of fork() may lead to deadlocks in the child.
  pid = os.fork()

[2024-08-07T14:43:18.090+0000] {standard_task_runner.py:64} INFO - Started process 1075 to run task
[2024-08-07T14:43:18.090+0000] {standard_task_runner.py:90} INFO - Running: ['***', 'tasks', 'run', '***-space-exploration', 'Respuesta_Satelite', 'scheduled__2024-08-02T00:00:00+00:00', '--job-id', '178', '--raw', '--subdir', 'DAGS_FOLDER/***-space-exploration.py', '--cfg-path', '/tmp/tmp893_x0o5']
[2024-08-07T14:43:18.093+0000] {standard_task_runner.py:91} INFO - Job 178: Subtask Respuesta_Satelite
[2024-08-07T14:43:18.173+0000] {task_command.py:426} INFO - Running <TaskInstance: airflow-space-exploration.Respuesta_Satelite scheduled__2024-08-02T00:00:00+00:00 [running]> on host 38873943cc86
[2024-08-07T14:43:18.313+0000] {taskinstance.py:2648} INFO - Exporting env vars: AIRFLOW_CTX_DAG_OWNER='***' AIRFLOW_CTX_DAG_ID='***-space-exploration' AIRFLOW_CTX_TASK_ID='Respuesta_Satelite' AIRFLOW_CTX_EXECUTION_DATE='2024-08-02T00:00:00+00:00' AIRFLOW_CTX_TRY_NUMBER='1' AIRFLOW_CTX_DAG_RUN_ID='scheduled__2024-08-02T00:00:00+00:00'
[2024-08-07T14:43:18.315+0000] {taskinstance.py:430} INFO - ::endgroup::
[2024-08-07T14:43:22.789+0000] {python.py:237} INFO - Done. Returned value was: None
[2024-08-07T14:43:22.791+0000] {taskinstance.py:441} INFO - ::group::Post task execution logs
[2024-08-07T14:43:22.830+0000] {taskinstance.py:1206} INFO - Marking task as SUCCESS. dag_id=***-space-exploration, task_id=Respuesta_Satelite, run_id=scheduled__2024-08-02T00:00:00+00:00, execution_date=20240802T000000, start_date=20240807T144318, end_date=20240807T144322
[2024-08-07T14:43:22.916+0000] {local_task_job_runner.py:243} INFO - Task exited with return code 0
[2024-08-07T14:43:22.960+0000] {taskinstance.py:3503} INFO - 0 downstream tasks scheduled from follow-on schedule check
[2024-08-07T14:43:22.965+0000] {local_task_job_runner.py:222} INFO - ::endgroup::
