[2024-08-07T14:27:20.803+0000] {local_task_job_runner.py:120} INFO - ::group::Pre task execution logs
[2024-08-07T14:27:20.841+0000] {taskinstance.py:2076} INFO - Dependencies all met for dep_context=non-requeueable deps ti=<TaskInstance: airflow-space-exploration.Respuesta_satelite scheduled__2024-08-02T00:00:00+00:00 [queued]>
[2024-08-07T14:27:20.854+0000] {taskinstance.py:2076} INFO - Dependencies all met for dep_context=requeueable deps ti=<TaskInstance: airflow-space-exploration.Respuesta_satelite scheduled__2024-08-02T00:00:00+00:00 [queued]>
[2024-08-07T14:27:20.856+0000] {taskinstance.py:2306} INFO - Starting attempt 3 of 3
[2024-08-07T14:27:20.881+0000] {taskinstance.py:2330} INFO - Executing <Task(PythonOperator): Respuesta_satelite> on 2024-08-02 00:00:00+00:00
[2024-08-07T14:27:20.890+0000] {warnings.py:112} WARNING - /home/***/.local/lib/python3.12/site-packages/***/task/task_runner/standard_task_runner.py:62: DeprecationWarning: This process (pid=635) is multi-threaded, use of fork() may lead to deadlocks in the child.
  pid = os.fork()

[2024-08-07T14:27:20.892+0000] {standard_task_runner.py:64} INFO - Started process 641 to run task
[2024-08-07T14:27:20.892+0000] {standard_task_runner.py:90} INFO - Running: ['***', 'tasks', 'run', '***-space-exploration', 'Respuesta_satelite', 'scheduled__2024-08-02T00:00:00+00:00', '--job-id', '109', '--raw', '--subdir', 'DAGS_FOLDER/***-space-exploration.py', '--cfg-path', '/tmp/tmpkxmosbrq']
[2024-08-07T14:27:20.894+0000] {standard_task_runner.py:91} INFO - Job 109: Subtask Respuesta_satelite
[2024-08-07T14:27:20.952+0000] {task_command.py:426} INFO - Running <TaskInstance: airflow-space-exploration.Respuesta_satelite scheduled__2024-08-02T00:00:00+00:00 [running]> on host 38873943cc86
[2024-08-07T14:27:21.056+0000] {taskinstance.py:2648} INFO - Exporting env vars: AIRFLOW_CTX_DAG_OWNER='***' AIRFLOW_CTX_DAG_ID='***-space-exploration' AIRFLOW_CTX_TASK_ID='Respuesta_satelite' AIRFLOW_CTX_EXECUTION_DATE='2024-08-02T00:00:00+00:00' AIRFLOW_CTX_TRY_NUMBER='3' AIRFLOW_CTX_DAG_RUN_ID='scheduled__2024-08-02T00:00:00+00:00'
[2024-08-07T14:27:21.057+0000] {taskinstance.py:430} INFO - ::endgroup::
[2024-08-07T14:27:21.689+0000] {python.py:237} INFO - Done. Returned value was: None
[2024-08-07T14:27:21.690+0000] {taskinstance.py:441} INFO - ::group::Post task execution logs
[2024-08-07T14:27:21.704+0000] {taskinstance.py:1206} INFO - Marking task as SUCCESS. dag_id=***-space-exploration, task_id=Respuesta_satelite, run_id=scheduled__2024-08-02T00:00:00+00:00, execution_date=20240802T000000, start_date=20240807T142720, end_date=20240807T142721
[2024-08-07T14:27:21.751+0000] {local_task_job_runner.py:243} INFO - Task exited with return code 0
[2024-08-07T14:27:21.778+0000] {taskinstance.py:3503} INFO - 1 downstream tasks scheduled from follow-on schedule check
[2024-08-07T14:27:21.783+0000] {local_task_job_runner.py:222} INFO - ::endgroup::
[2024-08-07T14:54:29.741+0000] {local_task_job_runner.py:120} INFO - ::group::Pre task execution logs
[2024-08-07T14:54:29.779+0000] {taskinstance.py:2076} INFO - Dependencies all met for dep_context=non-requeueable deps ti=<TaskInstance: airflow-space-exploration.Respuesta_Satelite scheduled__2024-08-02T00:00:00+00:00 [queued]>
[2024-08-07T14:54:29.793+0000] {taskinstance.py:2076} INFO - Dependencies all met for dep_context=requeueable deps ti=<TaskInstance: airflow-space-exploration.Respuesta_Satelite scheduled__2024-08-02T00:00:00+00:00 [queued]>
[2024-08-07T14:54:29.794+0000] {taskinstance.py:2306} INFO - Starting attempt 3 of 3
[2024-08-07T14:54:29.826+0000] {taskinstance.py:2330} INFO - Executing <Task(PythonOperator): Respuesta_Satelite> on 2024-08-02 00:00:00+00:00
[2024-08-07T14:54:29.836+0000] {warnings.py:112} WARNING - /home/***/.local/lib/python3.12/site-packages/***/task/task_runner/standard_task_runner.py:62: DeprecationWarning: This process (pid=1441) is multi-threaded, use of fork() may lead to deadlocks in the child.
  pid = os.fork()

[2024-08-07T14:54:29.838+0000] {standard_task_runner.py:64} INFO - Started process 1450 to run task
[2024-08-07T14:54:29.839+0000] {standard_task_runner.py:90} INFO - Running: ['***', 'tasks', 'run', '***-space-exploration', 'Respuesta_Satelite', 'scheduled__2024-08-02T00:00:00+00:00', '--job-id', '251', '--raw', '--subdir', 'DAGS_FOLDER/***-space-exploration.py', '--cfg-path', '/tmp/tmpz3xj09r7']
[2024-08-07T14:54:29.841+0000] {standard_task_runner.py:91} INFO - Job 251: Subtask Respuesta_Satelite
[2024-08-07T14:54:29.928+0000] {task_command.py:426} INFO - Running <TaskInstance: airflow-space-exploration.Respuesta_Satelite scheduled__2024-08-02T00:00:00+00:00 [running]> on host 38873943cc86
[2024-08-07T14:54:30.053+0000] {taskinstance.py:2648} INFO - Exporting env vars: AIRFLOW_CTX_DAG_OWNER='***' AIRFLOW_CTX_DAG_ID='***-space-exploration' AIRFLOW_CTX_TASK_ID='Respuesta_Satelite' AIRFLOW_CTX_EXECUTION_DATE='2024-08-02T00:00:00+00:00' AIRFLOW_CTX_TRY_NUMBER='3' AIRFLOW_CTX_DAG_RUN_ID='scheduled__2024-08-02T00:00:00+00:00'
[2024-08-07T14:54:30.055+0000] {taskinstance.py:430} INFO - ::endgroup::
[2024-08-07T14:54:30.901+0000] {python.py:237} INFO - Done. Returned value was: None
[2024-08-07T14:54:30.902+0000] {taskinstance.py:441} INFO - ::group::Post task execution logs
[2024-08-07T14:54:30.916+0000] {taskinstance.py:1206} INFO - Marking task as SUCCESS. dag_id=***-space-exploration, task_id=Respuesta_Satelite, run_id=scheduled__2024-08-02T00:00:00+00:00, execution_date=20240802T000000, start_date=20240807T145429, end_date=20240807T145430
[2024-08-07T14:54:30.987+0000] {local_task_job_runner.py:243} INFO - Task exited with return code 0
[2024-08-07T14:54:31.026+0000] {taskinstance.py:3503} INFO - 1 downstream tasks scheduled from follow-on schedule check
[2024-08-07T14:54:31.030+0000] {local_task_job_runner.py:222} INFO - ::endgroup::
