[2024-08-07T14:25:15.227+0000] {local_task_job_runner.py:120} INFO - ::group::Pre task execution logs
[2024-08-07T14:25:15.267+0000] {taskinstance.py:2076} INFO - Dependencies all met for dep_context=non-requeueable deps ti=<TaskInstance: airflow-space-exploration.Respuesta_satelite manual__2024-08-07T14:20:08.695612+00:00 [queued]>
[2024-08-07T14:25:15.283+0000] {taskinstance.py:2076} INFO - Dependencies all met for dep_context=requeueable deps ti=<TaskInstance: airflow-space-exploration.Respuesta_satelite manual__2024-08-07T14:20:08.695612+00:00 [queued]>
[2024-08-07T14:25:15.285+0000] {taskinstance.py:2306} INFO - Starting attempt 2 of 2
[2024-08-07T14:25:15.307+0000] {taskinstance.py:2330} INFO - Executing <Task(PythonOperator): Respuesta_satelite> on 2024-08-07 14:20:08.695612+00:00
[2024-08-07T14:25:15.317+0000] {warnings.py:112} WARNING - /home/***/.local/lib/python3.12/site-packages/***/task/task_runner/standard_task_runner.py:62: DeprecationWarning: This process (pid=515) is multi-threaded, use of fork() may lead to deadlocks in the child.
  pid = os.fork()

[2024-08-07T14:25:15.320+0000] {standard_task_runner.py:64} INFO - Started process 521 to run task
[2024-08-07T14:25:15.320+0000] {standard_task_runner.py:90} INFO - Running: ['***', 'tasks', 'run', '***-space-exploration', 'Respuesta_satelite', 'manual__2024-08-07T14:20:08.695612+00:00', '--job-id', '80', '--raw', '--subdir', 'DAGS_FOLDER/***-space-exploration.py', '--cfg-path', '/tmp/tmp_2sk_vyd']
[2024-08-07T14:25:15.322+0000] {standard_task_runner.py:91} INFO - Job 80: Subtask Respuesta_satelite
[2024-08-07T14:25:15.398+0000] {task_command.py:426} INFO - Running <TaskInstance: airflow-space-exploration.Respuesta_satelite manual__2024-08-07T14:20:08.695612+00:00 [running]> on host 38873943cc86
[2024-08-07T14:25:15.511+0000] {taskinstance.py:2648} INFO - Exporting env vars: AIRFLOW_CTX_DAG_OWNER='***' AIRFLOW_CTX_DAG_ID='***-space-exploration' AIRFLOW_CTX_TASK_ID='Respuesta_satelite' AIRFLOW_CTX_EXECUTION_DATE='2024-08-07T14:20:08.695612+00:00' AIRFLOW_CTX_TRY_NUMBER='2' AIRFLOW_CTX_DAG_RUN_ID='manual__2024-08-07T14:20:08.695612+00:00'
[2024-08-07T14:25:15.513+0000] {taskinstance.py:430} INFO - ::endgroup::
[2024-08-07T14:25:17.236+0000] {python.py:237} INFO - Done. Returned value was: None
[2024-08-07T14:25:17.237+0000] {taskinstance.py:441} INFO - ::group::Post task execution logs
[2024-08-07T14:25:17.249+0000] {taskinstance.py:1206} INFO - Marking task as SUCCESS. dag_id=***-space-exploration, task_id=Respuesta_satelite, run_id=manual__2024-08-07T14:20:08.695612+00:00, execution_date=20240807T142008, start_date=20240807T142515, end_date=20240807T142517
[2024-08-07T14:25:17.304+0000] {local_task_job_runner.py:243} INFO - Task exited with return code 0
[2024-08-07T14:25:17.329+0000] {taskinstance.py:3503} INFO - 1 downstream tasks scheduled from follow-on schedule check
[2024-08-07T14:25:17.333+0000] {local_task_job_runner.py:222} INFO - ::endgroup::
[2024-08-07T14:46:07.370+0000] {local_task_job_runner.py:120} INFO - ::group::Pre task execution logs
[2024-08-07T14:46:07.410+0000] {taskinstance.py:2076} INFO - Dependencies all met for dep_context=non-requeueable deps ti=<TaskInstance: airflow-space-exploration.Respuesta_Satelite manual__2024-08-07T14:20:08.695612+00:00 [queued]>
[2024-08-07T14:46:07.426+0000] {taskinstance.py:2076} INFO - Dependencies all met for dep_context=requeueable deps ti=<TaskInstance: airflow-space-exploration.Respuesta_Satelite manual__2024-08-07T14:20:08.695612+00:00 [queued]>
[2024-08-07T14:46:07.427+0000] {taskinstance.py:2306} INFO - Starting attempt 2 of 2
[2024-08-07T14:46:07.472+0000] {taskinstance.py:2330} INFO - Executing <Task(PythonOperator): Respuesta_Satelite> on 2024-08-07 14:20:08.695612+00:00
[2024-08-07T14:46:07.481+0000] {warnings.py:112} WARNING - /home/***/.local/lib/python3.12/site-packages/***/task/task_runner/standard_task_runner.py:62: DeprecationWarning: This process (pid=1196) is multi-threaded, use of fork() may lead to deadlocks in the child.
  pid = os.fork()

[2024-08-07T14:46:07.483+0000] {standard_task_runner.py:64} INFO - Started process 1210 to run task
[2024-08-07T14:46:07.485+0000] {standard_task_runner.py:90} INFO - Running: ['***', 'tasks', 'run', '***-space-exploration', 'Respuesta_Satelite', 'manual__2024-08-07T14:20:08.695612+00:00', '--job-id', '207', '--raw', '--subdir', 'DAGS_FOLDER/***-space-exploration.py', '--cfg-path', '/tmp/tmpbkz14ql5']
[2024-08-07T14:46:07.487+0000] {standard_task_runner.py:91} INFO - Job 207: Subtask Respuesta_Satelite
[2024-08-07T14:46:07.601+0000] {task_command.py:426} INFO - Running <TaskInstance: airflow-space-exploration.Respuesta_Satelite manual__2024-08-07T14:20:08.695612+00:00 [running]> on host 38873943cc86
[2024-08-07T14:46:07.907+0000] {taskinstance.py:2648} INFO - Exporting env vars: AIRFLOW_CTX_DAG_OWNER='***' AIRFLOW_CTX_DAG_ID='***-space-exploration' AIRFLOW_CTX_TASK_ID='Respuesta_Satelite' AIRFLOW_CTX_EXECUTION_DATE='2024-08-07T14:20:08.695612+00:00' AIRFLOW_CTX_TRY_NUMBER='2' AIRFLOW_CTX_DAG_RUN_ID='manual__2024-08-07T14:20:08.695612+00:00'
[2024-08-07T14:46:07.908+0000] {taskinstance.py:430} INFO - ::endgroup::
[2024-08-07T14:46:09.776+0000] {python.py:237} INFO - Done. Returned value was: None
[2024-08-07T14:46:09.777+0000] {taskinstance.py:441} INFO - ::group::Post task execution logs
[2024-08-07T14:46:09.791+0000] {taskinstance.py:1206} INFO - Marking task as SUCCESS. dag_id=***-space-exploration, task_id=Respuesta_Satelite, run_id=manual__2024-08-07T14:20:08.695612+00:00, execution_date=20240807T142008, start_date=20240807T144607, end_date=20240807T144609
[2024-08-07T14:46:09.882+0000] {local_task_job_runner.py:243} INFO - Task exited with return code 0
[2024-08-07T14:46:09.903+0000] {taskinstance.py:3503} INFO - 1 downstream tasks scheduled from follow-on schedule check
[2024-08-07T14:46:09.909+0000] {local_task_job_runner.py:222} INFO - ::endgroup::
