[2024-08-07T14:27:20.804+0000] {local_task_job_runner.py:120} INFO - ::group::Pre task execution logs
[2024-08-07T14:27:20.843+0000] {taskinstance.py:2076} INFO - Dependencies all met for dep_context=non-requeueable deps ti=<TaskInstance: airflow-space-exploration.Respuesta_satelite manual__2024-08-07T14:20:08.695612+00:00 [queued]>
[2024-08-07T14:27:20.858+0000] {taskinstance.py:2076} INFO - Dependencies all met for dep_context=requeueable deps ti=<TaskInstance: airflow-space-exploration.Respuesta_satelite manual__2024-08-07T14:20:08.695612+00:00 [queued]>
[2024-08-07T14:27:20.859+0000] {taskinstance.py:2306} INFO - Starting attempt 3 of 3
[2024-08-07T14:27:20.883+0000] {taskinstance.py:2330} INFO - Executing <Task(PythonOperator): Respuesta_satelite> on 2024-08-07 14:20:08.695612+00:00
[2024-08-07T14:27:20.890+0000] {warnings.py:112} WARNING - /home/***/.local/lib/python3.12/site-packages/***/task/task_runner/standard_task_runner.py:62: DeprecationWarning: This process (pid=637) is multi-threaded, use of fork() may lead to deadlocks in the child.
  pid = os.fork()

[2024-08-07T14:27:20.892+0000] {standard_task_runner.py:64} INFO - Started process 642 to run task
[2024-08-07T14:27:20.892+0000] {standard_task_runner.py:90} INFO - Running: ['***', 'tasks', 'run', '***-space-exploration', 'Respuesta_satelite', 'manual__2024-08-07T14:20:08.695612+00:00', '--job-id', '111', '--raw', '--subdir', 'DAGS_FOLDER/***-space-exploration.py', '--cfg-path', '/tmp/tmp2nvzg3gr']
[2024-08-07T14:27:20.894+0000] {standard_task_runner.py:91} INFO - Job 111: Subtask Respuesta_satelite
[2024-08-07T14:27:20.954+0000] {task_command.py:426} INFO - Running <TaskInstance: airflow-space-exploration.Respuesta_satelite manual__2024-08-07T14:20:08.695612+00:00 [running]> on host 38873943cc86
[2024-08-07T14:27:21.061+0000] {taskinstance.py:2648} INFO - Exporting env vars: AIRFLOW_CTX_DAG_OWNER='***' AIRFLOW_CTX_DAG_ID='***-space-exploration' AIRFLOW_CTX_TASK_ID='Respuesta_satelite' AIRFLOW_CTX_EXECUTION_DATE='2024-08-07T14:20:08.695612+00:00' AIRFLOW_CTX_TRY_NUMBER='3' AIRFLOW_CTX_DAG_RUN_ID='manual__2024-08-07T14:20:08.695612+00:00'
[2024-08-07T14:27:21.062+0000] {taskinstance.py:430} INFO - ::endgroup::
[2024-08-07T14:27:22.754+0000] {python.py:237} INFO - Done. Returned value was: None
[2024-08-07T14:27:22.755+0000] {taskinstance.py:441} INFO - ::group::Post task execution logs
[2024-08-07T14:27:22.771+0000] {taskinstance.py:1206} INFO - Marking task as SUCCESS. dag_id=***-space-exploration, task_id=Respuesta_satelite, run_id=manual__2024-08-07T14:20:08.695612+00:00, execution_date=20240807T142008, start_date=20240807T142720, end_date=20240807T142722
[2024-08-07T14:27:22.839+0000] {local_task_job_runner.py:243} INFO - Task exited with return code 0
[2024-08-07T14:27:22.886+0000] {taskinstance.py:3503} INFO - 1 downstream tasks scheduled from follow-on schedule check
[2024-08-07T14:27:22.896+0000] {local_task_job_runner.py:222} INFO - ::endgroup::
[2024-08-07T14:54:29.736+0000] {local_task_job_runner.py:120} INFO - ::group::Pre task execution logs
[2024-08-07T14:54:29.773+0000] {taskinstance.py:2076} INFO - Dependencies all met for dep_context=non-requeueable deps ti=<TaskInstance: airflow-space-exploration.Respuesta_Satelite manual__2024-08-07T14:20:08.695612+00:00 [queued]>
[2024-08-07T14:54:29.789+0000] {taskinstance.py:2076} INFO - Dependencies all met for dep_context=requeueable deps ti=<TaskInstance: airflow-space-exploration.Respuesta_Satelite manual__2024-08-07T14:20:08.695612+00:00 [queued]>
[2024-08-07T14:54:29.789+0000] {taskinstance.py:2306} INFO - Starting attempt 3 of 3
[2024-08-07T14:54:29.820+0000] {taskinstance.py:2330} INFO - Executing <Task(PythonOperator): Respuesta_Satelite> on 2024-08-07 14:20:08.695612+00:00
[2024-08-07T14:54:29.830+0000] {warnings.py:112} WARNING - /home/***/.local/lib/python3.12/site-packages/***/task/task_runner/standard_task_runner.py:62: DeprecationWarning: This process (pid=1440) is multi-threaded, use of fork() may lead to deadlocks in the child.
  pid = os.fork()

[2024-08-07T14:54:29.833+0000] {standard_task_runner.py:64} INFO - Started process 1448 to run task
[2024-08-07T14:54:29.832+0000] {standard_task_runner.py:90} INFO - Running: ['***', 'tasks', 'run', '***-space-exploration', 'Respuesta_Satelite', 'manual__2024-08-07T14:20:08.695612+00:00', '--job-id', '249', '--raw', '--subdir', 'DAGS_FOLDER/***-space-exploration.py', '--cfg-path', '/tmp/tmpkt1nds66']
[2024-08-07T14:54:29.835+0000] {standard_task_runner.py:91} INFO - Job 249: Subtask Respuesta_Satelite
[2024-08-07T14:54:29.921+0000] {task_command.py:426} INFO - Running <TaskInstance: airflow-space-exploration.Respuesta_Satelite manual__2024-08-07T14:20:08.695612+00:00 [running]> on host 38873943cc86
[2024-08-07T14:54:30.049+0000] {taskinstance.py:2648} INFO - Exporting env vars: AIRFLOW_CTX_DAG_OWNER='***' AIRFLOW_CTX_DAG_ID='***-space-exploration' AIRFLOW_CTX_TASK_ID='Respuesta_Satelite' AIRFLOW_CTX_EXECUTION_DATE='2024-08-07T14:20:08.695612+00:00' AIRFLOW_CTX_TRY_NUMBER='3' AIRFLOW_CTX_DAG_RUN_ID='manual__2024-08-07T14:20:08.695612+00:00'
[2024-08-07T14:54:30.050+0000] {taskinstance.py:430} INFO - ::endgroup::
[2024-08-07T14:54:30.884+0000] {python.py:237} INFO - Done. Returned value was: None
[2024-08-07T14:54:30.888+0000] {taskinstance.py:441} INFO - ::group::Post task execution logs
[2024-08-07T14:54:30.905+0000] {taskinstance.py:1206} INFO - Marking task as SUCCESS. dag_id=***-space-exploration, task_id=Respuesta_Satelite, run_id=manual__2024-08-07T14:20:08.695612+00:00, execution_date=20240807T142008, start_date=20240807T145429, end_date=20240807T145430
[2024-08-07T14:54:30.974+0000] {local_task_job_runner.py:243} INFO - Task exited with return code 0
[2024-08-07T14:54:31.001+0000] {taskinstance.py:3503} INFO - 1 downstream tasks scheduled from follow-on schedule check
[2024-08-07T14:54:31.005+0000] {local_task_job_runner.py:222} INFO - ::endgroup::
