[2024-08-07T14:20:32.294+0000] {local_task_job_runner.py:120} INFO - ::group::Pre task execution logs
[2024-08-07T14:20:32.319+0000] {taskinstance.py:2076} INFO - Dependencies all met for dep_context=non-requeueable deps ti=<TaskInstance: airflow-space-exploration.respuesta_satelite manual__2024-08-07T14:20:08.695612+00:00 [queued]>
[2024-08-07T14:20:32.330+0000] {taskinstance.py:2076} INFO - Dependencies all met for dep_context=requeueable deps ti=<TaskInstance: airflow-space-exploration.respuesta_satelite manual__2024-08-07T14:20:08.695612+00:00 [queued]>
[2024-08-07T14:20:32.332+0000] {taskinstance.py:2306} INFO - Starting attempt 1 of 1
[2024-08-07T14:20:32.350+0000] {taskinstance.py:2330} INFO - Executing <Task(PythonOperator): respuesta_satelite> on 2024-08-07 14:20:08.695612+00:00
[2024-08-07T14:20:32.356+0000] {warnings.py:112} WARNING - /home/***/.local/lib/python3.12/site-packages/***/task/task_runner/standard_task_runner.py:62: DeprecationWarning: This process (pid=299) is multi-threaded, use of fork() may lead to deadlocks in the child.
  pid = os.fork()

[2024-08-07T14:20:32.356+0000] {standard_task_runner.py:90} INFO - Running: ['***', 'tasks', 'run', '***-space-exploration', 'respuesta_satelite', 'manual__2024-08-07T14:20:08.695612+00:00', '--job-id', '31', '--raw', '--subdir', 'DAGS_FOLDER/***-space-exploration.py', '--cfg-path', '/tmp/tmptmmmyg1a']
[2024-08-07T14:20:32.358+0000] {standard_task_runner.py:64} INFO - Started process 300 to run task
[2024-08-07T14:20:32.358+0000] {standard_task_runner.py:91} INFO - Job 31: Subtask respuesta_satelite
[2024-08-07T14:20:32.400+0000] {task_command.py:426} INFO - Running <TaskInstance: airflow-space-exploration.respuesta_satelite manual__2024-08-07T14:20:08.695612+00:00 [running]> on host 38873943cc86
[2024-08-07T14:20:32.473+0000] {taskinstance.py:2648} INFO - Exporting env vars: AIRFLOW_CTX_DAG_OWNER='***' AIRFLOW_CTX_DAG_ID='***-space-exploration' AIRFLOW_CTX_TASK_ID='respuesta_satelite' AIRFLOW_CTX_EXECUTION_DATE='2024-08-07T14:20:08.695612+00:00' AIRFLOW_CTX_TRY_NUMBER='1' AIRFLOW_CTX_DAG_RUN_ID='manual__2024-08-07T14:20:08.695612+00:00'
[2024-08-07T14:20:32.474+0000] {taskinstance.py:430} INFO - ::endgroup::
[2024-08-07T14:20:35.529+0000] {python.py:237} INFO - Done. Returned value was: None
[2024-08-07T14:20:35.530+0000] {taskinstance.py:441} INFO - ::group::Post task execution logs
[2024-08-07T14:20:35.541+0000] {taskinstance.py:1206} INFO - Marking task as SUCCESS. dag_id=***-space-exploration, task_id=respuesta_satelite, run_id=manual__2024-08-07T14:20:08.695612+00:00, execution_date=20240807T142008, start_date=20240807T142032, end_date=20240807T142035
[2024-08-07T14:20:35.583+0000] {local_task_job_runner.py:243} INFO - Task exited with return code 0
[2024-08-07T14:20:35.596+0000] {taskinstance.py:3503} INFO - 0 downstream tasks scheduled from follow-on schedule check
[2024-08-07T14:20:35.599+0000] {local_task_job_runner.py:222} INFO - ::endgroup::
[2024-08-07T14:24:08.961+0000] {local_task_job_runner.py:120} INFO - ::group::Pre task execution logs
[2024-08-07T14:24:09.016+0000] {taskinstance.py:2076} INFO - Dependencies all met for dep_context=non-requeueable deps ti=<TaskInstance: airflow-space-exploration.Respuesta_satelite manual__2024-08-07T14:20:08.695612+00:00 [queued]>
[2024-08-07T14:24:09.033+0000] {taskinstance.py:2076} INFO - Dependencies all met for dep_context=requeueable deps ti=<TaskInstance: airflow-space-exploration.Respuesta_satelite manual__2024-08-07T14:20:08.695612+00:00 [queued]>
[2024-08-07T14:24:09.034+0000] {taskinstance.py:2306} INFO - Starting attempt 1 of 1
[2024-08-07T14:24:09.068+0000] {taskinstance.py:2330} INFO - Executing <Task(PythonOperator): Respuesta_satelite> on 2024-08-07 14:20:08.695612+00:00
[2024-08-07T14:24:09.078+0000] {warnings.py:112} WARNING - /home/***/.local/lib/python3.12/site-packages/***/task/task_runner/standard_task_runner.py:62: DeprecationWarning: This process (pid=406) is multi-threaded, use of fork() may lead to deadlocks in the child.
  pid = os.fork()

[2024-08-07T14:24:09.081+0000] {standard_task_runner.py:64} INFO - Started process 416 to run task
[2024-08-07T14:24:09.080+0000] {standard_task_runner.py:90} INFO - Running: ['***', 'tasks', 'run', '***-space-exploration', 'Respuesta_satelite', 'manual__2024-08-07T14:20:08.695612+00:00', '--job-id', '51', '--raw', '--subdir', 'DAGS_FOLDER/***-space-exploration.py', '--cfg-path', '/tmp/tmpgk8zuzk5']
[2024-08-07T14:24:09.087+0000] {standard_task_runner.py:91} INFO - Job 51: Subtask Respuesta_satelite
[2024-08-07T14:24:09.171+0000] {task_command.py:426} INFO - Running <TaskInstance: airflow-space-exploration.Respuesta_satelite manual__2024-08-07T14:20:08.695612+00:00 [running]> on host 38873943cc86
[2024-08-07T14:24:09.298+0000] {taskinstance.py:2648} INFO - Exporting env vars: AIRFLOW_CTX_DAG_OWNER='***' AIRFLOW_CTX_DAG_ID='***-space-exploration' AIRFLOW_CTX_TASK_ID='Respuesta_satelite' AIRFLOW_CTX_EXECUTION_DATE='2024-08-07T14:20:08.695612+00:00' AIRFLOW_CTX_TRY_NUMBER='1' AIRFLOW_CTX_DAG_RUN_ID='manual__2024-08-07T14:20:08.695612+00:00'
[2024-08-07T14:24:09.300+0000] {taskinstance.py:430} INFO - ::endgroup::
[2024-08-07T14:24:10.126+0000] {python.py:237} INFO - Done. Returned value was: None
[2024-08-07T14:24:10.127+0000] {taskinstance.py:441} INFO - ::group::Post task execution logs
[2024-08-07T14:24:10.153+0000] {taskinstance.py:1206} INFO - Marking task as SUCCESS. dag_id=***-space-exploration, task_id=Respuesta_satelite, run_id=manual__2024-08-07T14:20:08.695612+00:00, execution_date=20240807T142008, start_date=20240807T142409, end_date=20240807T142410
[2024-08-07T14:24:10.221+0000] {local_task_job_runner.py:243} INFO - Task exited with return code 0
[2024-08-07T14:24:10.253+0000] {taskinstance.py:3503} INFO - 1 downstream tasks scheduled from follow-on schedule check
[2024-08-07T14:24:10.264+0000] {local_task_job_runner.py:222} INFO - ::endgroup::
[2024-08-07T14:43:18.001+0000] {local_task_job_runner.py:120} INFO - ::group::Pre task execution logs
[2024-08-07T14:43:18.048+0000] {taskinstance.py:2076} INFO - Dependencies all met for dep_context=non-requeueable deps ti=<TaskInstance: airflow-space-exploration.Respuesta_Satelite manual__2024-08-07T14:20:08.695612+00:00 [queued]>
[2024-08-07T14:43:18.069+0000] {taskinstance.py:2076} INFO - Dependencies all met for dep_context=requeueable deps ti=<TaskInstance: airflow-space-exploration.Respuesta_Satelite manual__2024-08-07T14:20:08.695612+00:00 [queued]>
[2024-08-07T14:43:18.070+0000] {taskinstance.py:2306} INFO - Starting attempt 1 of 1
[2024-08-07T14:43:18.104+0000] {taskinstance.py:2330} INFO - Executing <Task(PythonOperator): Respuesta_Satelite> on 2024-08-07 14:20:08.695612+00:00
[2024-08-07T14:43:18.114+0000] {warnings.py:112} WARNING - /home/***/.local/lib/python3.12/site-packages/***/task/task_runner/standard_task_runner.py:62: DeprecationWarning: This process (pid=1072) is multi-threaded, use of fork() may lead to deadlocks in the child.
  pid = os.fork()

[2024-08-07T14:43:18.116+0000] {standard_task_runner.py:64} INFO - Started process 1078 to run task
[2024-08-07T14:43:18.115+0000] {standard_task_runner.py:90} INFO - Running: ['***', 'tasks', 'run', '***-space-exploration', 'Respuesta_Satelite', 'manual__2024-08-07T14:20:08.695612+00:00', '--job-id', '181', '--raw', '--subdir', 'DAGS_FOLDER/***-space-exploration.py', '--cfg-path', '/tmp/tmpyk4ovyev']
[2024-08-07T14:43:18.119+0000] {standard_task_runner.py:91} INFO - Job 181: Subtask Respuesta_Satelite
[2024-08-07T14:43:18.188+0000] {task_command.py:426} INFO - Running <TaskInstance: airflow-space-exploration.Respuesta_Satelite manual__2024-08-07T14:20:08.695612+00:00 [running]> on host 38873943cc86
[2024-08-07T14:43:18.328+0000] {taskinstance.py:2648} INFO - Exporting env vars: AIRFLOW_CTX_DAG_OWNER='***' AIRFLOW_CTX_DAG_ID='***-space-exploration' AIRFLOW_CTX_TASK_ID='Respuesta_Satelite' AIRFLOW_CTX_EXECUTION_DATE='2024-08-07T14:20:08.695612+00:00' AIRFLOW_CTX_TRY_NUMBER='1' AIRFLOW_CTX_DAG_RUN_ID='manual__2024-08-07T14:20:08.695612+00:00'
[2024-08-07T14:43:18.329+0000] {taskinstance.py:430} INFO - ::endgroup::
[2024-08-07T14:43:22.807+0000] {python.py:237} INFO - Done. Returned value was: None
[2024-08-07T14:43:22.815+0000] {taskinstance.py:441} INFO - ::group::Post task execution logs
[2024-08-07T14:43:22.851+0000] {taskinstance.py:1206} INFO - Marking task as SUCCESS. dag_id=***-space-exploration, task_id=Respuesta_Satelite, run_id=manual__2024-08-07T14:20:08.695612+00:00, execution_date=20240807T142008, start_date=20240807T144318, end_date=20240807T144322
[2024-08-07T14:43:22.948+0000] {local_task_job_runner.py:243} INFO - Task exited with return code 0
[2024-08-07T14:43:22.987+0000] {taskinstance.py:3503} INFO - 0 downstream tasks scheduled from follow-on schedule check
[2024-08-07T14:43:22.994+0000] {local_task_job_runner.py:222} INFO - ::endgroup::
