[2024-08-07T14:20:42.082+0000] {local_task_job_runner.py:120} INFO - ::group::Pre task execution logs
[2024-08-07T14:20:42.113+0000] {taskinstance.py:2076} INFO - Dependencies all met for dep_context=non-requeueable deps ti=<TaskInstance: airflow-space-exploration.SpaceX_data scheduled__2024-08-06T00:00:00+00:00 [queued]>
[2024-08-07T14:20:42.127+0000] {taskinstance.py:2076} INFO - Dependencies all met for dep_context=requeueable deps ti=<TaskInstance: airflow-space-exploration.SpaceX_data scheduled__2024-08-06T00:00:00+00:00 [queued]>
[2024-08-07T14:20:42.128+0000] {taskinstance.py:2306} INFO - Starting attempt 2 of 2
[2024-08-07T14:20:42.154+0000] {taskinstance.py:2330} INFO - Executing <Task(BashOperator): SpaceX_data> on 2024-08-06 00:00:00+00:00
[2024-08-07T14:20:42.164+0000] {warnings.py:112} WARNING - /home/***/.local/lib/python3.12/site-packages/***/task/task_runner/standard_task_runner.py:62: DeprecationWarning: This process (pid=306) is multi-threaded, use of fork() may lead to deadlocks in the child.
  pid = os.fork()

[2024-08-07T14:20:42.166+0000] {standard_task_runner.py:64} INFO - Started process 312 to run task
[2024-08-07T14:20:42.165+0000] {standard_task_runner.py:90} INFO - Running: ['***', 'tasks', 'run', '***-space-exploration', 'SpaceX_data', 'scheduled__2024-08-06T00:00:00+00:00', '--job-id', '36', '--raw', '--subdir', 'DAGS_FOLDER/***-space-exploration.py', '--cfg-path', '/tmp/tmpuxgivk1s']
[2024-08-07T14:20:42.167+0000] {standard_task_runner.py:91} INFO - Job 36: Subtask SpaceX_data
[2024-08-07T14:20:42.224+0000] {task_command.py:426} INFO - Running <TaskInstance: airflow-space-exploration.SpaceX_data scheduled__2024-08-06T00:00:00+00:00 [running]> on host 38873943cc86
[2024-08-07T14:20:42.328+0000] {taskinstance.py:2648} INFO - Exporting env vars: AIRFLOW_CTX_DAG_OWNER='***' AIRFLOW_CTX_DAG_ID='***-space-exploration' AIRFLOW_CTX_TASK_ID='SpaceX_data' AIRFLOW_CTX_EXECUTION_DATE='2024-08-06T00:00:00+00:00' AIRFLOW_CTX_TRY_NUMBER='2' AIRFLOW_CTX_DAG_RUN_ID='scheduled__2024-08-06T00:00:00+00:00'
[2024-08-07T14:20:42.329+0000] {taskinstance.py:430} INFO - ::endgroup::
[2024-08-07T14:20:42.343+0000] {subprocess.py:63} INFO - Tmp dir root location: /tmp
[2024-08-07T14:20:42.344+0000] {subprocess.py:75} INFO - Running command: ['/usr/bin/bash', '-c', "curl -o /tmp/history.json -L'https://api.spacexdata.com/v4/history'"]
[2024-08-07T14:20:42.356+0000] {subprocess.py:86} INFO - Output:
[2024-08-07T14:20:42.364+0000] {subprocess.py:93} INFO - Usage: curl [options...] <url>
[2024-08-07T14:20:42.365+0000] {subprocess.py:93} INFO -  -d, --data <data>          HTTP POST data
[2024-08-07T14:20:42.366+0000] {subprocess.py:93} INFO -  -f, --fail                 Fail fast with no output on HTTP errors
[2024-08-07T14:20:42.367+0000] {subprocess.py:93} INFO -  -h, --help <category>      Get help for commands
[2024-08-07T14:20:42.368+0000] {subprocess.py:93} INFO -  -i, --include              Include protocol response headers in the output
[2024-08-07T14:20:42.368+0000] {subprocess.py:93} INFO -  -o, --output <file>        Write to file instead of stdout
[2024-08-07T14:20:42.369+0000] {subprocess.py:93} INFO -  -O, --remote-name          Write output to a file named as the remote file
[2024-08-07T14:20:42.370+0000] {subprocess.py:93} INFO -  -s, --silent               Silent mode
[2024-08-07T14:20:42.370+0000] {subprocess.py:93} INFO -  -T, --upload-file <file>   Transfer local FILE to destination
[2024-08-07T14:20:42.371+0000] {subprocess.py:93} INFO -  -u, --user <user:password> Server user and password
[2024-08-07T14:20:42.372+0000] {subprocess.py:93} INFO -  -A, --user-agent <name>    Send User-Agent <name> to server
[2024-08-07T14:20:42.372+0000] {subprocess.py:93} INFO -  -v, --verbose              Make the operation more talkative
[2024-08-07T14:20:42.373+0000] {subprocess.py:93} INFO -  -V, --version              Show version number and quit
[2024-08-07T14:20:42.374+0000] {subprocess.py:93} INFO - 
[2024-08-07T14:20:42.374+0000] {subprocess.py:93} INFO - This is not the full help, this menu is stripped into categories.
[2024-08-07T14:20:42.375+0000] {subprocess.py:93} INFO - Use "--help category" to get an overview of all categories.
[2024-08-07T14:20:42.375+0000] {subprocess.py:93} INFO - For all options use the manual or "--help all".
[2024-08-07T14:20:42.376+0000] {subprocess.py:97} INFO - Command exited with return code 0
[2024-08-07T14:20:42.377+0000] {taskinstance.py:441} INFO - ::group::Post task execution logs
[2024-08-07T14:20:42.407+0000] {taskinstance.py:1206} INFO - Marking task as SUCCESS. dag_id=***-space-exploration, task_id=SpaceX_data, run_id=scheduled__2024-08-06T00:00:00+00:00, execution_date=20240806T000000, start_date=20240807T142042, end_date=20240807T142042
[2024-08-07T14:20:42.462+0000] {local_task_job_runner.py:243} INFO - Task exited with return code 0
[2024-08-07T14:20:42.487+0000] {taskinstance.py:3503} INFO - 1 downstream tasks scheduled from follow-on schedule check
[2024-08-07T14:20:42.490+0000] {local_task_job_runner.py:222} INFO - ::endgroup::
[2024-08-07T14:46:03.966+0000] {local_task_job_runner.py:120} INFO - ::group::Pre task execution logs
[2024-08-07T14:46:04.011+0000] {taskinstance.py:2076} INFO - Dependencies all met for dep_context=non-requeueable deps ti=<TaskInstance: airflow-space-exploration.SpaceX_Data scheduled__2024-08-06T00:00:00+00:00 [queued]>
[2024-08-07T14:46:04.027+0000] {taskinstance.py:2076} INFO - Dependencies all met for dep_context=requeueable deps ti=<TaskInstance: airflow-space-exploration.SpaceX_Data scheduled__2024-08-06T00:00:00+00:00 [queued]>
[2024-08-07T14:46:04.028+0000] {taskinstance.py:2306} INFO - Starting attempt 2 of 2
[2024-08-07T14:46:04.062+0000] {taskinstance.py:2330} INFO - Executing <Task(BashOperator): SpaceX_Data> on 2024-08-06 00:00:00+00:00
[2024-08-07T14:46:04.071+0000] {warnings.py:112} WARNING - /home/***/.local/lib/python3.12/site-packages/***/task/task_runner/standard_task_runner.py:62: DeprecationWarning: This process (pid=1176) is multi-threaded, use of fork() may lead to deadlocks in the child.
  pid = os.fork()

[2024-08-07T14:46:04.074+0000] {standard_task_runner.py:64} INFO - Started process 1182 to run task
[2024-08-07T14:46:04.073+0000] {standard_task_runner.py:90} INFO - Running: ['***', 'tasks', 'run', '***-space-exploration', 'SpaceX_Data', 'scheduled__2024-08-06T00:00:00+00:00', '--job-id', '201', '--raw', '--subdir', 'DAGS_FOLDER/***-space-exploration.py', '--cfg-path', '/tmp/tmpf86hd84v']
[2024-08-07T14:46:04.076+0000] {standard_task_runner.py:91} INFO - Job 201: Subtask SpaceX_Data
[2024-08-07T14:46:04.154+0000] {task_command.py:426} INFO - Running <TaskInstance: airflow-space-exploration.SpaceX_Data scheduled__2024-08-06T00:00:00+00:00 [running]> on host 38873943cc86
[2024-08-07T14:46:04.277+0000] {taskinstance.py:2648} INFO - Exporting env vars: AIRFLOW_CTX_DAG_OWNER='***' AIRFLOW_CTX_DAG_ID='***-space-exploration' AIRFLOW_CTX_TASK_ID='SpaceX_Data' AIRFLOW_CTX_EXECUTION_DATE='2024-08-06T00:00:00+00:00' AIRFLOW_CTX_TRY_NUMBER='2' AIRFLOW_CTX_DAG_RUN_ID='scheduled__2024-08-06T00:00:00+00:00'
[2024-08-07T14:46:04.278+0000] {taskinstance.py:430} INFO - ::endgroup::
[2024-08-07T14:46:04.296+0000] {subprocess.py:63} INFO - Tmp dir root location: /tmp
[2024-08-07T14:46:04.298+0000] {subprocess.py:75} INFO - Running command: ['/usr/bin/bash', '-c', "curl -o /tmp/history.json -L'https://api.spacexdata.com/v4/history'"]
[2024-08-07T14:46:04.312+0000] {subprocess.py:86} INFO - Output:
[2024-08-07T14:46:04.322+0000] {subprocess.py:93} INFO - Usage: curl [options...] <url>
[2024-08-07T14:46:04.323+0000] {subprocess.py:93} INFO -  -d, --data <data>          HTTP POST data
[2024-08-07T14:46:04.324+0000] {subprocess.py:93} INFO -  -f, --fail                 Fail fast with no output on HTTP errors
[2024-08-07T14:46:04.324+0000] {subprocess.py:93} INFO -  -h, --help <category>      Get help for commands
[2024-08-07T14:46:04.325+0000] {subprocess.py:93} INFO -  -i, --include              Include protocol response headers in the output
[2024-08-07T14:46:04.326+0000] {subprocess.py:93} INFO -  -o, --output <file>        Write to file instead of stdout
[2024-08-07T14:46:04.327+0000] {subprocess.py:93} INFO -  -O, --remote-name          Write output to a file named as the remote file
[2024-08-07T14:46:04.328+0000] {subprocess.py:93} INFO -  -s, --silent               Silent mode
[2024-08-07T14:46:04.328+0000] {subprocess.py:93} INFO -  -T, --upload-file <file>   Transfer local FILE to destination
[2024-08-07T14:46:04.330+0000] {subprocess.py:93} INFO -  -u, --user <user:password> Server user and password
[2024-08-07T14:46:04.330+0000] {subprocess.py:93} INFO -  -A, --user-agent <name>    Send User-Agent <name> to server
[2024-08-07T14:46:04.332+0000] {subprocess.py:93} INFO -  -v, --verbose              Make the operation more talkative
[2024-08-07T14:46:04.332+0000] {subprocess.py:93} INFO -  -V, --version              Show version number and quit
[2024-08-07T14:46:04.333+0000] {subprocess.py:93} INFO - 
[2024-08-07T14:46:04.334+0000] {subprocess.py:93} INFO - This is not the full help, this menu is stripped into categories.
[2024-08-07T14:46:04.335+0000] {subprocess.py:93} INFO - Use "--help category" to get an overview of all categories.
[2024-08-07T14:46:04.335+0000] {subprocess.py:93} INFO - For all options use the manual or "--help all".
[2024-08-07T14:46:04.336+0000] {subprocess.py:97} INFO - Command exited with return code 0
[2024-08-07T14:46:04.337+0000] {taskinstance.py:441} INFO - ::group::Post task execution logs
[2024-08-07T14:46:04.376+0000] {taskinstance.py:1206} INFO - Marking task as SUCCESS. dag_id=***-space-exploration, task_id=SpaceX_Data, run_id=scheduled__2024-08-06T00:00:00+00:00, execution_date=20240806T000000, start_date=20240807T144604, end_date=20240807T144604
[2024-08-07T14:46:04.410+0000] {local_task_job_runner.py:243} INFO - Task exited with return code 0
[2024-08-07T14:46:04.442+0000] {taskinstance.py:3503} INFO - 1 downstream tasks scheduled from follow-on schedule check
[2024-08-07T14:46:04.447+0000] {local_task_job_runner.py:222} INFO - ::endgroup::
