[2024-08-07T14:10:28.658+0000] {local_task_job_runner.py:120} INFO - ::group::Pre task execution logs
[2024-08-07T14:10:28.709+0000] {taskinstance.py:2076} INFO - Dependencies all met for dep_context=non-requeueable deps ti=<TaskInstance: airflow-space-exploration.SpaceX_data scheduled__2024-08-06T00:00:00+00:00 [queued]>
[2024-08-07T14:10:28.728+0000] {taskinstance.py:2076} INFO - Dependencies all met for dep_context=requeueable deps ti=<TaskInstance: airflow-space-exploration.SpaceX_data scheduled__2024-08-06T00:00:00+00:00 [queued]>
[2024-08-07T14:10:28.730+0000] {taskinstance.py:2306} INFO - Starting attempt 1 of 1
[2024-08-07T14:10:28.757+0000] {taskinstance.py:2330} INFO - Executing <Task(BashOperator): SpaceX_data> on 2024-08-06 00:00:00+00:00
[2024-08-07T14:10:28.765+0000] {warnings.py:112} WARNING - /home/***/.local/lib/python3.12/site-packages/***/task/task_runner/standard_task_runner.py:62: DeprecationWarning: This process (pid=124) is multi-threaded, use of fork() may lead to deadlocks in the child.
  pid = os.fork()

[2024-08-07T14:10:28.767+0000] {standard_task_runner.py:64} INFO - Started process 132 to run task
[2024-08-07T14:10:28.767+0000] {standard_task_runner.py:90} INFO - Running: ['***', 'tasks', 'run', '***-space-exploration', 'SpaceX_data', 'scheduled__2024-08-06T00:00:00+00:00', '--job-id', '17', '--raw', '--subdir', 'DAGS_FOLDER/***-space-exploration.py', '--cfg-path', '/tmp/tmprof0jhib']
[2024-08-07T14:10:28.769+0000] {standard_task_runner.py:91} INFO - Job 17: Subtask SpaceX_data
[2024-08-07T14:10:28.877+0000] {task_command.py:426} INFO - Running <TaskInstance: airflow-space-exploration.SpaceX_data scheduled__2024-08-06T00:00:00+00:00 [running]> on host 38873943cc86
[2024-08-07T14:10:29.103+0000] {taskinstance.py:2648} INFO - Exporting env vars: AIRFLOW_CTX_DAG_OWNER='***' AIRFLOW_CTX_DAG_ID='***-space-exploration' AIRFLOW_CTX_TASK_ID='SpaceX_data' AIRFLOW_CTX_EXECUTION_DATE='2024-08-06T00:00:00+00:00' AIRFLOW_CTX_TRY_NUMBER='1' AIRFLOW_CTX_DAG_RUN_ID='scheduled__2024-08-06T00:00:00+00:00'
[2024-08-07T14:10:29.105+0000] {taskinstance.py:430} INFO - ::endgroup::
[2024-08-07T14:10:29.139+0000] {subprocess.py:63} INFO - Tmp dir root location: /tmp
[2024-08-07T14:10:29.141+0000] {subprocess.py:75} INFO - Running command: ['/usr/bin/bash', '-c', "curl -o /tmp/history.json -L'https://api.spacexdata.com/v4/history'"]
[2024-08-07T14:10:29.164+0000] {subprocess.py:86} INFO - Output:
[2024-08-07T14:10:29.184+0000] {subprocess.py:93} INFO - Usage: curl [options...] <url>
[2024-08-07T14:10:29.185+0000] {subprocess.py:93} INFO -  -d, --data <data>          HTTP POST data
[2024-08-07T14:10:29.186+0000] {subprocess.py:93} INFO -  -f, --fail                 Fail fast with no output on HTTP errors
[2024-08-07T14:10:29.187+0000] {subprocess.py:93} INFO -  -h, --help <category>      Get help for commands
[2024-08-07T14:10:29.188+0000] {subprocess.py:93} INFO -  -i, --include              Include protocol response headers in the output
[2024-08-07T14:10:29.189+0000] {subprocess.py:93} INFO -  -o, --output <file>        Write to file instead of stdout
[2024-08-07T14:10:29.190+0000] {subprocess.py:93} INFO -  -O, --remote-name          Write output to a file named as the remote file
[2024-08-07T14:10:29.191+0000] {subprocess.py:93} INFO -  -s, --silent               Silent mode
[2024-08-07T14:10:29.192+0000] {subprocess.py:93} INFO -  -T, --upload-file <file>   Transfer local FILE to destination
[2024-08-07T14:10:29.193+0000] {subprocess.py:93} INFO -  -u, --user <user:password> Server user and password
[2024-08-07T14:10:29.194+0000] {subprocess.py:93} INFO -  -A, --user-agent <name>    Send User-Agent <name> to server
[2024-08-07T14:10:29.195+0000] {subprocess.py:93} INFO -  -v, --verbose              Make the operation more talkative
[2024-08-07T14:10:29.196+0000] {subprocess.py:93} INFO -  -V, --version              Show version number and quit
[2024-08-07T14:10:29.197+0000] {subprocess.py:93} INFO - 
[2024-08-07T14:10:29.198+0000] {subprocess.py:93} INFO - This is not the full help, this menu is stripped into categories.
[2024-08-07T14:10:29.199+0000] {subprocess.py:93} INFO - Use "--help category" to get an overview of all categories.
[2024-08-07T14:10:29.200+0000] {subprocess.py:93} INFO - For all options use the manual or "--help all".
[2024-08-07T14:10:29.201+0000] {subprocess.py:97} INFO - Command exited with return code 0
[2024-08-07T14:10:29.202+0000] {taskinstance.py:441} INFO - ::group::Post task execution logs
[2024-08-07T14:10:29.273+0000] {taskinstance.py:1206} INFO - Marking task as SUCCESS. dag_id=***-space-exploration, task_id=SpaceX_data, run_id=scheduled__2024-08-06T00:00:00+00:00, execution_date=20240806T000000, start_date=20240807T141028, end_date=20240807T141029
[2024-08-07T14:10:29.350+0000] {local_task_job_runner.py:243} INFO - Task exited with return code 0
[2024-08-07T14:10:29.399+0000] {taskinstance.py:3503} INFO - 0 downstream tasks scheduled from follow-on schedule check
[2024-08-07T14:10:29.407+0000] {local_task_job_runner.py:222} INFO - ::endgroup::
[2024-08-07T14:43:15.795+0000] {local_task_job_runner.py:120} INFO - ::group::Pre task execution logs
[2024-08-07T14:43:15.840+0000] {taskinstance.py:2076} INFO - Dependencies all met for dep_context=non-requeueable deps ti=<TaskInstance: airflow-space-exploration.SpaceX_Data scheduled__2024-08-06T00:00:00+00:00 [queued]>
[2024-08-07T14:43:15.855+0000] {taskinstance.py:2076} INFO - Dependencies all met for dep_context=requeueable deps ti=<TaskInstance: airflow-space-exploration.SpaceX_Data scheduled__2024-08-06T00:00:00+00:00 [queued]>
[2024-08-07T14:43:15.856+0000] {taskinstance.py:2306} INFO - Starting attempt 1 of 1
[2024-08-07T14:43:15.885+0000] {taskinstance.py:2330} INFO - Executing <Task(BashOperator): SpaceX_Data> on 2024-08-06 00:00:00+00:00
[2024-08-07T14:43:15.893+0000] {warnings.py:112} WARNING - /home/***/.local/lib/python3.12/site-packages/***/task/task_runner/standard_task_runner.py:62: DeprecationWarning: This process (pid=1051) is multi-threaded, use of fork() may lead to deadlocks in the child.
  pid = os.fork()

[2024-08-07T14:43:15.895+0000] {standard_task_runner.py:64} INFO - Started process 1056 to run task
[2024-08-07T14:43:15.895+0000] {standard_task_runner.py:90} INFO - Running: ['***', 'tasks', 'run', '***-space-exploration', 'SpaceX_Data', 'scheduled__2024-08-06T00:00:00+00:00', '--job-id', '173', '--raw', '--subdir', 'DAGS_FOLDER/***-space-exploration.py', '--cfg-path', '/tmp/tmpg0bmib56']
[2024-08-07T14:43:15.896+0000] {standard_task_runner.py:91} INFO - Job 173: Subtask SpaceX_Data
[2024-08-07T14:43:15.970+0000] {task_command.py:426} INFO - Running <TaskInstance: airflow-space-exploration.SpaceX_Data scheduled__2024-08-06T00:00:00+00:00 [running]> on host 38873943cc86
[2024-08-07T14:43:16.152+0000] {taskinstance.py:2648} INFO - Exporting env vars: AIRFLOW_CTX_DAG_OWNER='***' AIRFLOW_CTX_DAG_ID='***-space-exploration' AIRFLOW_CTX_TASK_ID='SpaceX_Data' AIRFLOW_CTX_EXECUTION_DATE='2024-08-06T00:00:00+00:00' AIRFLOW_CTX_TRY_NUMBER='1' AIRFLOW_CTX_DAG_RUN_ID='scheduled__2024-08-06T00:00:00+00:00'
[2024-08-07T14:43:16.156+0000] {taskinstance.py:430} INFO - ::endgroup::
[2024-08-07T14:43:16.183+0000] {subprocess.py:63} INFO - Tmp dir root location: /tmp
[2024-08-07T14:43:16.192+0000] {subprocess.py:75} INFO - Running command: ['/usr/bin/bash', '-c', "curl -o /tmp/history.json -L'https://api.spacexdata.com/v4/history'"]
[2024-08-07T14:43:16.210+0000] {subprocess.py:86} INFO - Output:
[2024-08-07T14:43:16.224+0000] {subprocess.py:93} INFO - Usage: curl [options...] <url>
[2024-08-07T14:43:16.224+0000] {subprocess.py:93} INFO -  -d, --data <data>          HTTP POST data
[2024-08-07T14:43:16.225+0000] {subprocess.py:93} INFO -  -f, --fail                 Fail fast with no output on HTTP errors
[2024-08-07T14:43:16.227+0000] {subprocess.py:93} INFO -  -h, --help <category>      Get help for commands
[2024-08-07T14:43:16.228+0000] {subprocess.py:93} INFO -  -i, --include              Include protocol response headers in the output
[2024-08-07T14:43:16.229+0000] {subprocess.py:93} INFO -  -o, --output <file>        Write to file instead of stdout
[2024-08-07T14:43:16.230+0000] {subprocess.py:93} INFO -  -O, --remote-name          Write output to a file named as the remote file
[2024-08-07T14:43:16.230+0000] {subprocess.py:93} INFO -  -s, --silent               Silent mode
[2024-08-07T14:43:16.231+0000] {subprocess.py:93} INFO -  -T, --upload-file <file>   Transfer local FILE to destination
[2024-08-07T14:43:16.232+0000] {subprocess.py:93} INFO -  -u, --user <user:password> Server user and password
[2024-08-07T14:43:16.233+0000] {subprocess.py:93} INFO -  -A, --user-agent <name>    Send User-Agent <name> to server
[2024-08-07T14:43:16.234+0000] {subprocess.py:93} INFO -  -v, --verbose              Make the operation more talkative
[2024-08-07T14:43:16.235+0000] {subprocess.py:93} INFO -  -V, --version              Show version number and quit
[2024-08-07T14:43:16.236+0000] {subprocess.py:93} INFO - 
[2024-08-07T14:43:16.238+0000] {subprocess.py:93} INFO - This is not the full help, this menu is stripped into categories.
[2024-08-07T14:43:16.240+0000] {subprocess.py:93} INFO - Use "--help category" to get an overview of all categories.
[2024-08-07T14:43:16.242+0000] {subprocess.py:93} INFO - For all options use the manual or "--help all".
[2024-08-07T14:43:16.243+0000] {subprocess.py:97} INFO - Command exited with return code 0
[2024-08-07T14:43:16.246+0000] {taskinstance.py:441} INFO - ::group::Post task execution logs
[2024-08-07T14:43:16.303+0000] {taskinstance.py:1206} INFO - Marking task as SUCCESS. dag_id=***-space-exploration, task_id=SpaceX_Data, run_id=scheduled__2024-08-06T00:00:00+00:00, execution_date=20240806T000000, start_date=20240807T144315, end_date=20240807T144316
[2024-08-07T14:43:16.361+0000] {local_task_job_runner.py:243} INFO - Task exited with return code 0
[2024-08-07T14:43:16.406+0000] {taskinstance.py:3503} INFO - 1 downstream tasks scheduled from follow-on schedule check
[2024-08-07T14:43:16.410+0000] {local_task_job_runner.py:222} INFO - ::endgroup::
