[2024-08-07T14:26:57.625+0000] {local_task_job_runner.py:120} INFO - ::group::Pre task execution logs
[2024-08-07T14:26:57.666+0000] {taskinstance.py:2076} INFO - Dependencies all met for dep_context=non-requeueable deps ti=<TaskInstance: airflow-space-exploration.Autorizacion_NASA scheduled__2024-08-01T00:00:00+00:00 [queued]>
[2024-08-07T14:26:57.680+0000] {taskinstance.py:2076} INFO - Dependencies all met for dep_context=requeueable deps ti=<TaskInstance: airflow-space-exploration.Autorizacion_NASA scheduled__2024-08-01T00:00:00+00:00 [queued]>
[2024-08-07T14:26:57.681+0000] {taskinstance.py:2306} INFO - Starting attempt 5 of 5
[2024-08-07T14:26:57.706+0000] {taskinstance.py:2330} INFO - Executing <Task(BashOperator): Autorizacion_NASA> on 2024-08-01 00:00:00+00:00
[2024-08-07T14:26:57.718+0000] {warnings.py:112} WARNING - /home/***/.local/lib/python3.12/site-packages/***/task/task_runner/standard_task_runner.py:62: DeprecationWarning: This process (pid=577) is multi-threaded, use of fork() may lead to deadlocks in the child.
  pid = os.fork()

[2024-08-07T14:26:57.720+0000] {standard_task_runner.py:64} INFO - Started process 585 to run task
[2024-08-07T14:26:57.720+0000] {standard_task_runner.py:90} INFO - Running: ['***', 'tasks', 'run', '***-space-exploration', 'Autorizacion_NASA', 'scheduled__2024-08-01T00:00:00+00:00', '--job-id', '95', '--raw', '--subdir', 'DAGS_FOLDER/***-space-exploration.py', '--cfg-path', '/tmp/tmp9086ssny']
[2024-08-07T14:26:57.722+0000] {standard_task_runner.py:91} INFO - Job 95: Subtask Autorizacion_NASA
[2024-08-07T14:26:57.804+0000] {task_command.py:426} INFO - Running <TaskInstance: airflow-space-exploration.Autorizacion_NASA scheduled__2024-08-01T00:00:00+00:00 [running]> on host 38873943cc86
[2024-08-07T14:26:57.962+0000] {taskinstance.py:2648} INFO - Exporting env vars: AIRFLOW_CTX_DAG_OWNER='***' AIRFLOW_CTX_DAG_ID='***-space-exploration' AIRFLOW_CTX_TASK_ID='Autorizacion_NASA' AIRFLOW_CTX_EXECUTION_DATE='2024-08-01T00:00:00+00:00' AIRFLOW_CTX_TRY_NUMBER='5' AIRFLOW_CTX_DAG_RUN_ID='scheduled__2024-08-01T00:00:00+00:00'
[2024-08-07T14:26:57.964+0000] {taskinstance.py:430} INFO - ::endgroup::
[2024-08-07T14:26:57.991+0000] {subprocess.py:63} INFO - Tmp dir root location: /tmp
[2024-08-07T14:26:57.993+0000] {subprocess.py:75} INFO - Running command: ['/usr/bin/bash', '-c', "sleep 20 && echo 'OK' > /tmp/response_20240801.txt"]
[2024-08-07T14:26:58.009+0000] {subprocess.py:86} INFO - Output:
[2024-08-07T14:27:18.012+0000] {subprocess.py:97} INFO - Command exited with return code 0
[2024-08-07T14:27:18.014+0000] {taskinstance.py:441} INFO - ::group::Post task execution logs
[2024-08-07T14:27:18.057+0000] {taskinstance.py:1206} INFO - Marking task as SUCCESS. dag_id=***-space-exploration, task_id=Autorizacion_NASA, run_id=scheduled__2024-08-01T00:00:00+00:00, execution_date=20240801T000000, start_date=20240807T142657, end_date=20240807T142718
[2024-08-07T14:27:18.096+0000] {local_task_job_runner.py:243} INFO - Task exited with return code 0
[2024-08-07T14:27:18.137+0000] {taskinstance.py:3503} INFO - 1 downstream tasks scheduled from follow-on schedule check
[2024-08-07T14:27:18.139+0000] {local_task_job_runner.py:222} INFO - ::endgroup::
