[2024-08-07T14:06:39.521+0000] {processor.py:161} INFO - Started process (PID=49) to work on /home/airflow/.local/lib/python3.12/site-packages/airflow/example_dags/example_datasets.py
[2024-08-07T14:06:39.523+0000] {processor.py:830} INFO - Processing file /home/airflow/.local/lib/python3.12/site-packages/airflow/example_dags/example_datasets.py for tasks to queue
[2024-08-07T14:06:39.529+0000] {logging_mixin.py:188} INFO - [2024-08-07T14:06:39.529+0000] {dagbag.py:545} INFO - Filling up the DagBag from /home/airflow/.local/lib/python3.12/site-packages/airflow/example_dags/example_datasets.py
[2024-08-07T14:06:39.633+0000] {processor.py:840} INFO - DAG(s) 'dataset_consumes_1_and_2', 'dataset_consumes_1_never_scheduled', 'consume_1_and_2_with_dataset_expressions', 'conditional_dataset_and_time_based_timetable', 'dataset_consumes_unknown_never_scheduled', 'dataset_produces_2', 'consume_1_or_2_with_dataset_expressions', 'dataset_produces_1', 'consume_1_or_both_2_and_3_with_dataset_expressions', 'dataset_consumes_1' retrieved from /home/airflow/.local/lib/python3.12/site-packages/airflow/example_dags/example_datasets.py
[2024-08-07T14:06:40.757+0000] {logging_mixin.py:188} INFO - [2024-08-07T14:06:40.756+0000] {dag.py:3089} INFO - Sync 10 DAGs
[2024-08-07T14:06:40.791+0000] {logging_mixin.py:188} INFO - [2024-08-07T14:06:40.791+0000] {dag.py:3947} INFO - Setting next_dagrun for conditional_dataset_and_time_based_timetable to 2024-08-07 01:00:00+00:00, run_after=2024-08-07 01:00:00+00:00
[2024-08-07T14:06:40.795+0000] {logging_mixin.py:188} INFO - [2024-08-07T14:06:40.795+0000] {dag.py:3947} INFO - Setting next_dagrun for consume_1_and_2_with_dataset_expressions to None, run_after=None
[2024-08-07T14:06:40.798+0000] {logging_mixin.py:188} INFO - [2024-08-07T14:06:40.797+0000] {dag.py:3947} INFO - Setting next_dagrun for consume_1_or_2_with_dataset_expressions to None, run_after=None
[2024-08-07T14:06:40.800+0000] {logging_mixin.py:188} INFO - [2024-08-07T14:06:40.800+0000] {dag.py:3947} INFO - Setting next_dagrun for consume_1_or_both_2_and_3_with_dataset_expressions to None, run_after=None
[2024-08-07T14:06:40.803+0000] {logging_mixin.py:188} INFO - [2024-08-07T14:06:40.803+0000] {dag.py:3947} INFO - Setting next_dagrun for dataset_consumes_1 to None, run_after=None
[2024-08-07T14:06:40.805+0000] {logging_mixin.py:188} INFO - [2024-08-07T14:06:40.805+0000] {dag.py:3947} INFO - Setting next_dagrun for dataset_consumes_1_and_2 to None, run_after=None
[2024-08-07T14:06:40.807+0000] {logging_mixin.py:188} INFO - [2024-08-07T14:06:40.807+0000] {dag.py:3947} INFO - Setting next_dagrun for dataset_consumes_1_never_scheduled to None, run_after=None
[2024-08-07T14:06:40.809+0000] {logging_mixin.py:188} INFO - [2024-08-07T14:06:40.809+0000] {dag.py:3947} INFO - Setting next_dagrun for dataset_consumes_unknown_never_scheduled to None, run_after=None
[2024-08-07T14:06:40.812+0000] {logging_mixin.py:188} INFO - [2024-08-07T14:06:40.812+0000] {dag.py:3947} INFO - Setting next_dagrun for dataset_produces_1 to 2024-08-06 00:00:00+00:00, run_after=2024-08-07 00:00:00+00:00
[2024-08-07T14:06:40.815+0000] {logging_mixin.py:188} INFO - [2024-08-07T14:06:40.814+0000] {dag.py:3947} INFO - Setting next_dagrun for dataset_produces_2 to None, run_after=None
[2024-08-07T14:06:40.892+0000] {processor.py:183} INFO - Processing /home/airflow/.local/lib/python3.12/site-packages/airflow/example_dags/example_datasets.py took 1.381 seconds
[2024-08-07T14:07:11.748+0000] {processor.py:161} INFO - Started process (PID=108) to work on /home/airflow/.local/lib/python3.12/site-packages/airflow/example_dags/example_datasets.py
[2024-08-07T14:07:11.750+0000] {processor.py:830} INFO - Processing file /home/airflow/.local/lib/python3.12/site-packages/airflow/example_dags/example_datasets.py for tasks to queue
[2024-08-07T14:07:11.752+0000] {logging_mixin.py:188} INFO - [2024-08-07T14:07:11.752+0000] {dagbag.py:545} INFO - Filling up the DagBag from /home/airflow/.local/lib/python3.12/site-packages/airflow/example_dags/example_datasets.py
[2024-08-07T14:07:11.770+0000] {processor.py:840} INFO - DAG(s) 'dataset_produces_2', 'dataset_consumes_1', 'dataset_consumes_unknown_never_scheduled', 'conditional_dataset_and_time_based_timetable', 'dataset_consumes_1_never_scheduled', 'consume_1_and_2_with_dataset_expressions', 'consume_1_or_both_2_and_3_with_dataset_expressions', 'dataset_consumes_1_and_2', 'dataset_produces_1', 'consume_1_or_2_with_dataset_expressions' retrieved from /home/airflow/.local/lib/python3.12/site-packages/airflow/example_dags/example_datasets.py
[2024-08-07T14:07:11.853+0000] {logging_mixin.py:188} INFO - [2024-08-07T14:07:11.852+0000] {dag.py:3089} INFO - Sync 10 DAGs
[2024-08-07T14:07:11.899+0000] {logging_mixin.py:188} INFO - [2024-08-07T14:07:11.899+0000] {dag.py:3947} INFO - Setting next_dagrun for conditional_dataset_and_time_based_timetable to 2024-08-07 01:00:00+00:00, run_after=2024-08-07 01:00:00+00:00
[2024-08-07T14:07:11.906+0000] {logging_mixin.py:188} INFO - [2024-08-07T14:07:11.906+0000] {dag.py:3947} INFO - Setting next_dagrun for consume_1_and_2_with_dataset_expressions to None, run_after=None
[2024-08-07T14:07:11.909+0000] {logging_mixin.py:188} INFO - [2024-08-07T14:07:11.909+0000] {dag.py:3947} INFO - Setting next_dagrun for consume_1_or_2_with_dataset_expressions to None, run_after=None
[2024-08-07T14:07:11.911+0000] {logging_mixin.py:188} INFO - [2024-08-07T14:07:11.911+0000] {dag.py:3947} INFO - Setting next_dagrun for consume_1_or_both_2_and_3_with_dataset_expressions to None, run_after=None
[2024-08-07T14:07:11.914+0000] {logging_mixin.py:188} INFO - [2024-08-07T14:07:11.914+0000] {dag.py:3947} INFO - Setting next_dagrun for dataset_consumes_1 to None, run_after=None
[2024-08-07T14:07:11.916+0000] {logging_mixin.py:188} INFO - [2024-08-07T14:07:11.916+0000] {dag.py:3947} INFO - Setting next_dagrun for dataset_consumes_1_and_2 to None, run_after=None
[2024-08-07T14:07:11.920+0000] {logging_mixin.py:188} INFO - [2024-08-07T14:07:11.919+0000] {dag.py:3947} INFO - Setting next_dagrun for dataset_consumes_1_never_scheduled to None, run_after=None
[2024-08-07T14:07:11.923+0000] {logging_mixin.py:188} INFO - [2024-08-07T14:07:11.922+0000] {dag.py:3947} INFO - Setting next_dagrun for dataset_consumes_unknown_never_scheduled to None, run_after=None
[2024-08-07T14:07:11.927+0000] {logging_mixin.py:188} INFO - [2024-08-07T14:07:11.927+0000] {dag.py:3947} INFO - Setting next_dagrun for dataset_produces_1 to 2024-08-06 00:00:00+00:00, run_after=2024-08-07 00:00:00+00:00
[2024-08-07T14:07:11.930+0000] {logging_mixin.py:188} INFO - [2024-08-07T14:07:11.929+0000] {dag.py:3947} INFO - Setting next_dagrun for dataset_produces_2 to None, run_after=None
[2024-08-07T14:07:12.002+0000] {processor.py:183} INFO - Processing /home/airflow/.local/lib/python3.12/site-packages/airflow/example_dags/example_datasets.py took 0.261 seconds
