[2024-08-07T14:06:46.081+0000] {processor.py:161} INFO - Started process (PID=84) to work on /home/airflow/.local/lib/python3.12/site-packages/airflow/example_dags/example_subdag_operator.py
[2024-08-07T14:06:46.083+0000] {processor.py:830} INFO - Processing file /home/airflow/.local/lib/python3.12/site-packages/airflow/example_dags/example_subdag_operator.py for tasks to queue
[2024-08-07T14:06:46.087+0000] {logging_mixin.py:188} INFO - [2024-08-07T14:06:46.086+0000] {dagbag.py:545} INFO - Filling up the DagBag from /home/airflow/.local/lib/python3.12/site-packages/airflow/example_dags/example_subdag_operator.py
[2024-08-07T14:06:46.126+0000] {processor.py:840} INFO - DAG(s) 'example_subdag_operator.section-1', 'example_subdag_operator.section-2', 'example_subdag_operator' retrieved from /home/airflow/.local/lib/python3.12/site-packages/airflow/example_dags/example_subdag_operator.py
[2024-08-07T14:06:46.292+0000] {logging_mixin.py:188} INFO - [2024-08-07T14:06:46.292+0000] {dag.py:3089} INFO - Sync 3 DAGs
[2024-08-07T14:06:46.321+0000] {logging_mixin.py:188} INFO - [2024-08-07T14:06:46.321+0000] {dag.py:3947} INFO - Setting next_dagrun for example_subdag_operator to 2022-01-01 00:00:00+00:00, run_after=2022-01-01 00:00:00+00:00
[2024-08-07T14:06:46.326+0000] {logging_mixin.py:188} INFO - [2024-08-07T14:06:46.326+0000] {dag.py:3947} INFO - Setting next_dagrun for example_subdag_operator.section-1 to None, run_after=None
[2024-08-07T14:06:46.328+0000] {logging_mixin.py:188} INFO - [2024-08-07T14:06:46.328+0000] {dag.py:3947} INFO - Setting next_dagrun for example_subdag_operator.section-2 to None, run_after=None
[2024-08-07T14:06:46.341+0000] {logging_mixin.py:188} INFO - [2024-08-07T14:06:46.341+0000] {dag.py:3089} INFO - Sync 2 DAGs
[2024-08-07T14:06:46.351+0000] {logging_mixin.py:188} INFO - [2024-08-07T14:06:46.351+0000] {dag.py:3947} INFO - Setting next_dagrun for example_subdag_operator.section-1 to None, run_after=None
[2024-08-07T14:06:46.353+0000] {logging_mixin.py:188} INFO - [2024-08-07T14:06:46.353+0000] {dag.py:3947} INFO - Setting next_dagrun for example_subdag_operator.section-2 to None, run_after=None
[2024-08-07T14:06:46.371+0000] {processor.py:183} INFO - Processing /home/airflow/.local/lib/python3.12/site-packages/airflow/example_dags/example_subdag_operator.py took 0.296 seconds
[2024-08-07T14:07:16.927+0000] {processor.py:161} INFO - Started process (PID=143) to work on /home/airflow/.local/lib/python3.12/site-packages/airflow/example_dags/example_subdag_operator.py
[2024-08-07T14:07:16.928+0000] {processor.py:830} INFO - Processing file /home/airflow/.local/lib/python3.12/site-packages/airflow/example_dags/example_subdag_operator.py for tasks to queue
[2024-08-07T14:07:16.930+0000] {logging_mixin.py:188} INFO - [2024-08-07T14:07:16.929+0000] {dagbag.py:545} INFO - Filling up the DagBag from /home/airflow/.local/lib/python3.12/site-packages/airflow/example_dags/example_subdag_operator.py
[2024-08-07T14:07:16.949+0000] {processor.py:840} INFO - DAG(s) 'example_subdag_operator.section-1', 'example_subdag_operator.section-2', 'example_subdag_operator' retrieved from /home/airflow/.local/lib/python3.12/site-packages/airflow/example_dags/example_subdag_operator.py
[2024-08-07T14:07:16.964+0000] {logging_mixin.py:188} INFO - [2024-08-07T14:07:16.964+0000] {dag.py:3089} INFO - Sync 3 DAGs
[2024-08-07T14:07:16.985+0000] {logging_mixin.py:188} INFO - [2024-08-07T14:07:16.985+0000] {dag.py:3947} INFO - Setting next_dagrun for example_subdag_operator to 2022-01-01 00:00:00+00:00, run_after=2022-01-01 00:00:00+00:00
[2024-08-07T14:07:16.989+0000] {logging_mixin.py:188} INFO - [2024-08-07T14:07:16.989+0000] {dag.py:3947} INFO - Setting next_dagrun for example_subdag_operator.section-1 to None, run_after=None
[2024-08-07T14:07:16.992+0000] {logging_mixin.py:188} INFO - [2024-08-07T14:07:16.991+0000] {dag.py:3947} INFO - Setting next_dagrun for example_subdag_operator.section-2 to None, run_after=None
[2024-08-07T14:07:16.999+0000] {logging_mixin.py:188} INFO - [2024-08-07T14:07:16.998+0000] {dag.py:3089} INFO - Sync 2 DAGs
[2024-08-07T14:07:17.005+0000] {logging_mixin.py:188} INFO - [2024-08-07T14:07:17.005+0000] {dag.py:3947} INFO - Setting next_dagrun for example_subdag_operator.section-1 to None, run_after=None
[2024-08-07T14:07:17.006+0000] {logging_mixin.py:188} INFO - [2024-08-07T14:07:17.006+0000] {dag.py:3947} INFO - Setting next_dagrun for example_subdag_operator.section-2 to None, run_after=None
[2024-08-07T14:07:17.024+0000] {processor.py:183} INFO - Processing /home/airflow/.local/lib/python3.12/site-packages/airflow/example_dags/example_subdag_operator.py took 0.102 seconds
