[2024-08-07T14:25:13.892+0000] {local_task_job_runner.py:120} INFO - ::group::Pre task execution logs
[2024-08-07T14:25:13.935+0000] {taskinstance.py:2076} INFO - Dependencies all met for dep_context=non-requeueable deps ti=<TaskInstance: airflow-space-exploration.SpaceX_data manual__2024-08-07T14:20:08.695612+00:00 [queued]>
[2024-08-07T14:25:13.950+0000] {taskinstance.py:2076} INFO - Dependencies all met for dep_context=requeueable deps ti=<TaskInstance: airflow-space-exploration.SpaceX_data manual__2024-08-07T14:20:08.695612+00:00 [queued]>
[2024-08-07T14:25:13.953+0000] {taskinstance.py:2306} INFO - Starting attempt 3 of 3
[2024-08-07T14:25:13.980+0000] {taskinstance.py:2330} INFO - Executing <Task(BashOperator): SpaceX_data> on 2024-08-07 14:20:08.695612+00:00
[2024-08-07T14:25:13.988+0000] {warnings.py:112} WARNING - /home/***/.local/lib/python3.12/site-packages/***/task/task_runner/standard_task_runner.py:62: DeprecationWarning: This process (pid=495) is multi-threaded, use of fork() may lead to deadlocks in the child.
  pid = os.fork()

[2024-08-07T14:25:13.990+0000] {standard_task_runner.py:64} INFO - Started process 499 to run task
[2024-08-07T14:25:13.991+0000] {standard_task_runner.py:90} INFO - Running: ['***', 'tasks', 'run', '***-space-exploration', 'SpaceX_data', 'manual__2024-08-07T14:20:08.695612+00:00', '--job-id', '72', '--raw', '--subdir', 'DAGS_FOLDER/***-space-exploration.py', '--cfg-path', '/tmp/tmp5wdaefxu']
[2024-08-07T14:25:13.993+0000] {standard_task_runner.py:91} INFO - Job 72: Subtask SpaceX_data
[2024-08-07T14:25:14.067+0000] {task_command.py:426} INFO - Running <TaskInstance: airflow-space-exploration.SpaceX_data manual__2024-08-07T14:20:08.695612+00:00 [running]> on host 38873943cc86
[2024-08-07T14:25:14.184+0000] {taskinstance.py:2648} INFO - Exporting env vars: AIRFLOW_CTX_DAG_OWNER='***' AIRFLOW_CTX_DAG_ID='***-space-exploration' AIRFLOW_CTX_TASK_ID='SpaceX_data' AIRFLOW_CTX_EXECUTION_DATE='2024-08-07T14:20:08.695612+00:00' AIRFLOW_CTX_TRY_NUMBER='3' AIRFLOW_CTX_DAG_RUN_ID='manual__2024-08-07T14:20:08.695612+00:00'
[2024-08-07T14:25:14.185+0000] {taskinstance.py:430} INFO - ::endgroup::
[2024-08-07T14:25:14.207+0000] {subprocess.py:63} INFO - Tmp dir root location: /tmp
[2024-08-07T14:25:14.208+0000] {subprocess.py:75} INFO - Running command: ['/usr/bin/bash', '-c', "curl -o /tmp/history.json -L'https://api.spacexdata.com/v4/history'"]
[2024-08-07T14:25:14.223+0000] {subprocess.py:86} INFO - Output:
[2024-08-07T14:25:14.232+0000] {subprocess.py:93} INFO - Usage: curl [options...] <url>
[2024-08-07T14:25:14.232+0000] {subprocess.py:93} INFO -  -d, --data <data>          HTTP POST data
[2024-08-07T14:25:14.233+0000] {subprocess.py:93} INFO -  -f, --fail                 Fail fast with no output on HTTP errors
[2024-08-07T14:25:14.234+0000] {subprocess.py:93} INFO -  -h, --help <category>      Get help for commands
[2024-08-07T14:25:14.235+0000] {subprocess.py:93} INFO -  -i, --include              Include protocol response headers in the output
[2024-08-07T14:25:14.236+0000] {subprocess.py:93} INFO -  -o, --output <file>        Write to file instead of stdout
[2024-08-07T14:25:14.236+0000] {subprocess.py:93} INFO -  -O, --remote-name          Write output to a file named as the remote file
[2024-08-07T14:25:14.237+0000] {subprocess.py:93} INFO -  -s, --silent               Silent mode
[2024-08-07T14:25:14.238+0000] {subprocess.py:93} INFO -  -T, --upload-file <file>   Transfer local FILE to destination
[2024-08-07T14:25:14.239+0000] {subprocess.py:93} INFO -  -u, --user <user:password> Server user and password
[2024-08-07T14:25:14.239+0000] {subprocess.py:93} INFO -  -A, --user-agent <name>    Send User-Agent <name> to server
[2024-08-07T14:25:14.240+0000] {subprocess.py:93} INFO -  -v, --verbose              Make the operation more talkative
[2024-08-07T14:25:14.241+0000] {subprocess.py:93} INFO -  -V, --version              Show version number and quit
[2024-08-07T14:25:14.242+0000] {subprocess.py:93} INFO - 
[2024-08-07T14:25:14.243+0000] {subprocess.py:93} INFO - This is not the full help, this menu is stripped into categories.
[2024-08-07T14:25:14.243+0000] {subprocess.py:93} INFO - Use "--help category" to get an overview of all categories.
[2024-08-07T14:25:14.244+0000] {subprocess.py:93} INFO - For all options use the manual or "--help all".
[2024-08-07T14:25:14.245+0000] {subprocess.py:97} INFO - Command exited with return code 0
[2024-08-07T14:25:14.246+0000] {taskinstance.py:441} INFO - ::group::Post task execution logs
[2024-08-07T14:25:14.282+0000] {taskinstance.py:1206} INFO - Marking task as SUCCESS. dag_id=***-space-exploration, task_id=SpaceX_data, run_id=manual__2024-08-07T14:20:08.695612+00:00, execution_date=20240807T142008, start_date=20240807T142513, end_date=20240807T142514
[2024-08-07T14:25:14.327+0000] {local_task_job_runner.py:243} INFO - Task exited with return code 0
[2024-08-07T14:25:14.366+0000] {taskinstance.py:3503} INFO - 1 downstream tasks scheduled from follow-on schedule check
[2024-08-07T14:25:14.369+0000] {local_task_job_runner.py:222} INFO - ::endgroup::
[2024-08-07T14:54:28.032+0000] {local_task_job_runner.py:120} INFO - ::group::Pre task execution logs
[2024-08-07T14:54:28.073+0000] {taskinstance.py:2076} INFO - Dependencies all met for dep_context=non-requeueable deps ti=<TaskInstance: airflow-space-exploration.SpaceX_Data manual__2024-08-07T14:20:08.695612+00:00 [queued]>
[2024-08-07T14:54:28.091+0000] {taskinstance.py:2076} INFO - Dependencies all met for dep_context=requeueable deps ti=<TaskInstance: airflow-space-exploration.SpaceX_Data manual__2024-08-07T14:20:08.695612+00:00 [queued]>
[2024-08-07T14:54:28.092+0000] {taskinstance.py:2306} INFO - Starting attempt 3 of 3
[2024-08-07T14:54:28.121+0000] {taskinstance.py:2330} INFO - Executing <Task(BashOperator): SpaceX_Data> on 2024-08-07 14:20:08.695612+00:00
[2024-08-07T14:54:28.130+0000] {warnings.py:112} WARNING - /home/***/.local/lib/python3.12/site-packages/***/task/task_runner/standard_task_runner.py:62: DeprecationWarning: This process (pid=1423) is multi-threaded, use of fork() may lead to deadlocks in the child.
  pid = os.fork()

[2024-08-07T14:54:28.132+0000] {standard_task_runner.py:64} INFO - Started process 1431 to run task
[2024-08-07T14:54:28.132+0000] {standard_task_runner.py:90} INFO - Running: ['***', 'tasks', 'run', '***-space-exploration', 'SpaceX_Data', 'manual__2024-08-07T14:20:08.695612+00:00', '--job-id', '246', '--raw', '--subdir', 'DAGS_FOLDER/***-space-exploration.py', '--cfg-path', '/tmp/tmp7ref3ymk']
[2024-08-07T14:54:28.134+0000] {standard_task_runner.py:91} INFO - Job 246: Subtask SpaceX_Data
[2024-08-07T14:54:28.192+0000] {task_command.py:426} INFO - Running <TaskInstance: airflow-space-exploration.SpaceX_Data manual__2024-08-07T14:20:08.695612+00:00 [running]> on host 38873943cc86
[2024-08-07T14:54:28.303+0000] {taskinstance.py:2648} INFO - Exporting env vars: AIRFLOW_CTX_DAG_OWNER='***' AIRFLOW_CTX_DAG_ID='***-space-exploration' AIRFLOW_CTX_TASK_ID='SpaceX_Data' AIRFLOW_CTX_EXECUTION_DATE='2024-08-07T14:20:08.695612+00:00' AIRFLOW_CTX_TRY_NUMBER='3' AIRFLOW_CTX_DAG_RUN_ID='manual__2024-08-07T14:20:08.695612+00:00'
[2024-08-07T14:54:28.304+0000] {taskinstance.py:430} INFO - ::endgroup::
[2024-08-07T14:54:28.325+0000] {subprocess.py:63} INFO - Tmp dir root location: /tmp
[2024-08-07T14:54:28.327+0000] {subprocess.py:75} INFO - Running command: ['/usr/bin/bash', '-c', "curl -o /tmp/history.json -L'https://api.spacexdata.com/v4/history'"]
[2024-08-07T14:54:28.343+0000] {subprocess.py:86} INFO - Output:
[2024-08-07T14:54:28.354+0000] {subprocess.py:93} INFO - Usage: curl [options...] <url>
[2024-08-07T14:54:28.356+0000] {subprocess.py:93} INFO -  -d, --data <data>          HTTP POST data
[2024-08-07T14:54:28.357+0000] {subprocess.py:93} INFO -  -f, --fail                 Fail fast with no output on HTTP errors
[2024-08-07T14:54:28.359+0000] {subprocess.py:93} INFO -  -h, --help <category>      Get help for commands
[2024-08-07T14:54:28.360+0000] {subprocess.py:93} INFO -  -i, --include              Include protocol response headers in the output
[2024-08-07T14:54:28.361+0000] {subprocess.py:93} INFO -  -o, --output <file>        Write to file instead of stdout
[2024-08-07T14:54:28.362+0000] {subprocess.py:93} INFO -  -O, --remote-name          Write output to a file named as the remote file
[2024-08-07T14:54:28.363+0000] {subprocess.py:93} INFO -  -s, --silent               Silent mode
[2024-08-07T14:54:28.365+0000] {subprocess.py:93} INFO -  -T, --upload-file <file>   Transfer local FILE to destination
[2024-08-07T14:54:28.366+0000] {subprocess.py:93} INFO -  -u, --user <user:password> Server user and password
[2024-08-07T14:54:28.367+0000] {subprocess.py:93} INFO -  -A, --user-agent <name>    Send User-Agent <name> to server
[2024-08-07T14:54:28.368+0000] {subprocess.py:93} INFO -  -v, --verbose              Make the operation more talkative
[2024-08-07T14:54:28.369+0000] {subprocess.py:93} INFO -  -V, --version              Show version number and quit
[2024-08-07T14:54:28.370+0000] {subprocess.py:93} INFO - 
[2024-08-07T14:54:28.371+0000] {subprocess.py:93} INFO - This is not the full help, this menu is stripped into categories.
[2024-08-07T14:54:28.372+0000] {subprocess.py:93} INFO - Use "--help category" to get an overview of all categories.
[2024-08-07T14:54:28.373+0000] {subprocess.py:93} INFO - For all options use the manual or "--help all".
[2024-08-07T14:54:28.374+0000] {subprocess.py:97} INFO - Command exited with return code 0
[2024-08-07T14:54:28.376+0000] {taskinstance.py:441} INFO - ::group::Post task execution logs
[2024-08-07T14:54:28.406+0000] {taskinstance.py:1206} INFO - Marking task as SUCCESS. dag_id=***-space-exploration, task_id=SpaceX_Data, run_id=manual__2024-08-07T14:20:08.695612+00:00, execution_date=20240807T142008, start_date=20240807T145428, end_date=20240807T145428
[2024-08-07T14:54:28.469+0000] {local_task_job_runner.py:243} INFO - Task exited with return code 0
[2024-08-07T14:54:28.509+0000] {taskinstance.py:3503} INFO - 1 downstream tasks scheduled from follow-on schedule check
[2024-08-07T14:54:28.515+0000] {local_task_job_runner.py:222} INFO - ::endgroup::
