[2024-08-07T14:24:07.042+0000] {local_task_job_runner.py:120} INFO - ::group::Pre task execution logs
[2024-08-07T14:24:07.083+0000] {taskinstance.py:2076} INFO - Dependencies all met for dep_context=non-requeueable deps ti=<TaskInstance: airflow-space-exploration.SpaceX_data manual__2024-08-07T14:20:08.695612+00:00 [queued]>
[2024-08-07T14:24:07.101+0000] {taskinstance.py:2076} INFO - Dependencies all met for dep_context=requeueable deps ti=<TaskInstance: airflow-space-exploration.SpaceX_data manual__2024-08-07T14:20:08.695612+00:00 [queued]>
[2024-08-07T14:24:07.102+0000] {taskinstance.py:2306} INFO - Starting attempt 2 of 2
[2024-08-07T14:24:07.127+0000] {taskinstance.py:2330} INFO - Executing <Task(BashOperator): SpaceX_data> on 2024-08-07 14:20:08.695612+00:00
[2024-08-07T14:24:07.136+0000] {warnings.py:112} WARNING - /home/***/.local/lib/python3.12/site-packages/***/task/task_runner/standard_task_runner.py:62: DeprecationWarning: This process (pid=392) is multi-threaded, use of fork() may lead to deadlocks in the child.
  pid = os.fork()

[2024-08-07T14:24:07.139+0000] {standard_task_runner.py:90} INFO - Running: ['***', 'tasks', 'run', '***-space-exploration', 'SpaceX_data', 'manual__2024-08-07T14:20:08.695612+00:00', '--job-id', '45', '--raw', '--subdir', 'DAGS_FOLDER/***-space-exploration.py', '--cfg-path', '/tmp/tmpd8ce6gpw']
[2024-08-07T14:24:07.140+0000] {standard_task_runner.py:64} INFO - Started process 395 to run task
[2024-08-07T14:24:07.141+0000] {standard_task_runner.py:91} INFO - Job 45: Subtask SpaceX_data
[2024-08-07T14:24:07.235+0000] {task_command.py:426} INFO - Running <TaskInstance: airflow-space-exploration.SpaceX_data manual__2024-08-07T14:20:08.695612+00:00 [running]> on host 38873943cc86
[2024-08-07T14:24:07.372+0000] {taskinstance.py:2648} INFO - Exporting env vars: AIRFLOW_CTX_DAG_OWNER='***' AIRFLOW_CTX_DAG_ID='***-space-exploration' AIRFLOW_CTX_TASK_ID='SpaceX_data' AIRFLOW_CTX_EXECUTION_DATE='2024-08-07T14:20:08.695612+00:00' AIRFLOW_CTX_TRY_NUMBER='2' AIRFLOW_CTX_DAG_RUN_ID='manual__2024-08-07T14:20:08.695612+00:00'
[2024-08-07T14:24:07.374+0000] {taskinstance.py:430} INFO - ::endgroup::
[2024-08-07T14:24:07.394+0000] {subprocess.py:63} INFO - Tmp dir root location: /tmp
[2024-08-07T14:24:07.396+0000] {subprocess.py:75} INFO - Running command: ['/usr/bin/bash', '-c', "curl -o /tmp/history.json -L'https://api.spacexdata.com/v4/history'"]
[2024-08-07T14:24:07.412+0000] {subprocess.py:86} INFO - Output:
[2024-08-07T14:24:07.422+0000] {subprocess.py:93} INFO - Usage: curl [options...] <url>
[2024-08-07T14:24:07.423+0000] {subprocess.py:93} INFO -  -d, --data <data>          HTTP POST data
[2024-08-07T14:24:07.424+0000] {subprocess.py:93} INFO -  -f, --fail                 Fail fast with no output on HTTP errors
[2024-08-07T14:24:07.425+0000] {subprocess.py:93} INFO -  -h, --help <category>      Get help for commands
[2024-08-07T14:24:07.426+0000] {subprocess.py:93} INFO -  -i, --include              Include protocol response headers in the output
[2024-08-07T14:24:07.426+0000] {subprocess.py:93} INFO -  -o, --output <file>        Write to file instead of stdout
[2024-08-07T14:24:07.427+0000] {subprocess.py:93} INFO -  -O, --remote-name          Write output to a file named as the remote file
[2024-08-07T14:24:07.428+0000] {subprocess.py:93} INFO -  -s, --silent               Silent mode
[2024-08-07T14:24:07.429+0000] {subprocess.py:93} INFO -  -T, --upload-file <file>   Transfer local FILE to destination
[2024-08-07T14:24:07.430+0000] {subprocess.py:93} INFO -  -u, --user <user:password> Server user and password
[2024-08-07T14:24:07.430+0000] {subprocess.py:93} INFO -  -A, --user-agent <name>    Send User-Agent <name> to server
[2024-08-07T14:24:07.431+0000] {subprocess.py:93} INFO -  -v, --verbose              Make the operation more talkative
[2024-08-07T14:24:07.432+0000] {subprocess.py:93} INFO -  -V, --version              Show version number and quit
[2024-08-07T14:24:07.433+0000] {subprocess.py:93} INFO - 
[2024-08-07T14:24:07.434+0000] {subprocess.py:93} INFO - This is not the full help, this menu is stripped into categories.
[2024-08-07T14:24:07.436+0000] {subprocess.py:93} INFO - Use "--help category" to get an overview of all categories.
[2024-08-07T14:24:07.436+0000] {subprocess.py:93} INFO - For all options use the manual or "--help all".
[2024-08-07T14:24:07.437+0000] {subprocess.py:97} INFO - Command exited with return code 0
[2024-08-07T14:24:07.438+0000] {taskinstance.py:441} INFO - ::group::Post task execution logs
[2024-08-07T14:24:07.481+0000] {taskinstance.py:1206} INFO - Marking task as SUCCESS. dag_id=***-space-exploration, task_id=SpaceX_data, run_id=manual__2024-08-07T14:20:08.695612+00:00, execution_date=20240807T142008, start_date=20240807T142407, end_date=20240807T142407
[2024-08-07T14:24:07.557+0000] {local_task_job_runner.py:243} INFO - Task exited with return code 0
[2024-08-07T14:24:07.604+0000] {taskinstance.py:3503} INFO - 1 downstream tasks scheduled from follow-on schedule check
[2024-08-07T14:24:07.609+0000] {local_task_job_runner.py:222} INFO - ::endgroup::
[2024-08-07T14:46:03.997+0000] {local_task_job_runner.py:120} INFO - ::group::Pre task execution logs
[2024-08-07T14:46:04.038+0000] {taskinstance.py:2076} INFO - Dependencies all met for dep_context=non-requeueable deps ti=<TaskInstance: airflow-space-exploration.SpaceX_Data manual__2024-08-07T14:20:08.695612+00:00 [queued]>
[2024-08-07T14:46:04.055+0000] {taskinstance.py:2076} INFO - Dependencies all met for dep_context=requeueable deps ti=<TaskInstance: airflow-space-exploration.SpaceX_Data manual__2024-08-07T14:20:08.695612+00:00 [queued]>
[2024-08-07T14:46:04.056+0000] {taskinstance.py:2306} INFO - Starting attempt 2 of 2
[2024-08-07T14:46:04.092+0000] {taskinstance.py:2330} INFO - Executing <Task(BashOperator): SpaceX_Data> on 2024-08-07 14:20:08.695612+00:00
[2024-08-07T14:46:04.100+0000] {warnings.py:112} WARNING - /home/***/.local/lib/python3.12/site-packages/***/task/task_runner/standard_task_runner.py:62: DeprecationWarning: This process (pid=1178) is multi-threaded, use of fork() may lead to deadlocks in the child.
  pid = os.fork()

[2024-08-07T14:46:04.103+0000] {standard_task_runner.py:64} INFO - Started process 1185 to run task
[2024-08-07T14:46:04.102+0000] {standard_task_runner.py:90} INFO - Running: ['***', 'tasks', 'run', '***-space-exploration', 'SpaceX_Data', 'manual__2024-08-07T14:20:08.695612+00:00', '--job-id', '204', '--raw', '--subdir', 'DAGS_FOLDER/***-space-exploration.py', '--cfg-path', '/tmp/tmpkd1w_knh']
[2024-08-07T14:46:04.105+0000] {standard_task_runner.py:91} INFO - Job 204: Subtask SpaceX_Data
[2024-08-07T14:46:04.179+0000] {task_command.py:426} INFO - Running <TaskInstance: airflow-space-exploration.SpaceX_Data manual__2024-08-07T14:20:08.695612+00:00 [running]> on host 38873943cc86
[2024-08-07T14:46:04.298+0000] {taskinstance.py:2648} INFO - Exporting env vars: AIRFLOW_CTX_DAG_OWNER='***' AIRFLOW_CTX_DAG_ID='***-space-exploration' AIRFLOW_CTX_TASK_ID='SpaceX_Data' AIRFLOW_CTX_EXECUTION_DATE='2024-08-07T14:20:08.695612+00:00' AIRFLOW_CTX_TRY_NUMBER='2' AIRFLOW_CTX_DAG_RUN_ID='manual__2024-08-07T14:20:08.695612+00:00'
[2024-08-07T14:46:04.300+0000] {taskinstance.py:430} INFO - ::endgroup::
[2024-08-07T14:46:04.324+0000] {subprocess.py:63} INFO - Tmp dir root location: /tmp
[2024-08-07T14:46:04.325+0000] {subprocess.py:75} INFO - Running command: ['/usr/bin/bash', '-c', "curl -o /tmp/history.json -L'https://api.spacexdata.com/v4/history'"]
[2024-08-07T14:46:04.340+0000] {subprocess.py:86} INFO - Output:
[2024-08-07T14:46:04.352+0000] {subprocess.py:93} INFO - Usage: curl [options...] <url>
[2024-08-07T14:46:04.353+0000] {subprocess.py:93} INFO -  -d, --data <data>          HTTP POST data
[2024-08-07T14:46:04.354+0000] {subprocess.py:93} INFO -  -f, --fail                 Fail fast with no output on HTTP errors
[2024-08-07T14:46:04.354+0000] {subprocess.py:93} INFO -  -h, --help <category>      Get help for commands
[2024-08-07T14:46:04.355+0000] {subprocess.py:93} INFO -  -i, --include              Include protocol response headers in the output
[2024-08-07T14:46:04.356+0000] {subprocess.py:93} INFO -  -o, --output <file>        Write to file instead of stdout
[2024-08-07T14:46:04.357+0000] {subprocess.py:93} INFO -  -O, --remote-name          Write output to a file named as the remote file
[2024-08-07T14:46:04.359+0000] {subprocess.py:93} INFO -  -s, --silent               Silent mode
[2024-08-07T14:46:04.360+0000] {subprocess.py:93} INFO -  -T, --upload-file <file>   Transfer local FILE to destination
[2024-08-07T14:46:04.361+0000] {subprocess.py:93} INFO -  -u, --user <user:password> Server user and password
[2024-08-07T14:46:04.362+0000] {subprocess.py:93} INFO -  -A, --user-agent <name>    Send User-Agent <name> to server
[2024-08-07T14:46:04.363+0000] {subprocess.py:93} INFO -  -v, --verbose              Make the operation more talkative
[2024-08-07T14:46:04.364+0000] {subprocess.py:93} INFO -  -V, --version              Show version number and quit
[2024-08-07T14:46:04.365+0000] {subprocess.py:93} INFO - 
[2024-08-07T14:46:04.365+0000] {subprocess.py:93} INFO - This is not the full help, this menu is stripped into categories.
[2024-08-07T14:46:04.366+0000] {subprocess.py:93} INFO - Use "--help category" to get an overview of all categories.
[2024-08-07T14:46:04.367+0000] {subprocess.py:93} INFO - For all options use the manual or "--help all".
[2024-08-07T14:46:04.368+0000] {subprocess.py:97} INFO - Command exited with return code 0
[2024-08-07T14:46:04.370+0000] {taskinstance.py:441} INFO - ::group::Post task execution logs
[2024-08-07T14:46:04.408+0000] {taskinstance.py:1206} INFO - Marking task as SUCCESS. dag_id=***-space-exploration, task_id=SpaceX_Data, run_id=manual__2024-08-07T14:20:08.695612+00:00, execution_date=20240807T142008, start_date=20240807T144604, end_date=20240807T144604
[2024-08-07T14:46:04.441+0000] {local_task_job_runner.py:243} INFO - Task exited with return code 0
[2024-08-07T14:46:04.481+0000] {taskinstance.py:3503} INFO - 1 downstream tasks scheduled from follow-on schedule check
[2024-08-07T14:46:04.485+0000] {local_task_job_runner.py:222} INFO - ::endgroup::
