[2024-08-07T14:33:53.842+0000] {local_task_job_runner.py:120} INFO - ::group::Pre task execution logs
[2024-08-07T14:33:53.881+0000] {taskinstance.py:2076} INFO - Dependencies all met for dep_context=non-requeueable deps ti=<TaskInstance: airflow-space-exploration.SpaceX_data manual__2024-08-07T14:20:08.695612+00:00 [queued]>
[2024-08-07T14:33:53.894+0000] {taskinstance.py:2076} INFO - Dependencies all met for dep_context=requeueable deps ti=<TaskInstance: airflow-space-exploration.SpaceX_data manual__2024-08-07T14:20:08.695612+00:00 [queued]>
[2024-08-07T14:33:53.895+0000] {taskinstance.py:2306} INFO - Starting attempt 5 of 5
[2024-08-07T14:33:53.920+0000] {taskinstance.py:2330} INFO - Executing <Task(BashOperator): SpaceX_data> on 2024-08-07 14:20:08.695612+00:00
[2024-08-07T14:33:53.929+0000] {warnings.py:112} WARNING - /home/***/.local/lib/python3.12/site-packages/***/task/task_runner/standard_task_runner.py:62: DeprecationWarning: This process (pid=803) is multi-threaded, use of fork() may lead to deadlocks in the child.
  pid = os.fork()

[2024-08-07T14:33:53.932+0000] {standard_task_runner.py:64} INFO - Started process 809 to run task
[2024-08-07T14:33:53.932+0000] {standard_task_runner.py:90} INFO - Running: ['***', 'tasks', 'run', '***-space-exploration', 'SpaceX_data', 'manual__2024-08-07T14:20:08.695612+00:00', '--job-id', '131', '--raw', '--subdir', 'DAGS_FOLDER/***-space-exploration.py', '--cfg-path', '/tmp/tmpki6ud91o']
[2024-08-07T14:33:53.934+0000] {standard_task_runner.py:91} INFO - Job 131: Subtask SpaceX_data
[2024-08-07T14:33:54.015+0000] {task_command.py:426} INFO - Running <TaskInstance: airflow-space-exploration.SpaceX_data manual__2024-08-07T14:20:08.695612+00:00 [running]> on host 38873943cc86
[2024-08-07T14:33:54.136+0000] {taskinstance.py:2648} INFO - Exporting env vars: AIRFLOW_CTX_DAG_OWNER='***' AIRFLOW_CTX_DAG_ID='***-space-exploration' AIRFLOW_CTX_TASK_ID='SpaceX_data' AIRFLOW_CTX_EXECUTION_DATE='2024-08-07T14:20:08.695612+00:00' AIRFLOW_CTX_TRY_NUMBER='5' AIRFLOW_CTX_DAG_RUN_ID='manual__2024-08-07T14:20:08.695612+00:00'
[2024-08-07T14:33:54.137+0000] {taskinstance.py:430} INFO - ::endgroup::
[2024-08-07T14:33:54.162+0000] {subprocess.py:63} INFO - Tmp dir root location: /tmp
[2024-08-07T14:33:54.165+0000] {subprocess.py:75} INFO - Running command: ['/usr/bin/bash', '-c', "curl -o /tmp/history.json -L'https://api.spacexdata.com/v4/history'"]
[2024-08-07T14:33:54.185+0000] {subprocess.py:86} INFO - Output:
[2024-08-07T14:33:54.196+0000] {subprocess.py:93} INFO - Usage: curl [options...] <url>
[2024-08-07T14:33:54.197+0000] {subprocess.py:93} INFO -  -d, --data <data>          HTTP POST data
[2024-08-07T14:33:54.198+0000] {subprocess.py:93} INFO -  -f, --fail                 Fail fast with no output on HTTP errors
[2024-08-07T14:33:54.199+0000] {subprocess.py:93} INFO -  -h, --help <category>      Get help for commands
[2024-08-07T14:33:54.200+0000] {subprocess.py:93} INFO -  -i, --include              Include protocol response headers in the output
[2024-08-07T14:33:54.200+0000] {subprocess.py:93} INFO -  -o, --output <file>        Write to file instead of stdout
[2024-08-07T14:33:54.201+0000] {subprocess.py:93} INFO -  -O, --remote-name          Write output to a file named as the remote file
[2024-08-07T14:33:54.202+0000] {subprocess.py:93} INFO -  -s, --silent               Silent mode
[2024-08-07T14:33:54.203+0000] {subprocess.py:93} INFO -  -T, --upload-file <file>   Transfer local FILE to destination
[2024-08-07T14:33:54.204+0000] {subprocess.py:93} INFO -  -u, --user <user:password> Server user and password
[2024-08-07T14:33:54.204+0000] {subprocess.py:93} INFO -  -A, --user-agent <name>    Send User-Agent <name> to server
[2024-08-07T14:33:54.205+0000] {subprocess.py:93} INFO -  -v, --verbose              Make the operation more talkative
[2024-08-07T14:33:54.206+0000] {subprocess.py:93} INFO -  -V, --version              Show version number and quit
[2024-08-07T14:33:54.207+0000] {subprocess.py:93} INFO - 
[2024-08-07T14:33:54.209+0000] {subprocess.py:93} INFO - This is not the full help, this menu is stripped into categories.
[2024-08-07T14:33:54.210+0000] {subprocess.py:93} INFO - Use "--help category" to get an overview of all categories.
[2024-08-07T14:33:54.211+0000] {subprocess.py:93} INFO - For all options use the manual or "--help all".
[2024-08-07T14:33:54.212+0000] {subprocess.py:97} INFO - Command exited with return code 0
[2024-08-07T14:33:54.213+0000] {taskinstance.py:441} INFO - ::group::Post task execution logs
[2024-08-07T14:33:54.247+0000] {taskinstance.py:1206} INFO - Marking task as SUCCESS. dag_id=***-space-exploration, task_id=SpaceX_data, run_id=manual__2024-08-07T14:20:08.695612+00:00, execution_date=20240807T142008, start_date=20240807T143353, end_date=20240807T143354
[2024-08-07T14:33:54.311+0000] {local_task_job_runner.py:243} INFO - Task exited with return code 0
[2024-08-07T14:33:54.355+0000] {taskinstance.py:3503} INFO - 1 downstream tasks scheduled from follow-on schedule check
[2024-08-07T14:33:54.360+0000] {local_task_job_runner.py:222} INFO - ::endgroup::
[2024-08-07T14:59:04.292+0000] {local_task_job_runner.py:120} INFO - ::group::Pre task execution logs
[2024-08-07T14:59:04.328+0000] {taskinstance.py:2076} INFO - Dependencies all met for dep_context=non-requeueable deps ti=<TaskInstance: airflow-space-exploration.SpaceX_Data manual__2024-08-07T14:20:08.695612+00:00 [queued]>
[2024-08-07T14:59:04.341+0000] {taskinstance.py:2076} INFO - Dependencies all met for dep_context=requeueable deps ti=<TaskInstance: airflow-space-exploration.SpaceX_Data manual__2024-08-07T14:20:08.695612+00:00 [queued]>
[2024-08-07T14:59:04.341+0000] {taskinstance.py:2306} INFO - Starting attempt 5 of 5
[2024-08-07T14:59:04.361+0000] {taskinstance.py:2330} INFO - Executing <Task(BashOperator): SpaceX_Data> on 2024-08-07 14:20:08.695612+00:00
[2024-08-07T14:59:04.369+0000] {warnings.py:112} WARNING - /home/***/.local/lib/python3.12/site-packages/***/task/task_runner/standard_task_runner.py:62: DeprecationWarning: This process (pid=123) is multi-threaded, use of fork() may lead to deadlocks in the child.
  pid = os.fork()

[2024-08-07T14:59:04.370+0000] {standard_task_runner.py:90} INFO - Running: ['***', 'tasks', 'run', '***-space-exploration', 'SpaceX_Data', 'manual__2024-08-07T14:20:08.695612+00:00', '--job-id', '321', '--raw', '--subdir', 'DAGS_FOLDER/***-space-exploration.py', '--cfg-path', '/tmp/tmp1ej6x47r']
[2024-08-07T14:59:04.371+0000] {standard_task_runner.py:64} INFO - Started process 130 to run task
[2024-08-07T14:59:04.372+0000] {standard_task_runner.py:91} INFO - Job 321: Subtask SpaceX_Data
[2024-08-07T14:59:04.444+0000] {task_command.py:426} INFO - Running <TaskInstance: airflow-space-exploration.SpaceX_Data manual__2024-08-07T14:20:08.695612+00:00 [running]> on host 38873943cc86
[2024-08-07T14:59:04.564+0000] {taskinstance.py:2648} INFO - Exporting env vars: AIRFLOW_CTX_DAG_OWNER='***' AIRFLOW_CTX_DAG_ID='***-space-exploration' AIRFLOW_CTX_TASK_ID='SpaceX_Data' AIRFLOW_CTX_EXECUTION_DATE='2024-08-07T14:20:08.695612+00:00' AIRFLOW_CTX_TRY_NUMBER='5' AIRFLOW_CTX_DAG_RUN_ID='manual__2024-08-07T14:20:08.695612+00:00'
[2024-08-07T14:59:04.566+0000] {taskinstance.py:430} INFO - ::endgroup::
[2024-08-07T14:59:04.584+0000] {subprocess.py:63} INFO - Tmp dir root location: /tmp
[2024-08-07T14:59:04.586+0000] {subprocess.py:75} INFO - Running command: ['/usr/bin/bash', '-c', "curl -o /tmp/history.json -L'https://api.spacexdata.com/v4/history'"]
[2024-08-07T14:59:04.601+0000] {subprocess.py:86} INFO - Output:
[2024-08-07T14:59:04.615+0000] {subprocess.py:93} INFO - Usage: curl [options...] <url>
[2024-08-07T14:59:04.616+0000] {subprocess.py:93} INFO -  -d, --data <data>          HTTP POST data
[2024-08-07T14:59:04.617+0000] {subprocess.py:93} INFO -  -f, --fail                 Fail fast with no output on HTTP errors
[2024-08-07T14:59:04.618+0000] {subprocess.py:93} INFO -  -h, --help <category>      Get help for commands
[2024-08-07T14:59:04.619+0000] {subprocess.py:93} INFO -  -i, --include              Include protocol response headers in the output
[2024-08-07T14:59:04.620+0000] {subprocess.py:93} INFO -  -o, --output <file>        Write to file instead of stdout
[2024-08-07T14:59:04.621+0000] {subprocess.py:93} INFO -  -O, --remote-name          Write output to a file named as the remote file
[2024-08-07T14:59:04.622+0000] {subprocess.py:93} INFO -  -s, --silent               Silent mode
[2024-08-07T14:59:04.623+0000] {subprocess.py:93} INFO -  -T, --upload-file <file>   Transfer local FILE to destination
[2024-08-07T14:59:04.624+0000] {subprocess.py:93} INFO -  -u, --user <user:password> Server user and password
[2024-08-07T14:59:04.624+0000] {subprocess.py:93} INFO -  -A, --user-agent <name>    Send User-Agent <name> to server
[2024-08-07T14:59:04.625+0000] {subprocess.py:93} INFO -  -v, --verbose              Make the operation more talkative
[2024-08-07T14:59:04.626+0000] {subprocess.py:93} INFO -  -V, --version              Show version number and quit
[2024-08-07T14:59:04.627+0000] {subprocess.py:93} INFO - 
[2024-08-07T14:59:04.628+0000] {subprocess.py:93} INFO - This is not the full help, this menu is stripped into categories.
[2024-08-07T14:59:04.629+0000] {subprocess.py:93} INFO - Use "--help category" to get an overview of all categories.
[2024-08-07T14:59:04.630+0000] {subprocess.py:93} INFO - For all options use the manual or "--help all".
[2024-08-07T14:59:04.631+0000] {subprocess.py:97} INFO - Command exited with return code 0
[2024-08-07T14:59:04.632+0000] {taskinstance.py:441} INFO - ::group::Post task execution logs
[2024-08-07T14:59:04.672+0000] {taskinstance.py:1206} INFO - Marking task as SUCCESS. dag_id=***-space-exploration, task_id=SpaceX_Data, run_id=manual__2024-08-07T14:20:08.695612+00:00, execution_date=20240807T142008, start_date=20240807T145904, end_date=20240807T145904
[2024-08-07T14:59:04.708+0000] {local_task_job_runner.py:243} INFO - Task exited with return code 0
[2024-08-07T14:59:04.769+0000] {taskinstance.py:3503} INFO - 1 downstream tasks scheduled from follow-on schedule check
[2024-08-07T14:59:04.774+0000] {local_task_job_runner.py:222} INFO - ::endgroup::
