[2024-08-07T20:33:11.731+0000] {local_task_job_runner.py:120} INFO - ::group::Pre task execution logs
[2024-08-07T20:33:11.766+0000] {taskinstance.py:2076} INFO - Dependencies all met for dep_context=non-requeueable deps ti=<TaskInstance: space_exploration.nasa_confirmation_response scheduled__2023-02-21T00:00:00+00:00 [queued]>
[2024-08-07T20:33:11.778+0000] {taskinstance.py:2076} INFO - Dependencies all met for dep_context=requeueable deps ti=<TaskInstance: space_exploration.nasa_confirmation_response scheduled__2023-02-21T00:00:00+00:00 [queued]>
[2024-08-07T20:33:11.780+0000] {taskinstance.py:2306} INFO - Starting attempt 1 of 2
[2024-08-07T20:33:12.038+0000] {taskinstance.py:2330} INFO - Executing <Task(BashOperator): nasa_confirmation_response> on 2023-02-21 00:00:00+00:00
[2024-08-07T20:33:12.047+0000] {warnings.py:112} WARNING - /home/***/.local/lib/python3.12/site-packages/***/task/task_runner/standard_task_runner.py:62: DeprecationWarning: This process (pid=127) is multi-threaded, use of fork() may lead to deadlocks in the child.
  pid = os.fork()

[2024-08-07T20:33:12.051+0000] {standard_task_runner.py:64} INFO - Started process 149 to run task
[2024-08-07T20:33:12.051+0000] {standard_task_runner.py:90} INFO - Running: ['***', 'tasks', 'run', 'space_exploration', 'nasa_confirmation_response', 'scheduled__2023-02-21T00:00:00+00:00', '--job-id', '53', '--raw', '--subdir', 'DAGS_FOLDER/***-space-exploration.py', '--cfg-path', '/tmp/tmpuei7nb6v']
[2024-08-07T20:33:12.058+0000] {standard_task_runner.py:91} INFO - Job 53: Subtask nasa_confirmation_response
[2024-08-07T20:33:12.139+0000] {task_command.py:426} INFO - Running <TaskInstance: space_exploration.nasa_confirmation_response scheduled__2023-02-21T00:00:00+00:00 [running]> on host 13935ade345d
[2024-08-07T20:33:12.263+0000] {taskinstance.py:2648} INFO - Exporting env vars: AIRFLOW_CTX_DAG_OWNER='***' AIRFLOW_CTX_DAG_ID='space_exploration' AIRFLOW_CTX_TASK_ID='nasa_confirmation_response' AIRFLOW_CTX_EXECUTION_DATE='2023-02-21T00:00:00+00:00' AIRFLOW_CTX_TRY_NUMBER='1' AIRFLOW_CTX_DAG_RUN_ID='scheduled__2023-02-21T00:00:00+00:00'
[2024-08-07T20:33:12.266+0000] {taskinstance.py:430} INFO - ::endgroup::
[2024-08-07T20:33:12.291+0000] {subprocess.py:63} INFO - Tmp dir root location: /tmp
[2024-08-07T20:33:12.294+0000] {subprocess.py:75} INFO - Running command: ['/usr/bin/bash', '-c', 'sleep 20 && echo "Confirmation from NASA, you can proceed." > /tmp/response_20230221.txt']
[2024-08-07T20:33:12.306+0000] {subprocess.py:86} INFO - Output:
[2024-08-07T20:33:32.319+0000] {subprocess.py:97} INFO - Command exited with return code 0
[2024-08-07T20:33:32.322+0000] {taskinstance.py:441} INFO - ::group::Post task execution logs
[2024-08-07T20:33:32.393+0000] {taskinstance.py:1206} INFO - Marking task as SUCCESS. dag_id=space_exploration, task_id=nasa_confirmation_response, run_id=scheduled__2023-02-21T00:00:00+00:00, execution_date=20230221T000000, start_date=20240807T203311, end_date=20240807T203332
[2024-08-07T20:33:32.516+0000] {local_task_job_runner.py:243} INFO - Task exited with return code 0
[2024-08-07T20:33:32.635+0000] {taskinstance.py:3503} INFO - 1 downstream tasks scheduled from follow-on schedule check
[2024-08-07T20:33:32.651+0000] {local_task_job_runner.py:222} INFO - ::endgroup::
