[2024-08-07T20:33:32.120+0000] {local_task_job_runner.py:120} INFO - ::group::Pre task execution logs
[2024-08-07T20:33:32.223+0000] {taskinstance.py:2076} INFO - Dependencies all met for dep_context=non-requeueable deps ti=<TaskInstance: space_exploration.read_nasa_response_data scheduled__2023-02-09T00:00:00+00:00 [queued]>
[2024-08-07T20:33:32.255+0000] {taskinstance.py:2076} INFO - Dependencies all met for dep_context=requeueable deps ti=<TaskInstance: space_exploration.read_nasa_response_data scheduled__2023-02-09T00:00:00+00:00 [queued]>
[2024-08-07T20:33:32.258+0000] {taskinstance.py:2306} INFO - Starting attempt 1 of 2
[2024-08-07T20:33:32.959+0000] {taskinstance.py:2330} INFO - Executing <Task(BashOperator): read_nasa_response_data> on 2023-02-09 00:00:00+00:00
[2024-08-07T20:33:32.976+0000] {warnings.py:112} WARNING - /home/***/.local/lib/python3.12/site-packages/***/task/task_runner/standard_task_runner.py:62: DeprecationWarning: This process (pid=172) is multi-threaded, use of fork() may lead to deadlocks in the child.
  pid = os.fork()

[2024-08-07T20:33:32.981+0000] {standard_task_runner.py:64} INFO - Started process 190 to run task
[2024-08-07T20:33:32.991+0000] {standard_task_runner.py:90} INFO - Running: ['***', 'tasks', 'run', 'space_exploration', 'read_nasa_response_data', 'scheduled__2023-02-09T00:00:00+00:00', '--job-id', '58', '--raw', '--subdir', 'DAGS_FOLDER/***-space-exploration.py', '--cfg-path', '/tmp/tmpnhy24tpe']
[2024-08-07T20:33:32.996+0000] {standard_task_runner.py:91} INFO - Job 58: Subtask read_nasa_response_data
[2024-08-07T20:33:33.140+0000] {task_command.py:426} INFO - Running <TaskInstance: space_exploration.read_nasa_response_data scheduled__2023-02-09T00:00:00+00:00 [running]> on host 13935ade345d
[2024-08-07T20:33:33.389+0000] {taskinstance.py:2648} INFO - Exporting env vars: AIRFLOW_CTX_DAG_OWNER='***' AIRFLOW_CTX_DAG_ID='space_exploration' AIRFLOW_CTX_TASK_ID='read_nasa_response_data' AIRFLOW_CTX_EXECUTION_DATE='2023-02-09T00:00:00+00:00' AIRFLOW_CTX_TRY_NUMBER='1' AIRFLOW_CTX_DAG_RUN_ID='scheduled__2023-02-09T00:00:00+00:00'
[2024-08-07T20:33:33.394+0000] {taskinstance.py:430} INFO - ::endgroup::
[2024-08-07T20:33:33.452+0000] {subprocess.py:63} INFO - Tmp dir root location: /tmp
[2024-08-07T20:33:33.460+0000] {subprocess.py:75} INFO - Running command: ['/usr/bin/bash', '-c', 'ls /tmp && head /tmp/response_20230209.txt']
[2024-08-07T20:33:33.527+0000] {subprocess.py:86} INFO - Output:
[2024-08-07T20:33:33.591+0000] {subprocess.py:93} INFO - ***tmp5b_9m4rv
[2024-08-07T20:33:33.592+0000] {subprocess.py:93} INFO - ***tmpfxspi8o3
[2024-08-07T20:33:33.592+0000] {subprocess.py:93} INFO - ***tmplnhrylws
[2024-08-07T20:33:33.593+0000] {subprocess.py:93} INFO - ***tmpta8_w3in
[2024-08-07T20:33:33.599+0000] {subprocess.py:93} INFO - platzi_data_20240801.csv
[2024-08-07T20:33:33.604+0000] {subprocess.py:93} INFO - platzi_data_20240802.csv
[2024-08-07T20:33:33.608+0000] {subprocess.py:93} INFO - platzi_data_20240803.csv
[2024-08-07T20:33:33.609+0000] {subprocess.py:93} INFO - platzi_data_20240804.csv
[2024-08-07T20:33:33.610+0000] {subprocess.py:93} INFO - platzi_data_20240805.csv
[2024-08-07T20:33:33.621+0000] {subprocess.py:93} INFO - platzi_data_20240806.csv
[2024-08-07T20:33:33.623+0000] {subprocess.py:93} INFO - pymp-fb5shr1t
[2024-08-07T20:33:33.626+0000] {subprocess.py:93} INFO - response_20230209.txt
[2024-08-07T20:33:33.627+0000] {subprocess.py:93} INFO - response_20230210.txt
[2024-08-07T20:33:33.630+0000] {subprocess.py:93} INFO - response_20230211.txt
[2024-08-07T20:33:33.632+0000] {subprocess.py:93} INFO - response_20230212.txt
[2024-08-07T20:33:33.635+0000] {subprocess.py:93} INFO - response_20230213.txt
[2024-08-07T20:33:33.643+0000] {subprocess.py:93} INFO - response_20230214.txt
[2024-08-07T20:33:33.647+0000] {subprocess.py:93} INFO - response_20230215.txt
[2024-08-07T20:33:33.651+0000] {subprocess.py:93} INFO - response_20230216.txt
[2024-08-07T20:33:33.654+0000] {subprocess.py:93} INFO - response_20230217.txt
[2024-08-07T20:33:33.656+0000] {subprocess.py:93} INFO - response_20230218.txt
[2024-08-07T20:33:33.659+0000] {subprocess.py:93} INFO - response_20230219.txt
[2024-08-07T20:33:33.664+0000] {subprocess.py:93} INFO - response_20230220.txt
[2024-08-07T20:33:33.668+0000] {subprocess.py:93} INFO - response_20230221.txt
[2024-08-07T20:33:33.671+0000] {subprocess.py:93} INFO - response_20230222.txt
[2024-08-07T20:33:33.677+0000] {subprocess.py:93} INFO - response_20230223.txt
[2024-08-07T20:33:33.680+0000] {subprocess.py:93} INFO - response_20240801.txt
[2024-08-07T20:33:33.682+0000] {subprocess.py:93} INFO - response_20240802.txt
[2024-08-07T20:33:33.683+0000] {subprocess.py:93} INFO - response_20240803.txt
[2024-08-07T20:33:33.693+0000] {subprocess.py:93} INFO - response_20240804.txt
[2024-08-07T20:33:33.696+0000] {subprocess.py:93} INFO - response_20240805.txt
[2024-08-07T20:33:33.704+0000] {subprocess.py:93} INFO - response_20240806.txt
[2024-08-07T20:33:33.706+0000] {subprocess.py:93} INFO - tmpd3p0l1bf
[2024-08-07T20:33:33.715+0000] {subprocess.py:93} INFO - Confirmation from NASA, you can proceed.
[2024-08-07T20:33:33.717+0000] {subprocess.py:97} INFO - Command exited with return code 0
[2024-08-07T20:33:33.721+0000] {taskinstance.py:441} INFO - ::group::Post task execution logs
[2024-08-07T20:33:33.868+0000] {taskinstance.py:1206} INFO - Marking task as SUCCESS. dag_id=space_exploration, task_id=read_nasa_response_data, run_id=scheduled__2023-02-09T00:00:00+00:00, execution_date=20230209T000000, start_date=20240807T203332, end_date=20240807T203333
[2024-08-07T20:33:33.972+0000] {local_task_job_runner.py:243} INFO - Task exited with return code 0
[2024-08-07T20:33:34.010+0000] {local_task_job_runner.py:222} INFO - ::endgroup::
