[2024-08-07T14:10:06.708+0000] {local_task_job_runner.py:120} INFO - ::group::Pre task execution logs
[2024-08-07T14:10:06.743+0000] {taskinstance.py:2076} INFO - Dependencies all met for dep_context=non-requeueable deps ti=<TaskInstance: airflow-space-exploration.Autorizacion_NASA scheduled__2024-08-04T00:00:00+00:00 [queued]>
[2024-08-07T14:10:06.756+0000] {taskinstance.py:2076} INFO - Dependencies all met for dep_context=requeueable deps ti=<TaskInstance: airflow-space-exploration.Autorizacion_NASA scheduled__2024-08-04T00:00:00+00:00 [queued]>
[2024-08-07T14:10:06.756+0000] {taskinstance.py:2306} INFO - Starting attempt 2 of 2
[2024-08-07T14:10:06.778+0000] {taskinstance.py:2330} INFO - Executing <Task(BashOperator): Autorizacion_NASA> on 2024-08-04 00:00:00+00:00
[2024-08-07T14:10:06.786+0000] {warnings.py:112} WARNING - /home/***/.local/lib/python3.12/site-packages/***/task/task_runner/standard_task_runner.py:62: DeprecationWarning: This process (pid=97) is multi-threaded, use of fork() may lead to deadlocks in the child.
  pid = os.fork()

[2024-08-07T14:10:06.789+0000] {standard_task_runner.py:64} INFO - Started process 100 to run task
[2024-08-07T14:10:06.789+0000] {standard_task_runner.py:90} INFO - Running: ['***', 'tasks', 'run', '***-space-exploration', 'Autorizacion_NASA', 'scheduled__2024-08-04T00:00:00+00:00', '--job-id', '13', '--raw', '--subdir', 'DAGS_FOLDER/***-space-exploration.py', '--cfg-path', '/tmp/tmp1_v9hyhg']
[2024-08-07T14:10:06.792+0000] {standard_task_runner.py:91} INFO - Job 13: Subtask Autorizacion_NASA
[2024-08-07T14:10:06.964+0000] {task_command.py:426} INFO - Running <TaskInstance: airflow-space-exploration.Autorizacion_NASA scheduled__2024-08-04T00:00:00+00:00 [running]> on host 38873943cc86
[2024-08-07T14:10:07.314+0000] {taskinstance.py:2648} INFO - Exporting env vars: AIRFLOW_CTX_DAG_OWNER='***' AIRFLOW_CTX_DAG_ID='***-space-exploration' AIRFLOW_CTX_TASK_ID='Autorizacion_NASA' AIRFLOW_CTX_EXECUTION_DATE='2024-08-04T00:00:00+00:00' AIRFLOW_CTX_TRY_NUMBER='2' AIRFLOW_CTX_DAG_RUN_ID='scheduled__2024-08-04T00:00:00+00:00'
[2024-08-07T14:10:07.317+0000] {taskinstance.py:430} INFO - ::endgroup::
[2024-08-07T14:10:07.371+0000] {subprocess.py:63} INFO - Tmp dir root location: /tmp
[2024-08-07T14:10:07.374+0000] {subprocess.py:75} INFO - Running command: ['/usr/bin/bash', '-c', "sleep 20 && echo 'OK' > /tmp/response_20240804.txt"]
[2024-08-07T14:10:07.407+0000] {subprocess.py:86} INFO - Output:
[2024-08-07T14:10:27.423+0000] {subprocess.py:97} INFO - Command exited with return code 0
[2024-08-07T14:10:27.425+0000] {taskinstance.py:441} INFO - ::group::Post task execution logs
[2024-08-07T14:10:27.497+0000] {taskinstance.py:1206} INFO - Marking task as SUCCESS. dag_id=***-space-exploration, task_id=Autorizacion_NASA, run_id=scheduled__2024-08-04T00:00:00+00:00, execution_date=20240804T000000, start_date=20240807T141006, end_date=20240807T141027
[2024-08-07T14:10:27.572+0000] {local_task_job_runner.py:243} INFO - Task exited with return code 0
[2024-08-07T14:10:27.598+0000] {taskinstance.py:3503} INFO - 1 downstream tasks scheduled from follow-on schedule check
[2024-08-07T14:10:27.602+0000] {local_task_job_runner.py:222} INFO - ::endgroup::
