[2024-08-07T14:55:26.142+0000] {local_task_job_runner.py:120} INFO - ::group::Pre task execution logs
[2024-08-07T14:55:26.184+0000] {taskinstance.py:2076} INFO - Dependencies all met for dep_context=non-requeueable deps ti=<TaskInstance: airflow-space-exploration.Lectura_Datos_NASA scheduled__2024-08-05T00:00:00+00:00 [queued]>
[2024-08-07T14:55:26.203+0000] {taskinstance.py:2076} INFO - Dependencies all met for dep_context=requeueable deps ti=<TaskInstance: airflow-space-exploration.Lectura_Datos_NASA scheduled__2024-08-05T00:00:00+00:00 [queued]>
[2024-08-07T14:55:26.204+0000] {taskinstance.py:2306} INFO - Starting attempt 4 of 4
[2024-08-07T14:55:26.235+0000] {taskinstance.py:2330} INFO - Executing <Task(BashOperator): Lectura_Datos_NASA> on 2024-08-05 00:00:00+00:00
[2024-08-07T14:55:26.245+0000] {warnings.py:112} WARNING - /home/***/.local/lib/python3.12/site-packages/***/task/task_runner/standard_task_runner.py:62: DeprecationWarning: This process (pid=1535) is multi-threaded, use of fork() may lead to deadlocks in the child.
  pid = os.fork()

[2024-08-07T14:55:26.246+0000] {standard_task_runner.py:90} INFO - Running: ['***', 'tasks', 'run', '***-space-exploration', 'Lectura_Datos_NASA', 'scheduled__2024-08-05T00:00:00+00:00', '--job-id', '271', '--raw', '--subdir', 'DAGS_FOLDER/***-space-exploration.py', '--cfg-path', '/tmp/tmpkl2xuk97']
[2024-08-07T14:55:26.247+0000] {standard_task_runner.py:64} INFO - Started process 1538 to run task
[2024-08-07T14:55:26.248+0000] {standard_task_runner.py:91} INFO - Job 271: Subtask Lectura_Datos_NASA
[2024-08-07T14:55:26.325+0000] {task_command.py:426} INFO - Running <TaskInstance: airflow-space-exploration.Lectura_Datos_NASA scheduled__2024-08-05T00:00:00+00:00 [running]> on host 38873943cc86
[2024-08-07T14:55:26.471+0000] {taskinstance.py:2648} INFO - Exporting env vars: AIRFLOW_CTX_DAG_OWNER='***' AIRFLOW_CTX_DAG_ID='***-space-exploration' AIRFLOW_CTX_TASK_ID='Lectura_Datos_NASA' AIRFLOW_CTX_EXECUTION_DATE='2024-08-05T00:00:00+00:00' AIRFLOW_CTX_TRY_NUMBER='4' AIRFLOW_CTX_DAG_RUN_ID='scheduled__2024-08-05T00:00:00+00:00'
[2024-08-07T14:55:26.473+0000] {taskinstance.py:430} INFO - ::endgroup::
[2024-08-07T14:55:26.508+0000] {subprocess.py:63} INFO - Tmp dir root location: /tmp
[2024-08-07T14:55:26.510+0000] {subprocess.py:75} INFO - Running command: ['/usr/bin/bash', '-c', 'ls /tmp && head /tmp/response_20240805.txt']
[2024-08-07T14:55:26.528+0000] {subprocess.py:86} INFO - Output:
[2024-08-07T14:55:26.533+0000] {subprocess.py:93} INFO - ***tmp1x8j3_ku
[2024-08-07T14:55:26.534+0000] {subprocess.py:93} INFO - ***tmp4_az2q0_
[2024-08-07T14:55:26.536+0000] {subprocess.py:93} INFO - ***tmpcmp26b5r
[2024-08-07T14:55:26.536+0000] {subprocess.py:93} INFO - ***tmpo1fr1i4_
[2024-08-07T14:55:26.538+0000] {subprocess.py:93} INFO - ***tmprn1t7rqg
[2024-08-07T14:55:26.539+0000] {subprocess.py:93} INFO - ***tmpzyiqeh8m
[2024-08-07T14:55:26.540+0000] {subprocess.py:93} INFO - platzi_data_20240801.csv
[2024-08-07T14:55:26.541+0000] {subprocess.py:93} INFO - platzi_data_20240802.csv
[2024-08-07T14:55:26.542+0000] {subprocess.py:93} INFO - platzi_data_20240803.csv
[2024-08-07T14:55:26.543+0000] {subprocess.py:93} INFO - platzi_data_20240804.csv
[2024-08-07T14:55:26.544+0000] {subprocess.py:93} INFO - platzi_data_20240805.csv
[2024-08-07T14:55:26.545+0000] {subprocess.py:93} INFO - platzi_data_20240806.csv
[2024-08-07T14:55:26.546+0000] {subprocess.py:93} INFO - platzi_data_20240807.csv
[2024-08-07T14:55:26.549+0000] {subprocess.py:93} INFO - pymp-bji4ygjz
[2024-08-07T14:55:26.549+0000] {subprocess.py:93} INFO - response_20240801.txt
[2024-08-07T14:55:26.550+0000] {subprocess.py:93} INFO - response_20240802.txt
[2024-08-07T14:55:26.552+0000] {subprocess.py:93} INFO - response_20240803.txt
[2024-08-07T14:55:26.553+0000] {subprocess.py:93} INFO - response_20240804.txt
[2024-08-07T14:55:26.554+0000] {subprocess.py:93} INFO - response_20240805.txt
[2024-08-07T14:55:26.554+0000] {subprocess.py:93} INFO - response_20240806.txt
[2024-08-07T14:55:26.555+0000] {subprocess.py:93} INFO - response_20240807.txt
[2024-08-07T14:55:26.556+0000] {subprocess.py:93} INFO - tmp2weef0t8
[2024-08-07T14:55:26.557+0000] {subprocess.py:93} INFO - tmp5324rac7
[2024-08-07T14:55:26.558+0000] {subprocess.py:93} INFO - tmpdqvoinyf
[2024-08-07T14:55:26.559+0000] {subprocess.py:93} INFO - tmpe3_zn7bp
[2024-08-07T14:55:26.560+0000] {subprocess.py:93} INFO - tmpffxnt4mp
[2024-08-07T14:55:26.561+0000] {subprocess.py:93} INFO - tmpjpoma8_4
[2024-08-07T14:55:26.562+0000] {subprocess.py:93} INFO - tmpmdd1mezh
[2024-08-07T14:55:26.563+0000] {subprocess.py:93} INFO - tmpn9iku32l
[2024-08-07T14:55:26.564+0000] {subprocess.py:93} INFO - tmpnbqmrw3_
[2024-08-07T14:55:26.569+0000] {subprocess.py:93} INFO - tmpop2i4r08
[2024-08-07T14:55:26.570+0000] {subprocess.py:93} INFO - tmpqusd4zfz
[2024-08-07T14:55:26.570+0000] {subprocess.py:93} INFO - tmprul79jv0
[2024-08-07T14:55:26.571+0000] {subprocess.py:93} INFO - tmpu69u53lv
[2024-08-07T14:55:26.572+0000] {subprocess.py:93} INFO - tmpvj785b1w
[2024-08-07T14:55:26.573+0000] {subprocess.py:93} INFO - Confirmación de la NASA, pueden proceder
[2024-08-07T14:55:26.574+0000] {subprocess.py:97} INFO - Command exited with return code 0
[2024-08-07T14:55:26.576+0000] {taskinstance.py:441} INFO - ::group::Post task execution logs
[2024-08-07T14:55:26.617+0000] {taskinstance.py:1206} INFO - Marking task as SUCCESS. dag_id=***-space-exploration, task_id=Lectura_Datos_NASA, run_id=scheduled__2024-08-05T00:00:00+00:00, execution_date=20240805T000000, start_date=20240807T145526, end_date=20240807T145526
[2024-08-07T14:55:26.670+0000] {local_task_job_runner.py:243} INFO - Task exited with return code 0
[2024-08-07T14:55:26.707+0000] {taskinstance.py:3503} INFO - 1 downstream tasks scheduled from follow-on schedule check
[2024-08-07T14:55:26.713+0000] {local_task_job_runner.py:222} INFO - ::endgroup::
