[2024-08-07T14:27:19.136+0000] {local_task_job_runner.py:120} INFO - ::group::Pre task execution logs
[2024-08-07T14:27:19.184+0000] {taskinstance.py:2076} INFO - Dependencies all met for dep_context=non-requeueable deps ti=<TaskInstance: airflow-space-exploration.SpaceX_data scheduled__2024-08-02T00:00:00+00:00 [queued]>
[2024-08-07T14:27:19.206+0000] {taskinstance.py:2076} INFO - Dependencies all met for dep_context=requeueable deps ti=<TaskInstance: airflow-space-exploration.SpaceX_data scheduled__2024-08-02T00:00:00+00:00 [queued]>
[2024-08-07T14:27:19.208+0000] {taskinstance.py:2306} INFO - Starting attempt 5 of 5
[2024-08-07T14:27:19.242+0000] {taskinstance.py:2330} INFO - Executing <Task(BashOperator): SpaceX_data> on 2024-08-02 00:00:00+00:00
[2024-08-07T14:27:19.257+0000] {warnings.py:112} WARNING - /home/***/.local/lib/python3.12/site-packages/***/task/task_runner/standard_task_runner.py:62: DeprecationWarning: This process (pid=617) is multi-threaded, use of fork() may lead to deadlocks in the child.
  pid = os.fork()

[2024-08-07T14:27:19.259+0000] {standard_task_runner.py:64} INFO - Started process 623 to run task
[2024-08-07T14:27:19.259+0000] {standard_task_runner.py:90} INFO - Running: ['***', 'tasks', 'run', '***-space-exploration', 'SpaceX_data', 'scheduled__2024-08-02T00:00:00+00:00', '--job-id', '105', '--raw', '--subdir', 'DAGS_FOLDER/***-space-exploration.py', '--cfg-path', '/tmp/tmpjn8gqv7f']
[2024-08-07T14:27:19.260+0000] {standard_task_runner.py:91} INFO - Job 105: Subtask SpaceX_data
[2024-08-07T14:27:19.336+0000] {task_command.py:426} INFO - Running <TaskInstance: airflow-space-exploration.SpaceX_data scheduled__2024-08-02T00:00:00+00:00 [running]> on host 38873943cc86
[2024-08-07T14:27:19.473+0000] {taskinstance.py:2648} INFO - Exporting env vars: AIRFLOW_CTX_DAG_OWNER='***' AIRFLOW_CTX_DAG_ID='***-space-exploration' AIRFLOW_CTX_TASK_ID='SpaceX_data' AIRFLOW_CTX_EXECUTION_DATE='2024-08-02T00:00:00+00:00' AIRFLOW_CTX_TRY_NUMBER='5' AIRFLOW_CTX_DAG_RUN_ID='scheduled__2024-08-02T00:00:00+00:00'
[2024-08-07T14:27:19.475+0000] {taskinstance.py:430} INFO - ::endgroup::
[2024-08-07T14:27:19.496+0000] {subprocess.py:63} INFO - Tmp dir root location: /tmp
[2024-08-07T14:27:19.498+0000] {subprocess.py:75} INFO - Running command: ['/usr/bin/bash', '-c', "curl -o /tmp/history.json -L'https://api.spacexdata.com/v4/history'"]
[2024-08-07T14:27:19.515+0000] {subprocess.py:86} INFO - Output:
[2024-08-07T14:27:19.525+0000] {subprocess.py:93} INFO - Usage: curl [options...] <url>
[2024-08-07T14:27:19.526+0000] {subprocess.py:93} INFO -  -d, --data <data>          HTTP POST data
[2024-08-07T14:27:19.527+0000] {subprocess.py:93} INFO -  -f, --fail                 Fail fast with no output on HTTP errors
[2024-08-07T14:27:19.527+0000] {subprocess.py:93} INFO -  -h, --help <category>      Get help for commands
[2024-08-07T14:27:19.528+0000] {subprocess.py:93} INFO -  -i, --include              Include protocol response headers in the output
[2024-08-07T14:27:19.528+0000] {subprocess.py:93} INFO -  -o, --output <file>        Write to file instead of stdout
[2024-08-07T14:27:19.529+0000] {subprocess.py:93} INFO -  -O, --remote-name          Write output to a file named as the remote file
[2024-08-07T14:27:19.530+0000] {subprocess.py:93} INFO -  -s, --silent               Silent mode
[2024-08-07T14:27:19.531+0000] {subprocess.py:93} INFO -  -T, --upload-file <file>   Transfer local FILE to destination
[2024-08-07T14:27:19.532+0000] {subprocess.py:93} INFO -  -u, --user <user:password> Server user and password
[2024-08-07T14:27:19.533+0000] {subprocess.py:93} INFO -  -A, --user-agent <name>    Send User-Agent <name> to server
[2024-08-07T14:27:19.534+0000] {subprocess.py:93} INFO -  -v, --verbose              Make the operation more talkative
[2024-08-07T14:27:19.535+0000] {subprocess.py:93} INFO -  -V, --version              Show version number and quit
[2024-08-07T14:27:19.535+0000] {subprocess.py:93} INFO - 
[2024-08-07T14:27:19.536+0000] {subprocess.py:93} INFO - This is not the full help, this menu is stripped into categories.
[2024-08-07T14:27:19.537+0000] {subprocess.py:93} INFO - Use "--help category" to get an overview of all categories.
[2024-08-07T14:27:19.538+0000] {subprocess.py:93} INFO - For all options use the manual or "--help all".
[2024-08-07T14:27:19.539+0000] {subprocess.py:97} INFO - Command exited with return code 0
[2024-08-07T14:27:19.540+0000] {taskinstance.py:441} INFO - ::group::Post task execution logs
[2024-08-07T14:27:19.582+0000] {taskinstance.py:1206} INFO - Marking task as SUCCESS. dag_id=***-space-exploration, task_id=SpaceX_data, run_id=scheduled__2024-08-02T00:00:00+00:00, execution_date=20240802T000000, start_date=20240807T142719, end_date=20240807T142719
[2024-08-07T14:27:19.638+0000] {local_task_job_runner.py:243} INFO - Task exited with return code 0
[2024-08-07T14:27:19.704+0000] {taskinstance.py:3503} INFO - 1 downstream tasks scheduled from follow-on schedule check
[2024-08-07T14:27:19.710+0000] {local_task_job_runner.py:222} INFO - ::endgroup::
[2024-08-07T14:59:04.294+0000] {local_task_job_runner.py:120} INFO - ::group::Pre task execution logs
[2024-08-07T14:59:04.328+0000] {taskinstance.py:2076} INFO - Dependencies all met for dep_context=non-requeueable deps ti=<TaskInstance: airflow-space-exploration.SpaceX_Data scheduled__2024-08-02T00:00:00+00:00 [queued]>
[2024-08-07T14:59:04.342+0000] {taskinstance.py:2076} INFO - Dependencies all met for dep_context=requeueable deps ti=<TaskInstance: airflow-space-exploration.SpaceX_Data scheduled__2024-08-02T00:00:00+00:00 [queued]>
[2024-08-07T14:59:04.343+0000] {taskinstance.py:2306} INFO - Starting attempt 5 of 5
[2024-08-07T14:59:04.370+0000] {taskinstance.py:2330} INFO - Executing <Task(BashOperator): SpaceX_Data> on 2024-08-02 00:00:00+00:00
[2024-08-07T14:59:04.378+0000] {warnings.py:112} WARNING - /home/***/.local/lib/python3.12/site-packages/***/task/task_runner/standard_task_runner.py:62: DeprecationWarning: This process (pid=124) is multi-threaded, use of fork() may lead to deadlocks in the child.
  pid = os.fork()

[2024-08-07T14:59:04.380+0000] {standard_task_runner.py:64} INFO - Started process 133 to run task
[2024-08-07T14:59:04.380+0000] {standard_task_runner.py:90} INFO - Running: ['***', 'tasks', 'run', '***-space-exploration', 'SpaceX_Data', 'scheduled__2024-08-02T00:00:00+00:00', '--job-id', '322', '--raw', '--subdir', 'DAGS_FOLDER/***-space-exploration.py', '--cfg-path', '/tmp/tmpkb2m05k2']
[2024-08-07T14:59:04.382+0000] {standard_task_runner.py:91} INFO - Job 322: Subtask SpaceX_Data
[2024-08-07T14:59:04.453+0000] {task_command.py:426} INFO - Running <TaskInstance: airflow-space-exploration.SpaceX_Data scheduled__2024-08-02T00:00:00+00:00 [running]> on host 38873943cc86
[2024-08-07T14:59:04.575+0000] {taskinstance.py:2648} INFO - Exporting env vars: AIRFLOW_CTX_DAG_OWNER='***' AIRFLOW_CTX_DAG_ID='***-space-exploration' AIRFLOW_CTX_TASK_ID='SpaceX_Data' AIRFLOW_CTX_EXECUTION_DATE='2024-08-02T00:00:00+00:00' AIRFLOW_CTX_TRY_NUMBER='5' AIRFLOW_CTX_DAG_RUN_ID='scheduled__2024-08-02T00:00:00+00:00'
[2024-08-07T14:59:04.576+0000] {taskinstance.py:430} INFO - ::endgroup::
[2024-08-07T14:59:04.595+0000] {subprocess.py:63} INFO - Tmp dir root location: /tmp
[2024-08-07T14:59:04.597+0000] {subprocess.py:75} INFO - Running command: ['/usr/bin/bash', '-c', "curl -o /tmp/history.json -L'https://api.spacexdata.com/v4/history'"]
[2024-08-07T14:59:04.615+0000] {subprocess.py:86} INFO - Output:
[2024-08-07T14:59:04.627+0000] {subprocess.py:93} INFO - Usage: curl [options...] <url>
[2024-08-07T14:59:04.628+0000] {subprocess.py:93} INFO -  -d, --data <data>          HTTP POST data
[2024-08-07T14:59:04.629+0000] {subprocess.py:93} INFO -  -f, --fail                 Fail fast with no output on HTTP errors
[2024-08-07T14:59:04.630+0000] {subprocess.py:93} INFO -  -h, --help <category>      Get help for commands
[2024-08-07T14:59:04.631+0000] {subprocess.py:93} INFO -  -i, --include              Include protocol response headers in the output
[2024-08-07T14:59:04.632+0000] {subprocess.py:93} INFO -  -o, --output <file>        Write to file instead of stdout
[2024-08-07T14:59:04.633+0000] {subprocess.py:93} INFO -  -O, --remote-name          Write output to a file named as the remote file
[2024-08-07T14:59:04.634+0000] {subprocess.py:93} INFO -  -s, --silent               Silent mode
[2024-08-07T14:59:04.635+0000] {subprocess.py:93} INFO -  -T, --upload-file <file>   Transfer local FILE to destination
[2024-08-07T14:59:04.636+0000] {subprocess.py:93} INFO -  -u, --user <user:password> Server user and password
[2024-08-07T14:59:04.637+0000] {subprocess.py:93} INFO -  -A, --user-agent <name>    Send User-Agent <name> to server
[2024-08-07T14:59:04.638+0000] {subprocess.py:93} INFO -  -v, --verbose              Make the operation more talkative
[2024-08-07T14:59:04.639+0000] {subprocess.py:93} INFO -  -V, --version              Show version number and quit
[2024-08-07T14:59:04.640+0000] {subprocess.py:93} INFO - 
[2024-08-07T14:59:04.641+0000] {subprocess.py:93} INFO - This is not the full help, this menu is stripped into categories.
[2024-08-07T14:59:04.642+0000] {subprocess.py:93} INFO - Use "--help category" to get an overview of all categories.
[2024-08-07T14:59:04.643+0000] {subprocess.py:93} INFO - For all options use the manual or "--help all".
[2024-08-07T14:59:04.645+0000] {subprocess.py:97} INFO - Command exited with return code 0
[2024-08-07T14:59:04.647+0000] {taskinstance.py:441} INFO - ::group::Post task execution logs
[2024-08-07T14:59:04.688+0000] {taskinstance.py:1206} INFO - Marking task as SUCCESS. dag_id=***-space-exploration, task_id=SpaceX_Data, run_id=scheduled__2024-08-02T00:00:00+00:00, execution_date=20240802T000000, start_date=20240807T145904, end_date=20240807T145904
[2024-08-07T14:59:04.757+0000] {local_task_job_runner.py:243} INFO - Task exited with return code 0
[2024-08-07T14:59:04.805+0000] {taskinstance.py:3503} INFO - 1 downstream tasks scheduled from follow-on schedule check
[2024-08-07T14:59:04.816+0000] {local_task_job_runner.py:222} INFO - ::endgroup::
