[2024-08-07T14:33:54.267+0000] {local_task_job_runner.py:120} INFO - ::group::Pre task execution logs
[2024-08-07T14:33:54.301+0000] {taskinstance.py:2076} INFO - Dependencies all met for dep_context=non-requeueable deps ti=<TaskInstance: airflow-space-exploration.SpaceX_data scheduled__2024-08-02T00:00:00+00:00 [queued]>
[2024-08-07T14:33:54.312+0000] {taskinstance.py:2076} INFO - Dependencies all met for dep_context=requeueable deps ti=<TaskInstance: airflow-space-exploration.SpaceX_data scheduled__2024-08-02T00:00:00+00:00 [queued]>
[2024-08-07T14:33:54.315+0000] {taskinstance.py:2306} INFO - Starting attempt 6 of 6
[2024-08-07T14:33:54.338+0000] {taskinstance.py:2330} INFO - Executing <Task(BashOperator): SpaceX_data> on 2024-08-02 00:00:00+00:00
[2024-08-07T14:33:54.346+0000] {warnings.py:112} WARNING - /home/***/.local/lib/python3.12/site-packages/***/task/task_runner/standard_task_runner.py:62: DeprecationWarning: This process (pid=806) is multi-threaded, use of fork() may lead to deadlocks in the child.
  pid = os.fork()

[2024-08-07T14:33:54.349+0000] {standard_task_runner.py:64} INFO - Started process 819 to run task
[2024-08-07T14:33:54.348+0000] {standard_task_runner.py:90} INFO - Running: ['***', 'tasks', 'run', '***-space-exploration', 'SpaceX_data', 'scheduled__2024-08-02T00:00:00+00:00', '--job-id', '134', '--raw', '--subdir', 'DAGS_FOLDER/***-space-exploration.py', '--cfg-path', '/tmp/tmpklhq3o1s']
[2024-08-07T14:33:54.350+0000] {standard_task_runner.py:91} INFO - Job 134: Subtask SpaceX_data
[2024-08-07T14:33:54.433+0000] {task_command.py:426} INFO - Running <TaskInstance: airflow-space-exploration.SpaceX_data scheduled__2024-08-02T00:00:00+00:00 [running]> on host 38873943cc86
[2024-08-07T14:33:54.524+0000] {taskinstance.py:2648} INFO - Exporting env vars: AIRFLOW_CTX_DAG_OWNER='***' AIRFLOW_CTX_DAG_ID='***-space-exploration' AIRFLOW_CTX_TASK_ID='SpaceX_data' AIRFLOW_CTX_EXECUTION_DATE='2024-08-02T00:00:00+00:00' AIRFLOW_CTX_TRY_NUMBER='6' AIRFLOW_CTX_DAG_RUN_ID='scheduled__2024-08-02T00:00:00+00:00'
[2024-08-07T14:33:54.525+0000] {taskinstance.py:430} INFO - ::endgroup::
[2024-08-07T14:33:54.541+0000] {subprocess.py:63} INFO - Tmp dir root location: /tmp
[2024-08-07T14:33:54.543+0000] {subprocess.py:75} INFO - Running command: ['/usr/bin/bash', '-c', "curl -o /tmp/history.json -L'https://api.spacexdata.com/v4/history'"]
[2024-08-07T14:33:54.555+0000] {subprocess.py:86} INFO - Output:
[2024-08-07T14:33:54.564+0000] {subprocess.py:93} INFO - Usage: curl [options...] <url>
[2024-08-07T14:33:54.568+0000] {subprocess.py:93} INFO -  -d, --data <data>          HTTP POST data
[2024-08-07T14:33:54.569+0000] {subprocess.py:93} INFO -  -f, --fail                 Fail fast with no output on HTTP errors
[2024-08-07T14:33:54.570+0000] {subprocess.py:93} INFO -  -h, --help <category>      Get help for commands
[2024-08-07T14:33:54.571+0000] {subprocess.py:93} INFO -  -i, --include              Include protocol response headers in the output
[2024-08-07T14:33:54.572+0000] {subprocess.py:93} INFO -  -o, --output <file>        Write to file instead of stdout
[2024-08-07T14:33:54.573+0000] {subprocess.py:93} INFO -  -O, --remote-name          Write output to a file named as the remote file
[2024-08-07T14:33:54.573+0000] {subprocess.py:93} INFO -  -s, --silent               Silent mode
[2024-08-07T14:33:54.574+0000] {subprocess.py:93} INFO -  -T, --upload-file <file>   Transfer local FILE to destination
[2024-08-07T14:33:54.574+0000] {subprocess.py:93} INFO -  -u, --user <user:password> Server user and password
[2024-08-07T14:33:54.575+0000] {subprocess.py:93} INFO -  -A, --user-agent <name>    Send User-Agent <name> to server
[2024-08-07T14:33:54.576+0000] {subprocess.py:93} INFO -  -v, --verbose              Make the operation more talkative
[2024-08-07T14:33:54.577+0000] {subprocess.py:93} INFO -  -V, --version              Show version number and quit
[2024-08-07T14:33:54.577+0000] {subprocess.py:93} INFO - 
[2024-08-07T14:33:54.578+0000] {subprocess.py:93} INFO - This is not the full help, this menu is stripped into categories.
[2024-08-07T14:33:54.579+0000] {subprocess.py:93} INFO - Use "--help category" to get an overview of all categories.
[2024-08-07T14:33:54.580+0000] {subprocess.py:93} INFO - For all options use the manual or "--help all".
[2024-08-07T14:33:54.581+0000] {subprocess.py:97} INFO - Command exited with return code 0
[2024-08-07T14:33:54.582+0000] {taskinstance.py:441} INFO - ::group::Post task execution logs
[2024-08-07T14:33:54.610+0000] {taskinstance.py:1206} INFO - Marking task as SUCCESS. dag_id=***-space-exploration, task_id=SpaceX_data, run_id=scheduled__2024-08-02T00:00:00+00:00, execution_date=20240802T000000, start_date=20240807T143354, end_date=20240807T143354
[2024-08-07T14:33:54.648+0000] {local_task_job_runner.py:243} INFO - Task exited with return code 0
[2024-08-07T14:33:54.676+0000] {taskinstance.py:3503} INFO - 1 downstream tasks scheduled from follow-on schedule check
[2024-08-07T14:33:54.680+0000] {local_task_job_runner.py:222} INFO - ::endgroup::
[2024-08-07T15:02:23.884+0000] {local_task_job_runner.py:120} INFO - ::group::Pre task execution logs
[2024-08-07T15:02:23.917+0000] {taskinstance.py:2076} INFO - Dependencies all met for dep_context=non-requeueable deps ti=<TaskInstance: airflow-space-exploration.SpaceX_Data scheduled__2024-08-02T00:00:00+00:00 [queued]>
[2024-08-07T15:02:23.929+0000] {taskinstance.py:2076} INFO - Dependencies all met for dep_context=requeueable deps ti=<TaskInstance: airflow-space-exploration.SpaceX_Data scheduled__2024-08-02T00:00:00+00:00 [queued]>
[2024-08-07T15:02:23.929+0000] {taskinstance.py:2306} INFO - Starting attempt 6 of 6
[2024-08-07T15:02:23.952+0000] {taskinstance.py:2330} INFO - Executing <Task(BashOperator): SpaceX_Data> on 2024-08-02 00:00:00+00:00
[2024-08-07T15:02:23.963+0000] {warnings.py:112} WARNING - /home/***/.local/lib/python3.12/site-packages/***/task/task_runner/standard_task_runner.py:62: DeprecationWarning: This process (pid=310) is multi-threaded, use of fork() may lead to deadlocks in the child.
  pid = os.fork()

[2024-08-07T15:02:23.965+0000] {standard_task_runner.py:64} INFO - Started process 315 to run task
[2024-08-07T15:02:23.965+0000] {standard_task_runner.py:90} INFO - Running: ['***', 'tasks', 'run', '***-space-exploration', 'SpaceX_Data', 'scheduled__2024-08-02T00:00:00+00:00', '--job-id', '363', '--raw', '--subdir', 'DAGS_FOLDER/***-space-exploration.py', '--cfg-path', '/tmp/tmp9sr_55ct']
[2024-08-07T15:02:23.966+0000] {standard_task_runner.py:91} INFO - Job 363: Subtask SpaceX_Data
[2024-08-07T15:02:24.028+0000] {task_command.py:426} INFO - Running <TaskInstance: airflow-space-exploration.SpaceX_Data scheduled__2024-08-02T00:00:00+00:00 [running]> on host 38873943cc86
[2024-08-07T15:02:24.141+0000] {taskinstance.py:2648} INFO - Exporting env vars: AIRFLOW_CTX_DAG_OWNER='***' AIRFLOW_CTX_DAG_ID='***-space-exploration' AIRFLOW_CTX_TASK_ID='SpaceX_Data' AIRFLOW_CTX_EXECUTION_DATE='2024-08-02T00:00:00+00:00' AIRFLOW_CTX_TRY_NUMBER='6' AIRFLOW_CTX_DAG_RUN_ID='scheduled__2024-08-02T00:00:00+00:00'
[2024-08-07T15:02:24.143+0000] {taskinstance.py:430} INFO - ::endgroup::
[2024-08-07T15:02:24.162+0000] {subprocess.py:63} INFO - Tmp dir root location: /tmp
[2024-08-07T15:02:24.165+0000] {subprocess.py:75} INFO - Running command: ['/usr/bin/bash', '-c', "curl -o /tmp/history.json -L'https://api.spacexdata.com/v4/history'"]
[2024-08-07T15:02:24.180+0000] {subprocess.py:86} INFO - Output:
[2024-08-07T15:02:24.190+0000] {subprocess.py:93} INFO - Usage: curl [options...] <url>
[2024-08-07T15:02:24.191+0000] {subprocess.py:93} INFO -  -d, --data <data>          HTTP POST data
[2024-08-07T15:02:24.192+0000] {subprocess.py:93} INFO -  -f, --fail                 Fail fast with no output on HTTP errors
[2024-08-07T15:02:24.192+0000] {subprocess.py:93} INFO -  -h, --help <category>      Get help for commands
[2024-08-07T15:02:24.193+0000] {subprocess.py:93} INFO -  -i, --include              Include protocol response headers in the output
[2024-08-07T15:02:24.194+0000] {subprocess.py:93} INFO -  -o, --output <file>        Write to file instead of stdout
[2024-08-07T15:02:24.195+0000] {subprocess.py:93} INFO -  -O, --remote-name          Write output to a file named as the remote file
[2024-08-07T15:02:24.196+0000] {subprocess.py:93} INFO -  -s, --silent               Silent mode
[2024-08-07T15:02:24.196+0000] {subprocess.py:93} INFO -  -T, --upload-file <file>   Transfer local FILE to destination
[2024-08-07T15:02:24.197+0000] {subprocess.py:93} INFO -  -u, --user <user:password> Server user and password
[2024-08-07T15:02:24.198+0000] {subprocess.py:93} INFO -  -A, --user-agent <name>    Send User-Agent <name> to server
[2024-08-07T15:02:24.199+0000] {subprocess.py:93} INFO -  -v, --verbose              Make the operation more talkative
[2024-08-07T15:02:24.199+0000] {subprocess.py:93} INFO -  -V, --version              Show version number and quit
[2024-08-07T15:02:24.200+0000] {subprocess.py:93} INFO - 
[2024-08-07T15:02:24.201+0000] {subprocess.py:93} INFO - This is not the full help, this menu is stripped into categories.
[2024-08-07T15:02:24.202+0000] {subprocess.py:93} INFO - Use "--help category" to get an overview of all categories.
[2024-08-07T15:02:24.203+0000] {subprocess.py:93} INFO - For all options use the manual or "--help all".
[2024-08-07T15:02:24.204+0000] {subprocess.py:97} INFO - Command exited with return code 0
[2024-08-07T15:02:24.205+0000] {taskinstance.py:441} INFO - ::group::Post task execution logs
[2024-08-07T15:02:24.237+0000] {taskinstance.py:1206} INFO - Marking task as SUCCESS. dag_id=***-space-exploration, task_id=SpaceX_Data, run_id=scheduled__2024-08-02T00:00:00+00:00, execution_date=20240802T000000, start_date=20240807T150223, end_date=20240807T150224
[2024-08-07T15:02:24.300+0000] {local_task_job_runner.py:243} INFO - Task exited with return code 0
[2024-08-07T15:02:24.329+0000] {taskinstance.py:3503} INFO - 1 downstream tasks scheduled from follow-on schedule check
[2024-08-07T15:02:24.332+0000] {local_task_job_runner.py:222} INFO - ::endgroup::
