[2024-08-07T14:54:26.301+0000] {local_task_job_runner.py:120} INFO - ::group::Pre task execution logs
[2024-08-07T14:54:26.349+0000] {taskinstance.py:2076} INFO - Dependencies all met for dep_context=non-requeueable deps ti=<TaskInstance: airflow-space-exploration.Lectura_Datos_NASA scheduled__2024-08-06T00:00:00+00:00 [queued]>
[2024-08-07T14:54:26.367+0000] {taskinstance.py:2076} INFO - Dependencies all met for dep_context=requeueable deps ti=<TaskInstance: airflow-space-exploration.Lectura_Datos_NASA scheduled__2024-08-06T00:00:00+00:00 [queued]>
[2024-08-07T14:54:26.368+0000] {taskinstance.py:2306} INFO - Starting attempt 3 of 3
[2024-08-07T14:54:26.400+0000] {taskinstance.py:2330} INFO - Executing <Task(BashOperator): Lectura_Datos_NASA> on 2024-08-06 00:00:00+00:00
[2024-08-07T14:54:26.409+0000] {warnings.py:112} WARNING - /home/***/.local/lib/python3.12/site-packages/***/task/task_runner/standard_task_runner.py:62: DeprecationWarning: This process (pid=1395) is multi-threaded, use of fork() may lead to deadlocks in the child.
  pid = os.fork()

[2024-08-07T14:54:26.411+0000] {standard_task_runner.py:64} INFO - Started process 1403 to run task
[2024-08-07T14:54:26.411+0000] {standard_task_runner.py:90} INFO - Running: ['***', 'tasks', 'run', '***-space-exploration', 'Lectura_Datos_NASA', 'scheduled__2024-08-06T00:00:00+00:00', '--job-id', '239', '--raw', '--subdir', 'DAGS_FOLDER/***-space-exploration.py', '--cfg-path', '/tmp/tmpy0u5exqk']
[2024-08-07T14:54:26.413+0000] {standard_task_runner.py:91} INFO - Job 239: Subtask Lectura_Datos_NASA
[2024-08-07T14:54:26.482+0000] {task_command.py:426} INFO - Running <TaskInstance: airflow-space-exploration.Lectura_Datos_NASA scheduled__2024-08-06T00:00:00+00:00 [running]> on host 38873943cc86
[2024-08-07T14:54:26.607+0000] {taskinstance.py:2648} INFO - Exporting env vars: AIRFLOW_CTX_DAG_OWNER='***' AIRFLOW_CTX_DAG_ID='***-space-exploration' AIRFLOW_CTX_TASK_ID='Lectura_Datos_NASA' AIRFLOW_CTX_EXECUTION_DATE='2024-08-06T00:00:00+00:00' AIRFLOW_CTX_TRY_NUMBER='3' AIRFLOW_CTX_DAG_RUN_ID='scheduled__2024-08-06T00:00:00+00:00'
[2024-08-07T14:54:26.610+0000] {taskinstance.py:430} INFO - ::endgroup::
[2024-08-07T14:54:26.639+0000] {subprocess.py:63} INFO - Tmp dir root location: /tmp
[2024-08-07T14:54:26.641+0000] {subprocess.py:75} INFO - Running command: ['/usr/bin/bash', '-c', 'ls /tmp && head /tmp/response_20240806.txt']
[2024-08-07T14:54:26.657+0000] {subprocess.py:86} INFO - Output:
[2024-08-07T14:54:26.662+0000] {subprocess.py:93} INFO - ***tmpds53m68_
[2024-08-07T14:54:26.663+0000] {subprocess.py:93} INFO - ***tmpuww9kvn6
[2024-08-07T14:54:26.663+0000] {subprocess.py:93} INFO - platzi_data_20240801.csv
[2024-08-07T14:54:26.664+0000] {subprocess.py:93} INFO - platzi_data_20240802.csv
[2024-08-07T14:54:26.665+0000] {subprocess.py:93} INFO - platzi_data_20240803.csv
[2024-08-07T14:54:26.666+0000] {subprocess.py:93} INFO - platzi_data_20240804.csv
[2024-08-07T14:54:26.667+0000] {subprocess.py:93} INFO - platzi_data_20240805.csv
[2024-08-07T14:54:26.668+0000] {subprocess.py:93} INFO - platzi_data_20240806.csv
[2024-08-07T14:54:26.668+0000] {subprocess.py:93} INFO - platzi_data_20240807.csv
[2024-08-07T14:54:26.669+0000] {subprocess.py:93} INFO - pymp-bji4ygjz
[2024-08-07T14:54:26.670+0000] {subprocess.py:93} INFO - response_20240801.txt
[2024-08-07T14:54:26.671+0000] {subprocess.py:93} INFO - response_20240802.txt
[2024-08-07T14:54:26.672+0000] {subprocess.py:93} INFO - response_20240803.txt
[2024-08-07T14:54:26.673+0000] {subprocess.py:93} INFO - response_20240804.txt
[2024-08-07T14:54:26.674+0000] {subprocess.py:93} INFO - response_20240805.txt
[2024-08-07T14:54:26.674+0000] {subprocess.py:93} INFO - response_20240806.txt
[2024-08-07T14:54:26.675+0000] {subprocess.py:93} INFO - response_20240807.txt
[2024-08-07T14:54:26.677+0000] {subprocess.py:93} INFO - tmp2weef0t8
[2024-08-07T14:54:26.678+0000] {subprocess.py:93} INFO - tmp5324rac7
[2024-08-07T14:54:26.680+0000] {subprocess.py:93} INFO - tmpdqvoinyf
[2024-08-07T14:54:26.680+0000] {subprocess.py:93} INFO - tmpe3_zn7bp
[2024-08-07T14:54:26.681+0000] {subprocess.py:93} INFO - tmpffxnt4mp
[2024-08-07T14:54:26.682+0000] {subprocess.py:93} INFO - tmpjpoma8_4
[2024-08-07T14:54:26.683+0000] {subprocess.py:93} INFO - tmpmdd1mezh
[2024-08-07T14:54:26.684+0000] {subprocess.py:93} INFO - tmpn9iku32l
[2024-08-07T14:54:26.685+0000] {subprocess.py:93} INFO - tmpnbqmrw3_
[2024-08-07T14:54:26.686+0000] {subprocess.py:93} INFO - tmpop2i4r08
[2024-08-07T14:54:26.687+0000] {subprocess.py:93} INFO - tmpqusd4zfz
[2024-08-07T14:54:26.688+0000] {subprocess.py:93} INFO - tmprul79jv0
[2024-08-07T14:54:26.689+0000] {subprocess.py:93} INFO - tmpu69u53lv
[2024-08-07T14:54:26.689+0000] {subprocess.py:93} INFO - tmpvj785b1w
[2024-08-07T14:54:26.690+0000] {subprocess.py:93} INFO - Confirmación de la NASA, pueden proceder
[2024-08-07T14:54:26.691+0000] {subprocess.py:97} INFO - Command exited with return code 0
[2024-08-07T14:54:26.693+0000] {taskinstance.py:441} INFO - ::group::Post task execution logs
[2024-08-07T14:54:26.732+0000] {taskinstance.py:1206} INFO - Marking task as SUCCESS. dag_id=***-space-exploration, task_id=Lectura_Datos_NASA, run_id=scheduled__2024-08-06T00:00:00+00:00, execution_date=20240806T000000, start_date=20240807T145426, end_date=20240807T145426
[2024-08-07T14:54:26.787+0000] {local_task_job_runner.py:243} INFO - Task exited with return code 0
[2024-08-07T14:54:26.835+0000] {taskinstance.py:3503} INFO - 1 downstream tasks scheduled from follow-on schedule check
[2024-08-07T14:54:26.840+0000] {local_task_job_runner.py:222} INFO - ::endgroup::
