[2024-08-07T14:46:02.348+0000] {local_task_job_runner.py:120} INFO - ::group::Pre task execution logs
[2024-08-07T14:46:02.402+0000] {taskinstance.py:2076} INFO - Dependencies all met for dep_context=non-requeueable deps ti=<TaskInstance: airflow-space-exploration.Lectura_Datos_NASA scheduled__2024-08-01T00:00:00+00:00 [queued]>
[2024-08-07T14:46:02.422+0000] {taskinstance.py:2076} INFO - Dependencies all met for dep_context=requeueable deps ti=<TaskInstance: airflow-space-exploration.Lectura_Datos_NASA scheduled__2024-08-01T00:00:00+00:00 [queued]>
[2024-08-07T14:46:02.423+0000] {taskinstance.py:2306} INFO - Starting attempt 2 of 2
[2024-08-07T14:46:02.460+0000] {taskinstance.py:2330} INFO - Executing <Task(BashOperator): Lectura_Datos_NASA> on 2024-08-01 00:00:00+00:00
[2024-08-07T14:46:02.472+0000] {standard_task_runner.py:90} INFO - Running: ['***', 'tasks', 'run', '***-space-exploration', 'Lectura_Datos_NASA', 'scheduled__2024-08-01T00:00:00+00:00', '--job-id', '191', '--raw', '--subdir', 'DAGS_FOLDER/***-space-exploration.py', '--cfg-path', '/tmp/tmp1e8ke0t7']
[2024-08-07T14:46:02.471+0000] {warnings.py:112} WARNING - /home/***/.local/lib/python3.12/site-packages/***/task/task_runner/standard_task_runner.py:62: DeprecationWarning: This process (pid=1144) is multi-threaded, use of fork() may lead to deadlocks in the child.
  pid = os.fork()

[2024-08-07T14:46:02.473+0000] {standard_task_runner.py:91} INFO - Job 191: Subtask Lectura_Datos_NASA
[2024-08-07T14:46:02.474+0000] {standard_task_runner.py:64} INFO - Started process 1151 to run task
[2024-08-07T14:46:02.584+0000] {task_command.py:426} INFO - Running <TaskInstance: airflow-space-exploration.Lectura_Datos_NASA scheduled__2024-08-01T00:00:00+00:00 [running]> on host 38873943cc86
[2024-08-07T14:46:02.717+0000] {taskinstance.py:2648} INFO - Exporting env vars: AIRFLOW_CTX_DAG_OWNER='***' AIRFLOW_CTX_DAG_ID='***-space-exploration' AIRFLOW_CTX_TASK_ID='Lectura_Datos_NASA' AIRFLOW_CTX_EXECUTION_DATE='2024-08-01T00:00:00+00:00' AIRFLOW_CTX_TRY_NUMBER='2' AIRFLOW_CTX_DAG_RUN_ID='scheduled__2024-08-01T00:00:00+00:00'
[2024-08-07T14:46:02.719+0000] {taskinstance.py:430} INFO - ::endgroup::
[2024-08-07T14:46:02.738+0000] {subprocess.py:63} INFO - Tmp dir root location: /tmp
[2024-08-07T14:46:02.739+0000] {subprocess.py:75} INFO - Running command: ['/usr/bin/bash', '-c', 'ls /tmp && head /tmp/response_20240801.txt']
[2024-08-07T14:46:02.755+0000] {subprocess.py:86} INFO - Output:
[2024-08-07T14:46:02.760+0000] {subprocess.py:93} INFO - ***tmpb4s_r48v
[2024-08-07T14:46:02.761+0000] {subprocess.py:93} INFO - ***tmpxhifcd_w
[2024-08-07T14:46:02.761+0000] {subprocess.py:93} INFO - platzi_data_20240801.csv
[2024-08-07T14:46:02.762+0000] {subprocess.py:93} INFO - platzi_data_20240802.csv
[2024-08-07T14:46:02.763+0000] {subprocess.py:93} INFO - platzi_data_20240803.csv
[2024-08-07T14:46:02.764+0000] {subprocess.py:93} INFO - platzi_data_20240804.csv
[2024-08-07T14:46:02.764+0000] {subprocess.py:93} INFO - platzi_data_20240805.csv
[2024-08-07T14:46:02.765+0000] {subprocess.py:93} INFO - platzi_data_20240806.csv
[2024-08-07T14:46:02.766+0000] {subprocess.py:93} INFO - platzi_data_20240807.csv
[2024-08-07T14:46:02.767+0000] {subprocess.py:93} INFO - pymp-bji4ygjz
[2024-08-07T14:46:02.768+0000] {subprocess.py:93} INFO - response_20240801.txt
[2024-08-07T14:46:02.769+0000] {subprocess.py:93} INFO - response_20240802.txt
[2024-08-07T14:46:02.771+0000] {subprocess.py:93} INFO - response_20240803.txt
[2024-08-07T14:46:02.772+0000] {subprocess.py:93} INFO - response_20240804.txt
[2024-08-07T14:46:02.772+0000] {subprocess.py:93} INFO - response_20240805.txt
[2024-08-07T14:46:02.773+0000] {subprocess.py:93} INFO - response_20240806.txt
[2024-08-07T14:46:02.774+0000] {subprocess.py:93} INFO - response_20240807.txt
[2024-08-07T14:46:02.775+0000] {subprocess.py:93} INFO - tmp2weef0t8
[2024-08-07T14:46:02.776+0000] {subprocess.py:93} INFO - tmpdqvoinyf
[2024-08-07T14:46:02.776+0000] {subprocess.py:93} INFO - tmpe3_zn7bp
[2024-08-07T14:46:02.777+0000] {subprocess.py:93} INFO - tmpffxnt4mp
[2024-08-07T14:46:02.778+0000] {subprocess.py:93} INFO - tmpjpoma8_4
[2024-08-07T14:46:02.779+0000] {subprocess.py:93} INFO - tmpop2i4r08
[2024-08-07T14:46:02.784+0000] {subprocess.py:93} INFO - tmprul79jv0
[2024-08-07T14:46:02.787+0000] {subprocess.py:93} INFO - Confirmación de la NASA, pueden proceder
[2024-08-07T14:46:02.788+0000] {subprocess.py:97} INFO - Command exited with return code 0
[2024-08-07T14:46:02.790+0000] {taskinstance.py:441} INFO - ::group::Post task execution logs
[2024-08-07T14:46:02.826+0000] {taskinstance.py:1206} INFO - Marking task as SUCCESS. dag_id=***-space-exploration, task_id=Lectura_Datos_NASA, run_id=scheduled__2024-08-01T00:00:00+00:00, execution_date=20240801T000000, start_date=20240807T144602, end_date=20240807T144602
[2024-08-07T14:46:02.856+0000] {local_task_job_runner.py:243} INFO - Task exited with return code 0
[2024-08-07T14:46:02.898+0000] {taskinstance.py:3503} INFO - 1 downstream tasks scheduled from follow-on schedule check
[2024-08-07T14:46:02.903+0000] {local_task_job_runner.py:222} INFO - ::endgroup::
