[2024-08-07T14:55:32.887+0000] {local_task_job_runner.py:120} INFO - ::group::Pre task execution logs
[2024-08-07T14:55:32.930+0000] {taskinstance.py:2076} INFO - Dependencies all met for dep_context=non-requeueable deps ti=<TaskInstance: airflow-space-exploration.Ver_data scheduled__2024-08-02T00:00:00+00:00 [queued]>
[2024-08-07T14:55:32.946+0000] {taskinstance.py:2076} INFO - Dependencies all met for dep_context=requeueable deps ti=<TaskInstance: airflow-space-exploration.Ver_data scheduled__2024-08-02T00:00:00+00:00 [queued]>
[2024-08-07T14:55:32.948+0000] {taskinstance.py:2306} INFO - Starting attempt 7 of 7
[2024-08-07T14:55:32.982+0000] {taskinstance.py:2330} INFO - Executing <Task(BashOperator): Ver_data> on 2024-08-02 00:00:00+00:00
[2024-08-07T14:55:32.993+0000] {warnings.py:112} WARNING - /home/***/.local/lib/python3.12/site-packages/***/task/task_runner/standard_task_runner.py:62: DeprecationWarning: This process (pid=1606) is multi-threaded, use of fork() may lead to deadlocks in the child.
  pid = os.fork()

[2024-08-07T14:55:32.995+0000] {standard_task_runner.py:64} INFO - Started process 1610 to run task
[2024-08-07T14:55:32.996+0000] {standard_task_runner.py:90} INFO - Running: ['***', 'tasks', 'run', '***-space-exploration', 'Ver_data', 'scheduled__2024-08-02T00:00:00+00:00', '--job-id', '294', '--raw', '--subdir', 'DAGS_FOLDER/***-space-exploration.py', '--cfg-path', '/tmp/tmpvsl2zb4k']
[2024-08-07T14:55:32.998+0000] {standard_task_runner.py:91} INFO - Job 294: Subtask Ver_data
[2024-08-07T14:55:33.085+0000] {task_command.py:426} INFO - Running <TaskInstance: airflow-space-exploration.Ver_data scheduled__2024-08-02T00:00:00+00:00 [running]> on host 38873943cc86
[2024-08-07T14:55:33.218+0000] {taskinstance.py:2648} INFO - Exporting env vars: AIRFLOW_CTX_DAG_OWNER='***' AIRFLOW_CTX_DAG_ID='***-space-exploration' AIRFLOW_CTX_TASK_ID='Ver_data' AIRFLOW_CTX_EXECUTION_DATE='2024-08-02T00:00:00+00:00' AIRFLOW_CTX_TRY_NUMBER='7' AIRFLOW_CTX_DAG_RUN_ID='scheduled__2024-08-02T00:00:00+00:00'
[2024-08-07T14:55:33.220+0000] {taskinstance.py:430} INFO - ::endgroup::
[2024-08-07T14:55:33.239+0000] {subprocess.py:63} INFO - Tmp dir root location: /tmp
[2024-08-07T14:55:33.241+0000] {subprocess.py:75} INFO - Running command: ['/usr/bin/bash', '-c', 'ls /tmp && head /tmp/platzi_data_20240802.csv']
[2024-08-07T14:55:33.257+0000] {subprocess.py:86} INFO - Output:
[2024-08-07T14:55:33.261+0000] {subprocess.py:93} INFO - ***tmpb_flucpo
[2024-08-07T14:55:33.262+0000] {subprocess.py:93} INFO - ***tmpd_26j5db
[2024-08-07T14:55:33.263+0000] {subprocess.py:93} INFO - ***tmpg_wy0qez
[2024-08-07T14:55:33.264+0000] {subprocess.py:93} INFO - ***tmphz4cu08a
[2024-08-07T14:55:33.265+0000] {subprocess.py:93} INFO - ***tmpk8sr11hz
[2024-08-07T14:55:33.266+0000] {subprocess.py:93} INFO - ***tmpmcz1n0oz
[2024-08-07T14:55:33.267+0000] {subprocess.py:93} INFO - ***tmpuq_au9si
[2024-08-07T14:55:33.267+0000] {subprocess.py:93} INFO - platzi_data_20240801.csv
[2024-08-07T14:55:33.269+0000] {subprocess.py:93} INFO - platzi_data_20240802.csv
[2024-08-07T14:55:33.270+0000] {subprocess.py:93} INFO - platzi_data_20240803.csv
[2024-08-07T14:55:33.271+0000] {subprocess.py:93} INFO - platzi_data_20240804.csv
[2024-08-07T14:55:33.271+0000] {subprocess.py:93} INFO - platzi_data_20240805.csv
[2024-08-07T14:55:33.272+0000] {subprocess.py:93} INFO - platzi_data_20240806.csv
[2024-08-07T14:55:33.273+0000] {subprocess.py:93} INFO - platzi_data_20240807.csv
[2024-08-07T14:55:33.273+0000] {subprocess.py:93} INFO - pymp-bji4ygjz
[2024-08-07T14:55:33.274+0000] {subprocess.py:93} INFO - response_20240801.txt
[2024-08-07T14:55:33.275+0000] {subprocess.py:93} INFO - response_20240802.txt
[2024-08-07T14:55:33.275+0000] {subprocess.py:93} INFO - response_20240803.txt
[2024-08-07T14:55:33.276+0000] {subprocess.py:93} INFO - response_20240804.txt
[2024-08-07T14:55:33.277+0000] {subprocess.py:93} INFO - response_20240805.txt
[2024-08-07T14:55:33.281+0000] {subprocess.py:93} INFO - response_20240806.txt
[2024-08-07T14:55:33.282+0000] {subprocess.py:93} INFO - response_20240807.txt
[2024-08-07T14:55:33.283+0000] {subprocess.py:93} INFO - tmp2weef0t8
[2024-08-07T14:55:33.284+0000] {subprocess.py:93} INFO - tmp5324rac7
[2024-08-07T14:55:33.285+0000] {subprocess.py:93} INFO - tmpdqvoinyf
[2024-08-07T14:55:33.285+0000] {subprocess.py:93} INFO - tmpe3_zn7bp
[2024-08-07T14:55:33.286+0000] {subprocess.py:93} INFO - tmpffxnt4mp
[2024-08-07T14:55:33.287+0000] {subprocess.py:93} INFO - tmpjpoma8_4
[2024-08-07T14:55:33.287+0000] {subprocess.py:93} INFO - tmpmdd1mezh
[2024-08-07T14:55:33.288+0000] {subprocess.py:93} INFO - tmpn9iku32l
[2024-08-07T14:55:33.289+0000] {subprocess.py:93} INFO - tmpnbqmrw3_
[2024-08-07T14:55:33.289+0000] {subprocess.py:93} INFO - tmpop2i4r08
[2024-08-07T14:55:33.290+0000] {subprocess.py:93} INFO - tmpqusd4zfz
[2024-08-07T14:55:33.291+0000] {subprocess.py:93} INFO - tmprul79jv0
[2024-08-07T14:55:33.291+0000] {subprocess.py:93} INFO - tmpu69u53lv
[2024-08-07T14:55:33.292+0000] {subprocess.py:93} INFO - tmpvj785b1w
[2024-08-07T14:55:33.293+0000] {subprocess.py:93} INFO - ,student,timestamp
[2024-08-07T14:55:33.293+0000] {subprocess.py:93} INFO - 0,Maria Cruz,2024-08-02 00:00:00+00:00
[2024-08-07T14:55:33.294+0000] {subprocess.py:93} INFO - 1,Daniel Crema,2024-08-02 00:00:00+00:00
[2024-08-07T14:55:33.295+0000] {subprocess.py:93} INFO - 2,Elon Musk,2024-08-02 00:00:00+00:00
[2024-08-07T14:55:33.296+0000] {subprocess.py:93} INFO - 3,Karol Castrejon,2024-08-02 00:00:00+00:00
[2024-08-07T14:55:33.297+0000] {subprocess.py:93} INFO - 4,Freddy Vega,2024-08-02 00:00:00+00:00
[2024-08-07T14:55:33.298+0000] {subprocess.py:97} INFO - Command exited with return code 0
[2024-08-07T14:55:33.299+0000] {taskinstance.py:441} INFO - ::group::Post task execution logs
[2024-08-07T14:55:33.336+0000] {taskinstance.py:1206} INFO - Marking task as SUCCESS. dag_id=***-space-exploration, task_id=Ver_data, run_id=scheduled__2024-08-02T00:00:00+00:00, execution_date=20240802T000000, start_date=20240807T145532, end_date=20240807T145533
[2024-08-07T14:55:33.374+0000] {local_task_job_runner.py:243} INFO - Task exited with return code 0
[2024-08-07T14:55:33.397+0000] {taskinstance.py:3503} INFO - 1 downstream tasks scheduled from follow-on schedule check
[2024-08-07T14:55:33.401+0000] {local_task_job_runner.py:222} INFO - ::endgroup::
