[2024-08-07T15:02:28.895+0000] {local_task_job_runner.py:120} INFO - ::group::Pre task execution logs
[2024-08-07T15:02:28.936+0000] {taskinstance.py:2076} INFO - Dependencies all met for dep_context=non-requeueable deps ti=<TaskInstance: airflow-space-exploration.Ver_data scheduled__2024-08-02T00:00:00+00:00 [queued]>
[2024-08-07T15:02:28.953+0000] {taskinstance.py:2076} INFO - Dependencies all met for dep_context=requeueable deps ti=<TaskInstance: airflow-space-exploration.Ver_data scheduled__2024-08-02T00:00:00+00:00 [queued]>
[2024-08-07T15:02:28.955+0000] {taskinstance.py:2306} INFO - Starting attempt 9 of 9
[2024-08-07T15:02:28.984+0000] {taskinstance.py:2330} INFO - Executing <Task(BashOperator): Ver_data> on 2024-08-02 00:00:00+00:00
[2024-08-07T15:02:28.997+0000] {warnings.py:112} WARNING - /home/***/.local/lib/python3.12/site-packages/***/task/task_runner/standard_task_runner.py:62: DeprecationWarning: This process (pid=350) is multi-threaded, use of fork() may lead to deadlocks in the child.
  pid = os.fork()

[2024-08-07T15:02:29.000+0000] {standard_task_runner.py:64} INFO - Started process 361 to run task
[2024-08-07T15:02:29.000+0000] {standard_task_runner.py:90} INFO - Running: ['***', 'tasks', 'run', '***-space-exploration', 'Ver_data', 'scheduled__2024-08-02T00:00:00+00:00', '--job-id', '381', '--raw', '--subdir', 'DAGS_FOLDER/***-space-exploration.py', '--cfg-path', '/tmp/tmpdia0hcnd']
[2024-08-07T15:02:29.004+0000] {standard_task_runner.py:91} INFO - Job 381: Subtask Ver_data
[2024-08-07T15:02:29.098+0000] {task_command.py:426} INFO - Running <TaskInstance: airflow-space-exploration.Ver_data scheduled__2024-08-02T00:00:00+00:00 [running]> on host 38873943cc86
[2024-08-07T15:02:29.274+0000] {taskinstance.py:2648} INFO - Exporting env vars: AIRFLOW_CTX_DAG_OWNER='***' AIRFLOW_CTX_DAG_ID='***-space-exploration' AIRFLOW_CTX_TASK_ID='Ver_data' AIRFLOW_CTX_EXECUTION_DATE='2024-08-02T00:00:00+00:00' AIRFLOW_CTX_TRY_NUMBER='9' AIRFLOW_CTX_DAG_RUN_ID='scheduled__2024-08-02T00:00:00+00:00'
[2024-08-07T15:02:29.276+0000] {taskinstance.py:430} INFO - ::endgroup::
[2024-08-07T15:02:29.294+0000] {subprocess.py:63} INFO - Tmp dir root location: /tmp
[2024-08-07T15:02:29.298+0000] {subprocess.py:75} INFO - Running command: ['/usr/bin/bash', '-c', 'ls /tmp && head /tmp/platzi_data_20240802.csv']
[2024-08-07T15:02:29.315+0000] {subprocess.py:86} INFO - Output:
[2024-08-07T15:02:29.319+0000] {subprocess.py:93} INFO - ***tmp0eqzv7bi
[2024-08-07T15:02:29.320+0000] {subprocess.py:93} INFO - ***tmp3e4j3dab
[2024-08-07T15:02:29.321+0000] {subprocess.py:93} INFO - ***tmpa884coob
[2024-08-07T15:02:29.321+0000] {subprocess.py:93} INFO - ***tmpalyo398j
[2024-08-07T15:02:29.322+0000] {subprocess.py:93} INFO - ***tmpftda6q_0
[2024-08-07T15:02:29.323+0000] {subprocess.py:93} INFO - ***tmpjsihmmiu
[2024-08-07T15:02:29.324+0000] {subprocess.py:93} INFO - ***tmpo8m9vsd6
[2024-08-07T15:02:29.325+0000] {subprocess.py:93} INFO - platzi_data_20240801.csv
[2024-08-07T15:02:29.327+0000] {subprocess.py:93} INFO - platzi_data_20240802.csv
[2024-08-07T15:02:29.328+0000] {subprocess.py:93} INFO - platzi_data_20240803.csv
[2024-08-07T15:02:29.329+0000] {subprocess.py:93} INFO - platzi_data_20240804.csv
[2024-08-07T15:02:29.330+0000] {subprocess.py:93} INFO - platzi_data_20240805.csv
[2024-08-07T15:02:29.330+0000] {subprocess.py:93} INFO - platzi_data_20240806.csv
[2024-08-07T15:02:29.331+0000] {subprocess.py:93} INFO - platzi_data_20240807.csv
[2024-08-07T15:02:29.332+0000] {subprocess.py:93} INFO - pymp-g9gmxo5k
[2024-08-07T15:02:29.333+0000] {subprocess.py:93} INFO - response_20240801.txt
[2024-08-07T15:02:29.334+0000] {subprocess.py:93} INFO - response_20240802.txt
[2024-08-07T15:02:29.335+0000] {subprocess.py:93} INFO - response_20240803.txt
[2024-08-07T15:02:29.336+0000] {subprocess.py:93} INFO - response_20240804.txt
[2024-08-07T15:02:29.337+0000] {subprocess.py:93} INFO - response_20240805.txt
[2024-08-07T15:02:29.337+0000] {subprocess.py:93} INFO - response_20240806.txt
[2024-08-07T15:02:29.338+0000] {subprocess.py:93} INFO - response_20240807.txt
[2024-08-07T15:02:29.339+0000] {subprocess.py:93} INFO - tmp2weef0t8
[2024-08-07T15:02:29.340+0000] {subprocess.py:93} INFO - tmp5324rac7
[2024-08-07T15:02:29.341+0000] {subprocess.py:93} INFO - tmpdqvoinyf
[2024-08-07T15:02:29.342+0000] {subprocess.py:93} INFO - tmpe3_zn7bp
[2024-08-07T15:02:29.343+0000] {subprocess.py:93} INFO - tmpffxnt4mp
[2024-08-07T15:02:29.343+0000] {subprocess.py:93} INFO - tmpjpoma8_4
[2024-08-07T15:02:29.344+0000] {subprocess.py:93} INFO - tmpmdd1mezh
[2024-08-07T15:02:29.345+0000] {subprocess.py:93} INFO - tmpn9iku32l
[2024-08-07T15:02:29.346+0000] {subprocess.py:93} INFO - tmpnbqmrw3_
[2024-08-07T15:02:29.347+0000] {subprocess.py:93} INFO - tmpop2i4r08
[2024-08-07T15:02:29.348+0000] {subprocess.py:93} INFO - tmpqusd4zfz
[2024-08-07T15:02:29.348+0000] {subprocess.py:93} INFO - tmprul79jv0
[2024-08-07T15:02:29.349+0000] {subprocess.py:93} INFO - tmpu69u53lv
[2024-08-07T15:02:29.350+0000] {subprocess.py:93} INFO - tmpvj785b1w
[2024-08-07T15:02:29.351+0000] {subprocess.py:93} INFO - ,student,timestamp
[2024-08-07T15:02:29.352+0000] {subprocess.py:93} INFO - 0,Maria Cruz,2024-08-02 00:00:00+00:00
[2024-08-07T15:02:29.353+0000] {subprocess.py:93} INFO - 1,Daniel Crema,2024-08-02 00:00:00+00:00
[2024-08-07T15:02:29.354+0000] {subprocess.py:93} INFO - 2,Elon Musk,2024-08-02 00:00:00+00:00
[2024-08-07T15:02:29.355+0000] {subprocess.py:93} INFO - 3,Karol Castrejon,2024-08-02 00:00:00+00:00
[2024-08-07T15:02:29.355+0000] {subprocess.py:93} INFO - 4,Freddy Vega,2024-08-02 00:00:00+00:00
[2024-08-07T15:02:29.357+0000] {subprocess.py:97} INFO - Command exited with return code 0
[2024-08-07T15:02:29.358+0000] {taskinstance.py:441} INFO - ::group::Post task execution logs
[2024-08-07T15:02:29.394+0000] {taskinstance.py:1206} INFO - Marking task as SUCCESS. dag_id=***-space-exploration, task_id=Ver_data, run_id=scheduled__2024-08-02T00:00:00+00:00, execution_date=20240802T000000, start_date=20240807T150228, end_date=20240807T150229
[2024-08-07T15:02:29.459+0000] {local_task_job_runner.py:243} INFO - Task exited with return code 0
[2024-08-07T15:02:29.485+0000] {taskinstance.py:3503} INFO - 1 downstream tasks scheduled from follow-on schedule check
[2024-08-07T15:02:29.489+0000] {local_task_job_runner.py:222} INFO - ::endgroup::
