[2024-08-07T20:33:32.405+0000] {local_task_job_runner.py:120} INFO - ::group::Pre task execution logs
[2024-08-07T20:33:33.125+0000] {taskinstance.py:2076} INFO - Dependencies all met for dep_context=non-requeueable deps ti=<TaskInstance: space_exploration.read_nasa_response_data scheduled__2023-02-13T00:00:00+00:00 [queued]>
[2024-08-07T20:33:33.196+0000] {taskinstance.py:2076} INFO - Dependencies all met for dep_context=requeueable deps ti=<TaskInstance: space_exploration.read_nasa_response_data scheduled__2023-02-13T00:00:00+00:00 [queued]>
[2024-08-07T20:33:33.206+0000] {taskinstance.py:2306} INFO - Starting attempt 1 of 2
[2024-08-07T20:33:33.267+0000] {taskinstance.py:2330} INFO - Executing <Task(BashOperator): read_nasa_response_data> on 2023-02-13 00:00:00+00:00
[2024-08-07T20:33:33.299+0000] {warnings.py:112} WARNING - /home/***/.local/lib/python3.12/site-packages/***/task/task_runner/standard_task_runner.py:62: DeprecationWarning: This process (pid=174) is multi-threaded, use of fork() may lead to deadlocks in the child.
  pid = os.fork()

[2024-08-07T20:33:33.304+0000] {standard_task_runner.py:64} INFO - Started process 197 to run task
[2024-08-07T20:33:33.301+0000] {standard_task_runner.py:90} INFO - Running: ['***', 'tasks', 'run', 'space_exploration', 'read_nasa_response_data', 'scheduled__2023-02-13T00:00:00+00:00', '--job-id', '61', '--raw', '--subdir', 'DAGS_FOLDER/***-space-exploration.py', '--cfg-path', '/tmp/tmplxy8m_s1']
[2024-08-07T20:33:33.306+0000] {standard_task_runner.py:91} INFO - Job 61: Subtask read_nasa_response_data
[2024-08-07T20:33:33.552+0000] {task_command.py:426} INFO - Running <TaskInstance: space_exploration.read_nasa_response_data scheduled__2023-02-13T00:00:00+00:00 [running]> on host 13935ade345d
[2024-08-07T20:33:34.030+0000] {taskinstance.py:2648} INFO - Exporting env vars: AIRFLOW_CTX_DAG_OWNER='***' AIRFLOW_CTX_DAG_ID='space_exploration' AIRFLOW_CTX_TASK_ID='read_nasa_response_data' AIRFLOW_CTX_EXECUTION_DATE='2023-02-13T00:00:00+00:00' AIRFLOW_CTX_TRY_NUMBER='1' AIRFLOW_CTX_DAG_RUN_ID='scheduled__2023-02-13T00:00:00+00:00'
[2024-08-07T20:33:34.037+0000] {taskinstance.py:430} INFO - ::endgroup::
[2024-08-07T20:33:34.090+0000] {subprocess.py:63} INFO - Tmp dir root location: /tmp
[2024-08-07T20:33:34.101+0000] {subprocess.py:75} INFO - Running command: ['/usr/bin/bash', '-c', 'ls /tmp && head /tmp/response_20230213.txt']
[2024-08-07T20:33:34.141+0000] {subprocess.py:86} INFO - Output:
[2024-08-07T20:33:34.155+0000] {subprocess.py:93} INFO - ***tmp6zd2evsm
[2024-08-07T20:33:34.157+0000] {subprocess.py:93} INFO - platzi_data_20240801.csv
[2024-08-07T20:33:34.158+0000] {subprocess.py:93} INFO - platzi_data_20240802.csv
[2024-08-07T20:33:34.159+0000] {subprocess.py:93} INFO - platzi_data_20240803.csv
[2024-08-07T20:33:34.167+0000] {subprocess.py:93} INFO - platzi_data_20240804.csv
[2024-08-07T20:33:34.175+0000] {subprocess.py:93} INFO - platzi_data_20240805.csv
[2024-08-07T20:33:34.176+0000] {subprocess.py:93} INFO - platzi_data_20240806.csv
[2024-08-07T20:33:34.189+0000] {subprocess.py:93} INFO - pymp-fb5shr1t
[2024-08-07T20:33:34.192+0000] {subprocess.py:93} INFO - response_20230209.txt
[2024-08-07T20:33:34.204+0000] {subprocess.py:93} INFO - response_20230210.txt
[2024-08-07T20:33:34.208+0000] {subprocess.py:93} INFO - response_20230211.txt
[2024-08-07T20:33:34.209+0000] {subprocess.py:93} INFO - response_20230212.txt
[2024-08-07T20:33:34.215+0000] {subprocess.py:93} INFO - response_20230213.txt
[2024-08-07T20:33:34.223+0000] {subprocess.py:93} INFO - response_20230214.txt
[2024-08-07T20:33:34.224+0000] {subprocess.py:93} INFO - response_20230215.txt
[2024-08-07T20:33:34.226+0000] {subprocess.py:93} INFO - response_20230216.txt
[2024-08-07T20:33:34.233+0000] {subprocess.py:93} INFO - response_20230217.txt
[2024-08-07T20:33:34.241+0000] {subprocess.py:93} INFO - response_20230218.txt
[2024-08-07T20:33:34.256+0000] {subprocess.py:93} INFO - response_20230219.txt
[2024-08-07T20:33:34.260+0000] {subprocess.py:93} INFO - response_20230220.txt
[2024-08-07T20:33:34.262+0000] {subprocess.py:93} INFO - response_20230221.txt
[2024-08-07T20:33:34.263+0000] {subprocess.py:93} INFO - response_20230222.txt
[2024-08-07T20:33:34.265+0000] {subprocess.py:93} INFO - response_20230223.txt
[2024-08-07T20:33:34.267+0000] {subprocess.py:93} INFO - response_20230224.txt
[2024-08-07T20:33:34.270+0000] {subprocess.py:93} INFO - response_20240801.txt
[2024-08-07T20:33:34.282+0000] {subprocess.py:93} INFO - response_20240802.txt
[2024-08-07T20:33:34.288+0000] {subprocess.py:93} INFO - response_20240803.txt
[2024-08-07T20:33:34.300+0000] {subprocess.py:93} INFO - response_20240804.txt
[2024-08-07T20:33:34.310+0000] {subprocess.py:93} INFO - response_20240805.txt
[2024-08-07T20:33:34.312+0000] {subprocess.py:93} INFO - response_20240806.txt
[2024-08-07T20:33:34.313+0000] {subprocess.py:93} INFO - tmpd3p0l1bf
[2024-08-07T20:33:34.314+0000] {subprocess.py:93} INFO - tmpjvhfcifk
[2024-08-07T20:33:34.315+0000] {subprocess.py:93} INFO - Confirmation from NASA, you can proceed.
[2024-08-07T20:33:34.318+0000] {subprocess.py:97} INFO - Command exited with return code 0
[2024-08-07T20:33:34.319+0000] {taskinstance.py:441} INFO - ::group::Post task execution logs
[2024-08-07T20:33:34.399+0000] {taskinstance.py:1206} INFO - Marking task as SUCCESS. dag_id=space_exploration, task_id=read_nasa_response_data, run_id=scheduled__2023-02-13T00:00:00+00:00, execution_date=20230213T000000, start_date=20240807T203333, end_date=20240807T203334
[2024-08-07T20:33:34.492+0000] {local_task_job_runner.py:243} INFO - Task exited with return code 0
[2024-08-07T20:33:34.538+0000] {local_task_job_runner.py:222} INFO - ::endgroup::
