[2024-08-07T20:33:35.760+0000] {local_task_job_runner.py:120} INFO - ::group::Pre task execution logs
[2024-08-07T20:33:35.874+0000] {taskinstance.py:2076} INFO - Dependencies all met for dep_context=non-requeueable deps ti=<TaskInstance: space_exploration.read_nasa_response_data scheduled__2023-02-21T00:00:00+00:00 [queued]>
[2024-08-07T20:33:35.899+0000] {taskinstance.py:2076} INFO - Dependencies all met for dep_context=requeueable deps ti=<TaskInstance: space_exploration.read_nasa_response_data scheduled__2023-02-21T00:00:00+00:00 [queued]>
[2024-08-07T20:33:35.905+0000] {taskinstance.py:2306} INFO - Starting attempt 1 of 2
[2024-08-07T20:33:36.542+0000] {taskinstance.py:2330} INFO - Executing <Task(BashOperator): read_nasa_response_data> on 2023-02-21 00:00:00+00:00
[2024-08-07T20:33:36.566+0000] {warnings.py:112} WARNING - /home/***/.local/lib/python3.12/site-packages/***/task/task_runner/standard_task_runner.py:62: DeprecationWarning: This process (pid=194) is multi-threaded, use of fork() may lead to deadlocks in the child.
  pid = os.fork()

[2024-08-07T20:33:36.570+0000] {standard_task_runner.py:64} INFO - Started process 245 to run task
[2024-08-07T20:33:36.589+0000] {standard_task_runner.py:90} INFO - Running: ['***', 'tasks', 'run', 'space_exploration', 'read_nasa_response_data', 'scheduled__2023-02-21T00:00:00+00:00', '--job-id', '68', '--raw', '--subdir', 'DAGS_FOLDER/***-space-exploration.py', '--cfg-path', '/tmp/tmpt0oab1j9']
[2024-08-07T20:33:36.599+0000] {standard_task_runner.py:91} INFO - Job 68: Subtask read_nasa_response_data
[2024-08-07T20:33:36.767+0000] {task_command.py:426} INFO - Running <TaskInstance: space_exploration.read_nasa_response_data scheduled__2023-02-21T00:00:00+00:00 [running]> on host 13935ade345d
[2024-08-07T20:33:37.023+0000] {taskinstance.py:2648} INFO - Exporting env vars: AIRFLOW_CTX_DAG_OWNER='***' AIRFLOW_CTX_DAG_ID='space_exploration' AIRFLOW_CTX_TASK_ID='read_nasa_response_data' AIRFLOW_CTX_EXECUTION_DATE='2023-02-21T00:00:00+00:00' AIRFLOW_CTX_TRY_NUMBER='1' AIRFLOW_CTX_DAG_RUN_ID='scheduled__2023-02-21T00:00:00+00:00'
[2024-08-07T20:33:37.029+0000] {taskinstance.py:430} INFO - ::endgroup::
[2024-08-07T20:33:37.073+0000] {subprocess.py:63} INFO - Tmp dir root location: /tmp
[2024-08-07T20:33:37.084+0000] {subprocess.py:75} INFO - Running command: ['/usr/bin/bash', '-c', 'ls /tmp && head /tmp/response_20230221.txt']
[2024-08-07T20:33:37.149+0000] {subprocess.py:86} INFO - Output:
[2024-08-07T20:33:37.155+0000] {subprocess.py:93} INFO - ***tmp5h38y94d
[2024-08-07T20:33:37.157+0000] {subprocess.py:93} INFO - ***tmped_8p6t_
[2024-08-07T20:33:37.160+0000] {subprocess.py:93} INFO - ***tmpfdr_vpbi
[2024-08-07T20:33:37.161+0000] {subprocess.py:93} INFO - platzi_data_20240801.csv
[2024-08-07T20:33:37.164+0000] {subprocess.py:93} INFO - platzi_data_20240802.csv
[2024-08-07T20:33:37.165+0000] {subprocess.py:93} INFO - platzi_data_20240803.csv
[2024-08-07T20:33:37.166+0000] {subprocess.py:93} INFO - platzi_data_20240804.csv
[2024-08-07T20:33:37.167+0000] {subprocess.py:93} INFO - platzi_data_20240805.csv
[2024-08-07T20:33:37.170+0000] {subprocess.py:93} INFO - platzi_data_20240806.csv
[2024-08-07T20:33:37.172+0000] {subprocess.py:93} INFO - pymp-fb5shr1t
[2024-08-07T20:33:37.176+0000] {subprocess.py:93} INFO - response_20230209.txt
[2024-08-07T20:33:37.180+0000] {subprocess.py:93} INFO - response_20230210.txt
[2024-08-07T20:33:37.181+0000] {subprocess.py:93} INFO - response_20230211.txt
[2024-08-07T20:33:37.182+0000] {subprocess.py:93} INFO - response_20230212.txt
[2024-08-07T20:33:37.183+0000] {subprocess.py:93} INFO - response_20230213.txt
[2024-08-07T20:33:37.184+0000] {subprocess.py:93} INFO - response_20230214.txt
[2024-08-07T20:33:37.185+0000] {subprocess.py:93} INFO - response_20230215.txt
[2024-08-07T20:33:37.185+0000] {subprocess.py:93} INFO - response_20230216.txt
[2024-08-07T20:33:37.186+0000] {subprocess.py:93} INFO - response_20230217.txt
[2024-08-07T20:33:37.187+0000] {subprocess.py:93} INFO - response_20230218.txt
[2024-08-07T20:33:37.187+0000] {subprocess.py:93} INFO - response_20230219.txt
[2024-08-07T20:33:37.188+0000] {subprocess.py:93} INFO - response_20230220.txt
[2024-08-07T20:33:37.190+0000] {subprocess.py:93} INFO - response_20230221.txt
[2024-08-07T20:33:37.191+0000] {subprocess.py:93} INFO - response_20230222.txt
[2024-08-07T20:33:37.192+0000] {subprocess.py:93} INFO - response_20230223.txt
[2024-08-07T20:33:37.194+0000] {subprocess.py:93} INFO - response_20230224.txt
[2024-08-07T20:33:37.197+0000] {subprocess.py:93} INFO - response_20240801.txt
[2024-08-07T20:33:37.202+0000] {subprocess.py:93} INFO - response_20240802.txt
[2024-08-07T20:33:37.204+0000] {subprocess.py:93} INFO - response_20240803.txt
[2024-08-07T20:33:37.207+0000] {subprocess.py:93} INFO - response_20240804.txt
[2024-08-07T20:33:37.210+0000] {subprocess.py:93} INFO - response_20240805.txt
[2024-08-07T20:33:37.211+0000] {subprocess.py:93} INFO - response_20240806.txt
[2024-08-07T20:33:37.218+0000] {subprocess.py:93} INFO - tmpczhfpnkc
[2024-08-07T20:33:37.220+0000] {subprocess.py:93} INFO - Confirmation from NASA, you can proceed.
[2024-08-07T20:33:37.223+0000] {subprocess.py:97} INFO - Command exited with return code 0
[2024-08-07T20:33:37.225+0000] {taskinstance.py:441} INFO - ::group::Post task execution logs
[2024-08-07T20:33:37.347+0000] {taskinstance.py:1206} INFO - Marking task as SUCCESS. dag_id=space_exploration, task_id=read_nasa_response_data, run_id=scheduled__2023-02-21T00:00:00+00:00, execution_date=20230221T000000, start_date=20240807T203335, end_date=20240807T203337
[2024-08-07T20:33:37.421+0000] {local_task_job_runner.py:243} INFO - Task exited with return code 0
[2024-08-07T20:33:37.537+0000] {taskinstance.py:3503} INFO - 1 downstream tasks scheduled from follow-on schedule check
[2024-08-07T20:33:37.572+0000] {local_task_job_runner.py:222} INFO - ::endgroup::
