[2024-08-07T20:33:50.049+0000] {local_task_job_runner.py:120} INFO - ::group::Pre task execution logs
[2024-08-07T20:33:50.120+0000] {taskinstance.py:2076} INFO - Dependencies all met for dep_context=non-requeueable deps ti=<TaskInstance: space_exploration.read_satellite_response_data scheduled__2023-02-14T00:00:00+00:00 [queued]>
[2024-08-07T20:33:50.172+0000] {taskinstance.py:2076} INFO - Dependencies all met for dep_context=requeueable deps ti=<TaskInstance: space_exploration.read_satellite_response_data scheduled__2023-02-14T00:00:00+00:00 [queued]>
[2024-08-07T20:33:50.185+0000] {taskinstance.py:2306} INFO - Starting attempt 1 of 2
[2024-08-07T20:33:50.674+0000] {taskinstance.py:2330} INFO - Executing <Task(BashOperator): read_satellite_response_data> on 2023-02-14 00:00:00+00:00
[2024-08-07T20:33:50.699+0000] {warnings.py:112} WARNING - /home/***/.local/lib/python3.12/site-packages/***/task/task_runner/standard_task_runner.py:62: DeprecationWarning: This process (pid=404) is multi-threaded, use of fork() may lead to deadlocks in the child.
  pid = os.fork()

[2024-08-07T20:33:50.704+0000] {standard_task_runner.py:90} INFO - Running: ['***', 'tasks', 'run', 'space_exploration', 'read_satellite_response_data', 'scheduled__2023-02-14T00:00:00+00:00', '--job-id', '111', '--raw', '--subdir', 'DAGS_FOLDER/***-space-exploration.py', '--cfg-path', '/tmp/tmp7gnd7ufg']
[2024-08-07T20:33:50.718+0000] {standard_task_runner.py:91} INFO - Job 111: Subtask read_satellite_response_data
[2024-08-07T20:33:50.713+0000] {standard_task_runner.py:64} INFO - Started process 445 to run task
[2024-08-07T20:33:50.933+0000] {task_command.py:426} INFO - Running <TaskInstance: space_exploration.read_satellite_response_data scheduled__2023-02-14T00:00:00+00:00 [running]> on host 13935ade345d
[2024-08-07T20:33:51.211+0000] {taskinstance.py:2648} INFO - Exporting env vars: AIRFLOW_CTX_DAG_OWNER='***' AIRFLOW_CTX_DAG_ID='space_exploration' AIRFLOW_CTX_TASK_ID='read_satellite_response_data' AIRFLOW_CTX_EXECUTION_DATE='2023-02-14T00:00:00+00:00' AIRFLOW_CTX_TRY_NUMBER='1' AIRFLOW_CTX_DAG_RUN_ID='scheduled__2023-02-14T00:00:00+00:00'
[2024-08-07T20:33:51.219+0000] {taskinstance.py:430} INFO - ::endgroup::
[2024-08-07T20:33:51.263+0000] {subprocess.py:63} INFO - Tmp dir root location: /tmp
[2024-08-07T20:33:51.265+0000] {subprocess.py:75} INFO - Running command: ['/usr/bin/bash', '-c', 'ls /tmp && head /tmp/platzi_data_20230214.csv']
[2024-08-07T20:33:51.306+0000] {subprocess.py:86} INFO - Output:
[2024-08-07T20:33:51.314+0000] {subprocess.py:93} INFO - ***tmpb7g_i2ca
[2024-08-07T20:33:51.316+0000] {subprocess.py:93} INFO - platzi_data_20230209.csv
[2024-08-07T20:33:51.317+0000] {subprocess.py:93} INFO - platzi_data_20230210.csv
[2024-08-07T20:33:51.318+0000] {subprocess.py:93} INFO - platzi_data_20230211.csv
[2024-08-07T20:33:51.319+0000] {subprocess.py:93} INFO - platzi_data_20230212.csv
[2024-08-07T20:33:51.325+0000] {subprocess.py:93} INFO - platzi_data_20230213.csv
[2024-08-07T20:33:51.329+0000] {subprocess.py:93} INFO - platzi_data_20230214.csv
[2024-08-07T20:33:51.331+0000] {subprocess.py:93} INFO - platzi_data_20230215.csv
[2024-08-07T20:33:51.332+0000] {subprocess.py:93} INFO - platzi_data_20230216.csv
[2024-08-07T20:33:51.334+0000] {subprocess.py:93} INFO - platzi_data_20230217.csv
[2024-08-07T20:33:51.336+0000] {subprocess.py:93} INFO - platzi_data_20230218.csv
[2024-08-07T20:33:51.337+0000] {subprocess.py:93} INFO - platzi_data_20230219.csv
[2024-08-07T20:33:51.338+0000] {subprocess.py:93} INFO - platzi_data_20230220.csv
[2024-08-07T20:33:51.340+0000] {subprocess.py:93} INFO - platzi_data_20230221.csv
[2024-08-07T20:33:51.342+0000] {subprocess.py:93} INFO - platzi_data_20230222.csv
[2024-08-07T20:33:51.347+0000] {subprocess.py:93} INFO - platzi_data_20230223.csv
[2024-08-07T20:33:51.349+0000] {subprocess.py:93} INFO - platzi_data_20230224.csv
[2024-08-07T20:33:51.353+0000] {subprocess.py:93} INFO - platzi_data_20240801.csv
[2024-08-07T20:33:51.354+0000] {subprocess.py:93} INFO - platzi_data_20240802.csv
[2024-08-07T20:33:51.355+0000] {subprocess.py:93} INFO - platzi_data_20240803.csv
[2024-08-07T20:33:51.355+0000] {subprocess.py:93} INFO - platzi_data_20240804.csv
[2024-08-07T20:33:51.356+0000] {subprocess.py:93} INFO - platzi_data_20240805.csv
[2024-08-07T20:33:51.369+0000] {subprocess.py:93} INFO - platzi_data_20240806.csv
[2024-08-07T20:33:51.384+0000] {subprocess.py:93} INFO - pymp-fb5shr1t
[2024-08-07T20:33:51.385+0000] {subprocess.py:93} INFO - response_20230209.txt
[2024-08-07T20:33:51.386+0000] {subprocess.py:93} INFO - response_20230210.txt
[2024-08-07T20:33:51.387+0000] {subprocess.py:93} INFO - response_20230211.txt
[2024-08-07T20:33:51.395+0000] {subprocess.py:93} INFO - response_20230212.txt
[2024-08-07T20:33:51.400+0000] {subprocess.py:93} INFO - response_20230213.txt
[2024-08-07T20:33:51.402+0000] {subprocess.py:93} INFO - response_20230214.txt
[2024-08-07T20:33:51.405+0000] {subprocess.py:93} INFO - response_20230215.txt
[2024-08-07T20:33:51.406+0000] {subprocess.py:93} INFO - response_20230216.txt
[2024-08-07T20:33:51.407+0000] {subprocess.py:93} INFO - response_20230217.txt
[2024-08-07T20:33:51.408+0000] {subprocess.py:93} INFO - response_20230218.txt
[2024-08-07T20:33:51.409+0000] {subprocess.py:93} INFO - response_20230219.txt
[2024-08-07T20:33:51.413+0000] {subprocess.py:93} INFO - response_20230220.txt
[2024-08-07T20:33:51.414+0000] {subprocess.py:93} INFO - response_20230221.txt
[2024-08-07T20:33:51.415+0000] {subprocess.py:93} INFO - response_20230222.txt
[2024-08-07T20:33:51.418+0000] {subprocess.py:93} INFO - response_20230223.txt
[2024-08-07T20:33:51.421+0000] {subprocess.py:93} INFO - response_20230224.txt
[2024-08-07T20:33:51.422+0000] {subprocess.py:93} INFO - response_20240801.txt
[2024-08-07T20:33:51.424+0000] {subprocess.py:93} INFO - response_20240802.txt
[2024-08-07T20:33:51.425+0000] {subprocess.py:93} INFO - response_20240803.txt
[2024-08-07T20:33:51.426+0000] {subprocess.py:93} INFO - response_20240804.txt
[2024-08-07T20:33:51.427+0000] {subprocess.py:93} INFO - response_20240805.txt
[2024-08-07T20:33:51.430+0000] {subprocess.py:93} INFO - response_20240806.txt
[2024-08-07T20:33:51.432+0000] {subprocess.py:93} INFO - spacex_20230209.json
[2024-08-07T20:33:51.433+0000] {subprocess.py:93} INFO - spacex_20230210.json
[2024-08-07T20:33:51.451+0000] {subprocess.py:93} INFO - spacex_20230211.json
[2024-08-07T20:33:51.452+0000] {subprocess.py:93} INFO - spacex_20230212.json
[2024-08-07T20:33:51.453+0000] {subprocess.py:93} INFO - spacex_20230213.json
[2024-08-07T20:33:51.454+0000] {subprocess.py:93} INFO - spacex_20230214.json
[2024-08-07T20:33:51.456+0000] {subprocess.py:93} INFO - spacex_20230215.json
[2024-08-07T20:33:51.457+0000] {subprocess.py:93} INFO - spacex_20230216.json
[2024-08-07T20:33:51.459+0000] {subprocess.py:93} INFO - spacex_20230217.json
[2024-08-07T20:33:51.460+0000] {subprocess.py:93} INFO - spacex_20230218.json
[2024-08-07T20:33:51.461+0000] {subprocess.py:93} INFO - spacex_20230219.json
[2024-08-07T20:33:51.462+0000] {subprocess.py:93} INFO - spacex_20230220.json
[2024-08-07T20:33:51.463+0000] {subprocess.py:93} INFO - spacex_20230221.json
[2024-08-07T20:33:51.466+0000] {subprocess.py:93} INFO - spacex_20230222.json
[2024-08-07T20:33:51.468+0000] {subprocess.py:93} INFO - spacex_20230223.json
[2024-08-07T20:33:51.470+0000] {subprocess.py:93} INFO - spacex_20230224.json
[2024-08-07T20:33:51.473+0000] {subprocess.py:93} INFO - tmpi0fesvt9
[2024-08-07T20:33:51.474+0000] {subprocess.py:93} INFO - tmpkiuduoat
[2024-08-07T20:33:51.475+0000] {subprocess.py:93} INFO - Student,timestamp
[2024-08-07T20:33:51.477+0000] {subprocess.py:93} INFO - Maria Cruz,2023-02-14 00:00:00+00:00
[2024-08-07T20:33:51.478+0000] {subprocess.py:93} INFO - Daniel Crema,2023-02-14 00:00:00+00:00
[2024-08-07T20:33:51.479+0000] {subprocess.py:93} INFO - Elon Musk,2023-02-14 00:00:00+00:00
[2024-08-07T20:33:51.480+0000] {subprocess.py:93} INFO - Karol Castrejon,2023-02-14 00:00:00+00:00
[2024-08-07T20:33:51.481+0000] {subprocess.py:93} INFO - Freddy Vega,2023-02-14 00:00:00+00:00
[2024-08-07T20:33:51.490+0000] {subprocess.py:93} INFO - Felipe Duque,2023-02-14 00:00:00+00:00
[2024-08-07T20:33:51.491+0000] {subprocess.py:97} INFO - Command exited with return code 0
[2024-08-07T20:33:51.511+0000] {taskinstance.py:441} INFO - ::group::Post task execution logs
[2024-08-07T20:33:51.670+0000] {taskinstance.py:1206} INFO - Marking task as SUCCESS. dag_id=space_exploration, task_id=read_satellite_response_data, run_id=scheduled__2023-02-14T00:00:00+00:00, execution_date=20230214T000000, start_date=20240807T203350, end_date=20240807T203351
[2024-08-07T20:33:51.834+0000] {local_task_job_runner.py:243} INFO - Task exited with return code 0
[2024-08-07T20:33:51.899+0000] {taskinstance.py:3503} INFO - 1 downstream tasks scheduled from follow-on schedule check
[2024-08-07T20:33:51.921+0000] {local_task_job_runner.py:222} INFO - ::endgroup::
