[2024-08-07T14:33:58.962+0000] {local_task_job_runner.py:120} INFO - ::group::Pre task execution logs
[2024-08-07T14:33:59.007+0000] {taskinstance.py:2076} INFO - Dependencies all met for dep_context=non-requeueable deps ti=<TaskInstance: airflow-space-exploration.Ver_data scheduled__2024-08-01T00:00:00+00:00 [queued]>
[2024-08-07T14:33:59.028+0000] {taskinstance.py:2076} INFO - Dependencies all met for dep_context=requeueable deps ti=<TaskInstance: airflow-space-exploration.Ver_data scheduled__2024-08-01T00:00:00+00:00 [queued]>
[2024-08-07T14:33:59.030+0000] {taskinstance.py:2306} INFO - Starting attempt 4 of 4
[2024-08-07T14:33:59.065+0000] {taskinstance.py:2330} INFO - Executing <Task(PythonOperator): Ver_data> on 2024-08-01 00:00:00+00:00
[2024-08-07T14:33:59.076+0000] {warnings.py:112} WARNING - /home/***/.local/lib/python3.12/site-packages/***/task/task_runner/standard_task_runner.py:62: DeprecationWarning: This process (pid=848) is multi-threaded, use of fork() may lead to deadlocks in the child.
  pid = os.fork()

[2024-08-07T14:33:59.079+0000] {standard_task_runner.py:64} INFO - Started process 860 to run task
[2024-08-07T14:33:59.079+0000] {standard_task_runner.py:90} INFO - Running: ['***', 'tasks', 'run', '***-space-exploration', 'Ver_data', 'scheduled__2024-08-01T00:00:00+00:00', '--job-id', '145', '--raw', '--subdir', 'DAGS_FOLDER/***-space-exploration.py', '--cfg-path', '/tmp/tmpel2dkd3g']
[2024-08-07T14:33:59.081+0000] {standard_task_runner.py:91} INFO - Job 145: Subtask Ver_data
[2024-08-07T14:33:59.167+0000] {task_command.py:426} INFO - Running <TaskInstance: airflow-space-exploration.Ver_data scheduled__2024-08-01T00:00:00+00:00 [running]> on host 38873943cc86
[2024-08-07T14:33:59.313+0000] {taskinstance.py:2648} INFO - Exporting env vars: AIRFLOW_CTX_DAG_OWNER='***' AIRFLOW_CTX_DAG_ID='***-space-exploration' AIRFLOW_CTX_TASK_ID='Ver_data' AIRFLOW_CTX_EXECUTION_DATE='2024-08-01T00:00:00+00:00' AIRFLOW_CTX_TRY_NUMBER='4' AIRFLOW_CTX_DAG_RUN_ID='scheduled__2024-08-01T00:00:00+00:00'
[2024-08-07T14:33:59.318+0000] {taskinstance.py:430} INFO - ::endgroup::
[2024-08-07T14:33:59.374+0000] {logging_mixin.py:188} INFO - ls /tmp && head /tmp/platzi_data_20240801.csv
[2024-08-07T14:33:59.375+0000] {python.py:237} INFO - Done. Returned value was: None
[2024-08-07T14:33:59.386+0000] {taskinstance.py:441} INFO - ::group::Post task execution logs
[2024-08-07T14:33:59.416+0000] {taskinstance.py:1206} INFO - Marking task as SUCCESS. dag_id=***-space-exploration, task_id=Ver_data, run_id=scheduled__2024-08-01T00:00:00+00:00, execution_date=20240801T000000, start_date=20240807T143359, end_date=20240807T143359
[2024-08-07T14:33:59.512+0000] {local_task_job_runner.py:243} INFO - Task exited with return code 0
[2024-08-07T14:33:59.553+0000] {taskinstance.py:3503} INFO - 0 downstream tasks scheduled from follow-on schedule check
[2024-08-07T14:33:59.566+0000] {local_task_job_runner.py:222} INFO - ::endgroup::
