[2024-08-07T14:59:09.156+0000] {local_task_job_runner.py:120} INFO - ::group::Pre task execution logs
[2024-08-07T14:59:09.233+0000] {taskinstance.py:2076} INFO - Dependencies all met for dep_context=non-requeueable deps ti=<TaskInstance: airflow-space-exploration.Ver_data scheduled__2024-08-01T00:00:00+00:00 [queued]>
[2024-08-07T14:59:09.273+0000] {taskinstance.py:2076} INFO - Dependencies all met for dep_context=requeueable deps ti=<TaskInstance: airflow-space-exploration.Ver_data scheduled__2024-08-01T00:00:00+00:00 [queued]>
[2024-08-07T14:59:09.282+0000] {taskinstance.py:2306} INFO - Starting attempt 8 of 8
[2024-08-07T14:59:09.348+0000] {taskinstance.py:2330} INFO - Executing <Task(BashOperator): Ver_data> on 2024-08-01 00:00:00+00:00
[2024-08-07T14:59:09.360+0000] {warnings.py:112} WARNING - /home/***/.local/lib/python3.12/site-packages/***/task/task_runner/standard_task_runner.py:62: DeprecationWarning: This process (pid=168) is multi-threaded, use of fork() may lead to deadlocks in the child.
  pid = os.fork()

[2024-08-07T14:59:09.363+0000] {standard_task_runner.py:90} INFO - Running: ['***', 'tasks', 'run', '***-space-exploration', 'Ver_data', 'scheduled__2024-08-01T00:00:00+00:00', '--job-id', '336', '--raw', '--subdir', 'DAGS_FOLDER/***-space-exploration.py', '--cfg-path', '/tmp/tmp_xmr0asl']
[2024-08-07T14:59:09.369+0000] {standard_task_runner.py:64} INFO - Started process 176 to run task
[2024-08-07T14:59:09.371+0000] {standard_task_runner.py:91} INFO - Job 336: Subtask Ver_data
[2024-08-07T14:59:09.505+0000] {task_command.py:426} INFO - Running <TaskInstance: airflow-space-exploration.Ver_data scheduled__2024-08-01T00:00:00+00:00 [running]> on host 38873943cc86
[2024-08-07T14:59:09.830+0000] {taskinstance.py:2648} INFO - Exporting env vars: AIRFLOW_CTX_DAG_OWNER='***' AIRFLOW_CTX_DAG_ID='***-space-exploration' AIRFLOW_CTX_TASK_ID='Ver_data' AIRFLOW_CTX_EXECUTION_DATE='2024-08-01T00:00:00+00:00' AIRFLOW_CTX_TRY_NUMBER='8' AIRFLOW_CTX_DAG_RUN_ID='scheduled__2024-08-01T00:00:00+00:00'
[2024-08-07T14:59:09.840+0000] {taskinstance.py:430} INFO - ::endgroup::
[2024-08-07T14:59:09.891+0000] {subprocess.py:63} INFO - Tmp dir root location: /tmp
[2024-08-07T14:59:09.895+0000] {subprocess.py:75} INFO - Running command: ['/usr/bin/bash', '-c', 'ls /tmp && head /tmp/platzi_data_20240801.csv']
[2024-08-07T14:59:09.921+0000] {subprocess.py:86} INFO - Output:
[2024-08-07T14:59:09.926+0000] {subprocess.py:93} INFO - ***tmpb7rxquqi
[2024-08-07T14:59:09.927+0000] {subprocess.py:93} INFO - ***tmpei9dcvns
[2024-08-07T14:59:09.929+0000] {subprocess.py:93} INFO - ***tmpgw1guyfd
[2024-08-07T14:59:09.930+0000] {subprocess.py:93} INFO - ***tmpy2vd7kkj
[2024-08-07T14:59:09.931+0000] {subprocess.py:93} INFO - platzi_data_20240801.csv
[2024-08-07T14:59:09.932+0000] {subprocess.py:93} INFO - platzi_data_20240802.csv
[2024-08-07T14:59:09.932+0000] {subprocess.py:93} INFO - platzi_data_20240803.csv
[2024-08-07T14:59:09.933+0000] {subprocess.py:93} INFO - platzi_data_20240804.csv
[2024-08-07T14:59:09.935+0000] {subprocess.py:93} INFO - platzi_data_20240805.csv
[2024-08-07T14:59:09.936+0000] {subprocess.py:93} INFO - platzi_data_20240806.csv
[2024-08-07T14:59:09.938+0000] {subprocess.py:93} INFO - platzi_data_20240807.csv
[2024-08-07T14:59:09.942+0000] {subprocess.py:93} INFO - pymp-g9gmxo5k
[2024-08-07T14:59:09.946+0000] {subprocess.py:93} INFO - response_20240801.txt
[2024-08-07T14:59:09.948+0000] {subprocess.py:93} INFO - response_20240802.txt
[2024-08-07T14:59:09.949+0000] {subprocess.py:93} INFO - response_20240803.txt
[2024-08-07T14:59:09.950+0000] {subprocess.py:93} INFO - response_20240804.txt
[2024-08-07T14:59:09.951+0000] {subprocess.py:93} INFO - response_20240805.txt
[2024-08-07T14:59:09.954+0000] {subprocess.py:93} INFO - response_20240806.txt
[2024-08-07T14:59:09.955+0000] {subprocess.py:93} INFO - response_20240807.txt
[2024-08-07T14:59:09.956+0000] {subprocess.py:93} INFO - tmp2weef0t8
[2024-08-07T14:59:09.957+0000] {subprocess.py:93} INFO - tmp5324rac7
[2024-08-07T14:59:09.958+0000] {subprocess.py:93} INFO - tmpdqvoinyf
[2024-08-07T14:59:09.959+0000] {subprocess.py:93} INFO - tmpe3_zn7bp
[2024-08-07T14:59:09.960+0000] {subprocess.py:93} INFO - tmpffxnt4mp
[2024-08-07T14:59:09.960+0000] {subprocess.py:93} INFO - tmpjpoma8_4
[2024-08-07T14:59:09.961+0000] {subprocess.py:93} INFO - tmpmdd1mezh
[2024-08-07T14:59:09.962+0000] {subprocess.py:93} INFO - tmpn9iku32l
[2024-08-07T14:59:09.963+0000] {subprocess.py:93} INFO - tmpnbqmrw3_
[2024-08-07T14:59:09.964+0000] {subprocess.py:93} INFO - tmpop2i4r08
[2024-08-07T14:59:09.965+0000] {subprocess.py:93} INFO - tmpqusd4zfz
[2024-08-07T14:59:09.967+0000] {subprocess.py:93} INFO - tmprul79jv0
[2024-08-07T14:59:09.968+0000] {subprocess.py:93} INFO - tmpu69u53lv
[2024-08-07T14:59:09.969+0000] {subprocess.py:93} INFO - tmpvj785b1w
[2024-08-07T14:59:09.970+0000] {subprocess.py:93} INFO - ,student,timestamp
[2024-08-07T14:59:09.971+0000] {subprocess.py:93} INFO - 0,Maria Cruz,2024-08-01 00:00:00+00:00
[2024-08-07T14:59:09.972+0000] {subprocess.py:93} INFO - 1,Daniel Crema,2024-08-01 00:00:00+00:00
[2024-08-07T14:59:09.973+0000] {subprocess.py:93} INFO - 2,Elon Musk,2024-08-01 00:00:00+00:00
[2024-08-07T14:59:09.973+0000] {subprocess.py:93} INFO - 3,Karol Castrejon,2024-08-01 00:00:00+00:00
[2024-08-07T14:59:09.974+0000] {subprocess.py:93} INFO - 4,Freddy Vega,2024-08-01 00:00:00+00:00
[2024-08-07T14:59:09.976+0000] {subprocess.py:97} INFO - Command exited with return code 0
[2024-08-07T14:59:09.977+0000] {taskinstance.py:441} INFO - ::group::Post task execution logs
[2024-08-07T14:59:10.028+0000] {taskinstance.py:1206} INFO - Marking task as SUCCESS. dag_id=***-space-exploration, task_id=Ver_data, run_id=scheduled__2024-08-01T00:00:00+00:00, execution_date=20240801T000000, start_date=20240807T145909, end_date=20240807T145910
[2024-08-07T14:59:10.082+0000] {local_task_job_runner.py:243} INFO - Task exited with return code 0
[2024-08-07T14:59:10.120+0000] {taskinstance.py:3503} INFO - 1 downstream tasks scheduled from follow-on schedule check
[2024-08-07T14:59:10.123+0000] {local_task_job_runner.py:222} INFO - ::endgroup::
