[2024-08-07T14:46:02.374+0000] {local_task_job_runner.py:120} INFO - ::group::Pre task execution logs
[2024-08-07T14:46:02.425+0000] {taskinstance.py:2076} INFO - Dependencies all met for dep_context=non-requeueable deps ti=<TaskInstance: airflow-space-exploration.Lectura_Datos_NASA scheduled__2024-08-02T00:00:00+00:00 [queued]>
[2024-08-07T14:46:02.445+0000] {taskinstance.py:2076} INFO - Dependencies all met for dep_context=requeueable deps ti=<TaskInstance: airflow-space-exploration.Lectura_Datos_NASA scheduled__2024-08-02T00:00:00+00:00 [queued]>
[2024-08-07T14:46:02.448+0000] {taskinstance.py:2306} INFO - Starting attempt 2 of 2
[2024-08-07T14:46:02.486+0000] {taskinstance.py:2330} INFO - Executing <Task(BashOperator): Lectura_Datos_NASA> on 2024-08-02 00:00:00+00:00
[2024-08-07T14:46:02.499+0000] {standard_task_runner.py:90} INFO - Running: ['***', 'tasks', 'run', '***-space-exploration', 'Lectura_Datos_NASA', 'scheduled__2024-08-02T00:00:00+00:00', '--job-id', '194', '--raw', '--subdir', 'DAGS_FOLDER/***-space-exploration.py', '--cfg-path', '/tmp/tmp15s_gaed']
[2024-08-07T14:46:02.522+0000] {standard_task_runner.py:91} INFO - Job 194: Subtask Lectura_Datos_NASA
[2024-08-07T14:46:02.496+0000] {warnings.py:112} WARNING - /home/***/.local/lib/python3.12/site-packages/***/task/task_runner/standard_task_runner.py:62: DeprecationWarning: This process (pid=1147) is multi-threaded, use of fork() may lead to deadlocks in the child.
  pid = os.fork()

[2024-08-07T14:46:02.545+0000] {standard_task_runner.py:64} INFO - Started process 1153 to run task
[2024-08-07T14:46:02.637+0000] {task_command.py:426} INFO - Running <TaskInstance: airflow-space-exploration.Lectura_Datos_NASA scheduled__2024-08-02T00:00:00+00:00 [running]> on host 38873943cc86
[2024-08-07T14:46:02.760+0000] {taskinstance.py:2648} INFO - Exporting env vars: AIRFLOW_CTX_DAG_OWNER='***' AIRFLOW_CTX_DAG_ID='***-space-exploration' AIRFLOW_CTX_TASK_ID='Lectura_Datos_NASA' AIRFLOW_CTX_EXECUTION_DATE='2024-08-02T00:00:00+00:00' AIRFLOW_CTX_TRY_NUMBER='2' AIRFLOW_CTX_DAG_RUN_ID='scheduled__2024-08-02T00:00:00+00:00'
[2024-08-07T14:46:02.762+0000] {taskinstance.py:430} INFO - ::endgroup::
[2024-08-07T14:46:02.786+0000] {subprocess.py:63} INFO - Tmp dir root location: /tmp
[2024-08-07T14:46:02.789+0000] {subprocess.py:75} INFO - Running command: ['/usr/bin/bash', '-c', 'ls /tmp && head /tmp/response_20240802.txt']
[2024-08-07T14:46:02.803+0000] {subprocess.py:86} INFO - Output:
[2024-08-07T14:46:02.807+0000] {subprocess.py:93} INFO - ***tmp1_tbffpw
[2024-08-07T14:46:02.808+0000] {subprocess.py:93} INFO - ***tmp2zmb6wej
[2024-08-07T14:46:02.809+0000] {subprocess.py:93} INFO - ***tmp_z4tygog
[2024-08-07T14:46:02.810+0000] {subprocess.py:93} INFO - ***tmputi4s7vp
[2024-08-07T14:46:02.811+0000] {subprocess.py:93} INFO - platzi_data_20240801.csv
[2024-08-07T14:46:02.812+0000] {subprocess.py:93} INFO - platzi_data_20240802.csv
[2024-08-07T14:46:02.813+0000] {subprocess.py:93} INFO - platzi_data_20240803.csv
[2024-08-07T14:46:02.814+0000] {subprocess.py:93} INFO - platzi_data_20240804.csv
[2024-08-07T14:46:02.815+0000] {subprocess.py:93} INFO - platzi_data_20240805.csv
[2024-08-07T14:46:02.816+0000] {subprocess.py:93} INFO - platzi_data_20240806.csv
[2024-08-07T14:46:02.817+0000] {subprocess.py:93} INFO - platzi_data_20240807.csv
[2024-08-07T14:46:02.817+0000] {subprocess.py:93} INFO - pymp-bji4ygjz
[2024-08-07T14:46:02.818+0000] {subprocess.py:93} INFO - response_20240801.txt
[2024-08-07T14:46:02.819+0000] {subprocess.py:93} INFO - response_20240802.txt
[2024-08-07T14:46:02.820+0000] {subprocess.py:93} INFO - response_20240803.txt
[2024-08-07T14:46:02.820+0000] {subprocess.py:93} INFO - response_20240804.txt
[2024-08-07T14:46:02.821+0000] {subprocess.py:93} INFO - response_20240805.txt
[2024-08-07T14:46:02.823+0000] {subprocess.py:93} INFO - response_20240806.txt
[2024-08-07T14:46:02.824+0000] {subprocess.py:93} INFO - response_20240807.txt
[2024-08-07T14:46:02.825+0000] {subprocess.py:93} INFO - tmp2weef0t8
[2024-08-07T14:46:02.826+0000] {subprocess.py:93} INFO - tmpdqvoinyf
[2024-08-07T14:46:02.827+0000] {subprocess.py:93} INFO - tmpe3_zn7bp
[2024-08-07T14:46:02.827+0000] {subprocess.py:93} INFO - tmpffxnt4mp
[2024-08-07T14:46:02.828+0000] {subprocess.py:93} INFO - tmpjpoma8_4
[2024-08-07T14:46:02.829+0000] {subprocess.py:93} INFO - tmpop2i4r08
[2024-08-07T14:46:02.830+0000] {subprocess.py:93} INFO - tmprul79jv0
[2024-08-07T14:46:02.831+0000] {subprocess.py:93} INFO - Confirmación de la NASA, pueden proceder
[2024-08-07T14:46:02.832+0000] {subprocess.py:97} INFO - Command exited with return code 0
[2024-08-07T14:46:02.833+0000] {taskinstance.py:441} INFO - ::group::Post task execution logs
[2024-08-07T14:46:02.869+0000] {taskinstance.py:1206} INFO - Marking task as SUCCESS. dag_id=***-space-exploration, task_id=Lectura_Datos_NASA, run_id=scheduled__2024-08-02T00:00:00+00:00, execution_date=20240802T000000, start_date=20240807T144602, end_date=20240807T144602
[2024-08-07T14:46:02.921+0000] {local_task_job_runner.py:243} INFO - Task exited with return code 0
[2024-08-07T14:46:02.956+0000] {taskinstance.py:3503} INFO - 1 downstream tasks scheduled from follow-on schedule check
[2024-08-07T14:46:02.963+0000] {local_task_job_runner.py:222} INFO - ::endgroup::
