[2024-08-07T15:02:22.226+0000] {local_task_job_runner.py:120} INFO - ::group::Pre task execution logs
[2024-08-07T15:02:22.277+0000] {taskinstance.py:2076} INFO - Dependencies all met for dep_context=non-requeueable deps ti=<TaskInstance: airflow-space-exploration.Lectura_Datos_NASA scheduled__2024-08-02T00:00:00+00:00 [queued]>
[2024-08-07T15:02:22.297+0000] {taskinstance.py:2076} INFO - Dependencies all met for dep_context=requeueable deps ti=<TaskInstance: airflow-space-exploration.Lectura_Datos_NASA scheduled__2024-08-02T00:00:00+00:00 [queued]>
[2024-08-07T15:02:22.298+0000] {taskinstance.py:2306} INFO - Starting attempt 6 of 6
[2024-08-07T15:02:22.331+0000] {taskinstance.py:2330} INFO - Executing <Task(BashOperator): Lectura_Datos_NASA> on 2024-08-02 00:00:00+00:00
[2024-08-07T15:02:22.341+0000] {warnings.py:112} WARNING - /home/***/.local/lib/python3.12/site-packages/***/task/task_runner/standard_task_runner.py:62: DeprecationWarning: This process (pid=281) is multi-threaded, use of fork() may lead to deadlocks in the child.
  pid = os.fork()

[2024-08-07T15:02:22.344+0000] {standard_task_runner.py:64} INFO - Started process 289 to run task
[2024-08-07T15:02:22.344+0000] {standard_task_runner.py:90} INFO - Running: ['***', 'tasks', 'run', '***-space-exploration', 'Lectura_Datos_NASA', 'scheduled__2024-08-02T00:00:00+00:00', '--job-id', '358', '--raw', '--subdir', 'DAGS_FOLDER/***-space-exploration.py', '--cfg-path', '/tmp/tmpimji5kxq']
[2024-08-07T15:02:22.351+0000] {standard_task_runner.py:91} INFO - Job 358: Subtask Lectura_Datos_NASA
[2024-08-07T15:02:22.436+0000] {task_command.py:426} INFO - Running <TaskInstance: airflow-space-exploration.Lectura_Datos_NASA scheduled__2024-08-02T00:00:00+00:00 [running]> on host 38873943cc86
[2024-08-07T15:02:22.553+0000] {taskinstance.py:2648} INFO - Exporting env vars: AIRFLOW_CTX_DAG_OWNER='***' AIRFLOW_CTX_DAG_ID='***-space-exploration' AIRFLOW_CTX_TASK_ID='Lectura_Datos_NASA' AIRFLOW_CTX_EXECUTION_DATE='2024-08-02T00:00:00+00:00' AIRFLOW_CTX_TRY_NUMBER='6' AIRFLOW_CTX_DAG_RUN_ID='scheduled__2024-08-02T00:00:00+00:00'
[2024-08-07T15:02:22.555+0000] {taskinstance.py:430} INFO - ::endgroup::
[2024-08-07T15:02:22.571+0000] {subprocess.py:63} INFO - Tmp dir root location: /tmp
[2024-08-07T15:02:22.573+0000] {subprocess.py:75} INFO - Running command: ['/usr/bin/bash', '-c', 'ls /tmp && head /tmp/response_20240802.txt']
[2024-08-07T15:02:22.591+0000] {subprocess.py:86} INFO - Output:
[2024-08-07T15:02:22.594+0000] {subprocess.py:93} INFO - ***tmpb0_k9mhm
[2024-08-07T15:02:22.600+0000] {subprocess.py:93} INFO - ***tmpdwu_sxau
[2024-08-07T15:02:22.602+0000] {subprocess.py:93} INFO - ***tmpdx07biuw
[2024-08-07T15:02:22.602+0000] {subprocess.py:93} INFO - ***tmpe00rzo4e
[2024-08-07T15:02:22.603+0000] {subprocess.py:93} INFO - ***tmpn27bjw7x
[2024-08-07T15:02:22.604+0000] {subprocess.py:93} INFO - ***tmpp7gqbmf4
[2024-08-07T15:02:22.605+0000] {subprocess.py:93} INFO - ***tmpqhoirdh6
[2024-08-07T15:02:22.606+0000] {subprocess.py:93} INFO - platzi_data_20240801.csv
[2024-08-07T15:02:22.607+0000] {subprocess.py:93} INFO - platzi_data_20240802.csv
[2024-08-07T15:02:22.608+0000] {subprocess.py:93} INFO - platzi_data_20240803.csv
[2024-08-07T15:02:22.608+0000] {subprocess.py:93} INFO - platzi_data_20240804.csv
[2024-08-07T15:02:22.609+0000] {subprocess.py:93} INFO - platzi_data_20240805.csv
[2024-08-07T15:02:22.610+0000] {subprocess.py:93} INFO - platzi_data_20240806.csv
[2024-08-07T15:02:22.610+0000] {subprocess.py:93} INFO - platzi_data_20240807.csv
[2024-08-07T15:02:22.611+0000] {subprocess.py:93} INFO - pymp-g9gmxo5k
[2024-08-07T15:02:22.612+0000] {subprocess.py:93} INFO - response_20240801.txt
[2024-08-07T15:02:22.612+0000] {subprocess.py:93} INFO - response_20240802.txt
[2024-08-07T15:02:22.613+0000] {subprocess.py:93} INFO - response_20240803.txt
[2024-08-07T15:02:22.614+0000] {subprocess.py:93} INFO - response_20240804.txt
[2024-08-07T15:02:22.615+0000] {subprocess.py:93} INFO - response_20240805.txt
[2024-08-07T15:02:22.615+0000] {subprocess.py:93} INFO - response_20240806.txt
[2024-08-07T15:02:22.616+0000] {subprocess.py:93} INFO - response_20240807.txt
[2024-08-07T15:02:22.617+0000] {subprocess.py:93} INFO - tmp2weef0t8
[2024-08-07T15:02:22.618+0000] {subprocess.py:93} INFO - tmp5324rac7
[2024-08-07T15:02:22.619+0000] {subprocess.py:93} INFO - tmpdqvoinyf
[2024-08-07T15:02:22.619+0000] {subprocess.py:93} INFO - tmpe3_zn7bp
[2024-08-07T15:02:22.620+0000] {subprocess.py:93} INFO - tmpffxnt4mp
[2024-08-07T15:02:22.621+0000] {subprocess.py:93} INFO - tmpjpoma8_4
[2024-08-07T15:02:22.622+0000] {subprocess.py:93} INFO - tmpmdd1mezh
[2024-08-07T15:02:22.623+0000] {subprocess.py:93} INFO - tmpn9iku32l
[2024-08-07T15:02:22.624+0000] {subprocess.py:93} INFO - tmpnbqmrw3_
[2024-08-07T15:02:22.624+0000] {subprocess.py:93} INFO - tmpop2i4r08
[2024-08-07T15:02:22.625+0000] {subprocess.py:93} INFO - tmpqusd4zfz
[2024-08-07T15:02:22.626+0000] {subprocess.py:93} INFO - tmprul79jv0
[2024-08-07T15:02:22.627+0000] {subprocess.py:93} INFO - tmpu69u53lv
[2024-08-07T15:02:22.629+0000] {subprocess.py:93} INFO - tmpvj785b1w
[2024-08-07T15:02:22.630+0000] {subprocess.py:93} INFO - Confirmación de la NASA, pueden proceder
[2024-08-07T15:02:22.631+0000] {subprocess.py:97} INFO - Command exited with return code 0
[2024-08-07T15:02:22.633+0000] {taskinstance.py:441} INFO - ::group::Post task execution logs
[2024-08-07T15:02:22.672+0000] {taskinstance.py:1206} INFO - Marking task as SUCCESS. dag_id=***-space-exploration, task_id=Lectura_Datos_NASA, run_id=scheduled__2024-08-02T00:00:00+00:00, execution_date=20240802T000000, start_date=20240807T150222, end_date=20240807T150222
[2024-08-07T15:02:22.726+0000] {local_task_job_runner.py:243} INFO - Task exited with return code 0
[2024-08-07T15:02:22.761+0000] {taskinstance.py:3503} INFO - 1 downstream tasks scheduled from follow-on schedule check
[2024-08-07T15:02:22.766+0000] {local_task_job_runner.py:222} INFO - ::endgroup::
