[2024-08-07T14:43:14.062+0000] {local_task_job_runner.py:120} INFO - ::group::Pre task execution logs
[2024-08-07T14:43:14.098+0000] {taskinstance.py:2076} INFO - Dependencies all met for dep_context=non-requeueable deps ti=<TaskInstance: airflow-space-exploration.Lectura_Datos_NASA scheduled__2024-08-03T00:00:00+00:00 [queued]>
[2024-08-07T14:43:14.116+0000] {taskinstance.py:2076} INFO - Dependencies all met for dep_context=requeueable deps ti=<TaskInstance: airflow-space-exploration.Lectura_Datos_NASA scheduled__2024-08-03T00:00:00+00:00 [queued]>
[2024-08-07T14:43:14.117+0000] {taskinstance.py:2306} INFO - Starting attempt 1 of 1
[2024-08-07T14:43:14.146+0000] {taskinstance.py:2330} INFO - Executing <Task(BashOperator): Lectura_Datos_NASA> on 2024-08-03 00:00:00+00:00
[2024-08-07T14:43:14.154+0000] {warnings.py:112} WARNING - /home/***/.local/lib/python3.12/site-packages/***/task/task_runner/standard_task_runner.py:62: DeprecationWarning: This process (pid=1016) is multi-threaded, use of fork() may lead to deadlocks in the child.
  pid = os.fork()

[2024-08-07T14:43:14.156+0000] {standard_task_runner.py:90} INFO - Running: ['***', 'tasks', 'run', '***-space-exploration', 'Lectura_Datos_NASA', 'scheduled__2024-08-03T00:00:00+00:00', '--job-id', '169', '--raw', '--subdir', 'DAGS_FOLDER/***-space-exploration.py', '--cfg-path', '/tmp/tmpcrdgxs2q']
[2024-08-07T14:43:14.158+0000] {standard_task_runner.py:64} INFO - Started process 1024 to run task
[2024-08-07T14:43:14.158+0000] {standard_task_runner.py:91} INFO - Job 169: Subtask Lectura_Datos_NASA
[2024-08-07T14:43:14.223+0000] {task_command.py:426} INFO - Running <TaskInstance: airflow-space-exploration.Lectura_Datos_NASA scheduled__2024-08-03T00:00:00+00:00 [running]> on host 38873943cc86
[2024-08-07T14:43:14.344+0000] {taskinstance.py:2648} INFO - Exporting env vars: AIRFLOW_CTX_DAG_OWNER='***' AIRFLOW_CTX_DAG_ID='***-space-exploration' AIRFLOW_CTX_TASK_ID='Lectura_Datos_NASA' AIRFLOW_CTX_EXECUTION_DATE='2024-08-03T00:00:00+00:00' AIRFLOW_CTX_TRY_NUMBER='1' AIRFLOW_CTX_DAG_RUN_ID='scheduled__2024-08-03T00:00:00+00:00'
[2024-08-07T14:43:14.345+0000] {taskinstance.py:430} INFO - ::endgroup::
[2024-08-07T14:43:14.365+0000] {subprocess.py:63} INFO - Tmp dir root location: /tmp
[2024-08-07T14:43:14.367+0000] {subprocess.py:75} INFO - Running command: ['/usr/bin/bash', '-c', 'ls /tmp && head /tmp/response_20240803.txt']
[2024-08-07T14:43:14.384+0000] {subprocess.py:86} INFO - Output:
[2024-08-07T14:43:14.389+0000] {subprocess.py:93} INFO - ***tmpa3egp1ld
[2024-08-07T14:43:14.390+0000] {subprocess.py:93} INFO - ***tmpjcmbi57o
[2024-08-07T14:43:14.391+0000] {subprocess.py:93} INFO - platzi_data_20240801.csv
[2024-08-07T14:43:14.392+0000] {subprocess.py:93} INFO - platzi_data_20240802.csv
[2024-08-07T14:43:14.394+0000] {subprocess.py:93} INFO - platzi_data_20240803.csv
[2024-08-07T14:43:14.399+0000] {subprocess.py:93} INFO - platzi_data_20240804.csv
[2024-08-07T14:43:14.400+0000] {subprocess.py:93} INFO - platzi_data_20240805.csv
[2024-08-07T14:43:14.402+0000] {subprocess.py:93} INFO - platzi_data_20240806.csv
[2024-08-07T14:43:14.403+0000] {subprocess.py:93} INFO - platzi_data_20240807.csv
[2024-08-07T14:43:14.404+0000] {subprocess.py:93} INFO - pymp-bji4ygjz
[2024-08-07T14:43:14.406+0000] {subprocess.py:93} INFO - response_20240801.txt
[2024-08-07T14:43:14.407+0000] {subprocess.py:93} INFO - response_20240802.txt
[2024-08-07T14:43:14.408+0000] {subprocess.py:93} INFO - response_20240803.txt
[2024-08-07T14:43:14.409+0000] {subprocess.py:93} INFO - response_20240804.txt
[2024-08-07T14:43:14.411+0000] {subprocess.py:93} INFO - response_20240805.txt
[2024-08-07T14:43:14.412+0000] {subprocess.py:93} INFO - response_20240806.txt
[2024-08-07T14:43:14.413+0000] {subprocess.py:93} INFO - response_20240807.txt
[2024-08-07T14:43:14.414+0000] {subprocess.py:93} INFO - tmp2weef0t8
[2024-08-07T14:43:14.414+0000] {subprocess.py:93} INFO - tmpdqvoinyf
[2024-08-07T14:43:14.415+0000] {subprocess.py:93} INFO - tmpe3_zn7bp
[2024-08-07T14:43:14.416+0000] {subprocess.py:93} INFO - tmpffxnt4mp
[2024-08-07T14:43:14.417+0000] {subprocess.py:93} INFO - tmpjpoma8_4
[2024-08-07T14:43:14.418+0000] {subprocess.py:93} INFO - tmpop2i4r08
[2024-08-07T14:43:14.418+0000] {subprocess.py:93} INFO - tmprul79jv0
[2024-08-07T14:43:14.419+0000] {subprocess.py:93} INFO - Confirmación de la NASA, pueden proceder
[2024-08-07T14:43:14.420+0000] {subprocess.py:97} INFO - Command exited with return code 0
[2024-08-07T14:43:14.421+0000] {taskinstance.py:441} INFO - ::group::Post task execution logs
[2024-08-07T14:43:14.455+0000] {taskinstance.py:1206} INFO - Marking task as SUCCESS. dag_id=***-space-exploration, task_id=Lectura_Datos_NASA, run_id=scheduled__2024-08-03T00:00:00+00:00, execution_date=20240803T000000, start_date=20240807T144314, end_date=20240807T144314
[2024-08-07T14:43:14.494+0000] {local_task_job_runner.py:243} INFO - Task exited with return code 0
[2024-08-07T14:43:14.531+0000] {taskinstance.py:3503} INFO - 1 downstream tasks scheduled from follow-on schedule check
[2024-08-07T14:43:14.534+0000] {local_task_job_runner.py:222} INFO - ::endgroup::
