[2024-08-07T14:27:19.105+0000] {local_task_job_runner.py:120} INFO - ::group::Pre task execution logs
[2024-08-07T14:27:19.156+0000] {taskinstance.py:2076} INFO - Dependencies all met for dep_context=non-requeueable deps ti=<TaskInstance: airflow-space-exploration.SpaceX_data scheduled__2024-08-01T00:00:00+00:00 [queued]>
[2024-08-07T14:27:19.174+0000] {taskinstance.py:2076} INFO - Dependencies all met for dep_context=requeueable deps ti=<TaskInstance: airflow-space-exploration.SpaceX_data scheduled__2024-08-01T00:00:00+00:00 [queued]>
[2024-08-07T14:27:19.176+0000] {taskinstance.py:2306} INFO - Starting attempt 5 of 5
[2024-08-07T14:27:19.211+0000] {taskinstance.py:2330} INFO - Executing <Task(BashOperator): SpaceX_data> on 2024-08-01 00:00:00+00:00
[2024-08-07T14:27:19.220+0000] {warnings.py:112} WARNING - /home/***/.local/lib/python3.12/site-packages/***/task/task_runner/standard_task_runner.py:62: DeprecationWarning: This process (pid=612) is multi-threaded, use of fork() may lead to deadlocks in the child.
  pid = os.fork()

[2024-08-07T14:27:19.223+0000] {standard_task_runner.py:90} INFO - Running: ['***', 'tasks', 'run', '***-space-exploration', 'SpaceX_data', 'scheduled__2024-08-01T00:00:00+00:00', '--job-id', '100', '--raw', '--subdir', 'DAGS_FOLDER/***-space-exploration.py', '--cfg-path', '/tmp/tmp7fs5v4an']
[2024-08-07T14:27:19.226+0000] {standard_task_runner.py:91} INFO - Job 100: Subtask SpaceX_data
[2024-08-07T14:27:19.225+0000] {standard_task_runner.py:64} INFO - Started process 618 to run task
[2024-08-07T14:27:19.311+0000] {task_command.py:426} INFO - Running <TaskInstance: airflow-space-exploration.SpaceX_data scheduled__2024-08-01T00:00:00+00:00 [running]> on host 38873943cc86
[2024-08-07T14:27:19.449+0000] {taskinstance.py:2648} INFO - Exporting env vars: AIRFLOW_CTX_DAG_OWNER='***' AIRFLOW_CTX_DAG_ID='***-space-exploration' AIRFLOW_CTX_TASK_ID='SpaceX_data' AIRFLOW_CTX_EXECUTION_DATE='2024-08-01T00:00:00+00:00' AIRFLOW_CTX_TRY_NUMBER='5' AIRFLOW_CTX_DAG_RUN_ID='scheduled__2024-08-01T00:00:00+00:00'
[2024-08-07T14:27:19.450+0000] {taskinstance.py:430} INFO - ::endgroup::
[2024-08-07T14:27:19.472+0000] {subprocess.py:63} INFO - Tmp dir root location: /tmp
[2024-08-07T14:27:19.473+0000] {subprocess.py:75} INFO - Running command: ['/usr/bin/bash', '-c', "curl -o /tmp/history.json -L'https://api.spacexdata.com/v4/history'"]
[2024-08-07T14:27:19.490+0000] {subprocess.py:86} INFO - Output:
[2024-08-07T14:27:19.501+0000] {subprocess.py:93} INFO - Usage: curl [options...] <url>
[2024-08-07T14:27:19.502+0000] {subprocess.py:93} INFO -  -d, --data <data>          HTTP POST data
[2024-08-07T14:27:19.503+0000] {subprocess.py:93} INFO -  -f, --fail                 Fail fast with no output on HTTP errors
[2024-08-07T14:27:19.504+0000] {subprocess.py:93} INFO -  -h, --help <category>      Get help for commands
[2024-08-07T14:27:19.505+0000] {subprocess.py:93} INFO -  -i, --include              Include protocol response headers in the output
[2024-08-07T14:27:19.505+0000] {subprocess.py:93} INFO -  -o, --output <file>        Write to file instead of stdout
[2024-08-07T14:27:19.506+0000] {subprocess.py:93} INFO -  -O, --remote-name          Write output to a file named as the remote file
[2024-08-07T14:27:19.507+0000] {subprocess.py:93} INFO -  -s, --silent               Silent mode
[2024-08-07T14:27:19.508+0000] {subprocess.py:93} INFO -  -T, --upload-file <file>   Transfer local FILE to destination
[2024-08-07T14:27:19.509+0000] {subprocess.py:93} INFO -  -u, --user <user:password> Server user and password
[2024-08-07T14:27:19.509+0000] {subprocess.py:93} INFO -  -A, --user-agent <name>    Send User-Agent <name> to server
[2024-08-07T14:27:19.510+0000] {subprocess.py:93} INFO -  -v, --verbose              Make the operation more talkative
[2024-08-07T14:27:19.511+0000] {subprocess.py:93} INFO -  -V, --version              Show version number and quit
[2024-08-07T14:27:19.512+0000] {subprocess.py:93} INFO - 
[2024-08-07T14:27:19.513+0000] {subprocess.py:93} INFO - This is not the full help, this menu is stripped into categories.
[2024-08-07T14:27:19.514+0000] {subprocess.py:93} INFO - Use "--help category" to get an overview of all categories.
[2024-08-07T14:27:19.514+0000] {subprocess.py:93} INFO - For all options use the manual or "--help all".
[2024-08-07T14:27:19.515+0000] {subprocess.py:97} INFO - Command exited with return code 0
[2024-08-07T14:27:19.517+0000] {taskinstance.py:441} INFO - ::group::Post task execution logs
[2024-08-07T14:27:19.562+0000] {taskinstance.py:1206} INFO - Marking task as SUCCESS. dag_id=***-space-exploration, task_id=SpaceX_data, run_id=scheduled__2024-08-01T00:00:00+00:00, execution_date=20240801T000000, start_date=20240807T142719, end_date=20240807T142719
[2024-08-07T14:27:19.605+0000] {local_task_job_runner.py:243} INFO - Task exited with return code 0
[2024-08-07T14:27:19.636+0000] {taskinstance.py:3503} INFO - 1 downstream tasks scheduled from follow-on schedule check
[2024-08-07T14:27:19.639+0000] {local_task_job_runner.py:222} INFO - ::endgroup::
[2024-08-07T14:59:04.293+0000] {local_task_job_runner.py:120} INFO - ::group::Pre task execution logs
[2024-08-07T14:59:04.328+0000] {taskinstance.py:2076} INFO - Dependencies all met for dep_context=non-requeueable deps ti=<TaskInstance: airflow-space-exploration.SpaceX_Data scheduled__2024-08-01T00:00:00+00:00 [queued]>
[2024-08-07T14:59:04.340+0000] {taskinstance.py:2076} INFO - Dependencies all met for dep_context=requeueable deps ti=<TaskInstance: airflow-space-exploration.SpaceX_Data scheduled__2024-08-01T00:00:00+00:00 [queued]>
[2024-08-07T14:59:04.341+0000] {taskinstance.py:2306} INFO - Starting attempt 5 of 5
[2024-08-07T14:59:04.364+0000] {taskinstance.py:2330} INFO - Executing <Task(BashOperator): SpaceX_Data> on 2024-08-01 00:00:00+00:00
[2024-08-07T14:59:04.372+0000] {warnings.py:112} WARNING - /home/***/.local/lib/python3.12/site-packages/***/task/task_runner/standard_task_runner.py:62: DeprecationWarning: This process (pid=125) is multi-threaded, use of fork() may lead to deadlocks in the child.
  pid = os.fork()

[2024-08-07T14:59:04.374+0000] {standard_task_runner.py:64} INFO - Started process 131 to run task
[2024-08-07T14:59:04.374+0000] {standard_task_runner.py:90} INFO - Running: ['***', 'tasks', 'run', '***-space-exploration', 'SpaceX_Data', 'scheduled__2024-08-01T00:00:00+00:00', '--job-id', '319', '--raw', '--subdir', 'DAGS_FOLDER/***-space-exploration.py', '--cfg-path', '/tmp/tmpj_f8bl9s']
[2024-08-07T14:59:04.376+0000] {standard_task_runner.py:91} INFO - Job 319: Subtask SpaceX_Data
[2024-08-07T14:59:04.450+0000] {task_command.py:426} INFO - Running <TaskInstance: airflow-space-exploration.SpaceX_Data scheduled__2024-08-01T00:00:00+00:00 [running]> on host 38873943cc86
[2024-08-07T14:59:04.568+0000] {taskinstance.py:2648} INFO - Exporting env vars: AIRFLOW_CTX_DAG_OWNER='***' AIRFLOW_CTX_DAG_ID='***-space-exploration' AIRFLOW_CTX_TASK_ID='SpaceX_Data' AIRFLOW_CTX_EXECUTION_DATE='2024-08-01T00:00:00+00:00' AIRFLOW_CTX_TRY_NUMBER='5' AIRFLOW_CTX_DAG_RUN_ID='scheduled__2024-08-01T00:00:00+00:00'
[2024-08-07T14:59:04.570+0000] {taskinstance.py:430} INFO - ::endgroup::
[2024-08-07T14:59:04.589+0000] {subprocess.py:63} INFO - Tmp dir root location: /tmp
[2024-08-07T14:59:04.591+0000] {subprocess.py:75} INFO - Running command: ['/usr/bin/bash', '-c', "curl -o /tmp/history.json -L'https://api.spacexdata.com/v4/history'"]
[2024-08-07T14:59:04.608+0000] {subprocess.py:86} INFO - Output:
[2024-08-07T14:59:04.621+0000] {subprocess.py:93} INFO - Usage: curl [options...] <url>
[2024-08-07T14:59:04.622+0000] {subprocess.py:93} INFO -  -d, --data <data>          HTTP POST data
[2024-08-07T14:59:04.623+0000] {subprocess.py:93} INFO -  -f, --fail                 Fail fast with no output on HTTP errors
[2024-08-07T14:59:04.624+0000] {subprocess.py:93} INFO -  -h, --help <category>      Get help for commands
[2024-08-07T14:59:04.624+0000] {subprocess.py:93} INFO -  -i, --include              Include protocol response headers in the output
[2024-08-07T14:59:04.625+0000] {subprocess.py:93} INFO -  -o, --output <file>        Write to file instead of stdout
[2024-08-07T14:59:04.626+0000] {subprocess.py:93} INFO -  -O, --remote-name          Write output to a file named as the remote file
[2024-08-07T14:59:04.627+0000] {subprocess.py:93} INFO -  -s, --silent               Silent mode
[2024-08-07T14:59:04.628+0000] {subprocess.py:93} INFO -  -T, --upload-file <file>   Transfer local FILE to destination
[2024-08-07T14:59:04.629+0000] {subprocess.py:93} INFO -  -u, --user <user:password> Server user and password
[2024-08-07T14:59:04.631+0000] {subprocess.py:93} INFO -  -A, --user-agent <name>    Send User-Agent <name> to server
[2024-08-07T14:59:04.633+0000] {subprocess.py:93} INFO -  -v, --verbose              Make the operation more talkative
[2024-08-07T14:59:04.634+0000] {subprocess.py:93} INFO -  -V, --version              Show version number and quit
[2024-08-07T14:59:04.635+0000] {subprocess.py:93} INFO - 
[2024-08-07T14:59:04.636+0000] {subprocess.py:93} INFO - This is not the full help, this menu is stripped into categories.
[2024-08-07T14:59:04.638+0000] {subprocess.py:93} INFO - Use "--help category" to get an overview of all categories.
[2024-08-07T14:59:04.639+0000] {subprocess.py:93} INFO - For all options use the manual or "--help all".
[2024-08-07T14:59:04.639+0000] {subprocess.py:97} INFO - Command exited with return code 0
[2024-08-07T14:59:04.641+0000] {taskinstance.py:441} INFO - ::group::Post task execution logs
[2024-08-07T14:59:04.676+0000] {taskinstance.py:1206} INFO - Marking task as SUCCESS. dag_id=***-space-exploration, task_id=SpaceX_Data, run_id=scheduled__2024-08-01T00:00:00+00:00, execution_date=20240801T000000, start_date=20240807T145904, end_date=20240807T145904
[2024-08-07T14:59:04.711+0000] {local_task_job_runner.py:243} INFO - Task exited with return code 0
[2024-08-07T14:59:04.765+0000] {taskinstance.py:3503} INFO - 1 downstream tasks scheduled from follow-on schedule check
[2024-08-07T14:59:04.770+0000] {local_task_job_runner.py:222} INFO - ::endgroup::
