[2024-08-07T14:33:53.836+0000] {local_task_job_runner.py:120} INFO - ::group::Pre task execution logs
[2024-08-07T14:33:53.876+0000] {taskinstance.py:2076} INFO - Dependencies all met for dep_context=non-requeueable deps ti=<TaskInstance: airflow-space-exploration.SpaceX_data scheduled__2024-08-01T00:00:00+00:00 [queued]>
[2024-08-07T14:33:53.893+0000] {taskinstance.py:2076} INFO - Dependencies all met for dep_context=requeueable deps ti=<TaskInstance: airflow-space-exploration.SpaceX_data scheduled__2024-08-01T00:00:00+00:00 [queued]>
[2024-08-07T14:33:53.895+0000] {taskinstance.py:2306} INFO - Starting attempt 6 of 6
[2024-08-07T14:33:53.921+0000] {taskinstance.py:2330} INFO - Executing <Task(BashOperator): SpaceX_data> on 2024-08-01 00:00:00+00:00
[2024-08-07T14:33:53.930+0000] {warnings.py:112} WARNING - /home/***/.local/lib/python3.12/site-packages/***/task/task_runner/standard_task_runner.py:62: DeprecationWarning: This process (pid=802) is multi-threaded, use of fork() may lead to deadlocks in the child.
  pid = os.fork()

[2024-08-07T14:33:53.933+0000] {standard_task_runner.py:64} INFO - Started process 810 to run task
[2024-08-07T14:33:53.933+0000] {standard_task_runner.py:90} INFO - Running: ['***', 'tasks', 'run', '***-space-exploration', 'SpaceX_data', 'scheduled__2024-08-01T00:00:00+00:00', '--job-id', '130', '--raw', '--subdir', 'DAGS_FOLDER/***-space-exploration.py', '--cfg-path', '/tmp/tmpe2cm24xp']
[2024-08-07T14:33:53.934+0000] {standard_task_runner.py:91} INFO - Job 130: Subtask SpaceX_data
[2024-08-07T14:33:54.011+0000] {task_command.py:426} INFO - Running <TaskInstance: airflow-space-exploration.SpaceX_data scheduled__2024-08-01T00:00:00+00:00 [running]> on host 38873943cc86
[2024-08-07T14:33:54.129+0000] {taskinstance.py:2648} INFO - Exporting env vars: AIRFLOW_CTX_DAG_OWNER='***' AIRFLOW_CTX_DAG_ID='***-space-exploration' AIRFLOW_CTX_TASK_ID='SpaceX_data' AIRFLOW_CTX_EXECUTION_DATE='2024-08-01T00:00:00+00:00' AIRFLOW_CTX_TRY_NUMBER='6' AIRFLOW_CTX_DAG_RUN_ID='scheduled__2024-08-01T00:00:00+00:00'
[2024-08-07T14:33:54.131+0000] {taskinstance.py:430} INFO - ::endgroup::
[2024-08-07T14:33:54.149+0000] {subprocess.py:63} INFO - Tmp dir root location: /tmp
[2024-08-07T14:33:54.152+0000] {subprocess.py:75} INFO - Running command: ['/usr/bin/bash', '-c', "curl -o /tmp/history.json -L'https://api.spacexdata.com/v4/history'"]
[2024-08-07T14:33:54.170+0000] {subprocess.py:86} INFO - Output:
[2024-08-07T14:33:54.187+0000] {subprocess.py:93} INFO - Usage: curl [options...] <url>
[2024-08-07T14:33:54.188+0000] {subprocess.py:93} INFO -  -d, --data <data>          HTTP POST data
[2024-08-07T14:33:54.189+0000] {subprocess.py:93} INFO -  -f, --fail                 Fail fast with no output on HTTP errors
[2024-08-07T14:33:54.190+0000] {subprocess.py:93} INFO -  -h, --help <category>      Get help for commands
[2024-08-07T14:33:54.190+0000] {subprocess.py:93} INFO -  -i, --include              Include protocol response headers in the output
[2024-08-07T14:33:54.191+0000] {subprocess.py:93} INFO -  -o, --output <file>        Write to file instead of stdout
[2024-08-07T14:33:54.192+0000] {subprocess.py:93} INFO -  -O, --remote-name          Write output to a file named as the remote file
[2024-08-07T14:33:54.193+0000] {subprocess.py:93} INFO -  -s, --silent               Silent mode
[2024-08-07T14:33:54.195+0000] {subprocess.py:93} INFO -  -T, --upload-file <file>   Transfer local FILE to destination
[2024-08-07T14:33:54.196+0000] {subprocess.py:93} INFO -  -u, --user <user:password> Server user and password
[2024-08-07T14:33:54.197+0000] {subprocess.py:93} INFO -  -A, --user-agent <name>    Send User-Agent <name> to server
[2024-08-07T14:33:54.198+0000] {subprocess.py:93} INFO -  -v, --verbose              Make the operation more talkative
[2024-08-07T14:33:54.199+0000] {subprocess.py:93} INFO -  -V, --version              Show version number and quit
[2024-08-07T14:33:54.200+0000] {subprocess.py:93} INFO - 
[2024-08-07T14:33:54.200+0000] {subprocess.py:93} INFO - This is not the full help, this menu is stripped into categories.
[2024-08-07T14:33:54.201+0000] {subprocess.py:93} INFO - Use "--help category" to get an overview of all categories.
[2024-08-07T14:33:54.202+0000] {subprocess.py:93} INFO - For all options use the manual or "--help all".
[2024-08-07T14:33:54.203+0000] {subprocess.py:97} INFO - Command exited with return code 0
[2024-08-07T14:33:54.204+0000] {taskinstance.py:441} INFO - ::group::Post task execution logs
[2024-08-07T14:33:54.243+0000] {taskinstance.py:1206} INFO - Marking task as SUCCESS. dag_id=***-space-exploration, task_id=SpaceX_data, run_id=scheduled__2024-08-01T00:00:00+00:00, execution_date=20240801T000000, start_date=20240807T143353, end_date=20240807T143354
[2024-08-07T14:33:54.311+0000] {local_task_job_runner.py:243} INFO - Task exited with return code 0
[2024-08-07T14:33:54.350+0000] {taskinstance.py:3503} INFO - 1 downstream tasks scheduled from follow-on schedule check
[2024-08-07T14:33:54.354+0000] {local_task_job_runner.py:222} INFO - ::endgroup::
[2024-08-07T15:02:23.876+0000] {local_task_job_runner.py:120} INFO - ::group::Pre task execution logs
[2024-08-07T15:02:23.911+0000] {taskinstance.py:2076} INFO - Dependencies all met for dep_context=non-requeueable deps ti=<TaskInstance: airflow-space-exploration.SpaceX_Data scheduled__2024-08-01T00:00:00+00:00 [queued]>
[2024-08-07T15:02:23.923+0000] {taskinstance.py:2076} INFO - Dependencies all met for dep_context=requeueable deps ti=<TaskInstance: airflow-space-exploration.SpaceX_Data scheduled__2024-08-01T00:00:00+00:00 [queued]>
[2024-08-07T15:02:23.924+0000] {taskinstance.py:2306} INFO - Starting attempt 6 of 6
[2024-08-07T15:02:23.948+0000] {taskinstance.py:2330} INFO - Executing <Task(BashOperator): SpaceX_Data> on 2024-08-01 00:00:00+00:00
[2024-08-07T15:02:23.956+0000] {warnings.py:112} WARNING - /home/***/.local/lib/python3.12/site-packages/***/task/task_runner/standard_task_runner.py:62: DeprecationWarning: This process (pid=306) is multi-threaded, use of fork() may lead to deadlocks in the child.
  pid = os.fork()

[2024-08-07T15:02:23.958+0000] {standard_task_runner.py:90} INFO - Running: ['***', 'tasks', 'run', '***-space-exploration', 'SpaceX_Data', 'scheduled__2024-08-01T00:00:00+00:00', '--job-id', '361', '--raw', '--subdir', 'DAGS_FOLDER/***-space-exploration.py', '--cfg-path', '/tmp/tmppthjhro1']
[2024-08-07T15:02:23.959+0000] {standard_task_runner.py:64} INFO - Started process 313 to run task
[2024-08-07T15:02:23.959+0000] {standard_task_runner.py:91} INFO - Job 361: Subtask SpaceX_Data
[2024-08-07T15:02:24.022+0000] {task_command.py:426} INFO - Running <TaskInstance: airflow-space-exploration.SpaceX_Data scheduled__2024-08-01T00:00:00+00:00 [running]> on host 38873943cc86
[2024-08-07T15:02:24.145+0000] {taskinstance.py:2648} INFO - Exporting env vars: AIRFLOW_CTX_DAG_OWNER='***' AIRFLOW_CTX_DAG_ID='***-space-exploration' AIRFLOW_CTX_TASK_ID='SpaceX_Data' AIRFLOW_CTX_EXECUTION_DATE='2024-08-01T00:00:00+00:00' AIRFLOW_CTX_TRY_NUMBER='6' AIRFLOW_CTX_DAG_RUN_ID='scheduled__2024-08-01T00:00:00+00:00'
[2024-08-07T15:02:24.147+0000] {taskinstance.py:430} INFO - ::endgroup::
[2024-08-07T15:02:24.165+0000] {subprocess.py:63} INFO - Tmp dir root location: /tmp
[2024-08-07T15:02:24.168+0000] {subprocess.py:75} INFO - Running command: ['/usr/bin/bash', '-c', "curl -o /tmp/history.json -L'https://api.spacexdata.com/v4/history'"]
[2024-08-07T15:02:24.182+0000] {subprocess.py:86} INFO - Output:
[2024-08-07T15:02:24.192+0000] {subprocess.py:93} INFO - Usage: curl [options...] <url>
[2024-08-07T15:02:24.192+0000] {subprocess.py:93} INFO -  -d, --data <data>          HTTP POST data
[2024-08-07T15:02:24.193+0000] {subprocess.py:93} INFO -  -f, --fail                 Fail fast with no output on HTTP errors
[2024-08-07T15:02:24.194+0000] {subprocess.py:93} INFO -  -h, --help <category>      Get help for commands
[2024-08-07T15:02:24.195+0000] {subprocess.py:93} INFO -  -i, --include              Include protocol response headers in the output
[2024-08-07T15:02:24.196+0000] {subprocess.py:93} INFO -  -o, --output <file>        Write to file instead of stdout
[2024-08-07T15:02:24.196+0000] {subprocess.py:93} INFO -  -O, --remote-name          Write output to a file named as the remote file
[2024-08-07T15:02:24.197+0000] {subprocess.py:93} INFO -  -s, --silent               Silent mode
[2024-08-07T15:02:24.198+0000] {subprocess.py:93} INFO -  -T, --upload-file <file>   Transfer local FILE to destination
[2024-08-07T15:02:24.199+0000] {subprocess.py:93} INFO -  -u, --user <user:password> Server user and password
[2024-08-07T15:02:24.199+0000] {subprocess.py:93} INFO -  -A, --user-agent <name>    Send User-Agent <name> to server
[2024-08-07T15:02:24.200+0000] {subprocess.py:93} INFO -  -v, --verbose              Make the operation more talkative
[2024-08-07T15:02:24.201+0000] {subprocess.py:93} INFO -  -V, --version              Show version number and quit
[2024-08-07T15:02:24.202+0000] {subprocess.py:93} INFO - 
[2024-08-07T15:02:24.203+0000] {subprocess.py:93} INFO - This is not the full help, this menu is stripped into categories.
[2024-08-07T15:02:24.204+0000] {subprocess.py:93} INFO - Use "--help category" to get an overview of all categories.
[2024-08-07T15:02:24.205+0000] {subprocess.py:93} INFO - For all options use the manual or "--help all".
[2024-08-07T15:02:24.205+0000] {subprocess.py:97} INFO - Command exited with return code 0
[2024-08-07T15:02:24.207+0000] {taskinstance.py:441} INFO - ::group::Post task execution logs
[2024-08-07T15:02:24.241+0000] {taskinstance.py:1206} INFO - Marking task as SUCCESS. dag_id=***-space-exploration, task_id=SpaceX_Data, run_id=scheduled__2024-08-01T00:00:00+00:00, execution_date=20240801T000000, start_date=20240807T150223, end_date=20240807T150224
[2024-08-07T15:02:24.297+0000] {local_task_job_runner.py:243} INFO - Task exited with return code 0
[2024-08-07T15:02:24.325+0000] {taskinstance.py:3503} INFO - 1 downstream tasks scheduled from follow-on schedule check
[2024-08-07T15:02:24.327+0000] {local_task_job_runner.py:222} INFO - ::endgroup::
