[2024-08-07T14:24:07.050+0000] {local_task_job_runner.py:120} INFO - ::group::Pre task execution logs
[2024-08-07T14:24:07.096+0000] {taskinstance.py:2076} INFO - Dependencies all met for dep_context=non-requeueable deps ti=<TaskInstance: airflow-space-exploration.SpaceX_data scheduled__2024-08-01T00:00:00+00:00 [queued]>
[2024-08-07T14:24:07.109+0000] {taskinstance.py:2076} INFO - Dependencies all met for dep_context=requeueable deps ti=<TaskInstance: airflow-space-exploration.SpaceX_data scheduled__2024-08-01T00:00:00+00:00 [queued]>
[2024-08-07T14:24:07.110+0000] {taskinstance.py:2306} INFO - Starting attempt 3 of 3
[2024-08-07T14:24:07.139+0000] {taskinstance.py:2330} INFO - Executing <Task(BashOperator): SpaceX_data> on 2024-08-01 00:00:00+00:00
[2024-08-07T14:24:07.149+0000] {warnings.py:112} WARNING - /home/***/.local/lib/python3.12/site-packages/***/task/task_runner/standard_task_runner.py:62: DeprecationWarning: This process (pid=387) is multi-threaded, use of fork() may lead to deadlocks in the child.
  pid = os.fork()

[2024-08-07T14:24:07.151+0000] {standard_task_runner.py:64} INFO - Started process 396 to run task
[2024-08-07T14:24:07.151+0000] {standard_task_runner.py:90} INFO - Running: ['***', 'tasks', 'run', '***-space-exploration', 'SpaceX_data', 'scheduled__2024-08-01T00:00:00+00:00', '--job-id', '46', '--raw', '--subdir', 'DAGS_FOLDER/***-space-exploration.py', '--cfg-path', '/tmp/tmpkdl7q2x4']
[2024-08-07T14:24:07.153+0000] {standard_task_runner.py:91} INFO - Job 46: Subtask SpaceX_data
[2024-08-07T14:24:07.243+0000] {task_command.py:426} INFO - Running <TaskInstance: airflow-space-exploration.SpaceX_data scheduled__2024-08-01T00:00:00+00:00 [running]> on host 38873943cc86
[2024-08-07T14:24:07.385+0000] {taskinstance.py:2648} INFO - Exporting env vars: AIRFLOW_CTX_DAG_OWNER='***' AIRFLOW_CTX_DAG_ID='***-space-exploration' AIRFLOW_CTX_TASK_ID='SpaceX_data' AIRFLOW_CTX_EXECUTION_DATE='2024-08-01T00:00:00+00:00' AIRFLOW_CTX_TRY_NUMBER='3' AIRFLOW_CTX_DAG_RUN_ID='scheduled__2024-08-01T00:00:00+00:00'
[2024-08-07T14:24:07.386+0000] {taskinstance.py:430} INFO - ::endgroup::
[2024-08-07T14:24:07.406+0000] {subprocess.py:63} INFO - Tmp dir root location: /tmp
[2024-08-07T14:24:07.408+0000] {subprocess.py:75} INFO - Running command: ['/usr/bin/bash', '-c', "curl -o /tmp/history.json -L'https://api.spacexdata.com/v4/history'"]
[2024-08-07T14:24:07.423+0000] {subprocess.py:86} INFO - Output:
[2024-08-07T14:24:07.435+0000] {subprocess.py:93} INFO - Usage: curl [options...] <url>
[2024-08-07T14:24:07.436+0000] {subprocess.py:93} INFO -  -d, --data <data>          HTTP POST data
[2024-08-07T14:24:07.436+0000] {subprocess.py:93} INFO -  -f, --fail                 Fail fast with no output on HTTP errors
[2024-08-07T14:24:07.437+0000] {subprocess.py:93} INFO -  -h, --help <category>      Get help for commands
[2024-08-07T14:24:07.438+0000] {subprocess.py:93} INFO -  -i, --include              Include protocol response headers in the output
[2024-08-07T14:24:07.438+0000] {subprocess.py:93} INFO -  -o, --output <file>        Write to file instead of stdout
[2024-08-07T14:24:07.439+0000] {subprocess.py:93} INFO -  -O, --remote-name          Write output to a file named as the remote file
[2024-08-07T14:24:07.440+0000] {subprocess.py:93} INFO -  -s, --silent               Silent mode
[2024-08-07T14:24:07.441+0000] {subprocess.py:93} INFO -  -T, --upload-file <file>   Transfer local FILE to destination
[2024-08-07T14:24:07.442+0000] {subprocess.py:93} INFO -  -u, --user <user:password> Server user and password
[2024-08-07T14:24:07.443+0000] {subprocess.py:93} INFO -  -A, --user-agent <name>    Send User-Agent <name> to server
[2024-08-07T14:24:07.444+0000] {subprocess.py:93} INFO -  -v, --verbose              Make the operation more talkative
[2024-08-07T14:24:07.445+0000] {subprocess.py:93} INFO -  -V, --version              Show version number and quit
[2024-08-07T14:24:07.446+0000] {subprocess.py:93} INFO - 
[2024-08-07T14:24:07.447+0000] {subprocess.py:93} INFO - This is not the full help, this menu is stripped into categories.
[2024-08-07T14:24:07.448+0000] {subprocess.py:93} INFO - Use "--help category" to get an overview of all categories.
[2024-08-07T14:24:07.449+0000] {subprocess.py:93} INFO - For all options use the manual or "--help all".
[2024-08-07T14:24:07.450+0000] {subprocess.py:97} INFO - Command exited with return code 0
[2024-08-07T14:24:07.451+0000] {taskinstance.py:441} INFO - ::group::Post task execution logs
[2024-08-07T14:24:07.508+0000] {taskinstance.py:1206} INFO - Marking task as SUCCESS. dag_id=***-space-exploration, task_id=SpaceX_data, run_id=scheduled__2024-08-01T00:00:00+00:00, execution_date=20240801T000000, start_date=20240807T142407, end_date=20240807T142407
[2024-08-07T14:24:07.569+0000] {local_task_job_runner.py:243} INFO - Task exited with return code 0
[2024-08-07T14:24:07.619+0000] {taskinstance.py:3503} INFO - 1 downstream tasks scheduled from follow-on schedule check
[2024-08-07T14:24:07.623+0000] {local_task_job_runner.py:222} INFO - ::endgroup::
[2024-08-07T14:54:27.998+0000] {local_task_job_runner.py:120} INFO - ::group::Pre task execution logs
[2024-08-07T14:54:28.038+0000] {taskinstance.py:2076} INFO - Dependencies all met for dep_context=non-requeueable deps ti=<TaskInstance: airflow-space-exploration.SpaceX_Data scheduled__2024-08-01T00:00:00+00:00 [queued]>
[2024-08-07T14:54:28.053+0000] {taskinstance.py:2076} INFO - Dependencies all met for dep_context=requeueable deps ti=<TaskInstance: airflow-space-exploration.SpaceX_Data scheduled__2024-08-01T00:00:00+00:00 [queued]>
[2024-08-07T14:54:28.054+0000] {taskinstance.py:2306} INFO - Starting attempt 3 of 3
[2024-08-07T14:54:28.084+0000] {taskinstance.py:2330} INFO - Executing <Task(BashOperator): SpaceX_Data> on 2024-08-01 00:00:00+00:00
[2024-08-07T14:54:28.093+0000] {warnings.py:112} WARNING - /home/***/.local/lib/python3.12/site-packages/***/task/task_runner/standard_task_runner.py:62: DeprecationWarning: This process (pid=1421) is multi-threaded, use of fork() may lead to deadlocks in the child.
  pid = os.fork()

[2024-08-07T14:54:28.095+0000] {standard_task_runner.py:64} INFO - Started process 1430 to run task
[2024-08-07T14:54:28.095+0000] {standard_task_runner.py:90} INFO - Running: ['***', 'tasks', 'run', '***-space-exploration', 'SpaceX_Data', 'scheduled__2024-08-01T00:00:00+00:00', '--job-id', '245', '--raw', '--subdir', 'DAGS_FOLDER/***-space-exploration.py', '--cfg-path', '/tmp/tmpaoq00vjx']
[2024-08-07T14:54:28.097+0000] {standard_task_runner.py:91} INFO - Job 245: Subtask SpaceX_Data
[2024-08-07T14:54:28.164+0000] {task_command.py:426} INFO - Running <TaskInstance: airflow-space-exploration.SpaceX_Data scheduled__2024-08-01T00:00:00+00:00 [running]> on host 38873943cc86
[2024-08-07T14:54:28.279+0000] {taskinstance.py:2648} INFO - Exporting env vars: AIRFLOW_CTX_DAG_OWNER='***' AIRFLOW_CTX_DAG_ID='***-space-exploration' AIRFLOW_CTX_TASK_ID='SpaceX_Data' AIRFLOW_CTX_EXECUTION_DATE='2024-08-01T00:00:00+00:00' AIRFLOW_CTX_TRY_NUMBER='3' AIRFLOW_CTX_DAG_RUN_ID='scheduled__2024-08-01T00:00:00+00:00'
[2024-08-07T14:54:28.280+0000] {taskinstance.py:430} INFO - ::endgroup::
[2024-08-07T14:54:28.298+0000] {subprocess.py:63} INFO - Tmp dir root location: /tmp
[2024-08-07T14:54:28.299+0000] {subprocess.py:75} INFO - Running command: ['/usr/bin/bash', '-c', "curl -o /tmp/history.json -L'https://api.spacexdata.com/v4/history'"]
[2024-08-07T14:54:28.314+0000] {subprocess.py:86} INFO - Output:
[2024-08-07T14:54:28.322+0000] {subprocess.py:93} INFO - Usage: curl [options...] <url>
[2024-08-07T14:54:28.323+0000] {subprocess.py:93} INFO -  -d, --data <data>          HTTP POST data
[2024-08-07T14:54:28.324+0000] {subprocess.py:93} INFO -  -f, --fail                 Fail fast with no output on HTTP errors
[2024-08-07T14:54:28.325+0000] {subprocess.py:93} INFO -  -h, --help <category>      Get help for commands
[2024-08-07T14:54:28.326+0000] {subprocess.py:93} INFO -  -i, --include              Include protocol response headers in the output
[2024-08-07T14:54:28.327+0000] {subprocess.py:93} INFO -  -o, --output <file>        Write to file instead of stdout
[2024-08-07T14:54:28.328+0000] {subprocess.py:93} INFO -  -O, --remote-name          Write output to a file named as the remote file
[2024-08-07T14:54:28.329+0000] {subprocess.py:93} INFO -  -s, --silent               Silent mode
[2024-08-07T14:54:28.330+0000] {subprocess.py:93} INFO -  -T, --upload-file <file>   Transfer local FILE to destination
[2024-08-07T14:54:28.330+0000] {subprocess.py:93} INFO -  -u, --user <user:password> Server user and password
[2024-08-07T14:54:28.331+0000] {subprocess.py:93} INFO -  -A, --user-agent <name>    Send User-Agent <name> to server
[2024-08-07T14:54:28.332+0000] {subprocess.py:93} INFO -  -v, --verbose              Make the operation more talkative
[2024-08-07T14:54:28.333+0000] {subprocess.py:93} INFO -  -V, --version              Show version number and quit
[2024-08-07T14:54:28.333+0000] {subprocess.py:93} INFO - 
[2024-08-07T14:54:28.334+0000] {subprocess.py:93} INFO - This is not the full help, this menu is stripped into categories.
[2024-08-07T14:54:28.335+0000] {subprocess.py:93} INFO - Use "--help category" to get an overview of all categories.
[2024-08-07T14:54:28.336+0000] {subprocess.py:93} INFO - For all options use the manual or "--help all".
[2024-08-07T14:54:28.337+0000] {subprocess.py:97} INFO - Command exited with return code 0
[2024-08-07T14:54:28.339+0000] {taskinstance.py:441} INFO - ::group::Post task execution logs
[2024-08-07T14:54:28.385+0000] {taskinstance.py:1206} INFO - Marking task as SUCCESS. dag_id=***-space-exploration, task_id=SpaceX_Data, run_id=scheduled__2024-08-01T00:00:00+00:00, execution_date=20240801T000000, start_date=20240807T145428, end_date=20240807T145428
[2024-08-07T14:54:28.434+0000] {local_task_job_runner.py:243} INFO - Task exited with return code 0
[2024-08-07T14:54:28.479+0000] {taskinstance.py:3503} INFO - 1 downstream tasks scheduled from follow-on schedule check
[2024-08-07T14:54:28.485+0000] {local_task_job_runner.py:222} INFO - ::endgroup::
