[2024-08-07T14:20:42.065+0000] {local_task_job_runner.py:120} INFO - ::group::Pre task execution logs
[2024-08-07T14:20:42.095+0000] {taskinstance.py:2076} INFO - Dependencies all met for dep_context=non-requeueable deps ti=<TaskInstance: airflow-space-exploration.SpaceX_data scheduled__2024-08-01T00:00:00+00:00 [queued]>
[2024-08-07T14:20:42.109+0000] {taskinstance.py:2076} INFO - Dependencies all met for dep_context=requeueable deps ti=<TaskInstance: airflow-space-exploration.SpaceX_data scheduled__2024-08-01T00:00:00+00:00 [queued]>
[2024-08-07T14:20:42.111+0000] {taskinstance.py:2306} INFO - Starting attempt 2 of 2
[2024-08-07T14:20:42.135+0000] {taskinstance.py:2330} INFO - Executing <Task(BashOperator): SpaceX_data> on 2024-08-01 00:00:00+00:00
[2024-08-07T14:20:42.147+0000] {warnings.py:112} WARNING - /home/***/.local/lib/python3.12/site-packages/***/task/task_runner/standard_task_runner.py:62: DeprecationWarning: This process (pid=305) is multi-threaded, use of fork() may lead to deadlocks in the child.
  pid = os.fork()

[2024-08-07T14:20:42.149+0000] {standard_task_runner.py:64} INFO - Started process 311 to run task
[2024-08-07T14:20:42.149+0000] {standard_task_runner.py:90} INFO - Running: ['***', 'tasks', 'run', '***-space-exploration', 'SpaceX_data', 'scheduled__2024-08-01T00:00:00+00:00', '--job-id', '35', '--raw', '--subdir', 'DAGS_FOLDER/***-space-exploration.py', '--cfg-path', '/tmp/tmppzfb3iwz']
[2024-08-07T14:20:42.150+0000] {standard_task_runner.py:91} INFO - Job 35: Subtask SpaceX_data
[2024-08-07T14:20:42.209+0000] {task_command.py:426} INFO - Running <TaskInstance: airflow-space-exploration.SpaceX_data scheduled__2024-08-01T00:00:00+00:00 [running]> on host 38873943cc86
[2024-08-07T14:20:42.311+0000] {taskinstance.py:2648} INFO - Exporting env vars: AIRFLOW_CTX_DAG_OWNER='***' AIRFLOW_CTX_DAG_ID='***-space-exploration' AIRFLOW_CTX_TASK_ID='SpaceX_data' AIRFLOW_CTX_EXECUTION_DATE='2024-08-01T00:00:00+00:00' AIRFLOW_CTX_TRY_NUMBER='2' AIRFLOW_CTX_DAG_RUN_ID='scheduled__2024-08-01T00:00:00+00:00'
[2024-08-07T14:20:42.313+0000] {taskinstance.py:430} INFO - ::endgroup::
[2024-08-07T14:20:42.327+0000] {subprocess.py:63} INFO - Tmp dir root location: /tmp
[2024-08-07T14:20:42.328+0000] {subprocess.py:75} INFO - Running command: ['/usr/bin/bash', '-c', "curl -o /tmp/history.json -L'https://api.spacexdata.com/v4/history'"]
[2024-08-07T14:20:42.340+0000] {subprocess.py:86} INFO - Output:
[2024-08-07T14:20:42.349+0000] {subprocess.py:93} INFO - Usage: curl [options...] <url>
[2024-08-07T14:20:42.350+0000] {subprocess.py:93} INFO -  -d, --data <data>          HTTP POST data
[2024-08-07T14:20:42.351+0000] {subprocess.py:93} INFO -  -f, --fail                 Fail fast with no output on HTTP errors
[2024-08-07T14:20:42.351+0000] {subprocess.py:93} INFO -  -h, --help <category>      Get help for commands
[2024-08-07T14:20:42.352+0000] {subprocess.py:93} INFO -  -i, --include              Include protocol response headers in the output
[2024-08-07T14:20:42.353+0000] {subprocess.py:93} INFO -  -o, --output <file>        Write to file instead of stdout
[2024-08-07T14:20:42.353+0000] {subprocess.py:93} INFO -  -O, --remote-name          Write output to a file named as the remote file
[2024-08-07T14:20:42.354+0000] {subprocess.py:93} INFO -  -s, --silent               Silent mode
[2024-08-07T14:20:42.355+0000] {subprocess.py:93} INFO -  -T, --upload-file <file>   Transfer local FILE to destination
[2024-08-07T14:20:42.355+0000] {subprocess.py:93} INFO -  -u, --user <user:password> Server user and password
[2024-08-07T14:20:42.356+0000] {subprocess.py:93} INFO -  -A, --user-agent <name>    Send User-Agent <name> to server
[2024-08-07T14:20:42.357+0000] {subprocess.py:93} INFO -  -v, --verbose              Make the operation more talkative
[2024-08-07T14:20:42.357+0000] {subprocess.py:93} INFO -  -V, --version              Show version number and quit
[2024-08-07T14:20:42.358+0000] {subprocess.py:93} INFO - 
[2024-08-07T14:20:42.359+0000] {subprocess.py:93} INFO - This is not the full help, this menu is stripped into categories.
[2024-08-07T14:20:42.360+0000] {subprocess.py:93} INFO - Use "--help category" to get an overview of all categories.
[2024-08-07T14:20:42.360+0000] {subprocess.py:93} INFO - For all options use the manual or "--help all".
[2024-08-07T14:20:42.361+0000] {subprocess.py:97} INFO - Command exited with return code 0
[2024-08-07T14:20:42.362+0000] {taskinstance.py:441} INFO - ::group::Post task execution logs
[2024-08-07T14:20:42.393+0000] {taskinstance.py:1206} INFO - Marking task as SUCCESS. dag_id=***-space-exploration, task_id=SpaceX_data, run_id=scheduled__2024-08-01T00:00:00+00:00, execution_date=20240801T000000, start_date=20240807T142042, end_date=20240807T142042
[2024-08-07T14:20:42.445+0000] {local_task_job_runner.py:243} INFO - Task exited with return code 0
[2024-08-07T14:20:42.468+0000] {taskinstance.py:3503} INFO - 1 downstream tasks scheduled from follow-on schedule check
[2024-08-07T14:20:42.473+0000] {local_task_job_runner.py:222} INFO - ::endgroup::
[2024-08-07T14:46:03.952+0000] {local_task_job_runner.py:120} INFO - ::group::Pre task execution logs
[2024-08-07T14:46:03.994+0000] {taskinstance.py:2076} INFO - Dependencies all met for dep_context=non-requeueable deps ti=<TaskInstance: airflow-space-exploration.SpaceX_Data scheduled__2024-08-01T00:00:00+00:00 [queued]>
[2024-08-07T14:46:04.012+0000] {taskinstance.py:2076} INFO - Dependencies all met for dep_context=requeueable deps ti=<TaskInstance: airflow-space-exploration.SpaceX_Data scheduled__2024-08-01T00:00:00+00:00 [queued]>
[2024-08-07T14:46:04.013+0000] {taskinstance.py:2306} INFO - Starting attempt 2 of 2
[2024-08-07T14:46:04.043+0000] {taskinstance.py:2330} INFO - Executing <Task(BashOperator): SpaceX_Data> on 2024-08-01 00:00:00+00:00
[2024-08-07T14:46:04.052+0000] {warnings.py:112} WARNING - /home/***/.local/lib/python3.12/site-packages/***/task/task_runner/standard_task_runner.py:62: DeprecationWarning: This process (pid=1172) is multi-threaded, use of fork() may lead to deadlocks in the child.
  pid = os.fork()

[2024-08-07T14:46:04.054+0000] {standard_task_runner.py:64} INFO - Started process 1179 to run task
[2024-08-07T14:46:04.055+0000] {standard_task_runner.py:90} INFO - Running: ['***', 'tasks', 'run', '***-space-exploration', 'SpaceX_Data', 'scheduled__2024-08-01T00:00:00+00:00', '--job-id', '198', '--raw', '--subdir', 'DAGS_FOLDER/***-space-exploration.py', '--cfg-path', '/tmp/tmp7wtz682y']
[2024-08-07T14:46:04.056+0000] {standard_task_runner.py:91} INFO - Job 198: Subtask SpaceX_Data
[2024-08-07T14:46:04.133+0000] {task_command.py:426} INFO - Running <TaskInstance: airflow-space-exploration.SpaceX_Data scheduled__2024-08-01T00:00:00+00:00 [running]> on host 38873943cc86
[2024-08-07T14:46:04.252+0000] {taskinstance.py:2648} INFO - Exporting env vars: AIRFLOW_CTX_DAG_OWNER='***' AIRFLOW_CTX_DAG_ID='***-space-exploration' AIRFLOW_CTX_TASK_ID='SpaceX_Data' AIRFLOW_CTX_EXECUTION_DATE='2024-08-01T00:00:00+00:00' AIRFLOW_CTX_TRY_NUMBER='2' AIRFLOW_CTX_DAG_RUN_ID='scheduled__2024-08-01T00:00:00+00:00'
[2024-08-07T14:46:04.253+0000] {taskinstance.py:430} INFO - ::endgroup::
[2024-08-07T14:46:04.272+0000] {subprocess.py:63} INFO - Tmp dir root location: /tmp
[2024-08-07T14:46:04.274+0000] {subprocess.py:75} INFO - Running command: ['/usr/bin/bash', '-c', "curl -o /tmp/history.json -L'https://api.spacexdata.com/v4/history'"]
[2024-08-07T14:46:04.292+0000] {subprocess.py:86} INFO - Output:
[2024-08-07T14:46:04.303+0000] {subprocess.py:93} INFO - Usage: curl [options...] <url>
[2024-08-07T14:46:04.304+0000] {subprocess.py:93} INFO -  -d, --data <data>          HTTP POST data
[2024-08-07T14:46:04.305+0000] {subprocess.py:93} INFO -  -f, --fail                 Fail fast with no output on HTTP errors
[2024-08-07T14:46:04.306+0000] {subprocess.py:93} INFO -  -h, --help <category>      Get help for commands
[2024-08-07T14:46:04.306+0000] {subprocess.py:93} INFO -  -i, --include              Include protocol response headers in the output
[2024-08-07T14:46:04.307+0000] {subprocess.py:93} INFO -  -o, --output <file>        Write to file instead of stdout
[2024-08-07T14:46:04.308+0000] {subprocess.py:93} INFO -  -O, --remote-name          Write output to a file named as the remote file
[2024-08-07T14:46:04.309+0000] {subprocess.py:93} INFO -  -s, --silent               Silent mode
[2024-08-07T14:46:04.310+0000] {subprocess.py:93} INFO -  -T, --upload-file <file>   Transfer local FILE to destination
[2024-08-07T14:46:04.311+0000] {subprocess.py:93} INFO -  -u, --user <user:password> Server user and password
[2024-08-07T14:46:04.312+0000] {subprocess.py:93} INFO -  -A, --user-agent <name>    Send User-Agent <name> to server
[2024-08-07T14:46:04.313+0000] {subprocess.py:93} INFO -  -v, --verbose              Make the operation more talkative
[2024-08-07T14:46:04.313+0000] {subprocess.py:93} INFO -  -V, --version              Show version number and quit
[2024-08-07T14:46:04.314+0000] {subprocess.py:93} INFO - 
[2024-08-07T14:46:04.315+0000] {subprocess.py:93} INFO - This is not the full help, this menu is stripped into categories.
[2024-08-07T14:46:04.316+0000] {subprocess.py:93} INFO - Use "--help category" to get an overview of all categories.
[2024-08-07T14:46:04.317+0000] {subprocess.py:93} INFO - For all options use the manual or "--help all".
[2024-08-07T14:46:04.318+0000] {subprocess.py:97} INFO - Command exited with return code 0
[2024-08-07T14:46:04.319+0000] {taskinstance.py:441} INFO - ::group::Post task execution logs
[2024-08-07T14:46:04.354+0000] {taskinstance.py:1206} INFO - Marking task as SUCCESS. dag_id=***-space-exploration, task_id=SpaceX_Data, run_id=scheduled__2024-08-01T00:00:00+00:00, execution_date=20240801T000000, start_date=20240807T144603, end_date=20240807T144604
[2024-08-07T14:46:04.390+0000] {local_task_job_runner.py:243} INFO - Task exited with return code 0
[2024-08-07T14:46:04.428+0000] {taskinstance.py:3503} INFO - 1 downstream tasks scheduled from follow-on schedule check
[2024-08-07T14:46:04.432+0000] {local_task_job_runner.py:222} INFO - ::endgroup::
