[2024-08-07T14:27:19.190+0000] {local_task_job_runner.py:120} INFO - ::group::Pre task execution logs
[2024-08-07T14:27:19.248+0000] {taskinstance.py:2076} INFO - Dependencies all met for dep_context=non-requeueable deps ti=<TaskInstance: airflow-space-exploration.SpaceX_data scheduled__2024-08-04T00:00:00+00:00 [queued]>
[2024-08-07T14:27:19.267+0000] {taskinstance.py:2076} INFO - Dependencies all met for dep_context=requeueable deps ti=<TaskInstance: airflow-space-exploration.SpaceX_data scheduled__2024-08-04T00:00:00+00:00 [queued]>
[2024-08-07T14:27:19.270+0000] {taskinstance.py:2306} INFO - Starting attempt 5 of 5
[2024-08-07T14:27:19.298+0000] {taskinstance.py:2330} INFO - Executing <Task(BashOperator): SpaceX_data> on 2024-08-04 00:00:00+00:00
[2024-08-07T14:27:19.307+0000] {warnings.py:112} WARNING - /home/***/.local/lib/python3.12/site-packages/***/task/task_runner/standard_task_runner.py:62: DeprecationWarning: This process (pid=616) is multi-threaded, use of fork() may lead to deadlocks in the child.
  pid = os.fork()

[2024-08-07T14:27:19.308+0000] {standard_task_runner.py:90} INFO - Running: ['***', 'tasks', 'run', '***-space-exploration', 'SpaceX_data', 'scheduled__2024-08-04T00:00:00+00:00', '--job-id', '106', '--raw', '--subdir', 'DAGS_FOLDER/***-space-exploration.py', '--cfg-path', '/tmp/tmpvumbj2mg']
[2024-08-07T14:27:19.309+0000] {standard_task_runner.py:64} INFO - Started process 624 to run task
[2024-08-07T14:27:19.310+0000] {standard_task_runner.py:91} INFO - Job 106: Subtask SpaceX_data
[2024-08-07T14:27:19.380+0000] {task_command.py:426} INFO - Running <TaskInstance: airflow-space-exploration.SpaceX_data scheduled__2024-08-04T00:00:00+00:00 [running]> on host 38873943cc86
[2024-08-07T14:27:19.515+0000] {taskinstance.py:2648} INFO - Exporting env vars: AIRFLOW_CTX_DAG_OWNER='***' AIRFLOW_CTX_DAG_ID='***-space-exploration' AIRFLOW_CTX_TASK_ID='SpaceX_data' AIRFLOW_CTX_EXECUTION_DATE='2024-08-04T00:00:00+00:00' AIRFLOW_CTX_TRY_NUMBER='5' AIRFLOW_CTX_DAG_RUN_ID='scheduled__2024-08-04T00:00:00+00:00'
[2024-08-07T14:27:19.516+0000] {taskinstance.py:430} INFO - ::endgroup::
[2024-08-07T14:27:19.536+0000] {subprocess.py:63} INFO - Tmp dir root location: /tmp
[2024-08-07T14:27:19.537+0000] {subprocess.py:75} INFO - Running command: ['/usr/bin/bash', '-c', "curl -o /tmp/history.json -L'https://api.spacexdata.com/v4/history'"]
[2024-08-07T14:27:19.550+0000] {subprocess.py:86} INFO - Output:
[2024-08-07T14:27:19.559+0000] {subprocess.py:93} INFO - Usage: curl [options...] <url>
[2024-08-07T14:27:19.561+0000] {subprocess.py:93} INFO -  -d, --data <data>          HTTP POST data
[2024-08-07T14:27:19.561+0000] {subprocess.py:93} INFO -  -f, --fail                 Fail fast with no output on HTTP errors
[2024-08-07T14:27:19.562+0000] {subprocess.py:93} INFO -  -h, --help <category>      Get help for commands
[2024-08-07T14:27:19.563+0000] {subprocess.py:93} INFO -  -i, --include              Include protocol response headers in the output
[2024-08-07T14:27:19.564+0000] {subprocess.py:93} INFO -  -o, --output <file>        Write to file instead of stdout
[2024-08-07T14:27:19.564+0000] {subprocess.py:93} INFO -  -O, --remote-name          Write output to a file named as the remote file
[2024-08-07T14:27:19.565+0000] {subprocess.py:93} INFO -  -s, --silent               Silent mode
[2024-08-07T14:27:19.566+0000] {subprocess.py:93} INFO -  -T, --upload-file <file>   Transfer local FILE to destination
[2024-08-07T14:27:19.567+0000] {subprocess.py:93} INFO -  -u, --user <user:password> Server user and password
[2024-08-07T14:27:19.568+0000] {subprocess.py:93} INFO -  -A, --user-agent <name>    Send User-Agent <name> to server
[2024-08-07T14:27:19.568+0000] {subprocess.py:93} INFO -  -v, --verbose              Make the operation more talkative
[2024-08-07T14:27:19.569+0000] {subprocess.py:93} INFO -  -V, --version              Show version number and quit
[2024-08-07T14:27:19.570+0000] {subprocess.py:93} INFO - 
[2024-08-07T14:27:19.571+0000] {subprocess.py:93} INFO - This is not the full help, this menu is stripped into categories.
[2024-08-07T14:27:19.571+0000] {subprocess.py:93} INFO - Use "--help category" to get an overview of all categories.
[2024-08-07T14:27:19.572+0000] {subprocess.py:93} INFO - For all options use the manual or "--help all".
[2024-08-07T14:27:19.573+0000] {subprocess.py:97} INFO - Command exited with return code 0
[2024-08-07T14:27:19.574+0000] {taskinstance.py:441} INFO - ::group::Post task execution logs
[2024-08-07T14:27:19.613+0000] {taskinstance.py:1206} INFO - Marking task as SUCCESS. dag_id=***-space-exploration, task_id=SpaceX_data, run_id=scheduled__2024-08-04T00:00:00+00:00, execution_date=20240804T000000, start_date=20240807T142719, end_date=20240807T142719
[2024-08-07T14:27:19.646+0000] {local_task_job_runner.py:243} INFO - Task exited with return code 0
[2024-08-07T14:27:19.705+0000] {taskinstance.py:3503} INFO - 1 downstream tasks scheduled from follow-on schedule check
[2024-08-07T14:27:19.714+0000] {local_task_job_runner.py:222} INFO - ::endgroup::
[2024-08-07T14:59:04.325+0000] {local_task_job_runner.py:120} INFO - ::group::Pre task execution logs
[2024-08-07T14:59:04.359+0000] {taskinstance.py:2076} INFO - Dependencies all met for dep_context=non-requeueable deps ti=<TaskInstance: airflow-space-exploration.SpaceX_Data scheduled__2024-08-04T00:00:00+00:00 [queued]>
[2024-08-07T14:59:04.375+0000] {taskinstance.py:2076} INFO - Dependencies all met for dep_context=requeueable deps ti=<TaskInstance: airflow-space-exploration.SpaceX_Data scheduled__2024-08-04T00:00:00+00:00 [queued]>
[2024-08-07T14:59:04.376+0000] {taskinstance.py:2306} INFO - Starting attempt 5 of 5
[2024-08-07T14:59:04.410+0000] {taskinstance.py:2330} INFO - Executing <Task(BashOperator): SpaceX_Data> on 2024-08-04 00:00:00+00:00
[2024-08-07T14:59:04.419+0000] {warnings.py:112} WARNING - /home/***/.local/lib/python3.12/site-packages/***/task/task_runner/standard_task_runner.py:62: DeprecationWarning: This process (pid=129) is multi-threaded, use of fork() may lead to deadlocks in the child.
  pid = os.fork()

[2024-08-07T14:59:04.421+0000] {standard_task_runner.py:64} INFO - Started process 136 to run task
[2024-08-07T14:59:04.421+0000] {standard_task_runner.py:90} INFO - Running: ['***', 'tasks', 'run', '***-space-exploration', 'SpaceX_Data', 'scheduled__2024-08-04T00:00:00+00:00', '--job-id', '325', '--raw', '--subdir', 'DAGS_FOLDER/***-space-exploration.py', '--cfg-path', '/tmp/tmp0t3o7rq4']
[2024-08-07T14:59:04.423+0000] {standard_task_runner.py:91} INFO - Job 325: Subtask SpaceX_Data
[2024-08-07T14:59:04.492+0000] {task_command.py:426} INFO - Running <TaskInstance: airflow-space-exploration.SpaceX_Data scheduled__2024-08-04T00:00:00+00:00 [running]> on host 38873943cc86
[2024-08-07T14:59:04.603+0000] {taskinstance.py:2648} INFO - Exporting env vars: AIRFLOW_CTX_DAG_OWNER='***' AIRFLOW_CTX_DAG_ID='***-space-exploration' AIRFLOW_CTX_TASK_ID='SpaceX_Data' AIRFLOW_CTX_EXECUTION_DATE='2024-08-04T00:00:00+00:00' AIRFLOW_CTX_TRY_NUMBER='5' AIRFLOW_CTX_DAG_RUN_ID='scheduled__2024-08-04T00:00:00+00:00'
[2024-08-07T14:59:04.605+0000] {taskinstance.py:430} INFO - ::endgroup::
[2024-08-07T14:59:04.633+0000] {subprocess.py:63} INFO - Tmp dir root location: /tmp
[2024-08-07T14:59:04.635+0000] {subprocess.py:75} INFO - Running command: ['/usr/bin/bash', '-c', "curl -o /tmp/history.json -L'https://api.spacexdata.com/v4/history'"]
[2024-08-07T14:59:04.652+0000] {subprocess.py:86} INFO - Output:
[2024-08-07T14:59:04.664+0000] {subprocess.py:93} INFO - Usage: curl [options...] <url>
[2024-08-07T14:59:04.665+0000] {subprocess.py:93} INFO -  -d, --data <data>          HTTP POST data
[2024-08-07T14:59:04.666+0000] {subprocess.py:93} INFO -  -f, --fail                 Fail fast with no output on HTTP errors
[2024-08-07T14:59:04.667+0000] {subprocess.py:93} INFO -  -h, --help <category>      Get help for commands
[2024-08-07T14:59:04.668+0000] {subprocess.py:93} INFO -  -i, --include              Include protocol response headers in the output
[2024-08-07T14:59:04.669+0000] {subprocess.py:93} INFO -  -o, --output <file>        Write to file instead of stdout
[2024-08-07T14:59:04.670+0000] {subprocess.py:93} INFO -  -O, --remote-name          Write output to a file named as the remote file
[2024-08-07T14:59:04.672+0000] {subprocess.py:93} INFO -  -s, --silent               Silent mode
[2024-08-07T14:59:04.674+0000] {subprocess.py:93} INFO -  -T, --upload-file <file>   Transfer local FILE to destination
[2024-08-07T14:59:04.675+0000] {subprocess.py:93} INFO -  -u, --user <user:password> Server user and password
[2024-08-07T14:59:04.676+0000] {subprocess.py:93} INFO -  -A, --user-agent <name>    Send User-Agent <name> to server
[2024-08-07T14:59:04.677+0000] {subprocess.py:93} INFO -  -v, --verbose              Make the operation more talkative
[2024-08-07T14:59:04.678+0000] {subprocess.py:93} INFO -  -V, --version              Show version number and quit
[2024-08-07T14:59:04.679+0000] {subprocess.py:93} INFO - 
[2024-08-07T14:59:04.679+0000] {subprocess.py:93} INFO - This is not the full help, this menu is stripped into categories.
[2024-08-07T14:59:04.680+0000] {subprocess.py:93} INFO - Use "--help category" to get an overview of all categories.
[2024-08-07T14:59:04.681+0000] {subprocess.py:93} INFO - For all options use the manual or "--help all".
[2024-08-07T14:59:04.682+0000] {subprocess.py:97} INFO - Command exited with return code 0
[2024-08-07T14:59:04.683+0000] {taskinstance.py:441} INFO - ::group::Post task execution logs
[2024-08-07T14:59:04.728+0000] {taskinstance.py:1206} INFO - Marking task as SUCCESS. dag_id=***-space-exploration, task_id=SpaceX_Data, run_id=scheduled__2024-08-04T00:00:00+00:00, execution_date=20240804T000000, start_date=20240807T145904, end_date=20240807T145904
[2024-08-07T14:59:04.800+0000] {local_task_job_runner.py:243} INFO - Task exited with return code 0
[2024-08-07T14:59:04.874+0000] {taskinstance.py:3503} INFO - 1 downstream tasks scheduled from follow-on schedule check
[2024-08-07T14:59:04.884+0000] {local_task_job_runner.py:222} INFO - ::endgroup::
