[2024-08-07T14:10:28.742+0000] {local_task_job_runner.py:120} INFO - ::group::Pre task execution logs
[2024-08-07T14:10:28.784+0000] {taskinstance.py:2076} INFO - Dependencies all met for dep_context=non-requeueable deps ti=<TaskInstance: airflow-space-exploration.SpaceX_data scheduled__2024-08-04T00:00:00+00:00 [queued]>
[2024-08-07T14:10:28.799+0000] {taskinstance.py:2076} INFO - Dependencies all met for dep_context=requeueable deps ti=<TaskInstance: airflow-space-exploration.SpaceX_data scheduled__2024-08-04T00:00:00+00:00 [queued]>
[2024-08-07T14:10:28.800+0000] {taskinstance.py:2306} INFO - Starting attempt 1 of 1
[2024-08-07T14:10:28.887+0000] {taskinstance.py:2330} INFO - Executing <Task(BashOperator): SpaceX_data> on 2024-08-04 00:00:00+00:00
[2024-08-07T14:10:28.930+0000] {warnings.py:112} WARNING - /home/***/.local/lib/python3.12/site-packages/***/task/task_runner/standard_task_runner.py:62: DeprecationWarning: This process (pid=125) is multi-threaded, use of fork() may lead to deadlocks in the child.
  pid = os.fork()

[2024-08-07T14:10:28.929+0000] {standard_task_runner.py:90} INFO - Running: ['***', 'tasks', 'run', '***-space-exploration', 'SpaceX_data', 'scheduled__2024-08-04T00:00:00+00:00', '--job-id', '22', '--raw', '--subdir', 'DAGS_FOLDER/***-space-exploration.py', '--cfg-path', '/tmp/tmpkscyqj2k']
[2024-08-07T14:10:28.935+0000] {standard_task_runner.py:64} INFO - Started process 134 to run task
[2024-08-07T14:10:28.935+0000] {standard_task_runner.py:91} INFO - Job 22: Subtask SpaceX_data
[2024-08-07T14:10:29.145+0000] {task_command.py:426} INFO - Running <TaskInstance: airflow-space-exploration.SpaceX_data scheduled__2024-08-04T00:00:00+00:00 [running]> on host 38873943cc86
[2024-08-07T14:10:29.387+0000] {taskinstance.py:2648} INFO - Exporting env vars: AIRFLOW_CTX_DAG_OWNER='***' AIRFLOW_CTX_DAG_ID='***-space-exploration' AIRFLOW_CTX_TASK_ID='SpaceX_data' AIRFLOW_CTX_EXECUTION_DATE='2024-08-04T00:00:00+00:00' AIRFLOW_CTX_TRY_NUMBER='1' AIRFLOW_CTX_DAG_RUN_ID='scheduled__2024-08-04T00:00:00+00:00'
[2024-08-07T14:10:29.388+0000] {taskinstance.py:430} INFO - ::endgroup::
[2024-08-07T14:10:29.436+0000] {subprocess.py:63} INFO - Tmp dir root location: /tmp
[2024-08-07T14:10:29.440+0000] {subprocess.py:75} INFO - Running command: ['/usr/bin/bash', '-c', "curl -o /tmp/history.json -L'https://api.spacexdata.com/v4/history'"]
[2024-08-07T14:10:29.494+0000] {subprocess.py:86} INFO - Output:
[2024-08-07T14:10:29.508+0000] {subprocess.py:93} INFO - Usage: curl [options...] <url>
[2024-08-07T14:10:29.513+0000] {subprocess.py:93} INFO -  -d, --data <data>          HTTP POST data
[2024-08-07T14:10:29.516+0000] {subprocess.py:93} INFO -  -f, --fail                 Fail fast with no output on HTTP errors
[2024-08-07T14:10:29.519+0000] {subprocess.py:93} INFO -  -h, --help <category>      Get help for commands
[2024-08-07T14:10:29.520+0000] {subprocess.py:93} INFO -  -i, --include              Include protocol response headers in the output
[2024-08-07T14:10:29.521+0000] {subprocess.py:93} INFO -  -o, --output <file>        Write to file instead of stdout
[2024-08-07T14:10:29.522+0000] {subprocess.py:93} INFO -  -O, --remote-name          Write output to a file named as the remote file
[2024-08-07T14:10:29.523+0000] {subprocess.py:93} INFO -  -s, --silent               Silent mode
[2024-08-07T14:10:29.524+0000] {subprocess.py:93} INFO -  -T, --upload-file <file>   Transfer local FILE to destination
[2024-08-07T14:10:29.525+0000] {subprocess.py:93} INFO -  -u, --user <user:password> Server user and password
[2024-08-07T14:10:29.526+0000] {subprocess.py:93} INFO -  -A, --user-agent <name>    Send User-Agent <name> to server
[2024-08-07T14:10:29.528+0000] {subprocess.py:93} INFO -  -v, --verbose              Make the operation more talkative
[2024-08-07T14:10:29.533+0000] {subprocess.py:93} INFO -  -V, --version              Show version number and quit
[2024-08-07T14:10:29.535+0000] {subprocess.py:93} INFO - 
[2024-08-07T14:10:29.536+0000] {subprocess.py:93} INFO - This is not the full help, this menu is stripped into categories.
[2024-08-07T14:10:29.537+0000] {subprocess.py:93} INFO - Use "--help category" to get an overview of all categories.
[2024-08-07T14:10:29.540+0000] {subprocess.py:93} INFO - For all options use the manual or "--help all".
[2024-08-07T14:10:29.541+0000] {subprocess.py:97} INFO - Command exited with return code 0
[2024-08-07T14:10:29.544+0000] {taskinstance.py:441} INFO - ::group::Post task execution logs
[2024-08-07T14:10:29.585+0000] {taskinstance.py:1206} INFO - Marking task as SUCCESS. dag_id=***-space-exploration, task_id=SpaceX_data, run_id=scheduled__2024-08-04T00:00:00+00:00, execution_date=20240804T000000, start_date=20240807T141028, end_date=20240807T141029
[2024-08-07T14:10:29.642+0000] {local_task_job_runner.py:243} INFO - Task exited with return code 0
[2024-08-07T14:10:29.656+0000] {taskinstance.py:3503} INFO - 0 downstream tasks scheduled from follow-on schedule check
[2024-08-07T14:10:29.658+0000] {local_task_job_runner.py:222} INFO - ::endgroup::
[2024-08-07T14:43:15.798+0000] {local_task_job_runner.py:120} INFO - ::group::Pre task execution logs
[2024-08-07T14:43:15.843+0000] {taskinstance.py:2076} INFO - Dependencies all met for dep_context=non-requeueable deps ti=<TaskInstance: airflow-space-exploration.SpaceX_Data scheduled__2024-08-04T00:00:00+00:00 [queued]>
[2024-08-07T14:43:15.859+0000] {taskinstance.py:2076} INFO - Dependencies all met for dep_context=requeueable deps ti=<TaskInstance: airflow-space-exploration.SpaceX_Data scheduled__2024-08-04T00:00:00+00:00 [queued]>
[2024-08-07T14:43:15.860+0000] {taskinstance.py:2306} INFO - Starting attempt 1 of 1
[2024-08-07T14:43:15.897+0000] {taskinstance.py:2330} INFO - Executing <Task(BashOperator): SpaceX_Data> on 2024-08-04 00:00:00+00:00
[2024-08-07T14:43:15.907+0000] {warnings.py:112} WARNING - /home/***/.local/lib/python3.12/site-packages/***/task/task_runner/standard_task_runner.py:62: DeprecationWarning: This process (pid=1047) is multi-threaded, use of fork() may lead to deadlocks in the child.
  pid = os.fork()

[2024-08-07T14:43:15.907+0000] {standard_task_runner.py:90} INFO - Running: ['***', 'tasks', 'run', '***-space-exploration', 'SpaceX_Data', 'scheduled__2024-08-04T00:00:00+00:00', '--job-id', '172', '--raw', '--subdir', 'DAGS_FOLDER/***-space-exploration.py', '--cfg-path', '/tmp/tmp5ktsz2fj']
[2024-08-07T14:43:15.909+0000] {standard_task_runner.py:64} INFO - Started process 1057 to run task
[2024-08-07T14:43:15.909+0000] {standard_task_runner.py:91} INFO - Job 172: Subtask SpaceX_Data
[2024-08-07T14:43:15.991+0000] {task_command.py:426} INFO - Running <TaskInstance: airflow-space-exploration.SpaceX_Data scheduled__2024-08-04T00:00:00+00:00 [running]> on host 38873943cc86
[2024-08-07T14:43:16.187+0000] {taskinstance.py:2648} INFO - Exporting env vars: AIRFLOW_CTX_DAG_OWNER='***' AIRFLOW_CTX_DAG_ID='***-space-exploration' AIRFLOW_CTX_TASK_ID='SpaceX_Data' AIRFLOW_CTX_EXECUTION_DATE='2024-08-04T00:00:00+00:00' AIRFLOW_CTX_TRY_NUMBER='1' AIRFLOW_CTX_DAG_RUN_ID='scheduled__2024-08-04T00:00:00+00:00'
[2024-08-07T14:43:16.192+0000] {taskinstance.py:430} INFO - ::endgroup::
[2024-08-07T14:43:16.217+0000] {subprocess.py:63} INFO - Tmp dir root location: /tmp
[2024-08-07T14:43:16.219+0000] {subprocess.py:75} INFO - Running command: ['/usr/bin/bash', '-c', "curl -o /tmp/history.json -L'https://api.spacexdata.com/v4/history'"]
[2024-08-07T14:43:16.240+0000] {subprocess.py:86} INFO - Output:
[2024-08-07T14:43:16.256+0000] {subprocess.py:93} INFO - Usage: curl [options...] <url>
[2024-08-07T14:43:16.257+0000] {subprocess.py:93} INFO -  -d, --data <data>          HTTP POST data
[2024-08-07T14:43:16.257+0000] {subprocess.py:93} INFO -  -f, --fail                 Fail fast with no output on HTTP errors
[2024-08-07T14:43:16.260+0000] {subprocess.py:93} INFO -  -h, --help <category>      Get help for commands
[2024-08-07T14:43:16.261+0000] {subprocess.py:93} INFO -  -i, --include              Include protocol response headers in the output
[2024-08-07T14:43:16.262+0000] {subprocess.py:93} INFO -  -o, --output <file>        Write to file instead of stdout
[2024-08-07T14:43:16.265+0000] {subprocess.py:93} INFO -  -O, --remote-name          Write output to a file named as the remote file
[2024-08-07T14:43:16.266+0000] {subprocess.py:93} INFO -  -s, --silent               Silent mode
[2024-08-07T14:43:16.267+0000] {subprocess.py:93} INFO -  -T, --upload-file <file>   Transfer local FILE to destination
[2024-08-07T14:43:16.268+0000] {subprocess.py:93} INFO -  -u, --user <user:password> Server user and password
[2024-08-07T14:43:16.271+0000] {subprocess.py:93} INFO -  -A, --user-agent <name>    Send User-Agent <name> to server
[2024-08-07T14:43:16.273+0000] {subprocess.py:93} INFO -  -v, --verbose              Make the operation more talkative
[2024-08-07T14:43:16.274+0000] {subprocess.py:93} INFO -  -V, --version              Show version number and quit
[2024-08-07T14:43:16.276+0000] {subprocess.py:93} INFO - 
[2024-08-07T14:43:16.281+0000] {subprocess.py:93} INFO - This is not the full help, this menu is stripped into categories.
[2024-08-07T14:43:16.285+0000] {subprocess.py:93} INFO - Use "--help category" to get an overview of all categories.
[2024-08-07T14:43:16.286+0000] {subprocess.py:93} INFO - For all options use the manual or "--help all".
[2024-08-07T14:43:16.289+0000] {subprocess.py:97} INFO - Command exited with return code 0
[2024-08-07T14:43:16.294+0000] {taskinstance.py:441} INFO - ::group::Post task execution logs
[2024-08-07T14:43:16.355+0000] {taskinstance.py:1206} INFO - Marking task as SUCCESS. dag_id=***-space-exploration, task_id=SpaceX_Data, run_id=scheduled__2024-08-04T00:00:00+00:00, execution_date=20240804T000000, start_date=20240807T144315, end_date=20240807T144316
[2024-08-07T14:43:16.410+0000] {local_task_job_runner.py:243} INFO - Task exited with return code 0
[2024-08-07T14:43:16.446+0000] {taskinstance.py:3503} INFO - 1 downstream tasks scheduled from follow-on schedule check
[2024-08-07T14:43:16.449+0000] {local_task_job_runner.py:222} INFO - ::endgroup::
