[2024-08-07T14:33:53.831+0000] {local_task_job_runner.py:120} INFO - ::group::Pre task execution logs
[2024-08-07T14:33:53.869+0000] {taskinstance.py:2076} INFO - Dependencies all met for dep_context=non-requeueable deps ti=<TaskInstance: airflow-space-exploration.SpaceX_data scheduled__2024-08-04T00:00:00+00:00 [queued]>
[2024-08-07T14:33:53.885+0000] {taskinstance.py:2076} INFO - Dependencies all met for dep_context=requeueable deps ti=<TaskInstance: airflow-space-exploration.SpaceX_data scheduled__2024-08-04T00:00:00+00:00 [queued]>
[2024-08-07T14:33:53.887+0000] {taskinstance.py:2306} INFO - Starting attempt 6 of 6
[2024-08-07T14:33:53.912+0000] {taskinstance.py:2330} INFO - Executing <Task(BashOperator): SpaceX_data> on 2024-08-04 00:00:00+00:00
[2024-08-07T14:33:53.923+0000] {warnings.py:112} WARNING - /home/***/.local/lib/python3.12/site-packages/***/task/task_runner/standard_task_runner.py:62: DeprecationWarning: This process (pid=800) is multi-threaded, use of fork() may lead to deadlocks in the child.
  pid = os.fork()

[2024-08-07T14:33:53.924+0000] {standard_task_runner.py:90} INFO - Running: ['***', 'tasks', 'run', '***-space-exploration', 'SpaceX_data', 'scheduled__2024-08-04T00:00:00+00:00', '--job-id', '129', '--raw', '--subdir', 'DAGS_FOLDER/***-space-exploration.py', '--cfg-path', '/tmp/tmpnwla1e8_']
[2024-08-07T14:33:53.925+0000] {standard_task_runner.py:64} INFO - Started process 808 to run task
[2024-08-07T14:33:53.926+0000] {standard_task_runner.py:91} INFO - Job 129: Subtask SpaceX_data
[2024-08-07T14:33:54.004+0000] {task_command.py:426} INFO - Running <TaskInstance: airflow-space-exploration.SpaceX_data scheduled__2024-08-04T00:00:00+00:00 [running]> on host 38873943cc86
[2024-08-07T14:33:54.128+0000] {taskinstance.py:2648} INFO - Exporting env vars: AIRFLOW_CTX_DAG_OWNER='***' AIRFLOW_CTX_DAG_ID='***-space-exploration' AIRFLOW_CTX_TASK_ID='SpaceX_data' AIRFLOW_CTX_EXECUTION_DATE='2024-08-04T00:00:00+00:00' AIRFLOW_CTX_TRY_NUMBER='6' AIRFLOW_CTX_DAG_RUN_ID='scheduled__2024-08-04T00:00:00+00:00'
[2024-08-07T14:33:54.130+0000] {taskinstance.py:430} INFO - ::endgroup::
[2024-08-07T14:33:54.150+0000] {subprocess.py:63} INFO - Tmp dir root location: /tmp
[2024-08-07T14:33:54.153+0000] {subprocess.py:75} INFO - Running command: ['/usr/bin/bash', '-c', "curl -o /tmp/history.json -L'https://api.spacexdata.com/v4/history'"]
[2024-08-07T14:33:54.174+0000] {subprocess.py:86} INFO - Output:
[2024-08-07T14:33:54.185+0000] {subprocess.py:93} INFO - Usage: curl [options...] <url>
[2024-08-07T14:33:54.186+0000] {subprocess.py:93} INFO -  -d, --data <data>          HTTP POST data
[2024-08-07T14:33:54.187+0000] {subprocess.py:93} INFO -  -f, --fail                 Fail fast with no output on HTTP errors
[2024-08-07T14:33:54.188+0000] {subprocess.py:93} INFO -  -h, --help <category>      Get help for commands
[2024-08-07T14:33:54.189+0000] {subprocess.py:93} INFO -  -i, --include              Include protocol response headers in the output
[2024-08-07T14:33:54.189+0000] {subprocess.py:93} INFO -  -o, --output <file>        Write to file instead of stdout
[2024-08-07T14:33:54.190+0000] {subprocess.py:93} INFO -  -O, --remote-name          Write output to a file named as the remote file
[2024-08-07T14:33:54.191+0000] {subprocess.py:93} INFO -  -s, --silent               Silent mode
[2024-08-07T14:33:54.192+0000] {subprocess.py:93} INFO -  -T, --upload-file <file>   Transfer local FILE to destination
[2024-08-07T14:33:54.193+0000] {subprocess.py:93} INFO -  -u, --user <user:password> Server user and password
[2024-08-07T14:33:54.194+0000] {subprocess.py:93} INFO -  -A, --user-agent <name>    Send User-Agent <name> to server
[2024-08-07T14:33:54.195+0000] {subprocess.py:93} INFO -  -v, --verbose              Make the operation more talkative
[2024-08-07T14:33:54.196+0000] {subprocess.py:93} INFO -  -V, --version              Show version number and quit
[2024-08-07T14:33:54.197+0000] {subprocess.py:93} INFO - 
[2024-08-07T14:33:54.198+0000] {subprocess.py:93} INFO - This is not the full help, this menu is stripped into categories.
[2024-08-07T14:33:54.199+0000] {subprocess.py:93} INFO - Use "--help category" to get an overview of all categories.
[2024-08-07T14:33:54.200+0000] {subprocess.py:93} INFO - For all options use the manual or "--help all".
[2024-08-07T14:33:54.200+0000] {subprocess.py:97} INFO - Command exited with return code 0
[2024-08-07T14:33:54.202+0000] {taskinstance.py:441} INFO - ::group::Post task execution logs
[2024-08-07T14:33:54.242+0000] {taskinstance.py:1206} INFO - Marking task as SUCCESS. dag_id=***-space-exploration, task_id=SpaceX_data, run_id=scheduled__2024-08-04T00:00:00+00:00, execution_date=20240804T000000, start_date=20240807T143353, end_date=20240807T143354
[2024-08-07T14:33:54.303+0000] {local_task_job_runner.py:243} INFO - Task exited with return code 0
[2024-08-07T14:33:54.337+0000] {taskinstance.py:3503} INFO - 1 downstream tasks scheduled from follow-on schedule check
[2024-08-07T14:33:54.341+0000] {local_task_job_runner.py:222} INFO - ::endgroup::
[2024-08-07T15:02:23.886+0000] {local_task_job_runner.py:120} INFO - ::group::Pre task execution logs
[2024-08-07T15:02:23.924+0000] {taskinstance.py:2076} INFO - Dependencies all met for dep_context=non-requeueable deps ti=<TaskInstance: airflow-space-exploration.SpaceX_Data scheduled__2024-08-04T00:00:00+00:00 [queued]>
[2024-08-07T15:02:23.937+0000] {taskinstance.py:2076} INFO - Dependencies all met for dep_context=requeueable deps ti=<TaskInstance: airflow-space-exploration.SpaceX_Data scheduled__2024-08-04T00:00:00+00:00 [queued]>
[2024-08-07T15:02:23.938+0000] {taskinstance.py:2306} INFO - Starting attempt 6 of 6
[2024-08-07T15:02:23.958+0000] {taskinstance.py:2330} INFO - Executing <Task(BashOperator): SpaceX_Data> on 2024-08-04 00:00:00+00:00
[2024-08-07T15:02:23.968+0000] {warnings.py:112} WARNING - /home/***/.local/lib/python3.12/site-packages/***/task/task_runner/standard_task_runner.py:62: DeprecationWarning: This process (pid=308) is multi-threaded, use of fork() may lead to deadlocks in the child.
  pid = os.fork()

[2024-08-07T15:02:23.970+0000] {standard_task_runner.py:64} INFO - Started process 317 to run task
[2024-08-07T15:02:23.970+0000] {standard_task_runner.py:90} INFO - Running: ['***', 'tasks', 'run', '***-space-exploration', 'SpaceX_Data', 'scheduled__2024-08-04T00:00:00+00:00', '--job-id', '365', '--raw', '--subdir', 'DAGS_FOLDER/***-space-exploration.py', '--cfg-path', '/tmp/tmp28kw2n9u']
[2024-08-07T15:02:23.972+0000] {standard_task_runner.py:91} INFO - Job 365: Subtask SpaceX_Data
[2024-08-07T15:02:24.038+0000] {task_command.py:426} INFO - Running <TaskInstance: airflow-space-exploration.SpaceX_Data scheduled__2024-08-04T00:00:00+00:00 [running]> on host 38873943cc86
[2024-08-07T15:02:24.157+0000] {taskinstance.py:2648} INFO - Exporting env vars: AIRFLOW_CTX_DAG_OWNER='***' AIRFLOW_CTX_DAG_ID='***-space-exploration' AIRFLOW_CTX_TASK_ID='SpaceX_Data' AIRFLOW_CTX_EXECUTION_DATE='2024-08-04T00:00:00+00:00' AIRFLOW_CTX_TRY_NUMBER='6' AIRFLOW_CTX_DAG_RUN_ID='scheduled__2024-08-04T00:00:00+00:00'
[2024-08-07T15:02:24.158+0000] {taskinstance.py:430} INFO - ::endgroup::
[2024-08-07T15:02:24.181+0000] {subprocess.py:63} INFO - Tmp dir root location: /tmp
[2024-08-07T15:02:24.184+0000] {subprocess.py:75} INFO - Running command: ['/usr/bin/bash', '-c', "curl -o /tmp/history.json -L'https://api.spacexdata.com/v4/history'"]
[2024-08-07T15:02:24.199+0000] {subprocess.py:86} INFO - Output:
[2024-08-07T15:02:24.209+0000] {subprocess.py:93} INFO - Usage: curl [options...] <url>
[2024-08-07T15:02:24.209+0000] {subprocess.py:93} INFO -  -d, --data <data>          HTTP POST data
[2024-08-07T15:02:24.210+0000] {subprocess.py:93} INFO -  -f, --fail                 Fail fast with no output on HTTP errors
[2024-08-07T15:02:24.211+0000] {subprocess.py:93} INFO -  -h, --help <category>      Get help for commands
[2024-08-07T15:02:24.212+0000] {subprocess.py:93} INFO -  -i, --include              Include protocol response headers in the output
[2024-08-07T15:02:24.212+0000] {subprocess.py:93} INFO -  -o, --output <file>        Write to file instead of stdout
[2024-08-07T15:02:24.213+0000] {subprocess.py:93} INFO -  -O, --remote-name          Write output to a file named as the remote file
[2024-08-07T15:02:24.214+0000] {subprocess.py:93} INFO -  -s, --silent               Silent mode
[2024-08-07T15:02:24.215+0000] {subprocess.py:93} INFO -  -T, --upload-file <file>   Transfer local FILE to destination
[2024-08-07T15:02:24.216+0000] {subprocess.py:93} INFO -  -u, --user <user:password> Server user and password
[2024-08-07T15:02:24.217+0000] {subprocess.py:93} INFO -  -A, --user-agent <name>    Send User-Agent <name> to server
[2024-08-07T15:02:24.218+0000] {subprocess.py:93} INFO -  -v, --verbose              Make the operation more talkative
[2024-08-07T15:02:24.218+0000] {subprocess.py:93} INFO -  -V, --version              Show version number and quit
[2024-08-07T15:02:24.219+0000] {subprocess.py:93} INFO - 
[2024-08-07T15:02:24.220+0000] {subprocess.py:93} INFO - This is not the full help, this menu is stripped into categories.
[2024-08-07T15:02:24.221+0000] {subprocess.py:93} INFO - Use "--help category" to get an overview of all categories.
[2024-08-07T15:02:24.221+0000] {subprocess.py:93} INFO - For all options use the manual or "--help all".
[2024-08-07T15:02:24.222+0000] {subprocess.py:97} INFO - Command exited with return code 0
[2024-08-07T15:02:24.223+0000] {taskinstance.py:441} INFO - ::group::Post task execution logs
[2024-08-07T15:02:24.252+0000] {taskinstance.py:1206} INFO - Marking task as SUCCESS. dag_id=***-space-exploration, task_id=SpaceX_Data, run_id=scheduled__2024-08-04T00:00:00+00:00, execution_date=20240804T000000, start_date=20240807T150223, end_date=20240807T150224
[2024-08-07T15:02:24.307+0000] {local_task_job_runner.py:243} INFO - Task exited with return code 0
[2024-08-07T15:02:24.336+0000] {taskinstance.py:3503} INFO - 1 downstream tasks scheduled from follow-on schedule check
[2024-08-07T15:02:24.341+0000] {local_task_job_runner.py:222} INFO - ::endgroup::
