[2024-08-07T14:24:07.177+0000] {local_task_job_runner.py:120} INFO - ::group::Pre task execution logs
[2024-08-07T14:24:07.219+0000] {taskinstance.py:2076} INFO - Dependencies all met for dep_context=non-requeueable deps ti=<TaskInstance: airflow-space-exploration.SpaceX_data scheduled__2024-08-04T00:00:00+00:00 [queued]>
[2024-08-07T14:24:07.237+0000] {taskinstance.py:2076} INFO - Dependencies all met for dep_context=requeueable deps ti=<TaskInstance: airflow-space-exploration.SpaceX_data scheduled__2024-08-04T00:00:00+00:00 [queued]>
[2024-08-07T14:24:07.238+0000] {taskinstance.py:2306} INFO - Starting attempt 3 of 3
[2024-08-07T14:24:07.268+0000] {taskinstance.py:2330} INFO - Executing <Task(BashOperator): SpaceX_data> on 2024-08-04 00:00:00+00:00
[2024-08-07T14:24:07.279+0000] {warnings.py:112} WARNING - /home/***/.local/lib/python3.12/site-packages/***/task/task_runner/standard_task_runner.py:62: DeprecationWarning: This process (pid=389) is multi-threaded, use of fork() may lead to deadlocks in the child.
  pid = os.fork()

[2024-08-07T14:24:07.281+0000] {standard_task_runner.py:90} INFO - Running: ['***', 'tasks', 'run', '***-space-exploration', 'SpaceX_data', 'scheduled__2024-08-04T00:00:00+00:00', '--job-id', '48', '--raw', '--subdir', 'DAGS_FOLDER/***-space-exploration.py', '--cfg-path', '/tmp/tmplzsj_djp']
[2024-08-07T14:24:07.282+0000] {standard_task_runner.py:64} INFO - Started process 398 to run task
[2024-08-07T14:24:07.283+0000] {standard_task_runner.py:91} INFO - Job 48: Subtask SpaceX_data
[2024-08-07T14:24:07.360+0000] {task_command.py:426} INFO - Running <TaskInstance: airflow-space-exploration.SpaceX_data scheduled__2024-08-04T00:00:00+00:00 [running]> on host 38873943cc86
[2024-08-07T14:24:07.515+0000] {taskinstance.py:2648} INFO - Exporting env vars: AIRFLOW_CTX_DAG_OWNER='***' AIRFLOW_CTX_DAG_ID='***-space-exploration' AIRFLOW_CTX_TASK_ID='SpaceX_data' AIRFLOW_CTX_EXECUTION_DATE='2024-08-04T00:00:00+00:00' AIRFLOW_CTX_TRY_NUMBER='3' AIRFLOW_CTX_DAG_RUN_ID='scheduled__2024-08-04T00:00:00+00:00'
[2024-08-07T14:24:07.517+0000] {taskinstance.py:430} INFO - ::endgroup::
[2024-08-07T14:24:07.548+0000] {subprocess.py:63} INFO - Tmp dir root location: /tmp
[2024-08-07T14:24:07.550+0000] {subprocess.py:75} INFO - Running command: ['/usr/bin/bash', '-c', "curl -o /tmp/history.json -L'https://api.spacexdata.com/v4/history'"]
[2024-08-07T14:24:07.571+0000] {subprocess.py:86} INFO - Output:
[2024-08-07T14:24:07.582+0000] {subprocess.py:93} INFO - Usage: curl [options...] <url>
[2024-08-07T14:24:07.583+0000] {subprocess.py:93} INFO -  -d, --data <data>          HTTP POST data
[2024-08-07T14:24:07.584+0000] {subprocess.py:93} INFO -  -f, --fail                 Fail fast with no output on HTTP errors
[2024-08-07T14:24:07.585+0000] {subprocess.py:93} INFO -  -h, --help <category>      Get help for commands
[2024-08-07T14:24:07.586+0000] {subprocess.py:93} INFO -  -i, --include              Include protocol response headers in the output
[2024-08-07T14:24:07.587+0000] {subprocess.py:93} INFO -  -o, --output <file>        Write to file instead of stdout
[2024-08-07T14:24:07.588+0000] {subprocess.py:93} INFO -  -O, --remote-name          Write output to a file named as the remote file
[2024-08-07T14:24:07.589+0000] {subprocess.py:93} INFO -  -s, --silent               Silent mode
[2024-08-07T14:24:07.590+0000] {subprocess.py:93} INFO -  -T, --upload-file <file>   Transfer local FILE to destination
[2024-08-07T14:24:07.592+0000] {subprocess.py:93} INFO -  -u, --user <user:password> Server user and password
[2024-08-07T14:24:07.595+0000] {subprocess.py:93} INFO -  -A, --user-agent <name>    Send User-Agent <name> to server
[2024-08-07T14:24:07.596+0000] {subprocess.py:93} INFO -  -v, --verbose              Make the operation more talkative
[2024-08-07T14:24:07.597+0000] {subprocess.py:93} INFO -  -V, --version              Show version number and quit
[2024-08-07T14:24:07.598+0000] {subprocess.py:93} INFO - 
[2024-08-07T14:24:07.599+0000] {subprocess.py:93} INFO - This is not the full help, this menu is stripped into categories.
[2024-08-07T14:24:07.600+0000] {subprocess.py:93} INFO - Use "--help category" to get an overview of all categories.
[2024-08-07T14:24:07.601+0000] {subprocess.py:93} INFO - For all options use the manual or "--help all".
[2024-08-07T14:24:07.602+0000] {subprocess.py:97} INFO - Command exited with return code 0
[2024-08-07T14:24:07.608+0000] {taskinstance.py:441} INFO - ::group::Post task execution logs
[2024-08-07T14:24:07.678+0000] {taskinstance.py:1206} INFO - Marking task as SUCCESS. dag_id=***-space-exploration, task_id=SpaceX_data, run_id=scheduled__2024-08-04T00:00:00+00:00, execution_date=20240804T000000, start_date=20240807T142407, end_date=20240807T142407
[2024-08-07T14:24:07.742+0000] {local_task_job_runner.py:243} INFO - Task exited with return code 0
[2024-08-07T14:24:07.783+0000] {taskinstance.py:3503} INFO - 1 downstream tasks scheduled from follow-on schedule check
[2024-08-07T14:24:07.787+0000] {local_task_job_runner.py:222} INFO - ::endgroup::
[2024-08-07T14:54:27.955+0000] {local_task_job_runner.py:120} INFO - ::group::Pre task execution logs
[2024-08-07T14:54:27.993+0000] {taskinstance.py:2076} INFO - Dependencies all met for dep_context=non-requeueable deps ti=<TaskInstance: airflow-space-exploration.SpaceX_Data scheduled__2024-08-04T00:00:00+00:00 [queued]>
[2024-08-07T14:54:28.006+0000] {taskinstance.py:2076} INFO - Dependencies all met for dep_context=requeueable deps ti=<TaskInstance: airflow-space-exploration.SpaceX_Data scheduled__2024-08-04T00:00:00+00:00 [queued]>
[2024-08-07T14:54:28.007+0000] {taskinstance.py:2306} INFO - Starting attempt 3 of 3
[2024-08-07T14:54:28.031+0000] {taskinstance.py:2330} INFO - Executing <Task(BashOperator): SpaceX_Data> on 2024-08-04 00:00:00+00:00
[2024-08-07T14:54:28.039+0000] {warnings.py:112} WARNING - /home/***/.local/lib/python3.12/site-packages/***/task/task_runner/standard_task_runner.py:62: DeprecationWarning: This process (pid=1418) is multi-threaded, use of fork() may lead to deadlocks in the child.
  pid = os.fork()

[2024-08-07T14:54:28.041+0000] {standard_task_runner.py:64} INFO - Started process 1425 to run task
[2024-08-07T14:54:28.041+0000] {standard_task_runner.py:90} INFO - Running: ['***', 'tasks', 'run', '***-space-exploration', 'SpaceX_Data', 'scheduled__2024-08-04T00:00:00+00:00', '--job-id', '240', '--raw', '--subdir', 'DAGS_FOLDER/***-space-exploration.py', '--cfg-path', '/tmp/tmp92qhycyz']
[2024-08-07T14:54:28.043+0000] {standard_task_runner.py:91} INFO - Job 240: Subtask SpaceX_Data
[2024-08-07T14:54:28.114+0000] {task_command.py:426} INFO - Running <TaskInstance: airflow-space-exploration.SpaceX_Data scheduled__2024-08-04T00:00:00+00:00 [running]> on host 38873943cc86
[2024-08-07T14:54:28.231+0000] {taskinstance.py:2648} INFO - Exporting env vars: AIRFLOW_CTX_DAG_OWNER='***' AIRFLOW_CTX_DAG_ID='***-space-exploration' AIRFLOW_CTX_TASK_ID='SpaceX_Data' AIRFLOW_CTX_EXECUTION_DATE='2024-08-04T00:00:00+00:00' AIRFLOW_CTX_TRY_NUMBER='3' AIRFLOW_CTX_DAG_RUN_ID='scheduled__2024-08-04T00:00:00+00:00'
[2024-08-07T14:54:28.232+0000] {taskinstance.py:430} INFO - ::endgroup::
[2024-08-07T14:54:28.252+0000] {subprocess.py:63} INFO - Tmp dir root location: /tmp
[2024-08-07T14:54:28.254+0000] {subprocess.py:75} INFO - Running command: ['/usr/bin/bash', '-c', "curl -o /tmp/history.json -L'https://api.spacexdata.com/v4/history'"]
[2024-08-07T14:54:28.271+0000] {subprocess.py:86} INFO - Output:
[2024-08-07T14:54:28.280+0000] {subprocess.py:93} INFO - Usage: curl [options...] <url>
[2024-08-07T14:54:28.281+0000] {subprocess.py:93} INFO -  -d, --data <data>          HTTP POST data
[2024-08-07T14:54:28.282+0000] {subprocess.py:93} INFO -  -f, --fail                 Fail fast with no output on HTTP errors
[2024-08-07T14:54:28.283+0000] {subprocess.py:93} INFO -  -h, --help <category>      Get help for commands
[2024-08-07T14:54:28.284+0000] {subprocess.py:93} INFO -  -i, --include              Include protocol response headers in the output
[2024-08-07T14:54:28.285+0000] {subprocess.py:93} INFO -  -o, --output <file>        Write to file instead of stdout
[2024-08-07T14:54:28.286+0000] {subprocess.py:93} INFO -  -O, --remote-name          Write output to a file named as the remote file
[2024-08-07T14:54:28.287+0000] {subprocess.py:93} INFO -  -s, --silent               Silent mode
[2024-08-07T14:54:28.288+0000] {subprocess.py:93} INFO -  -T, --upload-file <file>   Transfer local FILE to destination
[2024-08-07T14:54:28.289+0000] {subprocess.py:93} INFO -  -u, --user <user:password> Server user and password
[2024-08-07T14:54:28.290+0000] {subprocess.py:93} INFO -  -A, --user-agent <name>    Send User-Agent <name> to server
[2024-08-07T14:54:28.291+0000] {subprocess.py:93} INFO -  -v, --verbose              Make the operation more talkative
[2024-08-07T14:54:28.291+0000] {subprocess.py:93} INFO -  -V, --version              Show version number and quit
[2024-08-07T14:54:28.292+0000] {subprocess.py:93} INFO - 
[2024-08-07T14:54:28.293+0000] {subprocess.py:93} INFO - This is not the full help, this menu is stripped into categories.
[2024-08-07T14:54:28.294+0000] {subprocess.py:93} INFO - Use "--help category" to get an overview of all categories.
[2024-08-07T14:54:28.294+0000] {subprocess.py:93} INFO - For all options use the manual or "--help all".
[2024-08-07T14:54:28.295+0000] {subprocess.py:97} INFO - Command exited with return code 0
[2024-08-07T14:54:28.296+0000] {taskinstance.py:441} INFO - ::group::Post task execution logs
[2024-08-07T14:54:28.328+0000] {taskinstance.py:1206} INFO - Marking task as SUCCESS. dag_id=***-space-exploration, task_id=SpaceX_Data, run_id=scheduled__2024-08-04T00:00:00+00:00, execution_date=20240804T000000, start_date=20240807T145427, end_date=20240807T145428
[2024-08-07T14:54:28.377+0000] {local_task_job_runner.py:243} INFO - Task exited with return code 0
[2024-08-07T14:54:28.410+0000] {taskinstance.py:3503} INFO - 1 downstream tasks scheduled from follow-on schedule check
[2024-08-07T14:54:28.413+0000] {local_task_job_runner.py:222} INFO - ::endgroup::
