[2024-08-07T14:25:13.904+0000] {local_task_job_runner.py:120} INFO - ::group::Pre task execution logs
[2024-08-07T14:25:13.945+0000] {taskinstance.py:2076} INFO - Dependencies all met for dep_context=non-requeueable deps ti=<TaskInstance: airflow-space-exploration.SpaceX_data scheduled__2024-08-04T00:00:00+00:00 [queued]>
[2024-08-07T14:25:13.962+0000] {taskinstance.py:2076} INFO - Dependencies all met for dep_context=requeueable deps ti=<TaskInstance: airflow-space-exploration.SpaceX_data scheduled__2024-08-04T00:00:00+00:00 [queued]>
[2024-08-07T14:25:13.963+0000] {taskinstance.py:2306} INFO - Starting attempt 4 of 4
[2024-08-07T14:25:13.996+0000] {taskinstance.py:2330} INFO - Executing <Task(BashOperator): SpaceX_data> on 2024-08-04 00:00:00+00:00
[2024-08-07T14:25:14.006+0000] {warnings.py:112} WARNING - /home/***/.local/lib/python3.12/site-packages/***/task/task_runner/standard_task_runner.py:62: DeprecationWarning: This process (pid=496) is multi-threaded, use of fork() may lead to deadlocks in the child.
  pid = os.fork()

[2024-08-07T14:25:14.008+0000] {standard_task_runner.py:64} INFO - Started process 502 to run task
[2024-08-07T14:25:14.008+0000] {standard_task_runner.py:90} INFO - Running: ['***', 'tasks', 'run', '***-space-exploration', 'SpaceX_data', 'scheduled__2024-08-04T00:00:00+00:00', '--job-id', '75', '--raw', '--subdir', 'DAGS_FOLDER/***-space-exploration.py', '--cfg-path', '/tmp/tmpwy9nfb4t']
[2024-08-07T14:25:14.010+0000] {standard_task_runner.py:91} INFO - Job 75: Subtask SpaceX_data
[2024-08-07T14:25:14.082+0000] {task_command.py:426} INFO - Running <TaskInstance: airflow-space-exploration.SpaceX_data scheduled__2024-08-04T00:00:00+00:00 [running]> on host 38873943cc86
[2024-08-07T14:25:14.204+0000] {taskinstance.py:2648} INFO - Exporting env vars: AIRFLOW_CTX_DAG_OWNER='***' AIRFLOW_CTX_DAG_ID='***-space-exploration' AIRFLOW_CTX_TASK_ID='SpaceX_data' AIRFLOW_CTX_EXECUTION_DATE='2024-08-04T00:00:00+00:00' AIRFLOW_CTX_TRY_NUMBER='4' AIRFLOW_CTX_DAG_RUN_ID='scheduled__2024-08-04T00:00:00+00:00'
[2024-08-07T14:25:14.205+0000] {taskinstance.py:430} INFO - ::endgroup::
[2024-08-07T14:25:14.224+0000] {subprocess.py:63} INFO - Tmp dir root location: /tmp
[2024-08-07T14:25:14.225+0000] {subprocess.py:75} INFO - Running command: ['/usr/bin/bash', '-c', "curl -o /tmp/history.json -L'https://api.spacexdata.com/v4/history'"]
[2024-08-07T14:25:14.237+0000] {subprocess.py:86} INFO - Output:
[2024-08-07T14:25:14.246+0000] {subprocess.py:93} INFO - Usage: curl [options...] <url>
[2024-08-07T14:25:14.247+0000] {subprocess.py:93} INFO -  -d, --data <data>          HTTP POST data
[2024-08-07T14:25:14.248+0000] {subprocess.py:93} INFO -  -f, --fail                 Fail fast with no output on HTTP errors
[2024-08-07T14:25:14.248+0000] {subprocess.py:93} INFO -  -h, --help <category>      Get help for commands
[2024-08-07T14:25:14.249+0000] {subprocess.py:93} INFO -  -i, --include              Include protocol response headers in the output
[2024-08-07T14:25:14.250+0000] {subprocess.py:93} INFO -  -o, --output <file>        Write to file instead of stdout
[2024-08-07T14:25:14.251+0000] {subprocess.py:93} INFO -  -O, --remote-name          Write output to a file named as the remote file
[2024-08-07T14:25:14.252+0000] {subprocess.py:93} INFO -  -s, --silent               Silent mode
[2024-08-07T14:25:14.252+0000] {subprocess.py:93} INFO -  -T, --upload-file <file>   Transfer local FILE to destination
[2024-08-07T14:25:14.253+0000] {subprocess.py:93} INFO -  -u, --user <user:password> Server user and password
[2024-08-07T14:25:14.254+0000] {subprocess.py:93} INFO -  -A, --user-agent <name>    Send User-Agent <name> to server
[2024-08-07T14:25:14.254+0000] {subprocess.py:93} INFO -  -v, --verbose              Make the operation more talkative
[2024-08-07T14:25:14.255+0000] {subprocess.py:93} INFO -  -V, --version              Show version number and quit
[2024-08-07T14:25:14.256+0000] {subprocess.py:93} INFO - 
[2024-08-07T14:25:14.257+0000] {subprocess.py:93} INFO - This is not the full help, this menu is stripped into categories.
[2024-08-07T14:25:14.257+0000] {subprocess.py:93} INFO - Use "--help category" to get an overview of all categories.
[2024-08-07T14:25:14.258+0000] {subprocess.py:93} INFO - For all options use the manual or "--help all".
[2024-08-07T14:25:14.259+0000] {subprocess.py:97} INFO - Command exited with return code 0
[2024-08-07T14:25:14.261+0000] {taskinstance.py:441} INFO - ::group::Post task execution logs
[2024-08-07T14:25:14.298+0000] {taskinstance.py:1206} INFO - Marking task as SUCCESS. dag_id=***-space-exploration, task_id=SpaceX_data, run_id=scheduled__2024-08-04T00:00:00+00:00, execution_date=20240804T000000, start_date=20240807T142513, end_date=20240807T142514
[2024-08-07T14:25:14.346+0000] {local_task_job_runner.py:243} INFO - Task exited with return code 0
[2024-08-07T14:25:14.388+0000] {taskinstance.py:3503} INFO - 1 downstream tasks scheduled from follow-on schedule check
[2024-08-07T14:25:14.392+0000] {local_task_job_runner.py:222} INFO - ::endgroup::
[2024-08-07T14:55:28.240+0000] {local_task_job_runner.py:120} INFO - ::group::Pre task execution logs
[2024-08-07T14:55:28.273+0000] {taskinstance.py:2076} INFO - Dependencies all met for dep_context=non-requeueable deps ti=<TaskInstance: airflow-space-exploration.SpaceX_Data scheduled__2024-08-04T00:00:00+00:00 [queued]>
[2024-08-07T14:55:28.288+0000] {taskinstance.py:2076} INFO - Dependencies all met for dep_context=requeueable deps ti=<TaskInstance: airflow-space-exploration.SpaceX_Data scheduled__2024-08-04T00:00:00+00:00 [queued]>
[2024-08-07T14:55:28.289+0000] {taskinstance.py:2306} INFO - Starting attempt 4 of 4
[2024-08-07T14:55:28.319+0000] {taskinstance.py:2330} INFO - Executing <Task(BashOperator): SpaceX_Data> on 2024-08-04 00:00:00+00:00
[2024-08-07T14:55:28.329+0000] {warnings.py:112} WARNING - /home/***/.local/lib/python3.12/site-packages/***/task/task_runner/standard_task_runner.py:62: DeprecationWarning: This process (pid=1562) is multi-threaded, use of fork() may lead to deadlocks in the child.
  pid = os.fork()

[2024-08-07T14:55:28.331+0000] {standard_task_runner.py:90} INFO - Running: ['***', 'tasks', 'run', '***-space-exploration', 'SpaceX_Data', 'scheduled__2024-08-04T00:00:00+00:00', '--job-id', '281', '--raw', '--subdir', 'DAGS_FOLDER/***-space-exploration.py', '--cfg-path', '/tmp/tmpwy89cwcv']
[2024-08-07T14:55:28.332+0000] {standard_task_runner.py:64} INFO - Started process 1571 to run task
[2024-08-07T14:55:28.333+0000] {standard_task_runner.py:91} INFO - Job 281: Subtask SpaceX_Data
[2024-08-07T14:55:28.402+0000] {task_command.py:426} INFO - Running <TaskInstance: airflow-space-exploration.SpaceX_Data scheduled__2024-08-04T00:00:00+00:00 [running]> on host 38873943cc86
[2024-08-07T14:55:28.526+0000] {taskinstance.py:2648} INFO - Exporting env vars: AIRFLOW_CTX_DAG_OWNER='***' AIRFLOW_CTX_DAG_ID='***-space-exploration' AIRFLOW_CTX_TASK_ID='SpaceX_Data' AIRFLOW_CTX_EXECUTION_DATE='2024-08-04T00:00:00+00:00' AIRFLOW_CTX_TRY_NUMBER='4' AIRFLOW_CTX_DAG_RUN_ID='scheduled__2024-08-04T00:00:00+00:00'
[2024-08-07T14:55:28.527+0000] {taskinstance.py:430} INFO - ::endgroup::
[2024-08-07T14:55:28.547+0000] {subprocess.py:63} INFO - Tmp dir root location: /tmp
[2024-08-07T14:55:28.550+0000] {subprocess.py:75} INFO - Running command: ['/usr/bin/bash', '-c', "curl -o /tmp/history.json -L'https://api.spacexdata.com/v4/history'"]
[2024-08-07T14:55:28.564+0000] {subprocess.py:86} INFO - Output:
[2024-08-07T14:55:28.574+0000] {subprocess.py:93} INFO - Usage: curl [options...] <url>
[2024-08-07T14:55:28.575+0000] {subprocess.py:93} INFO -  -d, --data <data>          HTTP POST data
[2024-08-07T14:55:28.576+0000] {subprocess.py:93} INFO -  -f, --fail                 Fail fast with no output on HTTP errors
[2024-08-07T14:55:28.577+0000] {subprocess.py:93} INFO -  -h, --help <category>      Get help for commands
[2024-08-07T14:55:28.578+0000] {subprocess.py:93} INFO -  -i, --include              Include protocol response headers in the output
[2024-08-07T14:55:28.578+0000] {subprocess.py:93} INFO -  -o, --output <file>        Write to file instead of stdout
[2024-08-07T14:55:28.579+0000] {subprocess.py:93} INFO -  -O, --remote-name          Write output to a file named as the remote file
[2024-08-07T14:55:28.579+0000] {subprocess.py:93} INFO -  -s, --silent               Silent mode
[2024-08-07T14:55:28.580+0000] {subprocess.py:93} INFO -  -T, --upload-file <file>   Transfer local FILE to destination
[2024-08-07T14:55:28.580+0000] {subprocess.py:93} INFO -  -u, --user <user:password> Server user and password
[2024-08-07T14:55:28.581+0000] {subprocess.py:93} INFO -  -A, --user-agent <name>    Send User-Agent <name> to server
[2024-08-07T14:55:28.582+0000] {subprocess.py:93} INFO -  -v, --verbose              Make the operation more talkative
[2024-08-07T14:55:28.583+0000] {subprocess.py:93} INFO -  -V, --version              Show version number and quit
[2024-08-07T14:55:28.583+0000] {subprocess.py:93} INFO - 
[2024-08-07T14:55:28.584+0000] {subprocess.py:93} INFO - This is not the full help, this menu is stripped into categories.
[2024-08-07T14:55:28.585+0000] {subprocess.py:93} INFO - Use "--help category" to get an overview of all categories.
[2024-08-07T14:55:28.586+0000] {subprocess.py:93} INFO - For all options use the manual or "--help all".
[2024-08-07T14:55:28.587+0000] {subprocess.py:97} INFO - Command exited with return code 0
[2024-08-07T14:55:28.588+0000] {taskinstance.py:441} INFO - ::group::Post task execution logs
[2024-08-07T14:55:28.627+0000] {taskinstance.py:1206} INFO - Marking task as SUCCESS. dag_id=***-space-exploration, task_id=SpaceX_Data, run_id=scheduled__2024-08-04T00:00:00+00:00, execution_date=20240804T000000, start_date=20240807T145528, end_date=20240807T145528
[2024-08-07T14:55:28.669+0000] {local_task_job_runner.py:243} INFO - Task exited with return code 0
[2024-08-07T14:55:28.707+0000] {taskinstance.py:3503} INFO - 1 downstream tasks scheduled from follow-on schedule check
[2024-08-07T14:55:28.711+0000] {local_task_job_runner.py:222} INFO - ::endgroup::
