[2024-08-07T14:46:02.350+0000] {local_task_job_runner.py:120} INFO - ::group::Pre task execution logs
[2024-08-07T14:46:02.402+0000] {taskinstance.py:2076} INFO - Dependencies all met for dep_context=non-requeueable deps ti=<TaskInstance: airflow-space-exploration.Lectura_Datos_NASA scheduled__2024-08-04T00:00:00+00:00 [queued]>
[2024-08-07T14:46:02.423+0000] {taskinstance.py:2076} INFO - Dependencies all met for dep_context=requeueable deps ti=<TaskInstance: airflow-space-exploration.Lectura_Datos_NASA scheduled__2024-08-04T00:00:00+00:00 [queued]>
[2024-08-07T14:46:02.425+0000] {taskinstance.py:2306} INFO - Starting attempt 2 of 2
[2024-08-07T14:46:02.464+0000] {taskinstance.py:2330} INFO - Executing <Task(BashOperator): Lectura_Datos_NASA> on 2024-08-04 00:00:00+00:00
[2024-08-07T14:46:02.474+0000] {warnings.py:112} WARNING - /home/***/.local/lib/python3.12/site-packages/***/task/task_runner/standard_task_runner.py:62: DeprecationWarning: This process (pid=1145) is multi-threaded, use of fork() may lead to deadlocks in the child.
  pid = os.fork()

[2024-08-07T14:46:02.476+0000] {standard_task_runner.py:64} INFO - Started process 1152 to run task
[2024-08-07T14:46:02.477+0000] {standard_task_runner.py:90} INFO - Running: ['***', 'tasks', 'run', '***-space-exploration', 'Lectura_Datos_NASA', 'scheduled__2024-08-04T00:00:00+00:00', '--job-id', '192', '--raw', '--subdir', 'DAGS_FOLDER/***-space-exploration.py', '--cfg-path', '/tmp/tmpi5ietiwp']
[2024-08-07T14:46:02.478+0000] {standard_task_runner.py:91} INFO - Job 192: Subtask Lectura_Datos_NASA
[2024-08-07T14:46:02.602+0000] {task_command.py:426} INFO - Running <TaskInstance: airflow-space-exploration.Lectura_Datos_NASA scheduled__2024-08-04T00:00:00+00:00 [running]> on host 38873943cc86
[2024-08-07T14:46:02.731+0000] {taskinstance.py:2648} INFO - Exporting env vars: AIRFLOW_CTX_DAG_OWNER='***' AIRFLOW_CTX_DAG_ID='***-space-exploration' AIRFLOW_CTX_TASK_ID='Lectura_Datos_NASA' AIRFLOW_CTX_EXECUTION_DATE='2024-08-04T00:00:00+00:00' AIRFLOW_CTX_TRY_NUMBER='2' AIRFLOW_CTX_DAG_RUN_ID='scheduled__2024-08-04T00:00:00+00:00'
[2024-08-07T14:46:02.732+0000] {taskinstance.py:430} INFO - ::endgroup::
[2024-08-07T14:46:02.751+0000] {subprocess.py:63} INFO - Tmp dir root location: /tmp
[2024-08-07T14:46:02.753+0000] {subprocess.py:75} INFO - Running command: ['/usr/bin/bash', '-c', 'ls /tmp && head /tmp/response_20240804.txt']
[2024-08-07T14:46:02.773+0000] {subprocess.py:86} INFO - Output:
[2024-08-07T14:46:02.777+0000] {subprocess.py:93} INFO - ***tmpb4s_r48v
[2024-08-07T14:46:02.778+0000] {subprocess.py:93} INFO - ***tmpxhifcd_w
[2024-08-07T14:46:02.779+0000] {subprocess.py:93} INFO - platzi_data_20240801.csv
[2024-08-07T14:46:02.785+0000] {subprocess.py:93} INFO - platzi_data_20240802.csv
[2024-08-07T14:46:02.786+0000] {subprocess.py:93} INFO - platzi_data_20240803.csv
[2024-08-07T14:46:02.788+0000] {subprocess.py:93} INFO - platzi_data_20240804.csv
[2024-08-07T14:46:02.789+0000] {subprocess.py:93} INFO - platzi_data_20240805.csv
[2024-08-07T14:46:02.790+0000] {subprocess.py:93} INFO - platzi_data_20240806.csv
[2024-08-07T14:46:02.791+0000] {subprocess.py:93} INFO - platzi_data_20240807.csv
[2024-08-07T14:46:02.792+0000] {subprocess.py:93} INFO - pymp-bji4ygjz
[2024-08-07T14:46:02.792+0000] {subprocess.py:93} INFO - response_20240801.txt
[2024-08-07T14:46:02.793+0000] {subprocess.py:93} INFO - response_20240802.txt
[2024-08-07T14:46:02.794+0000] {subprocess.py:93} INFO - response_20240803.txt
[2024-08-07T14:46:02.795+0000] {subprocess.py:93} INFO - response_20240804.txt
[2024-08-07T14:46:02.796+0000] {subprocess.py:93} INFO - response_20240805.txt
[2024-08-07T14:46:02.797+0000] {subprocess.py:93} INFO - response_20240806.txt
[2024-08-07T14:46:02.798+0000] {subprocess.py:93} INFO - response_20240807.txt
[2024-08-07T14:46:02.799+0000] {subprocess.py:93} INFO - tmp2weef0t8
[2024-08-07T14:46:02.800+0000] {subprocess.py:93} INFO - tmpdqvoinyf
[2024-08-07T14:46:02.800+0000] {subprocess.py:93} INFO - tmpe3_zn7bp
[2024-08-07T14:46:02.801+0000] {subprocess.py:93} INFO - tmpffxnt4mp
[2024-08-07T14:46:02.802+0000] {subprocess.py:93} INFO - tmpjpoma8_4
[2024-08-07T14:46:02.803+0000] {subprocess.py:93} INFO - tmpop2i4r08
[2024-08-07T14:46:02.804+0000] {subprocess.py:93} INFO - tmprul79jv0
[2024-08-07T14:46:02.805+0000] {subprocess.py:93} INFO - Confirmación de la NASA, pueden proceder
[2024-08-07T14:46:02.806+0000] {subprocess.py:97} INFO - Command exited with return code 0
[2024-08-07T14:46:02.807+0000] {taskinstance.py:441} INFO - ::group::Post task execution logs
[2024-08-07T14:46:02.839+0000] {taskinstance.py:1206} INFO - Marking task as SUCCESS. dag_id=***-space-exploration, task_id=Lectura_Datos_NASA, run_id=scheduled__2024-08-04T00:00:00+00:00, execution_date=20240804T000000, start_date=20240807T144602, end_date=20240807T144602
[2024-08-07T14:46:02.899+0000] {local_task_job_runner.py:243} INFO - Task exited with return code 0
[2024-08-07T14:46:02.932+0000] {taskinstance.py:3503} INFO - 1 downstream tasks scheduled from follow-on schedule check
[2024-08-07T14:46:02.934+0000] {local_task_job_runner.py:222} INFO - ::endgroup::
