[2024-08-07T14:43:13.993+0000] {local_task_job_runner.py:120} INFO - ::group::Pre task execution logs
[2024-08-07T14:43:14.034+0000] {taskinstance.py:2076} INFO - Dependencies all met for dep_context=non-requeueable deps ti=<TaskInstance: airflow-space-exploration.Lectura_Datos_NASA scheduled__2024-08-04T00:00:00+00:00 [queued]>
[2024-08-07T14:43:14.054+0000] {taskinstance.py:2076} INFO - Dependencies all met for dep_context=requeueable deps ti=<TaskInstance: airflow-space-exploration.Lectura_Datos_NASA scheduled__2024-08-04T00:00:00+00:00 [queued]>
[2024-08-07T14:43:14.056+0000] {taskinstance.py:2306} INFO - Starting attempt 1 of 1
[2024-08-07T14:43:14.077+0000] {taskinstance.py:2330} INFO - Executing <Task(BashOperator): Lectura_Datos_NASA> on 2024-08-04 00:00:00+00:00
[2024-08-07T14:43:14.085+0000] {warnings.py:112} WARNING - /home/***/.local/lib/python3.12/site-packages/***/task/task_runner/standard_task_runner.py:62: DeprecationWarning: This process (pid=1014) is multi-threaded, use of fork() may lead to deadlocks in the child.
  pid = os.fork()

[2024-08-07T14:43:14.087+0000] {standard_task_runner.py:64} INFO - Started process 1019 to run task
[2024-08-07T14:43:14.087+0000] {standard_task_runner.py:90} INFO - Running: ['***', 'tasks', 'run', '***-space-exploration', 'Lectura_Datos_NASA', 'scheduled__2024-08-04T00:00:00+00:00', '--job-id', '164', '--raw', '--subdir', 'DAGS_FOLDER/***-space-exploration.py', '--cfg-path', '/tmp/tmpio1903hu']
[2024-08-07T14:43:14.090+0000] {standard_task_runner.py:91} INFO - Job 164: Subtask Lectura_Datos_NASA
[2024-08-07T14:43:14.160+0000] {task_command.py:426} INFO - Running <TaskInstance: airflow-space-exploration.Lectura_Datos_NASA scheduled__2024-08-04T00:00:00+00:00 [running]> on host 38873943cc86
[2024-08-07T14:43:14.288+0000] {taskinstance.py:2648} INFO - Exporting env vars: AIRFLOW_CTX_DAG_OWNER='***' AIRFLOW_CTX_DAG_ID='***-space-exploration' AIRFLOW_CTX_TASK_ID='Lectura_Datos_NASA' AIRFLOW_CTX_EXECUTION_DATE='2024-08-04T00:00:00+00:00' AIRFLOW_CTX_TRY_NUMBER='1' AIRFLOW_CTX_DAG_RUN_ID='scheduled__2024-08-04T00:00:00+00:00'
[2024-08-07T14:43:14.290+0000] {taskinstance.py:430} INFO - ::endgroup::
[2024-08-07T14:43:14.309+0000] {subprocess.py:63} INFO - Tmp dir root location: /tmp
[2024-08-07T14:43:14.311+0000] {subprocess.py:75} INFO - Running command: ['/usr/bin/bash', '-c', 'ls /tmp && head /tmp/response_20240804.txt']
[2024-08-07T14:43:14.325+0000] {subprocess.py:86} INFO - Output:
[2024-08-07T14:43:14.328+0000] {subprocess.py:93} INFO - ***tmp45x5c49b
[2024-08-07T14:43:14.330+0000] {subprocess.py:93} INFO - ***tmpbtqgaku3
[2024-08-07T14:43:14.331+0000] {subprocess.py:93} INFO - ***tmpcdm61h0q
[2024-08-07T14:43:14.332+0000] {subprocess.py:93} INFO - ***tmpm9nxmvo1
[2024-08-07T14:43:14.333+0000] {subprocess.py:93} INFO - ***tmpx45u7lcc
[2024-08-07T14:43:14.333+0000] {subprocess.py:93} INFO - platzi_data_20240801.csv
[2024-08-07T14:43:14.334+0000] {subprocess.py:93} INFO - platzi_data_20240802.csv
[2024-08-07T14:43:14.335+0000] {subprocess.py:93} INFO - platzi_data_20240803.csv
[2024-08-07T14:43:14.336+0000] {subprocess.py:93} INFO - platzi_data_20240804.csv
[2024-08-07T14:43:14.337+0000] {subprocess.py:93} INFO - platzi_data_20240805.csv
[2024-08-07T14:43:14.338+0000] {subprocess.py:93} INFO - platzi_data_20240806.csv
[2024-08-07T14:43:14.339+0000] {subprocess.py:93} INFO - platzi_data_20240807.csv
[2024-08-07T14:43:14.340+0000] {subprocess.py:93} INFO - pymp-bji4ygjz
[2024-08-07T14:43:14.340+0000] {subprocess.py:93} INFO - response_20240801.txt
[2024-08-07T14:43:14.342+0000] {subprocess.py:93} INFO - response_20240802.txt
[2024-08-07T14:43:14.342+0000] {subprocess.py:93} INFO - response_20240803.txt
[2024-08-07T14:43:14.343+0000] {subprocess.py:93} INFO - response_20240804.txt
[2024-08-07T14:43:14.344+0000] {subprocess.py:93} INFO - response_20240805.txt
[2024-08-07T14:43:14.345+0000] {subprocess.py:93} INFO - response_20240806.txt
[2024-08-07T14:43:14.346+0000] {subprocess.py:93} INFO - response_20240807.txt
[2024-08-07T14:43:14.347+0000] {subprocess.py:93} INFO - tmp2weef0t8
[2024-08-07T14:43:14.347+0000] {subprocess.py:93} INFO - tmpdqvoinyf
[2024-08-07T14:43:14.348+0000] {subprocess.py:93} INFO - tmpe3_zn7bp
[2024-08-07T14:43:14.349+0000] {subprocess.py:93} INFO - tmpffxnt4mp
[2024-08-07T14:43:14.349+0000] {subprocess.py:93} INFO - tmpjpoma8_4
[2024-08-07T14:43:14.350+0000] {subprocess.py:93} INFO - tmpop2i4r08
[2024-08-07T14:43:14.351+0000] {subprocess.py:93} INFO - tmprul79jv0
[2024-08-07T14:43:14.351+0000] {subprocess.py:93} INFO - Confirmación de la NASA, pueden proceder
[2024-08-07T14:43:14.352+0000] {subprocess.py:97} INFO - Command exited with return code 0
[2024-08-07T14:43:14.353+0000] {taskinstance.py:441} INFO - ::group::Post task execution logs
[2024-08-07T14:43:14.387+0000] {taskinstance.py:1206} INFO - Marking task as SUCCESS. dag_id=***-space-exploration, task_id=Lectura_Datos_NASA, run_id=scheduled__2024-08-04T00:00:00+00:00, execution_date=20240804T000000, start_date=20240807T144314, end_date=20240807T144314
[2024-08-07T14:43:14.424+0000] {local_task_job_runner.py:243} INFO - Task exited with return code 0
[2024-08-07T14:43:14.466+0000] {taskinstance.py:3503} INFO - 1 downstream tasks scheduled from follow-on schedule check
[2024-08-07T14:43:14.471+0000] {local_task_job_runner.py:222} INFO - ::endgroup::
