[2024-08-07T14:54:26.294+0000] {local_task_job_runner.py:120} INFO - ::group::Pre task execution logs
[2024-08-07T14:54:26.331+0000] {taskinstance.py:2076} INFO - Dependencies all met for dep_context=non-requeueable deps ti=<TaskInstance: airflow-space-exploration.Lectura_Datos_NASA scheduled__2024-08-04T00:00:00+00:00 [queued]>
[2024-08-07T14:54:26.347+0000] {taskinstance.py:2076} INFO - Dependencies all met for dep_context=requeueable deps ti=<TaskInstance: airflow-space-exploration.Lectura_Datos_NASA scheduled__2024-08-04T00:00:00+00:00 [queued]>
[2024-08-07T14:54:26.349+0000] {taskinstance.py:2306} INFO - Starting attempt 3 of 3
[2024-08-07T14:54:26.385+0000] {taskinstance.py:2330} INFO - Executing <Task(BashOperator): Lectura_Datos_NASA> on 2024-08-04 00:00:00+00:00
[2024-08-07T14:54:26.393+0000] {warnings.py:112} WARNING - /home/***/.local/lib/python3.12/site-packages/***/task/task_runner/standard_task_runner.py:62: DeprecationWarning: This process (pid=1394) is multi-threaded, use of fork() may lead to deadlocks in the child.
  pid = os.fork()

[2024-08-07T14:54:26.395+0000] {standard_task_runner.py:64} INFO - Started process 1402 to run task
[2024-08-07T14:54:26.396+0000] {standard_task_runner.py:90} INFO - Running: ['***', 'tasks', 'run', '***-space-exploration', 'Lectura_Datos_NASA', 'scheduled__2024-08-04T00:00:00+00:00', '--job-id', '238', '--raw', '--subdir', 'DAGS_FOLDER/***-space-exploration.py', '--cfg-path', '/tmp/tmpf_r066ve']
[2024-08-07T14:54:26.397+0000] {standard_task_runner.py:91} INFO - Job 238: Subtask Lectura_Datos_NASA
[2024-08-07T14:54:26.472+0000] {task_command.py:426} INFO - Running <TaskInstance: airflow-space-exploration.Lectura_Datos_NASA scheduled__2024-08-04T00:00:00+00:00 [running]> on host 38873943cc86
[2024-08-07T14:54:26.598+0000] {taskinstance.py:2648} INFO - Exporting env vars: AIRFLOW_CTX_DAG_OWNER='***' AIRFLOW_CTX_DAG_ID='***-space-exploration' AIRFLOW_CTX_TASK_ID='Lectura_Datos_NASA' AIRFLOW_CTX_EXECUTION_DATE='2024-08-04T00:00:00+00:00' AIRFLOW_CTX_TRY_NUMBER='3' AIRFLOW_CTX_DAG_RUN_ID='scheduled__2024-08-04T00:00:00+00:00'
[2024-08-07T14:54:26.600+0000] {taskinstance.py:430} INFO - ::endgroup::
[2024-08-07T14:54:26.623+0000] {subprocess.py:63} INFO - Tmp dir root location: /tmp
[2024-08-07T14:54:26.625+0000] {subprocess.py:75} INFO - Running command: ['/usr/bin/bash', '-c', 'ls /tmp && head /tmp/response_20240804.txt']
[2024-08-07T14:54:26.639+0000] {subprocess.py:86} INFO - Output:
[2024-08-07T14:54:26.644+0000] {subprocess.py:93} INFO - ***tmpds53m68_
[2024-08-07T14:54:26.645+0000] {subprocess.py:93} INFO - ***tmpkb8embt6
[2024-08-07T14:54:26.646+0000] {subprocess.py:93} INFO - ***tmpnqgcjcwd
[2024-08-07T14:54:26.647+0000] {subprocess.py:93} INFO - ***tmpuww9kvn6
[2024-08-07T14:54:26.648+0000] {subprocess.py:93} INFO - ***tmpxb1q47o2
[2024-08-07T14:54:26.650+0000] {subprocess.py:93} INFO - platzi_data_20240801.csv
[2024-08-07T14:54:26.651+0000] {subprocess.py:93} INFO - platzi_data_20240802.csv
[2024-08-07T14:54:26.652+0000] {subprocess.py:93} INFO - platzi_data_20240803.csv
[2024-08-07T14:54:26.652+0000] {subprocess.py:93} INFO - platzi_data_20240804.csv
[2024-08-07T14:54:26.653+0000] {subprocess.py:93} INFO - platzi_data_20240805.csv
[2024-08-07T14:54:26.654+0000] {subprocess.py:93} INFO - platzi_data_20240806.csv
[2024-08-07T14:54:26.655+0000] {subprocess.py:93} INFO - platzi_data_20240807.csv
[2024-08-07T14:54:26.656+0000] {subprocess.py:93} INFO - pymp-bji4ygjz
[2024-08-07T14:54:26.657+0000] {subprocess.py:93} INFO - response_20240801.txt
[2024-08-07T14:54:26.658+0000] {subprocess.py:93} INFO - response_20240802.txt
[2024-08-07T14:54:26.659+0000] {subprocess.py:93} INFO - response_20240803.txt
[2024-08-07T14:54:26.660+0000] {subprocess.py:93} INFO - response_20240804.txt
[2024-08-07T14:54:26.661+0000] {subprocess.py:93} INFO - response_20240805.txt
[2024-08-07T14:54:26.662+0000] {subprocess.py:93} INFO - response_20240806.txt
[2024-08-07T14:54:26.662+0000] {subprocess.py:93} INFO - response_20240807.txt
[2024-08-07T14:54:26.663+0000] {subprocess.py:93} INFO - tmp2weef0t8
[2024-08-07T14:54:26.664+0000] {subprocess.py:93} INFO - tmp5324rac7
[2024-08-07T14:54:26.665+0000] {subprocess.py:93} INFO - tmpdqvoinyf
[2024-08-07T14:54:26.666+0000] {subprocess.py:93} INFO - tmpe3_zn7bp
[2024-08-07T14:54:26.667+0000] {subprocess.py:93} INFO - tmpffxnt4mp
[2024-08-07T14:54:26.668+0000] {subprocess.py:93} INFO - tmpjpoma8_4
[2024-08-07T14:54:26.668+0000] {subprocess.py:93} INFO - tmpmdd1mezh
[2024-08-07T14:54:26.669+0000] {subprocess.py:93} INFO - tmpn9iku32l
[2024-08-07T14:54:26.670+0000] {subprocess.py:93} INFO - tmpnbqmrw3_
[2024-08-07T14:54:26.671+0000] {subprocess.py:93} INFO - tmpop2i4r08
[2024-08-07T14:54:26.672+0000] {subprocess.py:93} INFO - tmpqusd4zfz
[2024-08-07T14:54:26.673+0000] {subprocess.py:93} INFO - tmprul79jv0
[2024-08-07T14:54:26.674+0000] {subprocess.py:93} INFO - tmpu69u53lv
[2024-08-07T14:54:26.674+0000] {subprocess.py:93} INFO - tmpvj785b1w
[2024-08-07T14:54:26.675+0000] {subprocess.py:93} INFO - Confirmación de la NASA, pueden proceder
[2024-08-07T14:54:26.676+0000] {subprocess.py:97} INFO - Command exited with return code 0
[2024-08-07T14:54:26.678+0000] {taskinstance.py:441} INFO - ::group::Post task execution logs
[2024-08-07T14:54:26.721+0000] {taskinstance.py:1206} INFO - Marking task as SUCCESS. dag_id=***-space-exploration, task_id=Lectura_Datos_NASA, run_id=scheduled__2024-08-04T00:00:00+00:00, execution_date=20240804T000000, start_date=20240807T145426, end_date=20240807T145426
[2024-08-07T14:54:26.771+0000] {local_task_job_runner.py:243} INFO - Task exited with return code 0
[2024-08-07T14:54:26.814+0000] {taskinstance.py:3503} INFO - 1 downstream tasks scheduled from follow-on schedule check
[2024-08-07T14:54:26.818+0000] {local_task_job_runner.py:222} INFO - ::endgroup::
